<?xml version="1.0" encoding="UTF-8"?>
<coverage generated="1750710772135" clover="3.2.0">
  <project timestamp="1750710772135" name="All files">
    <metrics statements="447" coveredstatements="375" conditionals="122" coveredconditionals="89" methods="169" coveredmethods="135" elements="738" coveredelements="599" complexity="0" loc="447" ncloc="447" packages="4" files="13" classes="13"/>
    <package name="collections">
      <metrics statements="95" coveredstatements="95" conditionals="21" coveredconditionals="21" methods="59" coveredmethods="59"/>
      <file name="ex-map.ts" path="/home/ing/IdeaProjects/gurban/packages/kit/src/collections/ex-map.ts">
        <metrics statements="45" coveredstatements="45" conditionals="7" coveredconditionals="7" methods="34" coveredmethods="34"/>
        <line num="6" count="2" type="stmt"/>
        <line num="14" count="34" type="stmt"/>
        <line num="24" count="5" type="stmt"/>
        <line num="34" count="4" type="stmt"/>
        <line num="43" count="1" type="stmt"/>
        <line num="44" count="3" type="stmt"/>
        <line num="54" count="47" type="stmt"/>
        <line num="63" count="4" type="stmt"/>
        <line num="74" count="26" type="stmt"/>
        <line num="75" count="26" type="stmt"/>
        <line num="80" count="13" type="stmt"/>
        <line num="95" count="4" type="cond" truecount="2" falsecount="0"/>
        <line num="105" count="3" type="stmt"/>
        <line num="119" count="12" type="stmt"/>
        <line num="120" count="12" type="cond" truecount="2" falsecount="0"/>
        <line num="121" count="10" type="stmt"/>
        <line num="122" count="2" type="cond" truecount="1" falsecount="0"/>
        <line num="123" count="1" type="stmt"/>
        <line num="125" count="12" type="stmt"/>
        <line num="136" count="6" type="stmt"/>
        <line num="145" count="4" type="stmt"/>
        <line num="154" count="2" type="stmt"/>
        <line num="163" count="2" type="stmt"/>
        <line num="173" count="1" type="stmt"/>
        <line num="174" count="2" type="stmt"/>
        <line num="176" count="1" type="stmt"/>
        <line num="186" count="3" type="stmt"/>
        <line num="187" count="6" type="stmt"/>
        <line num="189" count="3" type="stmt"/>
        <line num="198" count="2" type="cond" truecount="2" falsecount="0"/>
        <line num="199" count="2" type="stmt"/>
        <line num="200" count="2" type="stmt"/>
        <line num="201" count="2" type="stmt"/>
        <line num="213" count="5" type="stmt"/>
        <line num="224" count="1" type="stmt"/>
        <line num="226" count="3" type="stmt"/>
        <line num="232" count="1" type="stmt"/>
        <line num="233" count="3" type="stmt"/>
        <line num="236" count="1" type="stmt"/>
        <line num="237" count="1" type="stmt"/>
        <line num="244" count="10" type="stmt"/>
        <line num="249" count="15" type="stmt"/>
        <line num="254" count="1" type="stmt"/>
        <line num="259" count="2" type="stmt"/>
        <line num="264" count="7" type="stmt"/>
      </file>
      <file name="ex-set.ts" path="/home/ing/IdeaProjects/gurban/packages/kit/src/collections/ex-set.ts">
        <metrics statements="50" coveredstatements="50" conditionals="14" coveredconditionals="14" methods="25" coveredmethods="25"/>
        <line num="12" count="1" type="stmt"/>
        <line num="20" count="46" type="stmt"/>
        <line num="32" count="36" type="stmt"/>
        <line num="33" count="36" type="stmt"/>
        <line num="41" count="5" type="stmt"/>
        <line num="51" count="14" type="stmt"/>
        <line num="60" count="1" type="stmt"/>
        <line num="61" count="3" type="stmt"/>
        <line num="71" count="39" type="stmt"/>
        <line num="76" count="12" type="stmt"/>
        <line num="87" count="3" type="stmt"/>
        <line num="88" count="7" type="cond" truecount="1" falsecount="0"/>
        <line num="89" count="1" type="stmt"/>
        <line num="92" count="2" type="stmt"/>
        <line num="102" count="6" type="stmt"/>
        <line num="103" count="20" type="stmt"/>
        <line num="105" count="6" type="stmt"/>
        <line num="115" count="2" type="stmt"/>
        <line num="116" count="8" type="stmt"/>
        <line num="118" count="2" type="stmt"/>
        <line num="127" count="3" type="stmt"/>
        <line num="136" count="1" type="stmt"/>
        <line num="145" count="5" type="stmt"/>
        <line num="146" count="5" type="cond" truecount="4" falsecount="0"/>
        <line num="147" count="16" type="cond" truecount="1" falsecount="0"/>
        <line num="148" count="8" type="stmt"/>
        <line num="151" count="5" type="stmt"/>
        <line num="160" count="4" type="stmt"/>
        <line num="161" count="4" type="cond" truecount="4" falsecount="0"/>
        <line num="162" count="10" type="cond" truecount="2" falsecount="0"/>
        <line num="163" count="4" type="stmt"/>
        <line num="165" count="6" type="stmt"/>
        <line num="168" count="4" type="stmt"/>
        <line num="177" count="1" type="stmt"/>
        <line num="182" count="1" type="stmt"/>
        <line num="190" count="1" type="stmt"/>
        <line num="192" count="3" type="stmt"/>
        <line num="198" count="1" type="stmt"/>
        <line num="199" count="3" type="stmt"/>
        <line num="202" count="1" type="stmt"/>
        <line num="204" count="1" type="stmt"/>
        <line num="214" count="2" type="cond" truecount="2" falsecount="0"/>
        <line num="215" count="2" type="stmt"/>
        <line num="216" count="2" type="stmt"/>
        <line num="217" count="2" type="stmt"/>
        <line num="225" count="52" type="stmt"/>
        <line num="230" count="7" type="stmt"/>
        <line num="235" count="1" type="stmt"/>
        <line num="240" count="1" type="stmt"/>
        <line num="245" count="1" type="stmt"/>
      </file>
    </package>
    <package name="core">
      <metrics statements="184" coveredstatements="140" conditionals="62" coveredconditionals="36" methods="69" coveredmethods="44"/>
      <file name="checks.ts" path="/home/ing/IdeaProjects/gurban/packages/kit/src/core/checks.ts">
        <metrics statements="64" coveredstatements="27" conditionals="19" coveredconditionals="0" methods="27" coveredmethods="2"/>
        <line num="3" count="2" type="stmt"/>
        <line num="5" count="8" type="stmt"/>
        <line num="7" count="1" type="stmt"/>
        <line num="9" count="1" type="stmt"/>
        <line num="11" count="1" type="stmt"/>
        <line num="13" count="1" type="stmt"/>
        <line num="15" count="1" type="stmt"/>
        <line num="17" count="1" type="stmt"/>
        <line num="19" count="1" type="stmt"/>
        <line num="21" count="1" type="stmt"/>
        <line num="23" count="1" type="cond" truecount="0" falsecount="2"/>
        <line num="25" count="1" type="stmt"/>
        <line num="26" count="0" type="cond" truecount="0" falsecount="2"/>
        <line num="30" count="1" type="stmt"/>
        <line num="31" count="0" type="stmt"/>
        <line num="35" count="1" type="stmt"/>
        <line num="36" count="1" type="stmt"/>
        <line num="37" count="0" type="stmt"/>
        <line num="38" count="0" type="cond" truecount="0" falsecount="1"/>
        <line num="39" count="0" type="stmt"/>
        <line num="41" count="0" type="stmt"/>
        <line num="42" count="0" type="cond" truecount="0" falsecount="1"/>
        <line num="43" count="0" type="stmt"/>
        <line num="46" count="0" type="stmt"/>
        <line num="49" count="1" type="stmt"/>
        <line num="50" count="1" type="stmt"/>
        <line num="54" count="0" type="stmt"/>
        <line num="55" count="0" type="stmt"/>
        <line num="56" count="0" type="cond" truecount="0" falsecount="1"/>
        <line num="57" count="0" type="stmt"/>
        <line num="60" count="0" type="stmt"/>
        <line num="65" count="1" type="stmt"/>
        <line num="66" count="1" type="stmt"/>
        <line num="67" count="0" type="stmt"/>
        <line num="68" count="0" type="stmt"/>
        <line num="69" count="0" type="cond" truecount="0" falsecount="1"/>
        <line num="70" count="0" type="stmt"/>
        <line num="73" count="0" type="stmt"/>
        <line num="76" count="1" type="stmt"/>
        <line num="77" count="1" type="stmt"/>
        <line num="78" count="0" type="stmt"/>
        <line num="79" count="0" type="cond" truecount="0" falsecount="3"/>
        <line num="80" count="0" type="stmt"/>
        <line num="82" count="0" type="stmt"/>
        <line num="83" count="0" type="cond" truecount="0" falsecount="1"/>
        <line num="84" count="0" type="stmt"/>
        <line num="88" count="0" type="stmt"/>
        <line num="91" count="1" type="stmt"/>
        <line num="93" count="1" type="stmt"/>
        <line num="94" count="1" type="stmt"/>
        <line num="95" count="0" type="stmt"/>
        <line num="96" count="0" type="cond" truecount="0" falsecount="1"/>
        <line num="97" count="0" type="cond" truecount="0" falsecount="2"/>
        <line num="99" count="0" type="stmt"/>
        <line num="102" count="1" type="stmt"/>
        <line num="103" count="1" type="stmt"/>
        <line num="104" count="0" type="stmt"/>
        <line num="105" count="0" type="cond" truecount="0" falsecount="1"/>
        <line num="106" count="0" type="cond" truecount="0" falsecount="2"/>
        <line num="108" count="0" type="stmt"/>
        <line num="113" count="1" type="stmt"/>
        <line num="114" count="0" type="cond" truecount="0" falsecount="1"/>
        <line num="115" count="0" type="stmt"/>
        <line num="117" count="0" type="stmt"/>
      </file>
      <file name="disposers.ts" path="/home/ing/IdeaProjects/gurban/packages/kit/src/core/disposers.ts">
        <metrics statements="17" coveredstatements="17" conditionals="3" coveredconditionals="3" methods="3" coveredmethods="3"/>
        <line num="1" count="1" type="stmt"/>
        <line num="43" count="1" type="stmt"/>
        <line num="47" count="8" type="stmt"/>
        <line num="48" count="8" type="stmt"/>
        <line num="49" count="15" type="cond" truecount="2" falsecount="0"/>
        <line num="50" count="11" type="stmt"/>
        <line num="52" count="4" type="stmt"/>
        <line num="53" count="3" type="stmt"/>
        <line num="56" count="7" type="stmt"/>
        <line num="58" count="7" type="stmt"/>
        <line num="59" count="8" type="stmt"/>
        <line num="60" count="8" type="stmt"/>
        <line num="61" count="15" type="stmt"/>
        <line num="62" count="15" type="stmt"/>
        <line num="64" count="6" type="stmt"/>
        <line num="67" count="8" type="cond" truecount="1" falsecount="0"/>
        <line num="68" count="4" type="stmt"/>
      </file>
      <file name="errors.ts" path="/home/ing/IdeaProjects/gurban/packages/kit/src/core/errors.ts">
        <metrics statements="3" coveredstatements="3" conditionals="0" coveredconditionals="0" methods="1" coveredmethods="1"/>
        <line num="1" count="1" type="stmt"/>
        <line num="2" count="4" type="stmt"/>
        <line num="3" count="4" type="stmt"/>
      </file>
      <file name="geometry.ts" path="/home/ing/IdeaProjects/gurban/packages/kit/src/core/geometry.ts">
        <metrics statements="52" coveredstatements="52" conditionals="8" coveredconditionals="8" methods="28" coveredmethods="28"/>
        <line num="6" count="2" type="stmt"/>
        <line num="11" count="1" type="stmt"/>
        <line num="16" count="6" type="stmt"/>
        <line num="21" count="1" type="stmt"/>
        <line num="29" count="3" type="stmt"/>
        <line num="34" count="1" type="stmt"/>
        <line num="42" count="2" type="stmt"/>
        <line num="47" count="1" type="stmt"/>
        <line num="48" count="5" type="stmt"/>
        <line num="49" count="5" type="stmt"/>
        <line num="50" count="5" type="stmt"/>
        <line num="51" count="5" type="stmt"/>
        <line num="52" count="5" type="stmt"/>
        <line num="60" count="1" type="stmt"/>
        <line num="65" count="1" type="stmt"/>
        <line num="70" count="1" type="stmt"/>
        <line num="71" count="1" type="stmt"/>
        <line num="76" count="1" type="stmt"/>
        <line num="77" count="2" type="cond" truecount="4" falsecount="0"/>
        <line num="82" count="1" type="stmt"/>
        <line num="91" count="2" type="cond" truecount="4" falsecount="0"/>
        <line num="98" count="1" type="stmt"/>
        <line num="103" count="1" type="stmt"/>
        <line num="109" count="1" type="stmt"/>
        <line num="117" count="1" type="stmt"/>
        <line num="118" count="2" type="stmt"/>
        <line num="125" count="1" type="stmt"/>
        <line num="126" count="9" type="stmt"/>
        <line num="131" count="1" type="stmt"/>
        <line num="132" count="1" type="stmt"/>
        <line num="137" count="1" type="stmt"/>
        <line num="144" count="1" type="stmt"/>
        <line num="150" count="1" type="stmt"/>
        <line num="160" count="2" type="stmt"/>
        <line num="161" count="2" type="stmt"/>
        <line num="162" count="2" type="stmt"/>
        <line num="163" count="2" type="stmt"/>
        <line num="164" count="2" type="stmt"/>
        <line num="172" count="3" type="stmt"/>
        <line num="177" count="1" type="stmt"/>
        <line num="178" count="1" type="stmt"/>
        <line num="183" count="1" type="stmt"/>
        <line num="192" count="1" type="stmt"/>
        <line num="198" count="4" type="stmt"/>
        <line num="204" count="1" type="stmt"/>
        <line num="207" count="4" type="stmt"/>
        <line num="208" count="4" type="stmt"/>
        <line num="209" count="1" type="stmt"/>
        <line num="210" count="1" type="stmt"/>
        <line num="211" count="1" type="stmt"/>
        <line num="212" count="1" type="stmt"/>
        <line num="213" count="1" type="stmt"/>
      </file>
      <file name="seconds-offset.ts" path="/home/ing/IdeaProjects/gurban/packages/kit/src/core/seconds-offset.ts">
        <metrics statements="19" coveredstatements="19" conditionals="12" coveredconditionals="12" methods="2" coveredmethods="2"/>
        <line num="17" count="1" type="stmt"/>
        <line num="21" count="9" type="stmt"/>
        <line num="22" count="9" type="stmt"/>
        <line num="23" count="9" type="stmt"/>
        <line num="24" count="9" type="stmt"/>
        <line num="25" count="9" type="stmt"/>
        <line num="26" count="9" type="stmt"/>
        <line num="27" count="9" type="stmt"/>
        <line num="28" count="9" type="cond" truecount="3" falsecount="0"/>
        <line num="29" count="3" type="stmt"/>
        <line num="31" count="9" type="cond" truecount="3" falsecount="0"/>
        <line num="32" count="3" type="stmt"/>
        <line num="34" count="9" type="stmt"/>
        <line num="51" count="1" type="stmt"/>
        <line num="52" count="5" type="stmt"/>
        <line num="53" count="5" type="cond" truecount="1" falsecount="0"/>
        <line num="54" count="1" type="stmt"/>
        <line num="56" count="4" type="stmt"/>
        <line num="57" count="4" type="stmt"/>
      </file>
      <file name="sorter.ts" path="/home/ing/IdeaProjects/gurban/packages/kit/src/core/sorter.ts">
        <metrics statements="29" coveredstatements="22" conditionals="20" coveredconditionals="13" methods="8" coveredmethods="8"/>
        <line num="1" count="1" type="stmt"/>
        <line num="22" count="1" type="stmt"/>
        <line num="24" count="4" type="stmt"/>
        <line num="25" count="4" type="stmt"/>
        <line num="26" count="14" type="stmt"/>
        <line num="27" count="16" type="stmt"/>
        <line num="28" count="16" type="cond" truecount="1" falsecount="0"/>
        <line num="29" count="14" type="stmt"/>
        <line num="32" count="0" type="stmt"/>
        <line num="41" count="8" type="stmt"/>
        <line num="42" count="16" type="stmt"/>
        <line num="43" count="16" type="stmt"/>
        <line num="45" count="16" type="cond" truecount="2" falsecount="1"/>
        <line num="46" count="0" type="stmt"/>
        <line num="49" count="16" type="cond" truecount="1" falsecount="0"/>
        <line num="50" count="3" type="cond" truecount="2" falsecount="2"/>
        <line num="52" count="13" type="cond" truecount="1" falsecount="0"/>
        <line num="53" count="1" type="cond" truecount="1" falsecount="1"/>
        <line num="56" count="12" type="cond" truecount="2" falsecount="0"/>
        <line num="58" count="12" type="cond" truecount="0" falsecount="1"/>
        <line num="59" count="0" type="cond" truecount="0" falsecount="1"/>
        <line num="60" count="0" type="stmt"/>
        <line num="62" count="0" type="stmt"/>
        <line num="65" count="12" type="cond" truecount="1" falsecount="0"/>
        <line num="66" count="12" type="cond" truecount="0" falsecount="1"/>
        <line num="67" count="0" type="stmt"/>
        <line num="69" count="12" type="stmt"/>
        <line num="72" count="0" type="stmt"/>
        <line num="76" count="4" type="cond" truecount="2" falsecount="0"/>
      </file>
    </package>
    <package name="numbers">
      <metrics statements="107" coveredstatements="106" conditionals="25" coveredconditionals="24" methods="29" coveredmethods="28"/>
      <file name="number-base.ts" path="/home/ing/IdeaProjects/gurban/packages/kit/src/numbers/number-base.ts">
        <metrics statements="14" coveredstatements="14" conditionals="1" coveredconditionals="1" methods="2" coveredmethods="2"/>
        <line num="1" count="1" type="stmt"/>
        <line num="9" count="1" type="stmt"/>
        <line num="12" count="1" type="stmt"/>
        <line num="13" count="1" type="stmt"/>
        <line num="14" count="10" type="stmt"/>
        <line num="16" count="1" type="stmt"/>
        <line num="58" count="1" type="stmt"/>
        <line num="80" count="7" type="stmt"/>
        <line num="81" count="7" type="stmt"/>
        <line num="82" count="7" type="stmt"/>
        <line num="83" count="37" type="stmt"/>
        <line num="84" count="37" type="cond" truecount="1" falsecount="0"/>
        <line num="85" count="7" type="stmt"/>
        <line num="87" count="30" type="stmt"/>
      </file>
      <file name="number-converter.ts" path="/home/ing/IdeaProjects/gurban/packages/kit/src/numbers/number-converter.ts">
        <metrics statements="81" coveredstatements="80" conditionals="24" coveredconditionals="23" methods="24" coveredmethods="23"/>
        <line num="16" count="2" type="stmt"/>
        <line num="25" count="35" type="stmt"/>
        <line num="28" count="35" type="cond" truecount="1" falsecount="0"/>
        <line num="29" count="3" type="stmt"/>
        <line num="31" count="32" type="stmt"/>
        <line num="42" count="177" type="stmt"/>
        <line num="43" count="177" type="stmt"/>
        <line num="44" count="608" type="stmt"/>
        <line num="46" count="177" type="stmt"/>
        <line num="49" count="35" type="stmt"/>
        <line num="74" count="2" type="stmt"/>
        <line num="81" count="21" type="stmt"/>
        <line num="85" count="72" type="stmt"/>
        <line num="90" count="160" type="stmt"/>
        <line num="91" count="160" type="stmt"/>
        <line num="92" count="305" type="cond" truecount="2" falsecount="0"/>
        <line num="93" count="290" type="cond" truecount="4" falsecount="0"/>
        <line num="94" count="2" type="stmt"/>
        <line num="96" count="576" type="stmt"/>
        <line num="97" count="288" type="cond" truecount="1" falsecount="0"/>
        <line num="98" count="1" type="stmt"/>
        <line num="100" count="3341" type="stmt"/>
        <line num="102" count="79" type="stmt"/>
        <line num="105" count="157" type="cond" truecount="1" falsecount="0"/>
        <line num="106" count="2" type="stmt"/>
        <line num="108" count="155" type="stmt"/>
        <line num="113" count="28" type="stmt"/>
        <line num="118" count="548" type="stmt"/>
        <line num="123" count="4" type="stmt"/>
        <line num="133" count="21" type="stmt"/>
        <line num="136" count="23" type="cond" truecount="3" falsecount="0"/>
        <line num="137" count="1" type="stmt"/>
        <line num="139" count="22" type="stmt"/>
        <line num="140" count="22" type="cond" truecount="1" falsecount="0"/>
        <line num="141" count="1" type="stmt"/>
        <line num="143" count="21" type="stmt"/>
        <line num="144" count="21" type="cond" truecount="1" falsecount="0"/>
        <line num="145" count="2" type="stmt"/>
        <line num="147" count="19" type="stmt"/>
        <line num="148" count="19" type="stmt"/>
        <line num="149" count="124" type="stmt"/>
        <line num="150" count="124" type="stmt"/>
        <line num="152" count="19" type="stmt"/>
        <line num="162" count="21" type="stmt"/>
        <line num="163" count="21" type="stmt"/>
        <line num="164" count="21" type="stmt"/>
        <line num="165" count="21" type="stmt"/>
        <line num="166" count="98" type="stmt"/>
        <line num="167" count="98" type="cond" truecount="1" falsecount="0"/>
        <line num="168" count="3" type="stmt"/>
        <line num="170" count="95" type="stmt"/>
        <line num="172" count="18" type="stmt"/>
        <line num="181" count="21" type="stmt"/>
        <line num="182" count="7" type="stmt"/>
        <line num="183" count="59" type="stmt"/>
        <line num="193" count="21" type="stmt"/>
        <line num="194" count="4" type="cond" truecount="3" falsecount="0"/>
        <line num="195" count="3" type="stmt"/>
        <line num="197" count="1" type="stmt"/>
        <line num="198" count="8" type="stmt"/>
        <line num="209" count="21" type="stmt"/>
        <line num="210" count="5" type="stmt"/>
        <line num="211" count="4" type="stmt"/>
        <line num="213" count="5" type="stmt"/>
        <line num="214" count="1" type="stmt"/>
        <line num="215" count="1" type="stmt"/>
        <line num="216" count="1" type="stmt"/>
        <line num="218" count="1" type="stmt"/>
        <line num="221" count="5" type="cond" truecount="3" falsecount="0"/>
        <line num="222" count="2" type="stmt"/>
        <line num="225" count="3" type="stmt"/>
        <line num="227" count="3" type="stmt"/>
        <line num="228" count="3" type="stmt"/>
        <line num="230" count="3" type="stmt"/>
        <line num="231" count="3" type="stmt"/>
        <line num="233" count="3" type="stmt"/>
        <line num="235" count="3" type="cond" truecount="1" falsecount="0"/>
        <line num="236" count="2" type="stmt"/>
        <line num="238" count="1" type="cond" truecount="0" falsecount="1"/>
        <line num="239" count="0" type="stmt"/>
        <line num="241" count="1" type="stmt"/>
      </file>
      <file name="roman.ts" path="/home/ing/IdeaProjects/gurban/packages/kit/src/numbers/roman.ts">
        <metrics statements="12" coveredstatements="12" conditionals="0" coveredconditionals="0" methods="3" coveredmethods="3"/>
        <line num="1" count="1" type="stmt"/>
        <line num="3" count="1" type="stmt"/>
        <line num="19" count="13" type="stmt"/>
        <line num="21" count="243" type="stmt"/>
        <line num="44" count="1" type="stmt"/>
        <line num="45" count="243" type="stmt"/>
        <line num="46" count="243" type="stmt"/>
        <line num="47" count="1714" type="stmt"/>
        <line num="48" count="1714" type="stmt"/>
        <line num="49" count="1714" type="stmt"/>
        <line num="50" count="1714" type="stmt"/>
        <line num="53" count="243" type="stmt"/>
      </file>
    </package>
    <package name="utils">
      <metrics statements="61" coveredstatements="34" conditionals="14" coveredconditionals="8" methods="12" coveredmethods="4"/>
      <file name="flow-utils.ts" path="/home/ing/IdeaProjects/gurban/packages/kit/src/utils/flow-utils.ts">
        <metrics statements="20" coveredstatements="7" conditionals="4" coveredconditionals="1" methods="4" coveredmethods="1"/>
        <line num="4" count="1" type="stmt"/>
        <line num="5" count="0" type="stmt"/>
        <line num="6" count="0" type="stmt"/>
        <line num="8" count="0" type="stmt"/>
        <line num="12" count="1" type="stmt"/>
        <line num="13" count="0" type="stmt"/>
        <line num="14" count="0" type="stmt"/>
        <line num="16" count="0" type="stmt"/>
        <line num="20" count="1" type="stmt"/>
        <line num="21" count="0" type="stmt"/>
        <line num="24" count="1" type="stmt"/>
        <line num="26" count="1" type="stmt"/>
        <line num="30" count="6" type="cond" truecount="0" falsecount="1"/>
        <line num="31" count="0" type="cond" truecount="0" falsecount="1"/>
        <line num="32" count="0" type="stmt"/>
        <line num="34" count="0" type="stmt"/>
        <line num="35" count="0" type="cond" truecount="0" falsecount="1"/>
        <line num="36" count="0" type="stmt"/>
        <line num="38" count="0" type="stmt"/>
        <line num="40" count="6" type="stmt"/>
      </file>
      <file name="string-util.ts" path="/home/ing/IdeaProjects/gurban/packages/kit/src/utils/string-util.ts">
        <metrics statements="41" coveredstatements="27" conditionals="10" coveredconditionals="7" methods="8" coveredmethods="3"/>
        <line num="1" count="1" type="stmt"/>
        <line num="2" count="1" type="stmt"/>
        <line num="4" count="1" type="stmt"/>
        <line num="5" count="0" type="stmt"/>
        <line num="6" count="0" type="stmt"/>
        <line num="7" count="0" type="stmt"/>
        <line num="8" count="0" type="cond" truecount="0" falsecount="1"/>
        <line num="9" count="0" type="stmt"/>
        <line num="11" count="0" type="stmt"/>
        <line num="13" count="0" type="stmt"/>
        <line num="16" count="1" type="stmt"/>
        <line num="17" count="0" type="cond" truecount="0" falsecount="1"/>
        <line num="18" count="0" type="stmt"/>
        <line num="20" count="0" type="stmt"/>
        <line num="23" count="1" type="stmt"/>
        <line num="28" count="1" type="stmt"/>
        <line num="29" count="2" type="stmt"/>
        <line num="32" count="0" type="stmt"/>
        <line num="35" count="0" type="stmt"/>
        <line num="39" count="2" type="stmt"/>
        <line num="40" count="6" type="cond" truecount="0" falsecount="1"/>
        <line num="41" count="0" type="stmt"/>
        <line num="42" count="0" type="stmt"/>
        <line num="45" count="6" type="stmt"/>
        <line num="47" count="6" type="stmt"/>
        <line num="48" count="16" type="stmt"/>
        <line num="49" count="16" type="cond" truecount="1" falsecount="0"/>
        <line num="50" count="6" type="stmt"/>
        <line num="51" count="6" type="stmt"/>
        <line num="54" count="10" type="cond" truecount="2" falsecount="0"/>
        <line num="57" count="2" type="stmt"/>
        <line num="60" count="11" type="stmt"/>
        <line num="61" count="11" type="stmt"/>
        <line num="62" count="11" type="stmt"/>
        <line num="63" count="28" type="stmt"/>
        <line num="64" count="28" type="cond" truecount="2" falsecount="0"/>
        <line num="65" count="28" type="cond" truecount="1" falsecount="0"/>
        <line num="66" count="11" type="stmt"/>
        <line num="68" count="17" type="stmt"/>
        <line num="69" count="17" type="cond" truecount="1" falsecount="0"/>
        <line num="70" count="10" type="stmt"/>
      </file>
    </package>
  </project>
</coverage>
