{"/home/ing/IdeaProjects/gurban/packages/kit/src/collections/ex-map.ts": {"path":"/home/ing/IdeaProjects/gurban/packages/kit/src/collections/ex-map.ts","statementMap":{"0":{"start":{"line":5,"column":4},"end":{"line":5,"column":41}},"1":{"start":{"line":11,"column":4},"end":{"line":11,"column":20}},"2":{"start":{"line":15,"column":4},"end":{"line":15,"column":31}},"3":{"start":{"line":19,"column":4},"end":{"line":21,"column":5}},"4":{"start":{"line":20,"column":6},"end":{"line":20,"column":61}},"5":{"start":{"line":25,"column":4},"end":{"line":25,"column":28}},"6":{"start":{"line":29,"column":4},"end":{"line":29,"column":28}},"7":{"start":{"line":33,"column":4},"end":{"line":33,"column":28}},"8":{"start":{"line":34,"column":4},"end":{"line":34,"column":16}},"9":{"start":{"line":38,"column":4},"end":{"line":38,"column":24}},"10":{"start":{"line":42,"column":4},"end":{"line":42,"column":38}},"11":{"start":{"line":46,"column":4},"end":{"line":46,"column":29}},"12":{"start":{"line":50,"column":4},"end":{"line":50,"column":26}},"13":{"start":{"line":54,"column":4},"end":{"line":54,"column":28}},"14":{"start":{"line":58,"column":4},"end":{"line":58,"column":19}},"15":{"start":{"line":67,"column":4},"end":{"line":67,"column":106}},"16":{"start":{"line":67,"column":34},"end":{"line":67,"column":77}},"17":{"start":{"line":67,"column":57},"end":{"line":67,"column":76}},"18":{"start":{"line":71,"column":4},"end":{"line":71,"column":76}},"19":{"start":{"line":71,"column":34},"end":{"line":71,"column":49}},"20":{"start":{"line":77,"column":12},"end":{"line":77,"column":25}},"21":{"start":{"line":78,"column":4},"end":{"line":82,"column":5}},"22":{"start":{"line":79,"column":6},"end":{"line":79,"column":39}},"23":{"start":{"line":80,"column":11},"end":{"line":82,"column":5}},"24":{"start":{"line":81,"column":6},"end":{"line":81,"column":24}},"25":{"start":{"line":83,"column":4},"end":{"line":83,"column":13}},"26":{"start":{"line":87,"column":4},"end":{"line":87,"column":52}},"27":{"start":{"line":91,"column":4},"end":{"line":91,"column":102}},"28":{"start":{"line":91,"column":78},"end":{"line":91,"column":99}},"29":{"start":{"line":95,"column":4},"end":{"line":95,"column":69}},"30":{"start":{"line":95,"column":53},"end":{"line":95,"column":67}},"31":{"start":{"line":99,"column":4},"end":{"line":99,"column":54}},"32":{"start":{"line":99,"column":43},"end":{"line":99,"column":52}},"33":{"start":{"line":103,"column":4},"end":{"line":105,"column":5}},"34":{"start":{"line":104,"column":6},"end":{"line":104,"column":23}},"35":{"start":{"line":106,"column":4},"end":{"line":106,"column":16}},"36":{"start":{"line":110,"column":4},"end":{"line":112,"column":5}},"37":{"start":{"line":111,"column":6},"end":{"line":111,"column":21}},"38":{"start":{"line":113,"column":4},"end":{"line":113,"column":16}},"39":{"start":{"line":117,"column":14},"end":{"line":117,"column":57}},"40":{"start":{"line":118,"column":4},"end":{"line":121,"column":6}},"41":{"start":{"line":119,"column":6},"end":{"line":119,"column":19}},"42":{"start":{"line":120,"column":6},"end":{"line":120,"column":21}},"43":{"start":{"line":128,"column":4},"end":{"line":128,"column":95}},"44":{"start":{"line":128,"column":78},"end":{"line":128,"column":92}},"45":{"start":{"line":135,"column":23},"end":{"line":141,"column":6}},"46":{"start":{"line":137,"column":8},"end":{"line":137,"column":55}},"47":{"start":{"line":143,"column":4},"end":{"line":145,"column":5}},"48":{"start":{"line":144,"column":6},"end":{"line":144,"column":49}},"49":{"start":{"line":147,"column":4},"end":{"line":147,"column":24}},"50":{"start":{"line":149,"column":4},"end":{"line":149,"column":16}},"51":{"start":{"line":1,"column":0},"end":{"line":1,"column":13}}},"fnMap":{"0":{"name":"(anonymous_0)","decl":{"start":{"line":4,"column":2},"end":{"line":4,"column":14}},"loc":{"start":{"line":4,"column":44},"end":{"line":6,"column":3}}},"1":{"name":"(anonymous_1)","decl":{"start":{"line":10,"column":2},"end":{"line":10,"column":7}},"loc":{"start":{"line":10,"column":7},"end":{"line":12,"column":3}}},"2":{"name":"(anonymous_2)","decl":{"start":{"line":14,"column":2},"end":{"line":14,"column":8}},"loc":{"start":{"line":14,"column":17},"end":{"line":16,"column":3}}},"3":{"name":"(anonymous_3)","decl":{"start":{"line":18,"column":2},"end":{"line":18,"column":9}},"loc":{"start":{"line":18,"column":90},"end":{"line":22,"column":3}}},"4":{"name":"(anonymous_4)","decl":{"start":{"line":24,"column":2},"end":{"line":24,"column":5}},"loc":{"start":{"line":24,"column":14},"end":{"line":26,"column":3}}},"5":{"name":"(anonymous_5)","decl":{"start":{"line":28,"column":2},"end":{"line":28,"column":5}},"loc":{"start":{"line":28,"column":14},"end":{"line":30,"column":3}}},"6":{"name":"(anonymous_6)","decl":{"start":{"line":32,"column":2},"end":{"line":32,"column":5}},"loc":{"start":{"line":32,"column":28},"end":{"line":35,"column":3}}},"7":{"name":"(anonymous_7)","decl":{"start":{"line":37,"column":2},"end":{"line":37,"column":6}},"loc":{"start":{"line":37,"column":10},"end":{"line":39,"column":3}}},"8":{"name":"(anonymous_8)","decl":{"start":{"line":41,"column":2},"end":{"line":41,"column":3}},"loc":{"start":{"line":41,"column":19},"end":{"line":43,"column":3}}},"9":{"name":"(anonymous_9)","decl":{"start":{"line":45,"column":2},"end":{"line":45,"column":9}},"loc":{"start":{"line":45,"column":9},"end":{"line":47,"column":3}}},"10":{"name":"(anonymous_10)","decl":{"start":{"line":49,"column":2},"end":{"line":49,"column":6}},"loc":{"start":{"line":49,"column":6},"end":{"line":51,"column":3}}},"11":{"name":"(anonymous_11)","decl":{"start":{"line":53,"column":2},"end":{"line":53,"column":8}},"loc":{"start":{"line":53,"column":8},"end":{"line":55,"column":3}}},"12":{"name":"(anonymous_12)","decl":{"start":{"line":57,"column":2},"end":{"line":57,"column":6}},"loc":{"start":{"line":57,"column":26},"end":{"line":59,"column":3}}},"13":{"name":"(anonymous_13)","decl":{"start":{"line":63,"column":9},"end":{"line":63,"column":15}},"loc":{"start":{"line":65,"column":29},"end":{"line":68,"column":3}}},"14":{"name":"(anonymous_14)","decl":{"start":{"line":67,"column":24},"end":{"line":67,"column":25}},"loc":{"start":{"line":67,"column":34},"end":{"line":67,"column":77}}},"15":{"name":"(anonymous_15)","decl":{"start":{"line":67,"column":50},"end":{"line":67,"column":53}},"loc":{"start":{"line":67,"column":57},"end":{"line":67,"column":76}}},"16":{"name":"(anonymous_16)","decl":{"start":{"line":70,"column":9},"end":{"line":70,"column":15}},"loc":{"start":{"line":70,"column":87},"end":{"line":72,"column":3}}},"17":{"name":"(anonymous_17)","decl":{"start":{"line":71,"column":24},"end":{"line":71,"column":25}},"loc":{"start":{"line":71,"column":34},"end":{"line":71,"column":49}}},"18":{"name":"(anonymous_18)","decl":{"start":{"line":76,"column":9},"end":{"line":76,"column":20}},"loc":{"start":{"line":76,"column":98},"end":{"line":84,"column":3}}},"19":{"name":"(anonymous_19)","decl":{"start":{"line":86,"column":9},"end":{"line":86,"column":15}},"loc":{"start":{"line":86,"column":76},"end":{"line":88,"column":3}}},"20":{"name":"(anonymous_20)","decl":{"start":{"line":90,"column":9},"end":{"line":90,"column":19}},"loc":{"start":{"line":90,"column":70},"end":{"line":92,"column":3}}},"21":{"name":"(anonymous_21)","decl":{"start":{"line":91,"column":60},"end":{"line":91,"column":61}},"loc":{"start":{"line":91,"column":78},"end":{"line":91,"column":99}}},"22":{"name":"(anonymous_22)","decl":{"start":{"line":94,"column":9},"end":{"line":94,"column":16}},"loc":{"start":{"line":94,"column":67},"end":{"line":96,"column":3}}},"23":{"name":"(anonymous_23)","decl":{"start":{"line":95,"column":35},"end":{"line":95,"column":36}},"loc":{"start":{"line":95,"column":53},"end":{"line":95,"column":67}}},"24":{"name":"(anonymous_24)","decl":{"start":{"line":98,"column":9},"end":{"line":98,"column":22}},"loc":{"start":{"line":98,"column":63},"end":{"line":100,"column":3}}},"25":{"name":"(anonymous_25)","decl":{"start":{"line":99,"column":34},"end":{"line":99,"column":39}},"loc":{"start":{"line":99,"column":43},"end":{"line":99,"column":52}}},"26":{"name":"(anonymous_26)","decl":{"start":{"line":102,"column":9},"end":{"line":102,"column":19}},"loc":{"start":{"line":102,"column":39},"end":{"line":107,"column":3}}},"27":{"name":"(anonymous_27)","decl":{"start":{"line":109,"column":9},"end":{"line":109,"column":15}},"loc":{"start":{"line":109,"column":54},"end":{"line":114,"column":3}}},"28":{"name":"(anonymous_28)","decl":{"start":{"line":116,"column":2},"end":{"line":116,"column":8}},"loc":{"start":{"line":116,"column":57},"end":{"line":122,"column":3}}},"29":{"name":"(anonymous_29)","decl":{"start":{"line":118,"column":11},"end":{"line":118,"column":14}},"loc":{"start":{"line":118,"column":16},"end":{"line":121,"column":5}}},"30":{"name":"(anonymous_30)","decl":{"start":{"line":127,"column":9},"end":{"line":127,"column":15}},"loc":{"start":{"line":127,"column":49},"end":{"line":129,"column":3}}},"31":{"name":"(anonymous_31)","decl":{"start":{"line":128,"column":60},"end":{"line":128,"column":61}},"loc":{"start":{"line":128,"column":78},"end":{"line":128,"column":92}}},"32":{"name":"(anonymous_32)","decl":{"start":{"line":131,"column":9},"end":{"line":131,"column":15}},"loc":{"start":{"line":131,"column":15},"end":{"line":150,"column":3}}},"33":{"name":"(anonymous_33)","decl":{"start":{"line":136,"column":6},"end":{"line":136,"column":11}},"loc":{"start":{"line":136,"column":11},"end":{"line":138,"column":7}}}},"branchMap":{"0":{"loc":{"start":{"line":67,"column":62},"end":{"line":67,"column":71}},"type":"binary-expr","locations":[{"start":{"line":67,"column":62},"end":{"line":67,"column":65}},{"start":{"line":67,"column":69},"end":{"line":67,"column":71}}]},"1":{"loc":{"start":{"line":78,"column":4},"end":{"line":82,"column":5}},"type":"if","locations":[{"start":{"line":78,"column":4},"end":{"line":82,"column":5}},{"start":{"line":80,"column":11},"end":{"line":82,"column":5}}]},"2":{"loc":{"start":{"line":80,"column":11},"end":{"line":82,"column":5}},"type":"if","locations":[{"start":{"line":80,"column":11},"end":{"line":82,"column":5}}]},"3":{"loc":{"start":{"line":117,"column":14},"end":{"line":117,"column":57}},"type":"cond-expr","locations":[{"start":{"line":117,"column":19},"end":{"line":117,"column":27}},{"start":{"line":117,"column":30},"end":{"line":117,"column":57}}]}},"s":{"0":6,"1":0,"2":0,"3":0,"4":0,"5":31,"6":0,"7":9,"8":9,"9":0,"10":0,"11":0,"12":0,"13":0,"14":0,"15":0,"16":0,"17":0,"18":0,"19":0,"20":10,"21":10,"22":9,"23":1,"24":0,"25":10,"26":0,"27":0,"28":0,"29":0,"30":0,"31":0,"32":0,"33":0,"34":0,"35":0,"36":0,"37":0,"38":0,"39":0,"40":0,"41":0,"42":0,"43":0,"44":0,"45":0,"46":0,"47":0,"48":0,"49":0,"50":0,"51":1},"f":{"0":6,"1":0,"2":0,"3":0,"4":31,"5":0,"6":9,"7":0,"8":0,"9":0,"10":0,"11":0,"12":0,"13":0,"14":0,"15":0,"16":0,"17":0,"18":10,"19":0,"20":0,"21":0,"22":0,"23":0,"24":0,"25":0,"26":0,"27":0,"28":0,"29":0,"30":0,"31":0,"32":0,"33":0},"b":{"0":[0,0],"1":[9,1],"2":[0],"3":[0,0]}}
,"/home/ing/IdeaProjects/gurban/packages/kit/src/core/checks.ts": {"path":"/home/ing/IdeaProjects/gurban/packages/kit/src/core/checks.ts","statementMap":{"0":{"start":{"line":113,"column":0},"end":{"line":113,"column":16}},"1":{"start":{"line":3,"column":11},"end":{"line":3,"column":102}},"2":{"start":{"line":3,"column":75},"end":{"line":3,"column":102}},"3":{"start":{"line":5,"column":25},"end":{"line":5,"column":74}},"4":{"start":{"line":5,"column":65},"end":{"line":5,"column":74}},"5":{"start":{"line":5,"column":13},"end":{"line":5,"column":25}},"6":{"start":{"line":7,"column":30},"end":{"line":7,"column":78}},"7":{"start":{"line":7,"column":63},"end":{"line":7,"column":78}},"8":{"start":{"line":7,"column":13},"end":{"line":7,"column":30}},"9":{"start":{"line":9,"column":25},"end":{"line":9,"column":63}},"10":{"start":{"line":9,"column":53},"end":{"line":9,"column":63}},"11":{"start":{"line":9,"column":13},"end":{"line":9,"column":25}},"12":{"start":{"line":11,"column":24},"end":{"line":11,"column":84}},"13":{"start":{"line":11,"column":81},"end":{"line":11,"column":84}},"14":{"start":{"line":11,"column":13},"end":{"line":11,"column":24}},"15":{"start":{"line":13,"column":27},"end":{"line":13,"column":74}},"16":{"start":{"line":13,"column":59},"end":{"line":13,"column":74}},"17":{"start":{"line":13,"column":13},"end":{"line":13,"column":27}},"18":{"start":{"line":15,"column":22},"end":{"line":15,"column":59}},"19":{"start":{"line":15,"column":49},"end":{"line":15,"column":59}},"20":{"start":{"line":15,"column":13},"end":{"line":15,"column":22}},"21":{"start":{"line":17,"column":25},"end":{"line":17,"column":73}},"22":{"start":{"line":17,"column":64},"end":{"line":17,"column":73}},"23":{"start":{"line":17,"column":13},"end":{"line":17,"column":25}},"24":{"start":{"line":19,"column":24},"end":{"line":19,"column":74}},"25":{"start":{"line":19,"column":53},"end":{"line":19,"column":74}},"26":{"start":{"line":19,"column":13},"end":{"line":19,"column":24}},"27":{"start":{"line":21,"column":24},"end":{"line":21,"column":74}},"28":{"start":{"line":21,"column":53},"end":{"line":21,"column":74}},"29":{"start":{"line":21,"column":13},"end":{"line":21,"column":24}},"30":{"start":{"line":23,"column":25},"end":{"line":23,"column":88}},"31":{"start":{"line":23,"column":54},"end":{"line":23,"column":88}},"32":{"start":{"line":23,"column":13},"end":{"line":23,"column":25}},"33":{"start":{"line":25,"column":13},"end":{"line":28,"column":2}},"34":{"start":{"line":26,"column":46},"end":{"line":26,"column":98}},"35":{"start":{"line":30,"column":13},"end":{"line":33,"column":2}},"36":{"start":{"line":31,"column":61},"end":{"line":31,"column":77}},"37":{"start":{"line":36,"column":2},"end":{"line":47,"column":3}},"38":{"start":{"line":37,"column":2},"end":{"line":47,"column":3}},"39":{"start":{"line":38,"column":4},"end":{"line":40,"column":5}},"40":{"start":{"line":39,"column":6},"end":{"line":39,"column":19}},"41":{"start":{"line":41,"column":4},"end":{"line":45,"column":5}},"42":{"start":{"line":42,"column":6},"end":{"line":44,"column":7}},"43":{"start":{"line":43,"column":8},"end":{"line":43,"column":21}},"44":{"start":{"line":46,"column":4},"end":{"line":46,"column":16}},"45":{"start":{"line":35,"column":13},"end":{"line":35,"column":null}},"46":{"start":{"line":50,"column":2},"end":{"line":61,"column":3}},"47":{"start":{"line":54,"column":2},"end":{"line":61,"column":3}},"48":{"start":{"line":55,"column":4},"end":{"line":59,"column":5}},"49":{"start":{"line":56,"column":6},"end":{"line":58,"column":7}},"50":{"start":{"line":57,"column":8},"end":{"line":57,"column":20}},"51":{"start":{"line":60,"column":4},"end":{"line":60,"column":17}},"52":{"start":{"line":49,"column":13},"end":{"line":49,"column":null}},"53":{"start":{"line":66,"column":2},"end":{"line":74,"column":3}},"54":{"start":{"line":67,"column":2},"end":{"line":74,"column":3}},"55":{"start":{"line":68,"column":4},"end":{"line":72,"column":5}},"56":{"start":{"line":69,"column":6},"end":{"line":71,"column":7}},"57":{"start":{"line":70,"column":8},"end":{"line":70,"column":20}},"58":{"start":{"line":73,"column":4},"end":{"line":73,"column":17}},"59":{"start":{"line":65,"column":13},"end":{"line":65,"column":null}},"60":{"start":{"line":77,"column":2},"end":{"line":89,"column":3}},"61":{"start":{"line":78,"column":2},"end":{"line":89,"column":3}},"62":{"start":{"line":79,"column":4},"end":{"line":81,"column":5}},"63":{"start":{"line":80,"column":6},"end":{"line":80,"column":19}},"64":{"start":{"line":82,"column":4},"end":{"line":86,"column":5}},"65":{"start":{"line":83,"column":6},"end":{"line":85,"column":7}},"66":{"start":{"line":84,"column":8},"end":{"line":84,"column":21}},"67":{"start":{"line":88,"column":4},"end":{"line":88,"column":16}},"68":{"start":{"line":76,"column":13},"end":{"line":76,"column":null}},"69":{"start":{"line":91,"column":24},"end":{"line":91,"column":109}},"70":{"start":{"line":91,"column":81},"end":{"line":91,"column":109}},"71":{"start":{"line":91,"column":13},"end":{"line":91,"column":24}},"72":{"start":{"line":94,"column":2},"end":{"line":100,"column":3}},"73":{"start":{"line":95,"column":2},"end":{"line":100,"column":3}},"74":{"start":{"line":96,"column":4},"end":{"line":98,"column":5}},"75":{"start":{"line":97,"column":6},"end":{"line":97,"column":97}},"76":{"start":{"line":99,"column":4},"end":{"line":99,"column":17}},"77":{"start":{"line":93,"column":13},"end":{"line":93,"column":null}},"78":{"start":{"line":103,"column":2},"end":{"line":109,"column":3}},"79":{"start":{"line":104,"column":2},"end":{"line":109,"column":3}},"80":{"start":{"line":105,"column":4},"end":{"line":107,"column":5}},"81":{"start":{"line":106,"column":6},"end":{"line":106,"column":97}},"82":{"start":{"line":108,"column":4},"end":{"line":108,"column":13}},"83":{"start":{"line":102,"column":13},"end":{"line":102,"column":null}},"84":{"start":{"line":114,"column":2},"end":{"line":116,"column":3}},"85":{"start":{"line":115,"column":4},"end":{"line":115,"column":32}},"86":{"start":{"line":117,"column":2},"end":{"line":117,"column":16}}},"fnMap":{"0":{"name":"(anonymous_0)","decl":{"start":{"line":3,"column":11},"end":{"line":3,"column":50}},"loc":{"start":{"line":3,"column":75},"end":{"line":3,"column":102}}},"1":{"name":"(anonymous_1)","decl":{"start":{"line":5,"column":25},"end":{"line":5,"column":29}},"loc":{"start":{"line":5,"column":65},"end":{"line":5,"column":74}}},"2":{"name":"(anonymous_2)","decl":{"start":{"line":7,"column":30},"end":{"line":7,"column":34}},"loc":{"start":{"line":7,"column":63},"end":{"line":7,"column":78}}},"3":{"name":"(anonymous_3)","decl":{"start":{"line":9,"column":25},"end":{"line":9,"column":29}},"loc":{"start":{"line":9,"column":53},"end":{"line":9,"column":63}}},"4":{"name":"(anonymous_4)","decl":{"start":{"line":11,"column":24},"end":{"line":11,"column":28}},"loc":{"start":{"line":11,"column":81},"end":{"line":11,"column":84}}},"5":{"name":"(anonymous_5)","decl":{"start":{"line":13,"column":27},"end":{"line":13,"column":28}},"loc":{"start":{"line":13,"column":59},"end":{"line":13,"column":74}}},"6":{"name":"(anonymous_6)","decl":{"start":{"line":15,"column":22},"end":{"line":15,"column":23}},"loc":{"start":{"line":15,"column":49},"end":{"line":15,"column":59}}},"7":{"name":"(anonymous_7)","decl":{"start":{"line":17,"column":25},"end":{"line":17,"column":26}},"loc":{"start":{"line":17,"column":64},"end":{"line":17,"column":73}}},"8":{"name":"(anonymous_8)","decl":{"start":{"line":19,"column":24},"end":{"line":19,"column":25}},"loc":{"start":{"line":19,"column":53},"end":{"line":19,"column":74}}},"9":{"name":"(anonymous_9)","decl":{"start":{"line":21,"column":24},"end":{"line":21,"column":25}},"loc":{"start":{"line":21,"column":53},"end":{"line":21,"column":74}}},"10":{"name":"(anonymous_10)","decl":{"start":{"line":23,"column":25},"end":{"line":23,"column":26}},"loc":{"start":{"line":23,"column":54},"end":{"line":23,"column":88}}},"11":{"name":"(anonymous_11)","decl":{"start":{"line":26,"column":2},"end":{"line":26,"column":9}},"loc":{"start":{"line":26,"column":46},"end":{"line":26,"column":98}}},"12":{"name":"(anonymous_12)","decl":{"start":{"line":31,"column":2},"end":{"line":31,"column":6}},"loc":{"start":{"line":31,"column":61},"end":{"line":31,"column":77}}},"13":{"name":"(anonymous_13)","decl":{"start":{"line":36,"column":2},"end":{"line":36,"column":6}},"loc":{"start":{"line":37,"column":2},"end":{"line":47,"column":3}}},"14":{"name":"(anonymous_14)","decl":{"start":{"line":37,"column":2},"end":{"line":37,"column":3}},"loc":{"start":{"line":37,"column":27},"end":{"line":47,"column":3}}},"15":{"name":"(anonymous_15)","decl":{"start":{"line":50,"column":2},"end":{"line":50,"column":null}},"loc":{"start":{"line":54,"column":2},"end":{"line":61,"column":3}}},"16":{"name":"(anonymous_16)","decl":{"start":{"line":54,"column":2},"end":{"line":54,"column":3}},"loc":{"start":{"line":54,"column":25},"end":{"line":61,"column":3}}},"17":{"name":"(anonymous_17)","decl":{"start":{"line":66,"column":2},"end":{"line":66,"column":34}},"loc":{"start":{"line":67,"column":2},"end":{"line":74,"column":3}}},"18":{"name":"(anonymous_18)","decl":{"start":{"line":67,"column":2},"end":{"line":67,"column":3}},"loc":{"start":{"line":67,"column":34},"end":{"line":74,"column":3}}},"19":{"name":"(anonymous_19)","decl":{"start":{"line":77,"column":2},"end":{"line":77,"column":34}},"loc":{"start":{"line":78,"column":2},"end":{"line":89,"column":3}}},"20":{"name":"(anonymous_20)","decl":{"start":{"line":78,"column":2},"end":{"line":78,"column":3}},"loc":{"start":{"line":78,"column":26},"end":{"line":89,"column":3}}},"21":{"name":"(anonymous_21)","decl":{"start":{"line":91,"column":24},"end":{"line":91,"column":56}},"loc":{"start":{"line":91,"column":81},"end":{"line":91,"column":109}}},"22":{"name":"(anonymous_22)","decl":{"start":{"line":94,"column":2},"end":{"line":94,"column":6}},"loc":{"start":{"line":95,"column":2},"end":{"line":100,"column":3}}},"23":{"name":"(anonymous_23)","decl":{"start":{"line":95,"column":2},"end":{"line":95,"column":6}},"loc":{"start":{"line":95,"column":37},"end":{"line":100,"column":3}}},"24":{"name":"(anonymous_24)","decl":{"start":{"line":103,"column":2},"end":{"line":103,"column":6}},"loc":{"start":{"line":104,"column":2},"end":{"line":109,"column":3}}},"25":{"name":"(anonymous_25)","decl":{"start":{"line":104,"column":2},"end":{"line":104,"column":3}},"loc":{"start":{"line":104,"column":17},"end":{"line":109,"column":3}}},"26":{"name":"checked","decl":{"start":{"line":113,"column":16},"end":{"line":113,"column":23}},"loc":{"start":{"line":113,"column":97},"end":{"line":118,"column":1}}}},"branchMap":{"0":{"loc":{"start":{"line":23,"column":54},"end":{"line":23,"column":88}},"type":"binary-expr","locations":[{"start":{"line":23,"column":54},"end":{"line":23,"column":65}},{"start":{"line":23,"column":69},"end":{"line":23,"column":88}}]},"1":{"loc":{"start":{"line":26,"column":46},"end":{"line":26,"column":98}},"type":"binary-expr","locations":[{"start":{"line":26,"column":46},"end":{"line":26,"column":49}},{"start":{"line":26,"column":53},"end":{"line":26,"column":98}}]},"2":{"loc":{"start":{"line":38,"column":4},"end":{"line":40,"column":5}},"type":"if","locations":[{"start":{"line":38,"column":4},"end":{"line":40,"column":5}}]},"3":{"loc":{"start":{"line":42,"column":6},"end":{"line":44,"column":7}},"type":"if","locations":[{"start":{"line":42,"column":6},"end":{"line":44,"column":7}}]},"4":{"loc":{"start":{"line":56,"column":6},"end":{"line":58,"column":7}},"type":"if","locations":[{"start":{"line":56,"column":6},"end":{"line":58,"column":7}}]},"5":{"loc":{"start":{"line":69,"column":6},"end":{"line":71,"column":7}},"type":"if","locations":[{"start":{"line":69,"column":6},"end":{"line":71,"column":7}}]},"6":{"loc":{"start":{"line":79,"column":4},"end":{"line":81,"column":5}},"type":"if","locations":[{"start":{"line":79,"column":4},"end":{"line":81,"column":5}}]},"7":{"loc":{"start":{"line":79,"column":8},"end":{"line":79,"column":52}},"type":"binary-expr","locations":[{"start":{"line":79,"column":8},"end":{"line":79,"column":25}},{"start":{"line":79,"column":29},"end":{"line":79,"column":52}}]},"8":{"loc":{"start":{"line":83,"column":6},"end":{"line":85,"column":7}},"type":"if","locations":[{"start":{"line":83,"column":6},"end":{"line":85,"column":7}}]},"9":{"loc":{"start":{"line":96,"column":4},"end":{"line":98,"column":5}},"type":"if","locations":[{"start":{"line":96,"column":4},"end":{"line":98,"column":5}}]},"10":{"loc":{"start":{"line":97,"column":31},"end":{"line":97,"column":77}},"type":"cond-expr","locations":[{"start":{"line":97,"column":50},"end":{"line":97,"column":52}},{"start":{"line":97,"column":55},"end":{"line":97,"column":77}}]},"11":{"loc":{"start":{"line":105,"column":4},"end":{"line":107,"column":5}},"type":"if","locations":[{"start":{"line":105,"column":4},"end":{"line":107,"column":5}}]},"12":{"loc":{"start":{"line":106,"column":31},"end":{"line":106,"column":77}},"type":"cond-expr","locations":[{"start":{"line":106,"column":50},"end":{"line":106,"column":52}},{"start":{"line":106,"column":55},"end":{"line":106,"column":77}}]},"13":{"loc":{"start":{"line":114,"column":2},"end":{"line":116,"column":3}},"type":"if","locations":[{"start":{"line":114,"column":2},"end":{"line":116,"column":3}}]}},"s":{"0":1,"1":1,"2":2,"3":1,"4":8,"5":1,"6":1,"7":0,"8":1,"9":1,"10":0,"11":1,"12":1,"13":0,"14":1,"15":1,"16":0,"17":1,"18":1,"19":0,"20":1,"21":1,"22":0,"23":1,"24":1,"25":0,"26":1,"27":1,"28":0,"29":1,"30":1,"31":0,"32":1,"33":1,"34":0,"35":1,"36":0,"37":1,"38":0,"39":0,"40":0,"41":0,"42":0,"43":0,"44":0,"45":1,"46":1,"47":0,"48":0,"49":0,"50":0,"51":0,"52":1,"53":1,"54":0,"55":0,"56":0,"57":0,"58":0,"59":1,"60":1,"61":0,"62":0,"63":0,"64":0,"65":0,"66":0,"67":0,"68":1,"69":1,"70":0,"71":1,"72":1,"73":0,"74":0,"75":0,"76":0,"77":1,"78":1,"79":0,"80":0,"81":0,"82":0,"83":1,"84":0,"85":0,"86":0},"f":{"0":2,"1":8,"2":0,"3":0,"4":0,"5":0,"6":0,"7":0,"8":0,"9":0,"10":0,"11":0,"12":0,"13":0,"14":0,"15":0,"16":0,"17":0,"18":0,"19":0,"20":0,"21":0,"22":0,"23":0,"24":0,"25":0,"26":0},"b":{"0":[0,0],"1":[0,0],"2":[0],"3":[0],"4":[0],"5":[0],"6":[0],"7":[0,0],"8":[0],"9":[0],"10":[0,0],"11":[0],"12":[0,0],"13":[0]}}
,"/home/ing/IdeaProjects/gurban/packages/kit/src/core/sorter.ts": {"path":"/home/ing/IdeaProjects/gurban/packages/kit/src/core/sorter.ts","statementMap":{"0":{"start":{"line":1,"column":0},"end":{"line":1,"column":37}},"1":{"start":{"line":22,"column":13},"end":{"line":78,"column":2}},"2":{"start":{"line":24,"column":20},"end":{"line":24,"column":47}},"3":{"start":{"line":25,"column":4},"end":{"line":33,"column":6}},"4":{"start":{"line":26,"column":6},"end":{"line":31,"column":7}},"5":{"start":{"line":27,"column":18},"end":{"line":27,"column":31}},"6":{"start":{"line":28,"column":8},"end":{"line":30,"column":9}},"7":{"start":{"line":29,"column":10},"end":{"line":29,"column":19}},"8":{"start":{"line":32,"column":6},"end":{"line":32,"column":15}},"9":{"start":{"line":41,"column":6},"end":{"line":73,"column":7}},"10":{"start":{"line":42,"column":19},"end":{"line":42,"column":28}},"11":{"start":{"line":43,"column":19},"end":{"line":43,"column":28}},"12":{"start":{"line":45,"column":8},"end":{"line":47,"column":9}},"13":{"start":{"line":46,"column":10},"end":{"line":46,"column":44}},"14":{"start":{"line":49,"column":8},"end":{"line":51,"column":9}},"15":{"start":{"line":50,"column":10},"end":{"line":50,"column":81}},"16":{"start":{"line":52,"column":8},"end":{"line":54,"column":9}},"17":{"start":{"line":53,"column":10},"end":{"line":53,"column":64}},"18":{"start":{"line":56,"column":45},"end":{"line":56,"column":104}},"19":{"start":{"line":56,"column":93},"end":{"line":56,"column":95}},"20":{"start":{"line":56,"column":103},"end":{"line":56,"column":104}},"21":{"start":{"line":58,"column":8},"end":{"line":63,"column":9}},"22":{"start":{"line":59,"column":10},"end":{"line":61,"column":11}},"23":{"start":{"line":60,"column":12},"end":{"line":60,"column":68}},"24":{"start":{"line":62,"column":10},"end":{"line":62,"column":45}},"25":{"start":{"line":65,"column":8},"end":{"line":70,"column":9}},"26":{"start":{"line":66,"column":10},"end":{"line":68,"column":11}},"27":{"start":{"line":67,"column":12},"end":{"line":67,"column":72}},"28":{"start":{"line":69,"column":10},"end":{"line":69,"column":32}},"29":{"start":{"line":72,"column":8},"end":{"line":72,"column":99}},"30":{"start":{"line":76,"column":6},"end":{"line":76,"column":46}},"31":{"start":{"line":76,"column":37},"end":{"line":76,"column":46}}},"fnMap":{"0":{"name":"(anonymous_0)","decl":{"start":{"line":23,"column":2},"end":{"line":23,"column":6}},"loc":{"start":{"line":23,"column":87},"end":{"line":34,"column":3}}},"1":{"name":"(anonymous_1)","decl":{"start":{"line":25,"column":11},"end":{"line":25,"column":12}},"loc":{"start":{"line":25,"column":20},"end":{"line":33,"column":5}}},"2":{"name":"(anonymous_2)","decl":{"start":{"line":37,"column":6},"end":{"line":37,"column":null}},"loc":{"start":{"line":41,"column":6},"end":{"line":73,"column":7}}},"3":{"name":"(anonymous_3)","decl":{"start":{"line":41,"column":6},"end":{"line":41,"column":7}},"loc":{"start":{"line":41,"column":15},"end":{"line":73,"column":7}}},"4":{"name":"(anonymous_4)","decl":{"start":{"line":56,"column":88},"end":{"line":56,"column":89}},"loc":{"start":{"line":56,"column":93},"end":{"line":56,"column":95}}},"5":{"name":"(anonymous_5)","decl":{"start":{"line":56,"column":98},"end":{"line":56,"column":99}},"loc":{"start":{"line":56,"column":103},"end":{"line":56,"column":104}}},"6":{"name":"(anonymous_6)","decl":{"start":{"line":75,"column":13},"end":{"line":75,"column":17}},"loc":{"start":{"line":76,"column":6},"end":{"line":76,"column":46}}},"7":{"name":"(anonymous_7)","decl":{"start":{"line":76,"column":21},"end":{"line":76,"column":22}},"loc":{"start":{"line":76,"column":37},"end":{"line":76,"column":46}}}},"branchMap":{"0":{"loc":{"start":{"line":28,"column":8},"end":{"line":30,"column":9}},"type":"if","locations":[{"start":{"line":28,"column":8},"end":{"line":30,"column":9}}]},"1":{"loc":{"start":{"line":45,"column":8},"end":{"line":47,"column":9}},"type":"if","locations":[{"start":{"line":45,"column":8},"end":{"line":47,"column":9}}]},"2":{"loc":{"start":{"line":45,"column":12},"end":{"line":45,"column":74}},"type":"binary-expr","locations":[{"start":{"line":45,"column":12},"end":{"line":45,"column":30}},{"start":{"line":45,"column":34},"end":{"line":45,"column":74}}]},"3":{"loc":{"start":{"line":49,"column":8},"end":{"line":51,"column":9}},"type":"if","locations":[{"start":{"line":49,"column":8},"end":{"line":51,"column":9}}]},"4":{"loc":{"start":{"line":50,"column":17},"end":{"line":50,"column":80}},"type":"cond-expr","locations":[{"start":{"line":50,"column":30},"end":{"line":50,"column":31}},{"start":{"line":50,"column":34},"end":{"line":50,"column":80}}]},"5":{"loc":{"start":{"line":50,"column":34},"end":{"line":50,"column":80}},"type":"cond-expr","locations":[{"start":{"line":50,"column":74},"end":{"line":50,"column":76}},{"start":{"line":50,"column":79},"end":{"line":50,"column":80}}]},"6":{"loc":{"start":{"line":52,"column":8},"end":{"line":54,"column":9}},"type":"if","locations":[{"start":{"line":52,"column":8},"end":{"line":54,"column":9}}]},"7":{"loc":{"start":{"line":53,"column":17},"end":{"line":53,"column":63}},"type":"cond-expr","locations":[{"start":{"line":53,"column":57},"end":{"line":53,"column":58}},{"start":{"line":53,"column":61},"end":{"line":53,"column":63}}]},"8":{"loc":{"start":{"line":56,"column":45},"end":{"line":56,"column":104}},"type":"cond-expr","locations":[{"start":{"line":56,"column":88},"end":{"line":56,"column":95}},{"start":{"line":56,"column":98},"end":{"line":56,"column":104}}]},"9":{"loc":{"start":{"line":58,"column":8},"end":{"line":63,"column":9}},"type":"if","locations":[{"start":{"line":58,"column":8},"end":{"line":63,"column":9}}]},"10":{"loc":{"start":{"line":59,"column":10},"end":{"line":61,"column":11}},"type":"if","locations":[{"start":{"line":59,"column":10},"end":{"line":61,"column":11}}]},"11":{"loc":{"start":{"line":65,"column":8},"end":{"line":70,"column":9}},"type":"if","locations":[{"start":{"line":65,"column":8},"end":{"line":70,"column":9}}]},"12":{"loc":{"start":{"line":66,"column":10},"end":{"line":68,"column":11}},"type":"if","locations":[{"start":{"line":66,"column":10},"end":{"line":68,"column":11}}]},"13":{"loc":{"start":{"line":76,"column":6},"end":{"line":76,"column":46}},"type":"cond-expr","locations":[{"start":{"line":76,"column":16},"end":{"line":76,"column":18}},{"start":{"line":76,"column":21},"end":{"line":76,"column":46}}]}},"s":{"0":1,"1":1,"2":4,"3":4,"4":14,"5":16,"6":16,"7":14,"8":0,"9":8,"10":16,"11":16,"12":16,"13":0,"14":16,"15":3,"16":13,"17":1,"18":12,"19":1,"20":11,"21":12,"22":0,"23":0,"24":0,"25":12,"26":12,"27":0,"28":12,"29":0,"30":2,"31":4},"f":{"0":4,"1":14,"2":8,"3":16,"4":1,"5":11,"6":2,"7":4},"b":{"0":[14],"1":[0],"2":[16,6],"3":[3],"4":[0,3],"5":[3,0],"6":[1],"7":[0,1],"8":[1,11],"9":[0],"10":[0],"11":[12],"12":[0],"13":[1,1]}}
,"/home/ing/IdeaProjects/gurban/packages/kit/src/numbers/number-converter.ts": {"path":"/home/ing/IdeaProjects/gurban/packages/kit/src/numbers/number-converter.ts","statementMap":{"0":{"start":{"line":25,"column":13},"end":{"line":25,"column":25}},"1":{"start":{"line":49,"column":19},"end":{"line":49,"column":43}},"2":{"start":{"line":28,"column":4},"end":{"line":30,"column":5}},"3":{"start":{"line":29,"column":6},"end":{"line":29,"column":52}},"4":{"start":{"line":31,"column":4},"end":{"line":31,"column":42}},"5":{"start":{"line":42,"column":12},"end":{"line":42,"column":34}},"6":{"start":{"line":43,"column":4},"end":{"line":45,"column":5}},"7":{"start":{"line":44,"column":6},"end":{"line":44,"column":72}},"8":{"start":{"line":46,"column":4},"end":{"line":46,"column":28}},"9":{"start":{"line":16,"column":0},"end":{"line":16,"column":13}},"10":{"start":{"line":81,"column":23},"end":{"line":81,"column":77}},"11":{"start":{"line":133,"column":11},"end":{"line":153,"column":4}},"12":{"start":{"line":136,"column":4},"end":{"line":138,"column":5}},"13":{"start":{"line":137,"column":6},"end":{"line":137,"column":48}},"14":{"start":{"line":139,"column":12},"end":{"line":139,"column":25}},"15":{"start":{"line":140,"column":4},"end":{"line":142,"column":5}},"16":{"start":{"line":141,"column":6},"end":{"line":141,"column":45}},"17":{"start":{"line":143,"column":32},"end":{"line":143,"column":36}},"18":{"start":{"line":144,"column":4},"end":{"line":146,"column":5}},"19":{"start":{"line":145,"column":6},"end":{"line":145,"column":54}},"20":{"start":{"line":147,"column":24},"end":{"line":147,"column":26}},"21":{"start":{"line":148,"column":4},"end":{"line":151,"column":21}},"22":{"start":{"line":149,"column":6},"end":{"line":149,"column":36}},"23":{"start":{"line":150,"column":6},"end":{"line":150,"column":13}},"24":{"start":{"line":152,"column":4},"end":{"line":152,"column":47}},"25":{"start":{"line":162,"column":11},"end":{"line":173,"column":4}},"26":{"start":{"line":163,"column":31},"end":{"line":163,"column":35}},"27":{"start":{"line":164,"column":12},"end":{"line":164,"column":14}},"28":{"start":{"line":165,"column":4},"end":{"line":171,"column":5}},"29":{"start":{"line":165,"column":17},"end":{"line":165,"column":29}},"30":{"start":{"line":166,"column":16},"end":{"line":166,"column":43}},"31":{"start":{"line":167,"column":6},"end":{"line":169,"column":7}},"32":{"start":{"line":168,"column":8},"end":{"line":168,"column":60}},"33":{"start":{"line":170,"column":6},"end":{"line":170,"column":44}},"34":{"start":{"line":172,"column":4},"end":{"line":172,"column":13}},"35":{"start":{"line":181,"column":11},"end":{"line":184,"column":4}},"36":{"start":{"line":182,"column":14},"end":{"line":182,"column":49}},"37":{"start":{"line":183,"column":4},"end":{"line":183,"column":67}},"38":{"start":{"line":183,"column":63},"end":{"line":183,"column":64}},"39":{"start":{"line":193,"column":11},"end":{"line":200,"column":4}},"40":{"start":{"line":194,"column":4},"end":{"line":196,"column":5}},"41":{"start":{"line":195,"column":6},"end":{"line":195,"column":74}},"42":{"start":{"line":197,"column":4},"end":{"line":199,"column":6}},"43":{"start":{"line":198,"column":38},"end":{"line":198,"column":91}},"44":{"start":{"line":209,"column":11},"end":{"line":242,"column":4}},"45":{"start":{"line":210,"column":16},"end":{"line":211,"column":72}},"46":{"start":{"line":211,"column":6},"end":{"line":211,"column":72}},"47":{"start":{"line":213,"column":22},"end":{"line":219,"column":5}},"48":{"start":{"line":214,"column":26},"end":{"line":214,"column":28}},"49":{"start":{"line":215,"column":6},"end":{"line":217,"column":7}},"50":{"start":{"line":215,"column":19},"end":{"line":215,"column":20}},"51":{"start":{"line":216,"column":8},"end":{"line":216,"column":38}},"52":{"start":{"line":218,"column":6},"end":{"line":218,"column":24}},"53":{"start":{"line":221,"column":4},"end":{"line":223,"column":5}},"54":{"start":{"line":222,"column":6},"end":{"line":222,"column":67}},"55":{"start":{"line":225,"column":16},"end":{"line":225,"column":51}},"56":{"start":{"line":227,"column":24},"end":{"line":227,"column":42}},"57":{"start":{"line":228,"column":18},"end":{"line":228,"column":59}},"58":{"start":{"line":230,"column":24},"end":{"line":230,"column":44}},"59":{"start":{"line":231,"column":18},"end":{"line":231,"column":59}},"60":{"start":{"line":233,"column":23},"end":{"line":233,"column":55}},"61":{"start":{"line":235,"column":4},"end":{"line":237,"column":5}},"62":{"start":{"line":236,"column":6},"end":{"line":236,"column":43}},"63":{"start":{"line":236,"column":19},"end":{"line":236,"column":42}},"64":{"start":{"line":238,"column":4},"end":{"line":240,"column":5}},"65":{"start":{"line":239,"column":6},"end":{"line":239,"column":66}},"66":{"start":{"line":239,"column":19},"end":{"line":239,"column":65}},"67":{"start":{"line":241,"column":4},"end":{"line":241,"column":100}},"68":{"start":{"line":241,"column":17},"end":{"line":241,"column":99}},"69":{"start":{"line":85,"column":4},"end":{"line":85,"column":38}},"70":{"start":{"line":90,"column":24},"end":{"line":90,"column":26}},"71":{"start":{"line":91,"column":4},"end":{"line":104,"column":5}},"72":{"start":{"line":92,"column":6},"end":{"line":103,"column":7}},"73":{"start":{"line":93,"column":8},"end":{"line":95,"column":9}},"74":{"start":{"line":94,"column":10},"end":{"line":94,"column":40}},"75":{"start":{"line":96,"column":27},"end":{"line":96,"column":66}},"76":{"start":{"line":96,"column":50},"end":{"line":96,"column":65}},"77":{"start":{"line":97,"column":8},"end":{"line":99,"column":9}},"78":{"start":{"line":98,"column":10},"end":{"line":98,"column":41}},"79":{"start":{"line":100,"column":8},"end":{"line":100,"column":77}},"80":{"start":{"line":100,"column":66},"end":{"line":100,"column":74}},"81":{"start":{"line":102,"column":8},"end":{"line":102,"column":59}},"82":{"start":{"line":102,"column":41},"end":{"line":102,"column":56}},"83":{"start":{"line":105,"column":4},"end":{"line":107,"column":5}},"84":{"start":{"line":106,"column":6},"end":{"line":106,"column":36}},"85":{"start":{"line":108,"column":4},"end":{"line":108,"column":13}},"86":{"start":{"line":113,"column":4},"end":{"line":113,"column":33}},"87":{"start":{"line":118,"column":4},"end":{"line":118,"column":73}},"88":{"start":{"line":118,"column":46},"end":{"line":118,"column":70}},"89":{"start":{"line":123,"column":4},"end":{"line":123,"column":67}},"90":{"start":{"line":74,"column":0},"end":{"line":74,"column":13}}},"fnMap":{"0":{"name":"(anonymous_0)","decl":{"start":{"line":24,"column":2},"end":{"line":24,"column":null}},"loc":{"start":{"line":26,"column":19},"end":{"line":32,"column":3}}},"1":{"name":"(anonymous_1)","decl":{"start":{"line":41,"column":2},"end":{"line":41,"column":5}},"loc":{"start":{"line":41,"column":17},"end":{"line":47,"column":3}}},"2":{"name":"(anonymous_2)","decl":{"start":{"line":81,"column":2},"end":{"line":81,"column":23}},"loc":{"start":{"line":81,"column":77},"end":{"line":81,"column":81}}},"3":{"name":"(anonymous_3)","decl":{"start":{"line":133,"column":65},"end":{"line":133,"column":null}},"loc":{"start":{"line":135,"column":14},"end":{"line":153,"column":3}}},"4":{"name":"(anonymous_4)","decl":{"start":{"line":162,"column":41},"end":{"line":162,"column":42}},"loc":{"start":{"line":162,"column":63},"end":{"line":173,"column":3}}},"5":{"name":"(anonymous_5)","decl":{"start":{"line":181,"column":46},"end":{"line":181,"column":47}},"loc":{"start":{"line":181,"column":65},"end":{"line":184,"column":3}}},"6":{"name":"(anonymous_6)","decl":{"start":{"line":183,"column":57},"end":{"line":183,"column":60}},"loc":{"start":{"line":183,"column":63},"end":{"line":183,"column":64}}},"7":{"name":"(anonymous_7)","decl":{"start":{"line":193,"column":48},"end":{"line":193,"column":49}},"loc":{"start":{"line":193,"column":75},"end":{"line":200,"column":3}}},"8":{"name":"(anonymous_8)","decl":{"start":{"line":198,"column":32},"end":{"line":198,"column":35}},"loc":{"start":{"line":198,"column":38},"end":{"line":198,"column":91}}},"9":{"name":"(anonymous_9)","decl":{"start":{"line":209,"column":73},"end":{"line":209,"column":74}},"loc":{"start":{"line":209,"column":92},"end":{"line":242,"column":3}}},"10":{"name":"(anonymous_10)","decl":{"start":{"line":210,"column":16},"end":{"line":210,"column":17}},"loc":{"start":{"line":211,"column":6},"end":{"line":211,"column":72}}},"11":{"name":"(anonymous_11)","decl":{"start":{"line":213,"column":22},"end":{"line":213,"column":23}},"loc":{"start":{"line":213,"column":78},"end":{"line":219,"column":5}}},"12":{"name":"(anonymous_12)","decl":{"start":{"line":236,"column":13},"end":{"line":236,"column":16}},"loc":{"start":{"line":236,"column":19},"end":{"line":236,"column":42}}},"13":{"name":"(anonymous_13)","decl":{"start":{"line":239,"column":13},"end":{"line":239,"column":16}},"loc":{"start":{"line":239,"column":19},"end":{"line":239,"column":65}}},"14":{"name":"(anonymous_14)","decl":{"start":{"line":241,"column":11},"end":{"line":241,"column":14}},"loc":{"start":{"line":241,"column":17},"end":{"line":241,"column":99}}},"15":{"name":"(anonymous_15)","decl":{"start":{"line":84,"column":2},"end":{"line":84,"column":6}},"loc":{"start":{"line":84,"column":10},"end":{"line":86,"column":3}}},"16":{"name":"(anonymous_16)","decl":{"start":{"line":89,"column":2},"end":{"line":89,"column":6}},"loc":{"start":{"line":89,"column":12},"end":{"line":109,"column":3}}},"17":{"name":"(anonymous_17)","decl":{"start":{"line":96,"column":45},"end":{"line":96,"column":46}},"loc":{"start":{"line":96,"column":50},"end":{"line":96,"column":65}}},"18":{"name":"(anonymous_18)","decl":{"start":{"line":100,"column":56},"end":{"line":100,"column":57}},"loc":{"start":{"line":100,"column":66},"end":{"line":100,"column":74}}},"19":{"name":"(anonymous_19)","decl":{"start":{"line":102,"column":36},"end":{"line":102,"column":37}},"loc":{"start":{"line":102,"column":41},"end":{"line":102,"column":56}}},"20":{"name":"(anonymous_20)","decl":{"start":{"line":112,"column":2},"end":{"line":112,"column":6}},"loc":{"start":{"line":112,"column":12},"end":{"line":114,"column":3}}},"21":{"name":"(anonymous_21)","decl":{"start":{"line":117,"column":2},"end":{"line":117,"column":6}},"loc":{"start":{"line":117,"column":12},"end":{"line":119,"column":3}}},"22":{"name":"(anonymous_22)","decl":{"start":{"line":118,"column":35},"end":{"line":118,"column":36}},"loc":{"start":{"line":118,"column":46},"end":{"line":118,"column":70}}},"23":{"name":"(anonymous_23)","decl":{"start":{"line":122,"column":2},"end":{"line":122,"column":6}},"loc":{"start":{"line":122,"column":19},"end":{"line":124,"column":3}}}},"branchMap":{"0":{"loc":{"start":{"line":26,"column":4},"end":{"line":26,"column":19}},"type":"default-arg","locations":[{"start":{"line":26,"column":17},"end":{"line":26,"column":19}}]},"1":{"loc":{"start":{"line":28,"column":4},"end":{"line":30,"column":5}},"type":"if","locations":[{"start":{"line":28,"column":4},"end":{"line":30,"column":5}}]},"2":{"loc":{"start":{"line":136,"column":4},"end":{"line":138,"column":5}},"type":"if","locations":[{"start":{"line":136,"column":4},"end":{"line":138,"column":5}}]},"3":{"loc":{"start":{"line":136,"column":8},"end":{"line":136,"column":64}},"type":"binary-expr","locations":[{"start":{"line":136,"column":8},"end":{"line":136,"column":33}},{"start":{"line":136,"column":37},"end":{"line":136,"column":64}}]},"4":{"loc":{"start":{"line":140,"column":4},"end":{"line":142,"column":5}},"type":"if","locations":[{"start":{"line":140,"column":4},"end":{"line":142,"column":5}}]},"5":{"loc":{"start":{"line":144,"column":4},"end":{"line":146,"column":5}},"type":"if","locations":[{"start":{"line":144,"column":4},"end":{"line":146,"column":5}}]},"6":{"loc":{"start":{"line":167,"column":6},"end":{"line":169,"column":7}},"type":"if","locations":[{"start":{"line":167,"column":6},"end":{"line":169,"column":7}}]},"7":{"loc":{"start":{"line":194,"column":4},"end":{"line":196,"column":5}},"type":"if","locations":[{"start":{"line":194,"column":4},"end":{"line":196,"column":5}}]},"8":{"loc":{"start":{"line":194,"column":8},"end":{"line":194,"column":51}},"type":"binary-expr","locations":[{"start":{"line":194,"column":8},"end":{"line":194,"column":18}},{"start":{"line":194,"column":22},"end":{"line":194,"column":51}}]},"9":{"loc":{"start":{"line":221,"column":4},"end":{"line":223,"column":5}},"type":"if","locations":[{"start":{"line":221,"column":4},"end":{"line":223,"column":5}}]},"10":{"loc":{"start":{"line":221,"column":8},"end":{"line":221,"column":51}},"type":"binary-expr","locations":[{"start":{"line":221,"column":8},"end":{"line":221,"column":18}},{"start":{"line":221,"column":22},"end":{"line":221,"column":51}}]},"11":{"loc":{"start":{"line":235,"column":4},"end":{"line":237,"column":5}},"type":"if","locations":[{"start":{"line":235,"column":4},"end":{"line":237,"column":5}}]},"12":{"loc":{"start":{"line":238,"column":4},"end":{"line":240,"column":5}},"type":"if","locations":[{"start":{"line":238,"column":4},"end":{"line":240,"column":5}}]},"13":{"loc":{"start":{"line":92,"column":6},"end":{"line":103,"column":7}},"type":"if","locations":[{"start":{"line":92,"column":6},"end":{"line":103,"column":7}},{"start":{"line":101,"column":13},"end":{"line":103,"column":7}}]},"14":{"loc":{"start":{"line":93,"column":8},"end":{"line":95,"column":9}},"type":"if","locations":[{"start":{"line":93,"column":8},"end":{"line":95,"column":9}}]},"15":{"loc":{"start":{"line":93,"column":12},"end":{"line":93,"column":68}},"type":"binary-expr","locations":[{"start":{"line":93,"column":12},"end":{"line":93,"column":26}},{"start":{"line":93,"column":30},"end":{"line":93,"column":47}},{"start":{"line":93,"column":51},"end":{"line":93,"column":68}}]},"16":{"loc":{"start":{"line":97,"column":8},"end":{"line":99,"column":9}},"type":"if","locations":[{"start":{"line":97,"column":8},"end":{"line":99,"column":9}}]},"17":{"loc":{"start":{"line":105,"column":4},"end":{"line":107,"column":5}},"type":"if","locations":[{"start":{"line":105,"column":4},"end":{"line":107,"column":5}}]}},"s":{"0":24,"1":24,"2":24,"3":3,"4":21,"5":119,"6":119,"7":399,"8":119,"9":1,"10":11,"11":11,"12":19,"13":1,"14":18,"15":18,"16":1,"17":17,"18":17,"19":1,"20":16,"21":16,"22":114,"23":114,"24":16,"25":11,"26":17,"27":17,"28":17,"29":17,"30":87,"31":87,"32":2,"33":85,"34":15,"35":11,"36":7,"37":7,"38":59,"39":11,"40":4,"41":3,"42":1,"43":8,"44":11,"45":5,"46":4,"47":5,"48":1,"49":1,"50":1,"51":1,"52":1,"53":5,"54":2,"55":3,"56":3,"57":3,"58":3,"59":3,"60":3,"61":3,"62":2,"63":2,"64":1,"65":0,"66":0,"67":1,"68":1,"69":37,"70":114,"71":114,"72":226,"73":213,"74":2,"75":211,"76":422,"77":211,"78":1,"79":210,"80":2373,"81":13,"82":13,"83":111,"84":2,"85":109,"86":17,"87":17,"88":452,"89":4,"90":1},"f":{"0":24,"1":119,"2":11,"3":19,"4":17,"5":7,"6":59,"7":4,"8":8,"9":5,"10":4,"11":1,"12":2,"13":0,"14":1,"15":37,"16":114,"17":422,"18":2373,"19":13,"20":17,"21":17,"22":452,"23":4},"b":{"0":[24],"1":[3],"2":[1],"3":[19,12],"4":[1],"5":[1],"6":[2],"7":[3],"8":[4,2],"9":[2],"10":[5,3],"11":[2],"12":[0],"13":[213,13],"14":[2],"15":[213,211,211],"16":[1],"17":[2]}}
,"/home/ing/IdeaProjects/gurban/packages/kit/src/utils/flow-utils.ts": {"path":"/home/ing/IdeaProjects/gurban/packages/kit/src/utils/flow-utils.ts","statementMap":{"0":{"start":{"line":4,"column":0},"end":{"line":4,"column":16}},"1":{"start":{"line":5,"column":2},"end":{"line":9,"column":3}},"2":{"start":{"line":6,"column":4},"end":{"line":6,"column":16}},"3":{"start":{"line":8,"column":4},"end":{"line":8,"column":21}},"4":{"start":{"line":12,"column":25},"end":{"line":18,"column":1}},"5":{"start":{"line":13,"column":2},"end":{"line":17,"column":3}},"6":{"start":{"line":14,"column":4},"end":{"line":14,"column":9}},"7":{"start":{"line":16,"column":4},"end":{"line":16,"column":24}},"8":{"start":{"line":12,"column":13},"end":{"line":12,"column":25}},"9":{"start":{"line":20,"column":24},"end":{"line":22,"column":1}},"10":{"start":{"line":21,"column":2},"end":{"line":21,"column":12}},"11":{"start":{"line":20,"column":13},"end":{"line":20,"column":24}},"12":{"start":{"line":24,"column":0},"end":{"line":24,"column":13}},"13":{"start":{"line":26,"column":23},"end":{"line":41,"column":1}},"14":{"start":{"line":30,"column":2},"end":{"line":39,"column":3}},"15":{"start":{"line":31,"column":4},"end":{"line":33,"column":5}},"16":{"start":{"line":32,"column":6},"end":{"line":32,"column":35}},"17":{"start":{"line":34,"column":14},"end":{"line":34,"column":23}},"18":{"start":{"line":35,"column":4},"end":{"line":37,"column":5}},"19":{"start":{"line":36,"column":6},"end":{"line":36,"column":29}},"20":{"start":{"line":38,"column":4},"end":{"line":38,"column":12}},"21":{"start":{"line":40,"column":2},"end":{"line":40,"column":11}},"22":{"start":{"line":26,"column":13},"end":{"line":26,"column":23}}},"fnMap":{"0":{"name":"catching","decl":{"start":{"line":4,"column":16},"end":{"line":4,"column":24}},"loc":{"start":{"line":4,"column":60},"end":{"line":10,"column":1}}},"1":{"name":"(anonymous_1)","decl":{"start":{"line":12,"column":25},"end":{"line":12,"column":26}},"loc":{"start":{"line":12,"column":53},"end":{"line":18,"column":1}}},"2":{"name":"(anonymous_2)","decl":{"start":{"line":20,"column":24},"end":{"line":20,"column":40}},"loc":{"start":{"line":20,"column":63},"end":{"line":22,"column":1}}},"3":{"name":"(anonymous_3)","decl":{"start":{"line":26,"column":23},"end":{"line":26,"column":null}},"loc":{"start":{"line":29,"column":7},"end":{"line":41,"column":1}}}},"branchMap":{"0":{"loc":{"start":{"line":28,"column":2},"end":{"line":28,"column":58}},"type":"default-arg","locations":[{"start":{"line":28,"column":45},"end":{"line":28,"column":58}}]},"1":{"loc":{"start":{"line":30,"column":2},"end":{"line":39,"column":3}},"type":"if","locations":[{"start":{"line":30,"column":2},"end":{"line":39,"column":3}}]},"2":{"loc":{"start":{"line":31,"column":4},"end":{"line":33,"column":5}},"type":"if","locations":[{"start":{"line":31,"column":4},"end":{"line":33,"column":5}}]},"3":{"loc":{"start":{"line":35,"column":4},"end":{"line":37,"column":5}},"type":"if","locations":[{"start":{"line":35,"column":4},"end":{"line":37,"column":5}}]}},"s":{"0":1,"1":0,"2":0,"3":0,"4":1,"5":0,"6":0,"7":0,"8":1,"9":1,"10":0,"11":1,"12":1,"13":1,"14":6,"15":0,"16":0,"17":0,"18":0,"19":0,"20":0,"21":6,"22":1},"f":{"0":0,"1":0,"2":0,"3":6},"b":{"0":[6],"1":[0],"2":[0],"3":[0]}}
,"/home/ing/IdeaProjects/gurban/packages/kit/src/utils/string-util.ts": {"path":"/home/ing/IdeaProjects/gurban/packages/kit/src/utils/string-util.ts","statementMap":{"0":{"start":{"line":1,"column":0},"end":{"line":1,"column":46}},"1":{"start":{"line":2,"column":0},"end":{"line":2,"column":39}},"2":{"start":{"line":4,"column":35},"end":{"line":14,"column":1}},"3":{"start":{"line":5,"column":22},"end":{"line":5,"column":24}},"4":{"start":{"line":6,"column":2},"end":{"line":12,"column":3}},"5":{"start":{"line":6,"column":15},"end":{"line":6,"column":16}},"6":{"start":{"line":7,"column":15},"end":{"line":7,"column":31}},"7":{"start":{"line":8,"column":4},"end":{"line":10,"column":5}},"8":{"start":{"line":9,"column":6},"end":{"line":9,"column":12}},"9":{"start":{"line":11,"column":4},"end":{"line":11,"column":15}},"10":{"start":{"line":13,"column":2},"end":{"line":13,"column":11}},"11":{"start":{"line":4,"column":13},"end":{"line":4,"column":35}},"12":{"start":{"line":16,"column":29},"end":{"line":21,"column":1}},"13":{"start":{"line":17,"column":2},"end":{"line":19,"column":3}},"14":{"start":{"line":18,"column":4},"end":{"line":18,"column":36}},"15":{"start":{"line":20,"column":2},"end":{"line":20,"column":32}},"16":{"start":{"line":16,"column":13},"end":{"line":16,"column":29}},"17":{"start":{"line":23,"column":27},"end":{"line":23,"column":74}},"18":{"start":{"line":23,"column":54},"end":{"line":23,"column":74}},"19":{"start":{"line":23,"column":13},"end":{"line":23,"column":27}},"20":{"start":{"line":28,"column":32},"end":{"line":75,"column":1}},"21":{"start":{"line":29,"column":28},"end":{"line":37,"column":4}},"22":{"start":{"line":32,"column":6},"end":{"line":32,"column":23}},"23":{"start":{"line":35,"column":6},"end":{"line":35,"column":49}},"24":{"start":{"line":39,"column":2},"end":{"line":56,"column":3}},"25":{"start":{"line":40,"column":4},"end":{"line":43,"column":5}},"26":{"start":{"line":41,"column":6},"end":{"line":41,"column":56}},"27":{"start":{"line":42,"column":6},"end":{"line":42,"column":15}},"28":{"start":{"line":45,"column":18},"end":{"line":45,"column":22}},"29":{"start":{"line":47,"column":4},"end":{"line":55,"column":5}},"30":{"start":{"line":47,"column":17},"end":{"line":47,"column":18}},"31":{"start":{"line":48,"column":17},"end":{"line":48,"column":33}},"32":{"start":{"line":49,"column":6},"end":{"line":52,"column":7}},"33":{"start":{"line":50,"column":8},"end":{"line":50,"column":35}},"34":{"start":{"line":51,"column":8},"end":{"line":51,"column":14}},"35":{"start":{"line":54,"column":6},"end":{"line":54,"column":74}},"36":{"start":{"line":54,"column":69},"end":{"line":54,"column":71}},"37":{"start":{"line":57,"column":2},"end":{"line":74,"column":4}},"38":{"start":{"line":60,"column":20},"end":{"line":60,"column":24}},"39":{"start":{"line":61,"column":42},"end":{"line":61,"column":51}},"40":{"start":{"line":62,"column":6},"end":{"line":72,"column":7}},"41":{"start":{"line":62,"column":19},"end":{"line":62,"column":22}},"42":{"start":{"line":63,"column":19},"end":{"line":63,"column":39}},"43":{"start":{"line":64,"column":21},"end":{"line":64,"column":61}},"44":{"start":{"line":65,"column":8},"end":{"line":67,"column":9}},"45":{"start":{"line":66,"column":10},"end":{"line":66,"column":27}},"46":{"start":{"line":68,"column":8},"end":{"line":68,"column":23}},"47":{"start":{"line":69,"column":8},"end":{"line":71,"column":9}},"48":{"start":{"line":70,"column":10},"end":{"line":70,"column":36}},"49":{"start":{"line":28,"column":13},"end":{"line":28,"column":32}}},"fnMap":{"0":{"name":"(anonymous_0)","decl":{"start":{"line":4,"column":35},"end":{"line":4,"column":36}},"loc":{"start":{"line":4,"column":59},"end":{"line":14,"column":1}}},"1":{"name":"(anonymous_1)","decl":{"start":{"line":16,"column":29},"end":{"line":16,"column":68}},"loc":{"start":{"line":16,"column":86},"end":{"line":21,"column":1}}},"2":{"name":"(anonymous_2)","decl":{"start":{"line":23,"column":27},"end":{"line":23,"column":28}},"loc":{"start":{"line":23,"column":54},"end":{"line":23,"column":74}}},"3":{"name":"(anonymous_3)","decl":{"start":{"line":28,"column":32},"end":{"line":28,"column":33}},"loc":{"start":{"line":28,"column":62},"end":{"line":75,"column":1}}},"4":{"name":"(anonymous_4)","decl":{"start":{"line":31,"column":4},"end":{"line":31,"column":8}},"loc":{"start":{"line":31,"column":13},"end":{"line":33,"column":5}}},"5":{"name":"(anonymous_5)","decl":{"start":{"line":34,"column":4},"end":{"line":34,"column":8}},"loc":{"start":{"line":34,"column":16},"end":{"line":36,"column":5}}},"6":{"name":"(anonymous_6)","decl":{"start":{"line":54,"column":62},"end":{"line":54,"column":65}},"loc":{"start":{"line":54,"column":69},"end":{"line":54,"column":71}}},"7":{"name":"(anonymous_7)","decl":{"start":{"line":59,"column":11},"end":{"line":59,"column":12}},"loc":{"start":{"line":59,"column":62},"end":{"line":73,"column":5}}}},"branchMap":{"0":{"loc":{"start":{"line":8,"column":4},"end":{"line":10,"column":5}},"type":"if","locations":[{"start":{"line":8,"column":4},"end":{"line":10,"column":5}}]},"1":{"loc":{"start":{"line":17,"column":2},"end":{"line":19,"column":3}},"type":"if","locations":[{"start":{"line":17,"column":2},"end":{"line":19,"column":3}}]},"2":{"loc":{"start":{"line":40,"column":4},"end":{"line":43,"column":5}},"type":"if","locations":[{"start":{"line":40,"column":4},"end":{"line":43,"column":5}}]},"3":{"loc":{"start":{"line":49,"column":6},"end":{"line":52,"column":7}},"type":"if","locations":[{"start":{"line":49,"column":6},"end":{"line":52,"column":7}}]},"4":{"loc":{"start":{"line":54,"column":17},"end":{"line":54,"column":45}},"type":"binary-expr","locations":[{"start":{"line":54,"column":17},"end":{"line":54,"column":28}},{"start":{"line":54,"column":17},"end":{"line":54,"column":44}}]},"5":{"loc":{"start":{"line":64,"column":21},"end":{"line":64,"column":61}},"type":"binary-expr","locations":[{"start":{"line":64,"column":21},"end":{"line":64,"column":37}},{"start":{"line":64,"column":41},"end":{"line":64,"column":61}}]},"6":{"loc":{"start":{"line":65,"column":8},"end":{"line":67,"column":9}},"type":"if","locations":[{"start":{"line":65,"column":8},"end":{"line":67,"column":9}}]},"7":{"loc":{"start":{"line":69,"column":8},"end":{"line":71,"column":9}},"type":"if","locations":[{"start":{"line":69,"column":8},"end":{"line":71,"column":9}}]}},"s":{"0":1,"1":1,"2":1,"3":0,"4":0,"5":0,"6":0,"7":0,"8":0,"9":0,"10":0,"11":1,"12":1,"13":0,"14":0,"15":0,"16":1,"17":1,"18":0,"19":1,"20":1,"21":2,"22":0,"23":0,"24":2,"25":6,"26":0,"27":0,"28":6,"29":6,"30":6,"31":16,"32":16,"33":6,"34":6,"35":10,"36":9,"37":2,"38":11,"39":11,"40":11,"41":11,"42":28,"43":28,"44":28,"45":11,"46":17,"47":17,"48":10,"49":1},"f":{"0":0,"1":0,"2":0,"3":2,"4":0,"5":0,"6":9,"7":11},"b":{"0":[0],"1":[0],"2":[0],"3":[6],"4":[10,4],"5":[28,28],"6":[11],"7":[10]}}
}
