TN:
SF:src/collections/ex-map.ts
FN:4,(anonymous_0)
FN:10,(anonymous_1)
FN:14,(anonymous_2)
FN:18,(anonymous_3)
FN:24,(anonymous_4)
FN:28,(anonymous_5)
FN:32,(anonymous_6)
FN:37,(anonymous_7)
FN:41,(anonymous_8)
FN:45,(anonymous_9)
FN:49,(anonymous_10)
FN:53,(anonymous_11)
FN:57,(anonymous_12)
FN:63,(anonymous_13)
FN:67,(anonymous_14)
FN:67,(anonymous_15)
FN:70,(anonymous_16)
FN:71,(anonymous_17)
FN:76,(anonymous_18)
FN:86,(anonymous_19)
FN:90,(anonymous_20)
FN:91,(anonymous_21)
FN:94,(anonymous_22)
FN:95,(anonymous_23)
FN:98,(anonymous_24)
FN:99,(anonymous_25)
FN:102,(anonymous_26)
FN:109,(anonymous_27)
FN:116,(anonymous_28)
FN:118,(anonymous_29)
FN:127,(anonymous_30)
FN:128,(anonymous_31)
FN:131,(anonymous_32)
FN:136,(anonymous_33)
FNF:34
FNH:4
FNDA:6,(anonymous_0)
FNDA:0,(anonymous_1)
FNDA:0,(anonymous_2)
FNDA:0,(anonymous_3)
FNDA:31,(anonymous_4)
FNDA:0,(anonymous_5)
FNDA:9,(anonymous_6)
FNDA:0,(anonymous_7)
FNDA:0,(anonymous_8)
FNDA:0,(anonymous_9)
FNDA:0,(anonymous_10)
FNDA:0,(anonymous_11)
FNDA:0,(anonymous_12)
FNDA:0,(anonymous_13)
FNDA:0,(anonymous_14)
FNDA:0,(anonymous_15)
FNDA:0,(anonymous_16)
FNDA:0,(anonymous_17)
FNDA:10,(anonymous_18)
FNDA:0,(anonymous_19)
FNDA:0,(anonymous_20)
FNDA:0,(anonymous_21)
FNDA:0,(anonymous_22)
FNDA:0,(anonymous_23)
FNDA:0,(anonymous_24)
FNDA:0,(anonymous_25)
FNDA:0,(anonymous_26)
FNDA:0,(anonymous_27)
FNDA:0,(anonymous_28)
FNDA:0,(anonymous_29)
FNDA:0,(anonymous_30)
FNDA:0,(anonymous_31)
FNDA:0,(anonymous_32)
FNDA:0,(anonymous_33)
DA:1,1
DA:5,6
DA:11,0
DA:15,0
DA:19,0
DA:20,0
DA:25,31
DA:29,0
DA:33,9
DA:34,9
DA:38,0
DA:42,0
DA:46,0
DA:50,0
DA:54,0
DA:58,0
DA:67,0
DA:71,0
DA:77,10
DA:78,10
DA:79,9
DA:80,1
DA:81,0
DA:83,10
DA:87,0
DA:91,0
DA:95,0
DA:99,0
DA:103,0
DA:104,0
DA:106,0
DA:110,0
DA:111,0
DA:113,0
DA:117,0
DA:118,0
DA:119,0
DA:120,0
DA:128,0
DA:135,0
DA:137,0
DA:143,0
DA:144,0
DA:147,0
DA:149,0
LF:45
LH:10
BRDA:67,0,0,0
BRDA:67,0,1,0
BRDA:78,1,0,9
BRDA:78,1,1,1
BRDA:80,2,0,0
BRDA:117,3,0,0
BRDA:117,3,1,0
BRF:7
BRH:2
end_of_record
TN:
SF:src/core/checks.ts
FN:3,(anonymous_0)
FN:5,(anonymous_1)
FN:7,(anonymous_2)
FN:9,(anonymous_3)
FN:11,(anonymous_4)
FN:13,(anonymous_5)
FN:15,(anonymous_6)
FN:17,(anonymous_7)
FN:19,(anonymous_8)
FN:21,(anonymous_9)
FN:23,(anonymous_10)
FN:26,(anonymous_11)
FN:31,(anonymous_12)
FN:36,(anonymous_13)
FN:37,(anonymous_14)
FN:50,(anonymous_15)
FN:54,(anonymous_16)
FN:66,(anonymous_17)
FN:67,(anonymous_18)
FN:77,(anonymous_19)
FN:78,(anonymous_20)
FN:91,(anonymous_21)
FN:94,(anonymous_22)
FN:95,(anonymous_23)
FN:103,(anonymous_24)
FN:104,(anonymous_25)
FN:113,checked
FNF:27
FNH:2
FNDA:2,(anonymous_0)
FNDA:8,(anonymous_1)
FNDA:0,(anonymous_2)
FNDA:0,(anonymous_3)
FNDA:0,(anonymous_4)
FNDA:0,(anonymous_5)
FNDA:0,(anonymous_6)
FNDA:0,(anonymous_7)
FNDA:0,(anonymous_8)
FNDA:0,(anonymous_9)
FNDA:0,(anonymous_10)
FNDA:0,(anonymous_11)
FNDA:0,(anonymous_12)
FNDA:0,(anonymous_13)
FNDA:0,(anonymous_14)
FNDA:0,(anonymous_15)
FNDA:0,(anonymous_16)
FNDA:0,(anonymous_17)
FNDA:0,(anonymous_18)
FNDA:0,(anonymous_19)
FNDA:0,(anonymous_20)
FNDA:0,(anonymous_21)
FNDA:0,(anonymous_22)
FNDA:0,(anonymous_23)
FNDA:0,(anonymous_24)
FNDA:0,(anonymous_25)
FNDA:0,checked
DA:3,2
DA:5,8
DA:7,1
DA:9,1
DA:11,1
DA:13,1
DA:15,1
DA:17,1
DA:19,1
DA:21,1
DA:23,1
DA:25,1
DA:26,0
DA:30,1
DA:31,0
DA:35,1
DA:36,1
DA:37,0
DA:38,0
DA:39,0
DA:41,0
DA:42,0
DA:43,0
DA:46,0
DA:49,1
DA:50,1
DA:54,0
DA:55,0
DA:56,0
DA:57,0
DA:60,0
DA:65,1
DA:66,1
DA:67,0
DA:68,0
DA:69,0
DA:70,0
DA:73,0
DA:76,1
DA:77,1
DA:78,0
DA:79,0
DA:80,0
DA:82,0
DA:83,0
DA:84,0
DA:88,0
DA:91,1
DA:93,1
DA:94,1
DA:95,0
DA:96,0
DA:97,0
DA:99,0
DA:102,1
DA:103,1
DA:104,0
DA:105,0
DA:106,0
DA:108,0
DA:113,1
DA:114,0
DA:115,0
DA:117,0
LF:64
LH:27
BRDA:23,0,0,0
BRDA:23,0,1,0
BRDA:26,1,0,0
BRDA:26,1,1,0
BRDA:38,2,0,0
BRDA:42,3,0,0
BRDA:56,4,0,0
BRDA:69,5,0,0
BRDA:79,6,0,0
BRDA:79,7,0,0
BRDA:79,7,1,0
BRDA:83,8,0,0
BRDA:96,9,0,0
BRDA:97,10,0,0
BRDA:97,10,1,0
BRDA:105,11,0,0
BRDA:106,12,0,0
BRDA:106,12,1,0
BRDA:114,13,0,0
BRF:19
BRH:0
end_of_record
TN:
SF:src/core/sorter.ts
FN:23,(anonymous_0)
FN:25,(anonymous_1)
FN:37,(anonymous_2)
FN:41,(anonymous_3)
FN:56,(anonymous_4)
FN:56,(anonymous_5)
FN:75,(anonymous_6)
FN:76,(anonymous_7)
FNF:8
FNH:8
FNDA:4,(anonymous_0)
FNDA:14,(anonymous_1)
FNDA:8,(anonymous_2)
FNDA:16,(anonymous_3)
FNDA:1,(anonymous_4)
FNDA:11,(anonymous_5)
FNDA:2,(anonymous_6)
FNDA:4,(anonymous_7)
DA:1,1
DA:22,1
DA:24,4
DA:25,4
DA:26,14
DA:27,16
DA:28,16
DA:29,14
DA:32,0
DA:41,8
DA:42,16
DA:43,16
DA:45,16
DA:46,0
DA:49,16
DA:50,3
DA:52,13
DA:53,1
DA:56,12
DA:58,12
DA:59,0
DA:60,0
DA:62,0
DA:65,12
DA:66,12
DA:67,0
DA:69,12
DA:72,0
DA:76,4
LF:29
LH:22
BRDA:28,0,0,14
BRDA:45,1,0,0
BRDA:45,2,0,16
BRDA:45,2,1,6
BRDA:49,3,0,3
BRDA:50,4,0,0
BRDA:50,4,1,3
BRDA:50,5,0,3
BRDA:50,5,1,0
BRDA:52,6,0,1
BRDA:53,7,0,0
BRDA:53,7,1,1
BRDA:56,8,0,1
BRDA:56,8,1,11
BRDA:58,9,0,0
BRDA:59,10,0,0
BRDA:65,11,0,12
BRDA:66,12,0,0
BRDA:76,13,0,1
BRDA:76,13,1,1
BRF:20
BRH:13
end_of_record
TN:
SF:src/numbers/number-converter.ts
FN:24,(anonymous_0)
FN:41,(anonymous_1)
FN:81,(anonymous_2)
FN:133,(anonymous_3)
FN:162,(anonymous_4)
FN:181,(anonymous_5)
FN:183,(anonymous_6)
FN:193,(anonymous_7)
FN:198,(anonymous_8)
FN:209,(anonymous_9)
FN:210,(anonymous_10)
FN:213,(anonymous_11)
FN:236,(anonymous_12)
FN:239,(anonymous_13)
FN:241,(anonymous_14)
FN:84,(anonymous_15)
FN:89,(anonymous_16)
FN:96,(anonymous_17)
FN:100,(anonymous_18)
FN:102,(anonymous_19)
FN:112,(anonymous_20)
FN:117,(anonymous_21)
FN:118,(anonymous_22)
FN:122,(anonymous_23)
FNF:24
FNH:23
FNDA:24,(anonymous_0)
FNDA:119,(anonymous_1)
FNDA:11,(anonymous_2)
FNDA:19,(anonymous_3)
FNDA:17,(anonymous_4)
FNDA:7,(anonymous_5)
FNDA:59,(anonymous_6)
FNDA:4,(anonymous_7)
FNDA:8,(anonymous_8)
FNDA:5,(anonymous_9)
FNDA:4,(anonymous_10)
FNDA:1,(anonymous_11)
FNDA:2,(anonymous_12)
FNDA:0,(anonymous_13)
FNDA:1,(anonymous_14)
FNDA:37,(anonymous_15)
FNDA:114,(anonymous_16)
FNDA:422,(anonymous_17)
FNDA:2373,(anonymous_18)
FNDA:13,(anonymous_19)
FNDA:17,(anonymous_20)
FNDA:17,(anonymous_21)
FNDA:452,(anonymous_22)
FNDA:4,(anonymous_23)
DA:16,1
DA:25,24
DA:28,24
DA:29,3
DA:31,21
DA:42,119
DA:43,119
DA:44,399
DA:46,119
DA:49,24
DA:74,1
DA:81,11
DA:85,37
DA:90,114
DA:91,114
DA:92,226
DA:93,213
DA:94,2
DA:96,422
DA:97,211
DA:98,1
DA:100,2373
DA:102,13
DA:105,111
DA:106,2
DA:108,109
DA:113,17
DA:118,452
DA:123,4
DA:133,11
DA:136,19
DA:137,1
DA:139,18
DA:140,18
DA:141,1
DA:143,17
DA:144,17
DA:145,1
DA:147,16
DA:148,16
DA:149,114
DA:150,114
DA:152,16
DA:162,11
DA:163,17
DA:164,17
DA:165,17
DA:166,87
DA:167,87
DA:168,2
DA:170,85
DA:172,15
DA:181,11
DA:182,7
DA:183,59
DA:193,11
DA:194,4
DA:195,3
DA:197,1
DA:198,8
DA:209,11
DA:210,5
DA:211,4
DA:213,5
DA:214,1
DA:215,1
DA:216,1
DA:218,1
DA:221,5
DA:222,2
DA:225,3
DA:227,3
DA:228,3
DA:230,3
DA:231,3
DA:233,3
DA:235,3
DA:236,2
DA:238,1
DA:239,0
DA:241,1
LF:81
LH:80
BRDA:26,0,0,24
BRDA:28,1,0,3
BRDA:136,2,0,1
BRDA:136,3,0,19
BRDA:136,3,1,12
BRDA:140,4,0,1
BRDA:144,5,0,1
BRDA:167,6,0,2
BRDA:194,7,0,3
BRDA:194,8,0,4
BRDA:194,8,1,2
BRDA:221,9,0,2
BRDA:221,10,0,5
BRDA:221,10,1,3
BRDA:235,11,0,2
BRDA:238,12,0,0
BRDA:92,13,0,213
BRDA:92,13,1,13
BRDA:93,14,0,2
BRDA:93,15,0,213
BRDA:93,15,1,211
BRDA:93,15,2,211
BRDA:97,16,0,1
BRDA:105,17,0,2
BRF:24
BRH:23
end_of_record
TN:
SF:src/utils/flow-utils.ts
FN:4,catching
FN:12,(anonymous_1)
FN:20,(anonymous_2)
FN:26,(anonymous_3)
FNF:4
FNH:1
FNDA:0,catching
FNDA:0,(anonymous_1)
FNDA:0,(anonymous_2)
FNDA:6,(anonymous_3)
DA:4,1
DA:5,0
DA:6,0
DA:8,0
DA:12,1
DA:13,0
DA:14,0
DA:16,0
DA:20,1
DA:21,0
DA:24,1
DA:26,1
DA:30,6
DA:31,0
DA:32,0
DA:34,0
DA:35,0
DA:36,0
DA:38,0
DA:40,6
LF:20
LH:7
BRDA:28,0,0,6
BRDA:30,1,0,0
BRDA:31,2,0,0
BRDA:35,3,0,0
BRF:4
BRH:1
end_of_record
TN:
SF:src/utils/string-util.ts
FN:4,(anonymous_0)
FN:16,(anonymous_1)
FN:23,(anonymous_2)
FN:28,(anonymous_3)
FN:31,(anonymous_4)
FN:34,(anonymous_5)
FN:54,(anonymous_6)
FN:59,(anonymous_7)
FNF:8
FNH:3
FNDA:0,(anonymous_0)
FNDA:0,(anonymous_1)
FNDA:0,(anonymous_2)
FNDA:2,(anonymous_3)
FNDA:0,(anonymous_4)
FNDA:0,(anonymous_5)
FNDA:9,(anonymous_6)
FNDA:11,(anonymous_7)
DA:1,1
DA:2,1
DA:4,1
DA:5,0
DA:6,0
DA:7,0
DA:8,0
DA:9,0
DA:11,0
DA:13,0
DA:16,1
DA:17,0
DA:18,0
DA:20,0
DA:23,1
DA:28,1
DA:29,2
DA:32,0
DA:35,0
DA:39,2
DA:40,6
DA:41,0
DA:42,0
DA:45,6
DA:47,6
DA:48,16
DA:49,16
DA:50,6
DA:51,6
DA:54,10
DA:57,2
DA:60,11
DA:61,11
DA:62,11
DA:63,28
DA:64,28
DA:65,28
DA:66,11
DA:68,17
DA:69,17
DA:70,10
LF:41
LH:27
BRDA:8,0,0,0
BRDA:17,1,0,0
BRDA:40,2,0,0
BRDA:49,3,0,6
BRDA:54,4,0,10
BRDA:54,4,1,4
BRDA:64,5,0,28
BRDA:64,5,1,28
BRDA:65,6,0,11
BRDA:69,7,0,10
BRF:10
BRH:7
end_of_record
