<?xml version="1.0" encoding="UTF-8"?>
<coverage generated="1752578324964" clover="3.2.0">
  <project timestamp="1752578324964" name="All files">
    <metrics statements="1364" coveredstatements="1289" conditionals="508" coveredconditionals="433" methods="544" coveredmethods="507" elements="2416" coveredelements="2229" complexity="0" loc="1364" ncloc="1364" packages="7" files="28" classes="28"/>
    <package name="collections">
      <metrics statements="169" coveredstatements="165" conditionals="65" coveredconditionals="60" methods="68" coveredmethods="68"/>
      <file name="ex-map.ts" path="/home/ing/IdeaProjects/altraprojects/packages/kit/src/collections/ex-map.ts">
        <metrics statements="55" coveredstatements="55" conditionals="8" coveredconditionals="8" methods="32" coveredmethods="32"/>
        <line num="6" count="10" type="stmt"/>
        <line num="14" count="3522" type="stmt"/>
        <line num="24" count="5" type="stmt"/>
        <line num="34" count="4" type="stmt"/>
        <line num="43" count="1" type="stmt"/>
        <line num="44" count="3" type="stmt"/>
        <line num="54" count="4764" type="stmt"/>
        <line num="63" count="4" type="stmt"/>
        <line num="74" count="5297" type="stmt"/>
        <line num="75" count="5297" type="stmt"/>
        <line num="80" count="1631" type="stmt"/>
        <line num="95" count="1523" type="stmt"/>
        <line num="96" count="1523" type="stmt"/>
        <line num="97" count="3242" type="stmt"/>
        <line num="98" count="3242" type="cond" truecount="2" falsecount="0"/>
        <line num="99" count="126" type="stmt"/>
        <line num="100" count="126" type="stmt"/>
        <line num="102" count="3116" type="stmt"/>
        <line num="105" count="1523" type="stmt"/>
        <line num="115" count="1619" type="stmt"/>
        <line num="116" count="1619" type="stmt"/>
        <line num="117" count="1622" type="stmt"/>
        <line num="119" count="1619" type="stmt"/>
        <line num="133" count="541" type="stmt"/>
        <line num="134" count="541" type="cond" truecount="2" falsecount="0"/>
        <line num="135" count="400" type="stmt"/>
        <line num="136" count="141" type="cond" truecount="2" falsecount="0"/>
        <line num="137" count="1" type="stmt"/>
        <line num="139" count="541" type="stmt"/>
        <line num="150" count="3244" type="stmt"/>
        <line num="159" count="1500" type="stmt"/>
        <line num="168" count="2" type="stmt"/>
        <line num="177" count="2" type="stmt"/>
        <line num="187" count="1" type="stmt"/>
        <line num="188" count="2" type="stmt"/>
        <line num="190" count="1" type="stmt"/>
        <line num="200" count="3" type="stmt"/>
        <line num="201" count="6" type="stmt"/>
        <line num="203" count="3" type="stmt"/>
        <line num="212" count="2" type="cond" truecount="2" falsecount="0"/>
        <line num="213" count="2" type="stmt"/>
        <line num="214" count="2" type="stmt"/>
        <line num="215" count="2" type="stmt"/>
        <line num="227" count="5" type="stmt"/>
        <line num="238" count="1" type="stmt"/>
        <line num="240" count="3" type="stmt"/>
        <line num="246" count="1" type="stmt"/>
        <line num="247" count="3" type="stmt"/>
        <line num="250" count="1" type="stmt"/>
        <line num="251" count="1" type="stmt"/>
        <line num="258" count="10" type="stmt"/>
        <line num="263" count="41" type="stmt"/>
        <line num="268" count="1" type="stmt"/>
        <line num="273" count="1498" type="stmt"/>
        <line num="278" count="7" type="stmt"/>
      </file>
      <file name="ex-set.ts" path="/home/ing/IdeaProjects/altraprojects/packages/kit/src/collections/ex-set.ts">
        <metrics statements="50" coveredstatements="50" conditionals="16" coveredconditionals="16" methods="25" coveredmethods="25"/>
        <line num="12" count="8" type="stmt"/>
        <line num="20" count="70" type="stmt"/>
        <line num="32" count="546" type="stmt"/>
        <line num="33" count="546" type="stmt"/>
        <line num="41" count="5" type="stmt"/>
        <line num="51" count="14" type="stmt"/>
        <line num="60" count="1" type="stmt"/>
        <line num="61" count="3" type="stmt"/>
        <line num="71" count="639" type="stmt"/>
        <line num="76" count="32" type="stmt"/>
        <line num="87" count="3" type="stmt"/>
        <line num="88" count="7" type="cond" truecount="2" falsecount="0"/>
        <line num="89" count="1" type="stmt"/>
        <line num="92" count="2" type="stmt"/>
        <line num="102" count="57" type="stmt"/>
        <line num="103" count="530" type="stmt"/>
        <line num="105" count="57" type="stmt"/>
        <line num="115" count="2" type="stmt"/>
        <line num="116" count="8" type="stmt"/>
        <line num="118" count="2" type="stmt"/>
        <line num="127" count="3" type="stmt"/>
        <line num="136" count="1" type="stmt"/>
        <line num="145" count="5" type="stmt"/>
        <line num="146" count="5" type="cond" truecount="4" falsecount="0"/>
        <line num="147" count="16" type="cond" truecount="2" falsecount="0"/>
        <line num="148" count="8" type="stmt"/>
        <line num="151" count="5" type="stmt"/>
        <line num="160" count="4" type="stmt"/>
        <line num="161" count="4" type="cond" truecount="4" falsecount="0"/>
        <line num="162" count="10" type="cond" truecount="2" falsecount="0"/>
        <line num="163" count="4" type="stmt"/>
        <line num="165" count="6" type="stmt"/>
        <line num="168" count="4" type="stmt"/>
        <line num="177" count="1" type="stmt"/>
        <line num="182" count="1" type="stmt"/>
        <line num="190" count="1" type="stmt"/>
        <line num="192" count="3" type="stmt"/>
        <line num="198" count="1" type="stmt"/>
        <line num="199" count="3" type="stmt"/>
        <line num="202" count="1" type="stmt"/>
        <line num="204" count="1" type="stmt"/>
        <line num="214" count="2" type="cond" truecount="2" falsecount="0"/>
        <line num="215" count="2" type="stmt"/>
        <line num="216" count="2" type="stmt"/>
        <line num="217" count="2" type="stmt"/>
        <line num="225" count="53" type="stmt"/>
        <line num="230" count="7" type="stmt"/>
        <line num="235" count="1" type="stmt"/>
        <line num="240" count="1" type="stmt"/>
        <line num="245" count="1" type="stmt"/>
      </file>
      <file name="segments.ts" path="/home/ing/IdeaProjects/altraprojects/packages/kit/src/collections/segments.ts">
        <metrics statements="64" coveredstatements="60" conditionals="41" coveredconditionals="36" methods="11" coveredmethods="11"/>
        <line num="1" count="1" type="stmt"/>
        <line num="8" count="14" type="stmt"/>
        <line num="10" count="14" type="stmt"/>
        <line num="13" count="37" type="cond" truecount="2" falsecount="0"/>
        <line num="14" count="23" type="stmt"/>
        <line num="16" count="14" type="stmt"/>
        <line num="21" count="1" type="stmt"/>
        <line num="30" count="1" type="stmt"/>
        <line num="37" count="26" type="cond" truecount="2" falsecount="0"/>
        <line num="38" count="5" type="cond" truecount="1" falsecount="1"/>
        <line num="40" count="21" type="stmt"/>
        <line num="43" count="26" type="cond" truecount="2" falsecount="0"/>
        <line num="44" count="13" type="stmt"/>
        <line num="45" count="34" type="stmt"/>
        <line num="57" count="2" type="stmt"/>
        <line num="62" count="1" type="stmt"/>
        <line num="67" count="14" type="stmt"/>
        <line num="72" count="2" type="stmt"/>
        <line num="73" count="2" type="stmt"/>
        <line num="74" count="2" type="cond" truecount="1" falsecount="1"/>
        <line num="75" count="0" type="stmt"/>
        <line num="77" count="2" type="stmt"/>
        <line num="82" count="6" type="stmt"/>
        <line num="93" count="49" type="cond" truecount="2" falsecount="0"/>
        <line num="94" count="4" type="stmt"/>
        <line num="97" count="45" type="stmt"/>
        <line num="98" count="45" type="cond" truecount="2" falsecount="0"/>
        <line num="99" count="17" type="stmt"/>
        <line num="100" count="17" type="stmt"/>
        <line num="103" count="28" type="stmt"/>
        <line num="104" count="28" type="cond" truecount="2" falsecount="0"/>
        <line num="105" count="21" type="stmt"/>
        <line num="106" count="21" type="stmt"/>
        <line num="109" count="7" type="stmt"/>
        <line num="110" count="7" type="cond" truecount="1" falsecount="1"/>
        <line num="111" count="0" type="stmt"/>
        <line num="113" count="7" type="stmt"/>
        <line num="114" count="7" type="cond" truecount="2" falsecount="0"/>
        <line num="115" count="6" type="cond" truecount="2" falsecount="0"/>
        <line num="116" count="2" type="stmt"/>
        <line num="118" count="4" type="stmt"/>
        <line num="121" count="1" type="cond" truecount="1" falsecount="1"/>
        <line num="122" count="0" type="stmt"/>
        <line num="124" count="1" type="stmt"/>
        <line num="128" count="7" type="stmt"/>
        <line num="138" count="6" type="stmt"/>
        <line num="139" count="6" type="cond" truecount="5" falsecount="0"/>
        <line num="140" count="1" type="stmt"/>
        <line num="143" count="5" type="stmt"/>
        <line num="144" count="5" type="stmt"/>
        <line num="145" count="5" type="cond" truecount="2" falsecount="0"/>
        <line num="146" count="2" type="cond" truecount="1" falsecount="1"/>
        <line num="147" count="0" type="stmt"/>
        <line num="149" count="2" type="stmt"/>
        <line num="154" count="5" type="cond" truecount="2" falsecount="0"/>
        <line num="155" count="1" type="stmt"/>
        <line num="157" count="4" type="stmt"/>
        <line num="158" count="4" type="stmt"/>
        <line num="159" count="4" type="cond" truecount="2" falsecount="0"/>
        <line num="161" count="5" type="cond" truecount="2" falsecount="0"/>
        <line num="162" count="5" type="stmt"/>
        <line num="171" count="11" type="stmt"/>
        <line num="172" count="11" type="stmt"/>
        <line num="173" count="11" type="cond" truecount="2" falsecount="0"/>
      </file>
    </package>
    <package name="core">
      <metrics statements="300" coveredstatements="271" conditionals="128" coveredconditionals="102" methods="102" coveredmethods="90"/>
      <file name="checks.ts" path="/home/ing/IdeaProjects/altraprojects/packages/kit/src/core/checks.ts">
        <metrics statements="62" coveredstatements="61" conditionals="28" coveredconditionals="25" methods="26" coveredmethods="23"/>
        <line num="3" count="65" type="stmt"/>
        <line num="5" count="8" type="stmt"/>
        <line num="7" count="8" type="stmt"/>
        <line num="9" count="447" type="stmt"/>
        <line num="11" count="8" type="stmt"/>
        <line num="13" count="8" type="stmt"/>
        <line num="15" count="8" type="stmt"/>
        <line num="17" count="18" type="stmt"/>
        <line num="19" count="21" type="stmt"/>
        <line num="21" count="8" type="cond" truecount="2" falsecount="0"/>
        <line num="23" count="8" type="stmt"/>
        <line num="24" count="5" type="cond" truecount="2" falsecount="0"/>
        <line num="26" count="225" type="stmt"/>
        <line num="28" count="8" type="stmt"/>
        <line num="29" count="8" type="stmt"/>
        <line num="30" count="2" type="stmt"/>
        <line num="31" count="6" type="cond" truecount="1" falsecount="1"/>
        <line num="32" count="0" type="stmt"/>
        <line num="34" count="6" type="stmt"/>
        <line num="35" count="8" type="cond" truecount="2" falsecount="0"/>
        <line num="36" count="2" type="stmt"/>
        <line num="39" count="4" type="stmt"/>
        <line num="42" count="8" type="stmt"/>
        <line num="43" count="8" type="stmt"/>
        <line num="47" count="2" type="stmt"/>
        <line num="48" count="6" type="stmt"/>
        <line num="49" count="7" type="cond" truecount="2" falsecount="0"/>
        <line num="50" count="4" type="stmt"/>
        <line num="53" count="2" type="stmt"/>
        <line num="58" count="8" type="stmt"/>
        <line num="59" count="8" type="stmt"/>
        <line num="60" count="1" type="stmt"/>
        <line num="61" count="3" type="stmt"/>
        <line num="62" count="5" type="cond" truecount="2" falsecount="0"/>
        <line num="63" count="2" type="stmt"/>
        <line num="66" count="1" type="stmt"/>
        <line num="69" count="8" type="stmt"/>
        <line num="70" count="8" type="stmt"/>
        <line num="71" count="2" type="stmt"/>
        <line num="72" count="6" type="cond" truecount="4" falsecount="0"/>
        <line num="73" count="1" type="stmt"/>
        <line num="75" count="5" type="stmt"/>
        <line num="76" count="10" type="cond" truecount="2" falsecount="0"/>
        <line num="77" count="2" type="stmt"/>
        <line num="81" count="3" type="stmt"/>
        <line num="84" count="8" type="stmt"/>
        <line num="86" count="8" type="stmt"/>
        <line num="87" count="8" type="stmt"/>
        <line num="88" count="1" type="stmt"/>
        <line num="89" count="2" type="cond" truecount="2" falsecount="0"/>
        <line num="90" count="1" type="cond" truecount="1" falsecount="1"/>
        <line num="92" count="1" type="stmt"/>
        <line num="95" count="8" type="stmt"/>
        <line num="96" count="8" type="stmt"/>
        <line num="97" count="1" type="stmt"/>
        <line num="98" count="2" type="cond" truecount="2" falsecount="0"/>
        <line num="99" count="1" type="cond" truecount="1" falsecount="1"/>
        <line num="101" count="1" type="stmt"/>
        <line num="106" count="8" type="stmt"/>
        <line num="107" count="4" type="cond" truecount="2" falsecount="0"/>
        <line num="108" count="2" type="stmt"/>
        <line num="110" count="2" type="stmt"/>
      </file>
      <file name="disposers.ts" path="/home/ing/IdeaProjects/altraprojects/packages/kit/src/core/disposers.ts">
        <metrics statements="17" coveredstatements="17" conditionals="4" coveredconditionals="4" methods="3" coveredmethods="3"/>
        <line num="1" count="1" type="stmt"/>
        <line num="43" count="1" type="stmt"/>
        <line num="47" count="8" type="stmt"/>
        <line num="48" count="8" type="stmt"/>
        <line num="49" count="15" type="cond" truecount="2" falsecount="0"/>
        <line num="50" count="11" type="stmt"/>
        <line num="52" count="4" type="stmt"/>
        <line num="53" count="3" type="stmt"/>
        <line num="56" count="7" type="stmt"/>
        <line num="58" count="7" type="stmt"/>
        <line num="59" count="7" type="stmt"/>
        <line num="60" count="7" type="stmt"/>
        <line num="61" count="14" type="stmt"/>
        <line num="62" count="14" type="stmt"/>
        <line num="64" count="5" type="stmt"/>
        <line num="67" count="7" type="cond" truecount="2" falsecount="0"/>
        <line num="68" count="3" type="stmt"/>
      </file>
      <file name="errors.ts" path="/home/ing/IdeaProjects/altraprojects/packages/kit/src/core/errors.ts">
        <metrics statements="3" coveredstatements="3" conditionals="0" coveredconditionals="0" methods="1" coveredmethods="1"/>
        <line num="1" count="1" type="stmt"/>
        <line num="2" count="3" type="stmt"/>
        <line num="3" count="3" type="stmt"/>
      </file>
      <file name="geometry.ts" path="/home/ing/IdeaProjects/altraprojects/packages/kit/src/core/geometry.ts">
        <metrics statements="52" coveredstatements="52" conditionals="8" coveredconditionals="8" methods="28" coveredmethods="28"/>
        <line num="6" count="2" type="stmt"/>
        <line num="11" count="1" type="stmt"/>
        <line num="16" count="6" type="stmt"/>
        <line num="21" count="1" type="stmt"/>
        <line num="29" count="3" type="stmt"/>
        <line num="34" count="1" type="stmt"/>
        <line num="42" count="2" type="stmt"/>
        <line num="47" count="1" type="stmt"/>
        <line num="48" count="5" type="stmt"/>
        <line num="49" count="5" type="stmt"/>
        <line num="50" count="5" type="stmt"/>
        <line num="51" count="5" type="stmt"/>
        <line num="52" count="5" type="stmt"/>
        <line num="60" count="1" type="stmt"/>
        <line num="65" count="1" type="stmt"/>
        <line num="70" count="1" type="stmt"/>
        <line num="71" count="1" type="stmt"/>
        <line num="76" count="1" type="stmt"/>
        <line num="77" count="2" type="cond" truecount="4" falsecount="0"/>
        <line num="82" count="1" type="stmt"/>
        <line num="91" count="2" type="cond" truecount="4" falsecount="0"/>
        <line num="98" count="1" type="stmt"/>
        <line num="103" count="1" type="stmt"/>
        <line num="109" count="1" type="stmt"/>
        <line num="117" count="1" type="stmt"/>
        <line num="118" count="2" type="stmt"/>
        <line num="125" count="1" type="stmt"/>
        <line num="126" count="9" type="stmt"/>
        <line num="131" count="1" type="stmt"/>
        <line num="132" count="1" type="stmt"/>
        <line num="137" count="1" type="stmt"/>
        <line num="144" count="1" type="stmt"/>
        <line num="150" count="1" type="stmt"/>
        <line num="160" count="2" type="stmt"/>
        <line num="161" count="2" type="stmt"/>
        <line num="162" count="2" type="stmt"/>
        <line num="163" count="2" type="stmt"/>
        <line num="164" count="2" type="stmt"/>
        <line num="172" count="3" type="stmt"/>
        <line num="177" count="1" type="stmt"/>
        <line num="178" count="1" type="stmt"/>
        <line num="183" count="1" type="stmt"/>
        <line num="192" count="1" type="stmt"/>
        <line num="198" count="4" type="stmt"/>
        <line num="204" count="1" type="stmt"/>
        <line num="207" count="4" type="stmt"/>
        <line num="208" count="4" type="stmt"/>
        <line num="209" count="1" type="stmt"/>
        <line num="210" count="1" type="stmt"/>
        <line num="211" count="1" type="stmt"/>
        <line num="212" count="1" type="stmt"/>
        <line num="213" count="1" type="stmt"/>
      </file>
      <file name="keyset-paginator.ts" path="/home/ing/IdeaProjects/altraprojects/packages/kit/src/core/keyset-paginator.ts">
        <metrics statements="106" coveredstatements="86" conditionals="39" coveredconditionals="26" methods="31" coveredmethods="22"/>
        <line num="1" count="1" type="stmt"/>
        <line num="9" count="1" type="stmt"/>
        <line num="10" count="1" type="stmt"/>
        <line num="11" count="1" type="stmt"/>
        <line num="13" count="4" type="stmt"/>
        <line num="14" count="4" type="stmt"/>
        <line num="17" count="0" type="stmt"/>
        <line num="21" count="4" type="stmt"/>
        <line num="24" count="3" type="stmt"/>
        <line num="27" count="1" type="stmt"/>
        <line num="29" count="4" type="cond" truecount="1" falsecount="1"/>
        <line num="32" count="1" type="stmt"/>
        <line num="34" count="4" type="cond" truecount="2" falsecount="0"/>
        <line num="39" count="3" type="stmt"/>
        <line num="41" count="1" type="stmt"/>
        <line num="43" count="4" type="stmt"/>
        <line num="46" count="1" type="stmt"/>
        <line num="48" count="0" type="stmt"/>
        <line num="51" count="1" type="stmt"/>
        <line num="53" count="3" type="stmt"/>
        <line num="56" count="1" type="stmt"/>
        <line num="58" count="3" type="cond" truecount="0" falsecount="2"/>
        <line num="59" count="3" type="cond" truecount="1" falsecount="1"/>
        <line num="60" count="3" type="stmt"/>
        <line num="63" count="0" type="stmt"/>
        <line num="64" count="0" type="cond" truecount="0" falsecount="2"/>
        <line num="65" count="0" type="stmt"/>
        <line num="67" count="0" type="stmt"/>
        <line num="68" count="0" type="cond" truecount="0" falsecount="2"/>
        <line num="69" count="0" type="stmt"/>
        <line num="72" count="0" type="stmt"/>
        <line num="73" count="0" type="cond" truecount="0" falsecount="4"/>
        <line num="74" count="0" type="stmt"/>
        <line num="76" count="0" type="stmt"/>
        <line num="77" count="0" type="stmt"/>
        <line num="81" count="1" type="stmt"/>
        <line num="83" count="4" type="cond" truecount="2" falsecount="0"/>
        <line num="87" count="1" type="stmt"/>
        <line num="88" count="3" type="stmt"/>
        <line num="90" count="3" type="stmt"/>
        <line num="92" count="3" type="stmt"/>
        <line num="93" count="3" type="cond" truecount="1" falsecount="0"/>
        <line num="95" count="3" type="stmt"/>
        <line num="96" count="3" type="stmt"/>
        <line num="100" count="3" type="stmt"/>
        <line num="105" count="1" type="stmt"/>
        <line num="108" count="3" type="stmt"/>
        <line num="110" count="3" type="stmt"/>
        <line num="111" count="3" type="stmt"/>
        <line num="112" count="11" type="stmt"/>
        <line num="113" count="11" type="cond" truecount="1" falsecount="1"/>
        <line num="114" count="0" type="stmt"/>
        <line num="116" count="11" type="stmt"/>
        <line num="117" count="11" type="cond" truecount="4" falsecount="0"/>
        <line num="118" count="2" type="stmt"/>
        <line num="122" count="3" type="cond" truecount="2" falsecount="0"/>
        <line num="123" count="1" type="stmt"/>
        <line num="124" count="1" type="stmt"/>
        <line num="125" count="1" type="stmt"/>
        <line num="127" count="1" type="stmt"/>
        <line num="129" count="2" type="stmt"/>
        <line num="136" count="1" type="stmt"/>
        <line num="138" count="1" type="stmt"/>
        <line num="139" count="4" type="stmt"/>
        <line num="141" count="4" type="stmt"/>
        <line num="142" count="4" type="stmt"/>
        <line num="143" count="6" type="stmt"/>
        <line num="144" count="6" type="cond" truecount="2" falsecount="0"/>
        <line num="145" count="4" type="stmt"/>
        <line num="146" count="4" type="stmt"/>
        <line num="148" count="2" type="stmt"/>
        <line num="149" count="2" type="stmt"/>
        <line num="151" count="0" type="stmt"/>
        <line num="154" count="1" type="stmt"/>
        <line num="155" count="4" type="stmt"/>
        <line num="158" count="1" type="stmt"/>
        <line num="162" count="1" type="stmt"/>
        <line num="163" count="4" type="stmt"/>
        <line num="164" count="4" type="stmt"/>
        <line num="166" count="4" type="stmt"/>
        <line num="167" count="4" type="stmt"/>
        <line num="169" count="4" type="stmt"/>
        <line num="170" count="4" type="stmt"/>
        <line num="171" count="4" type="cond" truecount="2" falsecount="0"/>
        <line num="172" count="6" type="stmt"/>
        <line num="173" count="6" type="cond" truecount="2" falsecount="0"/>
        <line num="174" count="4" type="stmt"/>
        <line num="175" count="4" type="cond" truecount="2" falsecount="0"/>
        <line num="176" count="4" type="cond" truecount="2" falsecount="0"/>
        <line num="178" count="2" type="stmt"/>
        <line num="179" count="2" type="stmt"/>
        <line num="180" count="2" type="stmt"/>
        <line num="181" count="2" type="stmt"/>
        <line num="183" count="0" type="stmt"/>
        <line num="186" count="4" type="stmt"/>
        <line num="187" count="1" type="stmt"/>
        <line num="188" count="1" type="stmt"/>
        <line num="189" count="1" type="stmt"/>
        <line num="190" count="4" type="cond" truecount="2" falsecount="0"/>
        <line num="191" count="4" type="stmt"/>
        <line num="194" count="1" type="stmt"/>
        <line num="198" count="1" type="stmt"/>
        <line num="200" count="0" type="stmt"/>
        <line num="201" count="0" type="stmt"/>
        <line num="205" count="0" type="stmt"/>
        <line num="206" count="0" type="stmt"/>
      </file>
      <file name="once.ts" path="/home/ing/IdeaProjects/altraprojects/packages/kit/src/core/once.ts">
        <metrics statements="11" coveredstatements="10" conditionals="6" coveredconditionals="5" methods="3" coveredmethods="3"/>
        <line num="1" count="7" type="stmt"/>
        <line num="2" count="63" type="stmt"/>
        <line num="8" count="63" type="stmt"/>
        <line num="18" count="7" type="stmt"/>
        <line num="24" count="28" type="cond" truecount="2" falsecount="0"/>
        <line num="25" count="18" type="stmt"/>
        <line num="28" count="10" type="stmt"/>
        <line num="29" count="10" type="cond" truecount="3" falsecount="1"/>
        <line num="30" count="0" type="stmt"/>
        <line num="33" count="10" type="stmt"/>
        <line num="35" count="46" type="stmt"/>
      </file>
      <file name="seconds-offset.ts" path="/home/ing/IdeaProjects/altraprojects/packages/kit/src/core/seconds-offset.ts">
        <metrics statements="19" coveredstatements="19" conditionals="15" coveredconditionals="15" methods="2" coveredmethods="2"/>
        <line num="17" count="1" type="stmt"/>
        <line num="21" count="9" type="stmt"/>
        <line num="22" count="9" type="stmt"/>
        <line num="23" count="9" type="stmt"/>
        <line num="24" count="9" type="stmt"/>
        <line num="25" count="9" type="stmt"/>
        <line num="26" count="9" type="stmt"/>
        <line num="27" count="9" type="stmt"/>
        <line num="28" count="9" type="cond" truecount="4" falsecount="0"/>
        <line num="29" count="3" type="stmt"/>
        <line num="31" count="9" type="cond" truecount="4" falsecount="0"/>
        <line num="32" count="3" type="stmt"/>
        <line num="34" count="9" type="stmt"/>
        <line num="51" count="1" type="stmt"/>
        <line num="52" count="5" type="stmt"/>
        <line num="53" count="5" type="cond" truecount="2" falsecount="0"/>
        <line num="54" count="1" type="stmt"/>
        <line num="56" count="4" type="stmt"/>
        <line num="57" count="4" type="stmt"/>
      </file>
      <file name="sorter.ts" path="/home/ing/IdeaProjects/altraprojects/packages/kit/src/core/sorter.ts">
        <metrics statements="30" coveredstatements="23" conditionals="28" coveredconditionals="19" methods="8" coveredmethods="8"/>
        <line num="1" count="1" type="stmt"/>
        <line num="32" count="1" type="stmt"/>
        <line num="33" count="4" type="stmt"/>
        <line num="39" count="8" type="stmt"/>
        <line num="40" count="16" type="stmt"/>
        <line num="41" count="16" type="stmt"/>
        <line num="43" count="16" type="cond" truecount="3" falsecount="1"/>
        <line num="44" count="0" type="stmt"/>
        <line num="47" count="16" type="cond" truecount="2" falsecount="0"/>
        <line num="48" count="3" type="cond" truecount="2" falsecount="2"/>
        <line num="50" count="13" type="cond" truecount="2" falsecount="0"/>
        <line num="51" count="1" type="cond" truecount="1" falsecount="1"/>
        <line num="54" count="12" type="cond" truecount="2" falsecount="0"/>
        <line num="56" count="12" type="cond" truecount="1" falsecount="1"/>
        <line num="57" count="0" type="cond" truecount="0" falsecount="2"/>
        <line num="58" count="0" type="stmt"/>
        <line num="60" count="0" type="stmt"/>
        <line num="63" count="12" type="cond" truecount="1" falsecount="1"/>
        <line num="64" count="12" type="cond" truecount="1" falsecount="1"/>
        <line num="65" count="0" type="stmt"/>
        <line num="67" count="12" type="stmt"/>
        <line num="70" count="0" type="stmt"/>
        <line num="74" count="4" type="cond" truecount="2" falsecount="0"/>
        <line num="77" count="4" type="stmt"/>
        <line num="78" count="4" type="stmt"/>
        <line num="79" count="14" type="stmt"/>
        <line num="80" count="16" type="stmt"/>
        <line num="81" count="16" type="cond" truecount="2" falsecount="0"/>
        <line num="82" count="14" type="stmt"/>
        <line num="85" count="0" type="stmt"/>
      </file>
    </package>
    <package name="numbers">
      <metrics statements="179" coveredstatements="179" conditionals="76" coveredconditionals="76" methods="58" coveredmethods="58"/>
      <file name="aggregation.ts" path="/home/ing/IdeaProjects/altraprojects/packages/kit/src/numbers/aggregation.ts">
        <metrics statements="72" coveredstatements="72" conditionals="38" coveredconditionals="38" methods="29" coveredmethods="29"/>
        <line num="3" count="8" type="stmt"/>
        <line num="4" count="4" type="stmt"/>
        <line num="5" count="4" type="cond" truecount="2" falsecount="0"/>
        <line num="6" count="1" type="stmt"/>
        <line num="8" count="3" type="stmt"/>
        <line num="9" count="19" type="stmt"/>
        <line num="10" count="3" type="stmt"/>
        <line num="13" count="8" type="stmt"/>
        <line num="14" count="4" type="cond" truecount="2" falsecount="0"/>
        <line num="15" count="1" type="stmt"/>
        <line num="17" count="22" type="stmt"/>
        <line num="18" count="3" type="stmt"/>
        <line num="19" count="3" type="stmt"/>
        <line num="20" count="3" type="stmt"/>
        <line num="21" count="3" type="cond" truecount="2" falsecount="0"/>
        <line num="24" count="7" type="stmt"/>
        <line num="27" count="10" type="cond" truecount="2" falsecount="0"/>
        <line num="28" count="1" type="stmt"/>
        <line num="30" count="9" type="stmt"/>
        <line num="31" count="9" type="stmt"/>
        <line num="32" count="9" type="stmt"/>
        <line num="33" count="35" type="stmt"/>
        <line num="35" count="9" type="stmt"/>
        <line num="39" count="7" type="stmt"/>
        <line num="42" count="6" type="cond" truecount="2" falsecount="0"/>
        <line num="43" count="4" type="stmt"/>
        <line num="45" count="2" type="stmt"/>
        <line num="46" count="10" type="stmt"/>
        <line num="50" count="3" type="stmt"/>
        <line num="53" count="7" type="stmt"/>
        <line num="60" count="4" type="cond" truecount="2" falsecount="0"/>
        <line num="61" count="1" type="stmt"/>
        <line num="64" count="7" type="stmt"/>
        <line num="65" count="3" type="stmt"/>
        <line num="66" count="3" type="stmt"/>
        <line num="69" count="3" type="cond" truecount="2" falsecount="0"/>
        <line num="70" count="2" type="stmt"/>
        <line num="73" count="1" type="stmt"/>
        <line num="78" count="3" type="cond" truecount="2" falsecount="0"/>
        <line num="79" count="1" type="stmt"/>
        <line num="81" count="2" type="stmt"/>
        <line num="82" count="2" type="stmt"/>
        <line num="83" count="6" type="stmt"/>
        <line num="85" count="2" type="stmt"/>
        <line num="90" count="1502" type="cond" truecount="2" falsecount="0"/>
        <line num="91" count="260" type="stmt"/>
        <line num="93" count="1242" type="stmt"/>
        <line num="94" count="1242" type="stmt"/>
        <line num="95" count="3397" type="stmt"/>
        <line num="97" count="1242" type="stmt"/>
        <line num="101" count="2" type="cond" truecount="2" falsecount="0"/>
        <line num="104" count="2" type="cond" truecount="2" falsecount="0"/>
        <line num="109" count="3" type="stmt"/>
        <line num="113" count="2" type="cond" truecount="2" falsecount="0"/>
        <line num="114" count="1" type="stmt"/>
        <line num="116" count="3" type="stmt"/>
        <line num="121" count="5" type="cond" truecount="4" falsecount="0"/>
        <line num="122" count="2" type="stmt"/>
        <line num="124" count="3" type="stmt"/>
        <line num="129" count="3" type="cond" truecount="2" falsecount="0"/>
        <line num="130" count="1" type="stmt"/>
        <line num="132" count="2" type="stmt"/>
        <line num="133" count="10" type="cond" truecount="2" falsecount="0"/>
        <line num="134" count="2" type="stmt"/>
        <line num="135" count="2" type="stmt"/>
        <line num="136" count="6" type="cond" truecount="2" falsecount="0"/>
        <line num="137" count="3" type="stmt"/>
        <line num="140" count="2" type="stmt"/>
        <line num="147" count="2" type="cond" truecount="2" falsecount="0"/>
        <line num="150" count="2" type="cond" truecount="2" falsecount="0"/>
        <line num="153" count="2" type="stmt"/>
        <line num="156" count="2" type="stmt"/>
      </file>
      <file name="number-base.ts" path="/home/ing/IdeaProjects/altraprojects/packages/kit/src/numbers/number-base.ts">
        <metrics statements="14" coveredstatements="14" conditionals="2" coveredconditionals="2" methods="2" coveredmethods="2"/>
        <line num="1" count="6" type="stmt"/>
        <line num="9" count="6" type="stmt"/>
        <line num="12" count="6" type="stmt"/>
        <line num="13" count="6" type="stmt"/>
        <line num="14" count="60" type="stmt"/>
        <line num="16" count="6" type="stmt"/>
        <line num="58" count="6" type="stmt"/>
        <line num="80" count="7" type="stmt"/>
        <line num="81" count="7" type="stmt"/>
        <line num="82" count="7" type="stmt"/>
        <line num="83" count="37" type="stmt"/>
        <line num="84" count="37" type="cond" truecount="2" falsecount="0"/>
        <line num="85" count="7" type="stmt"/>
        <line num="87" count="30" type="stmt"/>
      </file>
      <file name="number-converter.ts" path="/home/ing/IdeaProjects/altraprojects/packages/kit/src/numbers/number-converter.ts">
        <metrics statements="81" coveredstatements="81" conditionals="36" coveredconditionals="36" methods="24" coveredmethods="24"/>
        <line num="16" count="7" type="stmt"/>
        <line num="25" count="41" type="stmt"/>
        <line num="28" count="41" type="cond" truecount="2" falsecount="0"/>
        <line num="29" count="3" type="stmt"/>
        <line num="31" count="38" type="stmt"/>
        <line num="42" count="207" type="stmt"/>
        <line num="43" count="207" type="stmt"/>
        <line num="44" count="722" type="stmt"/>
        <line num="46" count="207" type="stmt"/>
        <line num="49" count="41" type="stmt"/>
        <line num="74" count="7" type="stmt"/>
        <line num="81" count="72" type="stmt"/>
        <line num="85" count="80" type="stmt"/>
        <line num="90" count="181" type="stmt"/>
        <line num="91" count="181" type="stmt"/>
        <line num="92" count="334" type="cond" truecount="2" falsecount="0"/>
        <line num="93" count="319" type="cond" truecount="5" falsecount="0"/>
        <line num="94" count="2" type="stmt"/>
        <line num="96" count="634" type="stmt"/>
        <line num="97" count="317" type="cond" truecount="2" falsecount="0"/>
        <line num="98" count="1" type="stmt"/>
        <line num="100" count="4652" type="stmt"/>
        <line num="102" count="79" type="stmt"/>
        <line num="105" count="178" type="cond" truecount="2" falsecount="0"/>
        <line num="106" count="2" type="stmt"/>
        <line num="108" count="176" type="stmt"/>
        <line num="113" count="34" type="stmt"/>
        <line num="118" count="794" type="stmt"/>
        <line num="123" count="5" type="stmt"/>
        <line num="133" count="72" type="stmt"/>
        <line num="136" count="25" type="cond" truecount="4" falsecount="0"/>
        <line num="137" count="1" type="stmt"/>
        <line num="139" count="24" type="stmt"/>
        <line num="140" count="24" type="cond" truecount="2" falsecount="0"/>
        <line num="141" count="1" type="stmt"/>
        <line num="143" count="23" type="stmt"/>
        <line num="144" count="23" type="cond" truecount="2" falsecount="0"/>
        <line num="145" count="2" type="stmt"/>
        <line num="147" count="21" type="stmt"/>
        <line num="148" count="21" type="stmt"/>
        <line num="149" count="141" type="stmt"/>
        <line num="150" count="141" type="stmt"/>
        <line num="152" count="21" type="stmt"/>
        <line num="162" count="72" type="stmt"/>
        <line num="163" count="27" type="stmt"/>
        <line num="164" count="27" type="stmt"/>
        <line num="165" count="27" type="stmt"/>
        <line num="166" count="122" type="stmt"/>
        <line num="167" count="122" type="cond" truecount="2" falsecount="0"/>
        <line num="168" count="3" type="stmt"/>
        <line num="170" count="119" type="stmt"/>
        <line num="172" count="24" type="stmt"/>
        <line num="181" count="72" type="stmt"/>
        <line num="182" count="9" type="stmt"/>
        <line num="183" count="67" type="stmt"/>
        <line num="193" count="72" type="stmt"/>
        <line num="194" count="4" type="cond" truecount="4" falsecount="0"/>
        <line num="195" count="3" type="stmt"/>
        <line num="197" count="1" type="stmt"/>
        <line num="198" count="8" type="stmt"/>
        <line num="209" count="72" type="stmt"/>
        <line num="210" count="6" type="stmt"/>
        <line num="211" count="5" type="stmt"/>
        <line num="213" count="6" type="stmt"/>
        <line num="214" count="2" type="stmt"/>
        <line num="215" count="2" type="stmt"/>
        <line num="216" count="2" type="stmt"/>
        <line num="218" count="2" type="stmt"/>
        <line num="221" count="6" type="cond" truecount="4" falsecount="0"/>
        <line num="222" count="2" type="stmt"/>
        <line num="225" count="4" type="stmt"/>
        <line num="227" count="4" type="stmt"/>
        <line num="228" count="4" type="stmt"/>
        <line num="230" count="4" type="stmt"/>
        <line num="231" count="4" type="stmt"/>
        <line num="233" count="4" type="stmt"/>
        <line num="235" count="4" type="cond" truecount="2" falsecount="0"/>
        <line num="236" count="2" type="stmt"/>
        <line num="238" count="2" type="cond" truecount="2" falsecount="0"/>
        <line num="239" count="1" type="stmt"/>
        <line num="241" count="1" type="stmt"/>
      </file>
      <file name="roman.ts" path="/home/ing/IdeaProjects/altraprojects/packages/kit/src/numbers/roman.ts">
        <metrics statements="12" coveredstatements="12" conditionals="0" coveredconditionals="0" methods="3" coveredmethods="3"/>
        <line num="1" count="1" type="stmt"/>
        <line num="3" count="1" type="stmt"/>
        <line num="19" count="13" type="stmt"/>
        <line num="21" count="243" type="stmt"/>
        <line num="44" count="1" type="stmt"/>
        <line num="45" count="243" type="stmt"/>
        <line num="46" count="243" type="stmt"/>
        <line num="47" count="1714" type="stmt"/>
        <line num="48" count="1714" type="stmt"/>
        <line num="49" count="1714" type="stmt"/>
        <line num="50" count="1714" type="stmt"/>
        <line num="53" count="243" type="stmt"/>
      </file>
    </package>
    <package name="synthax">
      <metrics statements="233" coveredstatements="222" conditionals="94" coveredconditionals="82" methods="98" coveredmethods="91"/>
      <file name="define.ts" path="/home/ing/IdeaProjects/altraprojects/packages/kit/src/synthax/define.ts">
        <metrics statements="156" coveredstatements="148" conditionals="53" coveredconditionals="45" methods="80" coveredmethods="73"/>
        <line num="1" count="6" type="stmt"/>
        <line num="3" count="6" type="stmt"/>
        <line num="4" count="6" type="stmt"/>
        <line num="5" count="6" type="stmt"/>
        <line num="6" count="6" type="stmt"/>
        <line num="7" count="6" type="stmt"/>
        <line num="18" count="6" type="stmt"/>
        <line num="20" count="6" type="cond" truecount="0" falsecount="2"/>
        <line num="26" count="5081" type="stmt"/>
        <line num="27" count="5081" type="stmt"/>
        <line num="31" count="0" type="stmt"/>
        <line num="32" count="0" type="stmt"/>
        <line num="33" count="0" type="stmt"/>
        <line num="34" count="0" type="stmt"/>
        <line num="36" count="0" type="stmt"/>
        <line num="45" count="6" type="stmt"/>
        <line num="49" count="898" type="stmt"/>
        <line num="50" count="1251" type="stmt"/>
        <line num="52" count="898" type="stmt"/>
        <line num="54" count="1819" type="stmt"/>
        <line num="56" count="13757" type="stmt"/>
        <line num="57" count="5425" type="stmt"/>
        <line num="58" count="5425" type="stmt"/>
        <line num="61" count="0" type="stmt"/>
        <line num="65" count="898" type="stmt"/>
        <line num="68" count="6" type="stmt"/>
        <line num="71" count="199" type="stmt"/>
        <line num="73" count="5751" type="stmt"/>
        <line num="74" count="5751" type="cond" truecount="2" falsecount="0"/>
        <line num="75" count="2031" type="stmt"/>
        <line num="77" count="3720" type="stmt"/>
        <line num="79" count="1551" type="stmt"/>
        <line num="83" count="6" type="stmt"/>
        <line num="84" count="2139" type="stmt"/>
        <line num="86" count="6" type="stmt"/>
        <line num="87" count="3223" type="cond" truecount="2" falsecount="0"/>
        <line num="89" count="6" type="stmt"/>
        <line num="90" count="183" type="cond" truecount="2" falsecount="0"/>
        <line num="93" count="13" type="stmt"/>
        <line num="98" count="6" type="stmt"/>
        <line num="101" count="13710" type="cond" truecount="2" falsecount="0"/>
        <line num="102" count="13619" type="stmt"/>
        <line num="104" count="91" type="cond" truecount="1" falsecount="1"/>
        <line num="105" count="91" type="cond" truecount="1" falsecount="1"/>
        <line num="124" count="6" type="stmt"/>
        <line num="130" count="47" type="stmt"/>
        <line num="131" count="47" type="stmt"/>
        <line num="132" count="40" type="cond" truecount="4" falsecount="0"/>
        <line num="133" count="1" type="stmt"/>
        <line num="135" count="39" type="stmt"/>
        <line num="139" count="20" type="stmt"/>
        <line num="140" count="20" type="stmt"/>
        <line num="141" count="20" type="stmt"/>
        <line num="145" count="180" type="stmt"/>
        <line num="149" count="6" type="stmt"/>
        <line num="150" count="211" type="cond" truecount="2" falsecount="0"/>
        <line num="151" count="11" type="stmt"/>
        <line num="153" count="2169" type="stmt"/>
        <line num="154" count="200" type="cond" truecount="2" falsecount="0"/>
        <line num="155" count="127" type="stmt"/>
        <line num="158" count="73" type="stmt"/>
        <line num="159" count="73" type="cond" truecount="2" falsecount="0"/>
        <line num="169" count="28" type="stmt"/>
        <line num="170" count="28" type="stmt"/>
        <line num="172" count="708" type="stmt"/>
        <line num="173" count="708" type="cond" truecount="2" falsecount="0"/>
        <line num="174" count="69" type="stmt"/>
        <line num="179" count="639" type="stmt"/>
        <line num="181" count="50" type="stmt"/>
        <line num="186" count="18" type="stmt"/>
        <line num="187" count="178" type="cond" truecount="2" falsecount="0"/>
        <line num="191" count="4" type="stmt"/>
        <line num="193" count="54" type="stmt"/>
        <line num="195" count="54" type="stmt"/>
        <line num="196" count="54" type="stmt"/>
        <line num="198" count="50" type="cond" truecount="1" falsecount="1"/>
        <line num="199" count="50" type="stmt"/>
        <line num="201" count="50" type="stmt"/>
        <line num="203" count="0" type="stmt"/>
        <line num="205" count="4" type="stmt"/>
        <line num="207" count="49" type="stmt"/>
        <line num="212" count="1" type="stmt"/>
        <line num="214" count="27" type="cond" truecount="2" falsecount="0"/>
        <line num="215" count="4" type="stmt"/>
        <line num="217" count="23" type="stmt"/>
        <line num="219" count="4" type="stmt"/>
        <line num="224" count="3" type="stmt"/>
        <line num="226" count="23" type="stmt"/>
        <line num="228" count="23" type="cond" truecount="1" falsecount="1"/>
        <line num="229" count="22" type="stmt"/>
        <line num="231" count="0" type="stmt"/>
        <line num="233" count="22" type="stmt"/>
        <line num="242" count="118" type="stmt"/>
        <line num="244" count="2965" type="stmt"/>
        <line num="245" count="2965" type="stmt"/>
        <line num="246" count="4823" type="stmt"/>
        <line num="247" count="2435" type="stmt"/>
        <line num="248" count="2435" type="stmt"/>
        <line num="251" count="577" type="stmt"/>
        <line num="252" count="1516" type="stmt"/>
        <line num="256" count="1291" type="stmt"/>
        <line num="267" count="51" type="stmt"/>
        <line num="269" count="1516" type="stmt"/>
        <line num="270" count="1516" type="stmt"/>
        <line num="271" count="4224" type="stmt"/>
        <line num="272" count="4224" type="stmt"/>
        <line num="274" count="3563" type="cond" truecount="2" falsecount="0"/>
        <line num="275" count="3562" type="stmt"/>
        <line num="276" count="3562" type="stmt"/>
        <line num="278" count="1" type="stmt"/>
        <line num="281" count="2689" type="cond" truecount="1" falsecount="1"/>
        <line num="283" count="661" type="stmt"/>
        <line num="292" count="63" type="stmt"/>
        <line num="294" count="1619" type="stmt"/>
        <line num="296" count="1619" type="stmt"/>
        <line num="298" count="1619" type="cond" truecount="2" falsecount="0"/>
        <line num="299" count="3495" type="stmt"/>
        <line num="300" count="3495" type="stmt"/>
        <line num="301" count="1880" type="stmt"/>
        <line num="302" count="1880" type="stmt"/>
        <line num="304" count="1615" type="cond" truecount="2" falsecount="0"/>
        <line num="305" count="1613" type="cond" truecount="4" falsecount="1"/>
        <line num="306" count="695" type="stmt"/>
        <line num="308" count="918" type="stmt"/>
        <line num="310" count="2" type="stmt"/>
        <line num="315" count="922" type="stmt"/>
        <line num="316" count="1874" type="stmt"/>
        <line num="320" count="511" type="stmt"/>
        <line num="325" count="50" type="stmt"/>
        <line num="327" count="1091" type="stmt"/>
        <line num="329" count="1091" type="stmt"/>
        <line num="330" count="1091" type="stmt"/>
        <line num="331" count="383" type="stmt"/>
        <line num="333" count="708" type="cond" truecount="2" falsecount="0"/>
        <line num="334" count="707" type="stmt"/>
        <line num="336" count="1" type="stmt"/>
        <line num="340" count="314" type="stmt"/>
        <line num="345" count="11" type="stmt"/>
        <line num="347" count="3" type="stmt"/>
        <line num="355" count="6" type="stmt"/>
        <line num="359" count="1328" type="stmt"/>
        <line num="366" count="370" type="stmt"/>
        <line num="368" count="298" type="stmt"/>
        <line num="369" count="117" type="stmt"/>
        <line num="372" count="137" type="stmt"/>
        <line num="374" count="821" type="stmt"/>
        <line num="377" count="6" type="stmt"/>
        <line num="378" count="279" type="stmt"/>
        <line num="379" count="128" type="stmt"/>
        <line num="382" count="6" type="stmt"/>
        <line num="384" count="6" type="stmt"/>
        <line num="385" count="6" type="stmt"/>
        <line num="386" count="2" type="stmt"/>
        <line num="387" count="58" type="stmt"/>
        <line num="390" count="6" type="stmt"/>
        <line num="395" count="34" type="stmt"/>
      </file>
      <file name="operands-tree-builder.ts" path="/home/ing/IdeaProjects/altraprojects/packages/kit/src/synthax/operands-tree-builder.ts">
        <metrics statements="77" coveredstatements="74" conditionals="41" coveredconditionals="37" methods="18" coveredmethods="18"/>
        <line num="1" count="3" type="stmt"/>
        <line num="3" count="3" type="stmt"/>
        <line num="4" count="3" type="stmt"/>
        <line num="5" count="3" type="stmt"/>
        <line num="6" count="3" type="stmt"/>
        <line num="39" count="3" type="stmt"/>
        <line num="46" count="35" type="stmt"/>
        <line num="51" count="35" type="stmt"/>
        <line num="54" count="35" type="stmt"/>
        <line num="55" count="35" type="stmt"/>
        <line num="56" count="35" type="stmt"/>
        <line num="58" count="3" type="stmt"/>
        <line num="60" count="26" type="stmt"/>
        <line num="61" count="1670" type="stmt"/>
        <line num="62" count="1619" type="stmt"/>
        <line num="64" count="1496" type="stmt"/>
        <line num="65" count="1619" type="cond" truecount="2" falsecount="0"/>
        <line num="67" count="1496" type="stmt"/>
        <line num="68" count="1619" type="stmt"/>
        <line num="69" count="1618" type="cond" truecount="2" falsecount="0"/>
        <line num="70" count="1" type="stmt"/>
        <line num="75" count="1495" type="stmt"/>
        <line num="82" count="169" type="cond" truecount="2" falsecount="0"/>
        <line num="83" count="5" type="stmt"/>
        <line num="84" count="5" type="stmt"/>
        <line num="86" count="164" type="stmt"/>
        <line num="90" count="45" type="cond" truecount="2" falsecount="0"/>
        <line num="92" count="7" type="stmt"/>
        <line num="93" count="7" type="stmt"/>
        <line num="94" count="7" type="stmt"/>
        <line num="97" count="38" type="stmt"/>
        <line num="98" count="38" type="stmt"/>
        <line num="99" count="37" type="stmt"/>
        <line num="106" count="49" type="cond" truecount="1" falsecount="1"/>
        <line num="107" count="49" type="cond" truecount="1" falsecount="1"/>
        <line num="108" count="0" type="stmt"/>
        <line num="110" count="49" type="stmt"/>
        <line num="114" count="60" type="stmt"/>
        <line num="115" count="33" type="stmt"/>
        <line num="116" count="33" type="cond" truecount="4" falsecount="0"/>
        <line num="117" count="33" type="cond" truecount="2" falsecount="0"/>
        <line num="118" count="19" type="stmt"/>
        <line num="120" count="14" type="stmt"/>
        <line num="125" count="51" type="cond" truecount="2" falsecount="0"/>
        <line num="126" count="2" type="stmt"/>
        <line num="129" count="49" type="stmt"/>
        <line num="130" count="49" type="stmt"/>
        <line num="132" count="49" type="cond" truecount="4" falsecount="0"/>
        <line num="134" count="4" type="stmt"/>
        <line num="135" count="4" type="stmt"/>
        <line num="138" count="45" type="stmt"/>
        <line num="139" count="45" type="stmt"/>
        <line num="144" count="85" type="cond" truecount="2" falsecount="0"/>
        <line num="145" count="2" type="stmt"/>
        <line num="148" count="83" type="cond" truecount="2" falsecount="0"/>
        <line num="149" count="12" type="stmt"/>
        <line num="150" count="11" type="cond" truecount="1" falsecount="1"/>
        <line num="151" count="0" type="stmt"/>
        <line num="154" count="11" type="stmt"/>
        <line num="156" count="11" type="stmt"/>
        <line num="157" count="11" type="stmt"/>
        <line num="158" count="11" type="stmt"/>
        <line num="162" count="71" type="stmt"/>
        <line num="163" count="71" type="stmt"/>
        <line num="166" count="35" type="stmt"/>
        <line num="169" count="33" type="cond" truecount="2" falsecount="0"/>
        <line num="170" count="1" type="stmt"/>
        <line num="173" count="32" type="stmt"/>
        <line num="174" count="31" type="stmt"/>
        <line num="177" count="31" type="stmt"/>
        <line num="181" count="31" type="cond" truecount="2" falsecount="0"/>
        <line num="182" count="2" type="stmt"/>
        <line num="184" count="29" type="cond" truecount="1" falsecount="1"/>
        <line num="185" count="0" type="stmt"/>
        <line num="188" count="29" type="stmt"/>
        <line num="192" count="3" type="stmt"/>
        <line num="193" count="112" type="cond" truecount="5" falsecount="0"/>
      </file>
    </package>
    <package name="synthax.examples">
      <metrics statements="297" coveredstatements="266" conditionals="76" coveredconditionals="45" methods="166" coveredmethods="148"/>
      <file name="ast-parser.ts" path="/home/ing/IdeaProjects/altraprojects/packages/kit/src/synthax/examples/ast-parser.ts">
        <metrics statements="155" coveredstatements="125" conditionals="70" coveredconditionals="42" methods="64" coveredmethods="48"/>
        <line num="1" count="2" type="stmt"/>
        <line num="2" count="2" type="stmt"/>
        <line num="3" count="2" type="stmt"/>
        <line num="4" count="2" type="stmt"/>
        <line num="5" count="2" type="stmt"/>
        <line num="6" count="2" type="stmt"/>
        <line num="9" count="2" type="stmt"/>
        <line num="10" count="2" type="stmt"/>
        <line num="41" count="2" type="cond" truecount="1" falsecount="0"/>
        <line num="42" count="112" type="stmt"/>
        <line num="44" count="3" type="stmt"/>
        <line num="45" count="38" type="stmt"/>
        <line num="47" count="38" type="cond" truecount="2" falsecount="0"/>
        <line num="49" count="14" type="stmt"/>
        <line num="54" count="3" type="stmt"/>
        <line num="55" count="30" type="stmt"/>
        <line num="57" count="30" type="cond" truecount="1" falsecount="1"/>
        <line num="61" count="0" type="stmt"/>
        <line num="64" count="3" type="stmt"/>
        <line num="65" count="70" type="cond" truecount="4" falsecount="2"/>
        <line num="67" count="14" type="cond" truecount="2" falsecount="0"/>
        <line num="70" count="16" type="stmt"/>
        <line num="73" count="27" type="cond" truecount="2" falsecount="0"/>
        <line num="76" count="13" type="cond" truecount="2" falsecount="0"/>
        <line num="79" count="0" type="cond" truecount="0" falsecount="2"/>
        <line num="82" count="0" type="stmt"/>
        <line num="87" count="3" type="stmt"/>
        <line num="89" count="38" type="stmt"/>
        <line num="91" count="76" type="stmt"/>
        <line num="97" count="3" type="stmt"/>
        <line num="98" count="108" type="cond" truecount="2" falsecount="0"/>
        <line num="101" count="3" type="stmt"/>
        <line num="107" count="2" type="stmt"/>
        <line num="111" count="17" type="stmt"/>
        <line num="112" count="17" type="stmt"/>
        <line num="113" count="89" type="cond" truecount="2" falsecount="0"/>
        <line num="114" count="32" type="stmt"/>
        <line num="116" count="57" type="stmt"/>
        <line num="119" count="17" type="stmt"/>
        <line num="120" count="17" type="stmt"/>
        <line num="123" count="2" type="stmt"/>
        <line num="124" count="0" type="stmt"/>
        <line num="125" count="0" type="cond" truecount="0" falsecount="2"/>
        <line num="126" count="0" type="stmt"/>
        <line num="127" count="0" type="cond" truecount="0" falsecount="4"/>
        <line num="128" count="0" type="stmt"/>
        <line num="129" count="0" type="cond" truecount="0" falsecount="2"/>
        <line num="132" count="0" type="stmt"/>
        <line num="135" count="0" type="stmt"/>
        <line num="138" count="0" type="stmt"/>
        <line num="317" count="2" type="stmt"/>
        <line num="318" count="1" type="stmt"/>
        <line num="319" count="1" type="stmt"/>
        <line num="322" count="1" type="stmt"/>
        <line num="370" count="36" type="stmt"/>
        <line num="372" count="1" type="stmt"/>
        <line num="373" count="1" type="stmt"/>
        <line num="374" count="2" type="stmt"/>
        <line num="375" count="3" type="stmt"/>
        <line num="377" count="1" type="stmt"/>
        <line num="378" count="1" type="stmt"/>
        <line num="379" count="0" type="cond" truecount="0" falsecount="2"/>
        <line num="380" count="0" type="stmt"/>
        <line num="382" count="0" type="cond" truecount="0" falsecount="4"/>
        <line num="386" count="1" type="stmt"/>
        <line num="388" count="1" type="stmt"/>
        <line num="390" count="1" type="stmt"/>
        <line num="391" count="2" type="stmt"/>
        <line num="392" count="1" type="stmt"/>
        <line num="393" count="2" type="stmt"/>
        <line num="395" count="1" type="stmt"/>
        <line num="396" count="1" type="stmt"/>
        <line num="399" count="1" type="stmt"/>
        <line num="400" count="1" type="stmt"/>
        <line num="401" count="1" type="stmt"/>
        <line num="406" count="36" type="stmt"/>
        <line num="407" count="1" type="stmt"/>
        <line num="414" count="1" type="stmt"/>
        <line num="415" count="1" type="stmt"/>
        <line num="417" count="1" type="stmt"/>
        <line num="418" count="1" type="stmt"/>
        <line num="421" count="1" type="stmt"/>
        <line num="423" count="3" type="stmt"/>
        <line num="424" count="0" type="stmt"/>
        <line num="431" count="1" type="stmt"/>
        <line num="434" count="1" type="stmt"/>
        <line num="436" count="3" type="stmt"/>
        <line num="438" count="1" type="stmt"/>
        <line num="442" count="1" type="stmt"/>
        <line num="449" count="1" type="stmt"/>
        <line num="457" count="3" type="stmt"/>
        <line num="463" count="0" type="stmt"/>
        <line num="474" count="1" type="stmt"/>
        <line num="483" count="2" type="stmt"/>
        <line num="484" count="0" type="stmt"/>
        <line num="486" count="2" type="stmt"/>
        <line num="487" count="39" type="cond" truecount="2" falsecount="0"/>
        <line num="488" count="19" type="stmt"/>
        <line num="491" count="20" type="cond" truecount="2" falsecount="0"/>
        <line num="492" count="16" type="cond" truecount="1" falsecount="1"/>
        <line num="493" count="0" type="stmt"/>
        <line num="495" count="16" type="cond" truecount="2" falsecount="0"/>
        <line num="496" count="3" type="stmt"/>
        <line num="500" count="17" type="cond" truecount="3" falsecount="1"/>
        <line num="502" count="7" type="stmt"/>
        <line num="503" count="14" type="stmt"/>
        <line num="505" count="7" type="stmt"/>
        <line num="508" count="6" type="stmt"/>
        <line num="509" count="12" type="stmt"/>
        <line num="510" count="16" type="stmt"/>
        <line num="511" count="12" type="stmt"/>
        <line num="514" count="6" type="stmt"/>
        <line num="515" count="12" type="stmt"/>
        <line num="516" count="6" type="stmt"/>
        <line num="517" count="7" type="stmt"/>
        <line num="518" count="11" type="stmt"/>
        <line num="523" count="6" type="stmt"/>
        <line num="526" count="4" type="cond" truecount="1" falsecount="1"/>
        <line num="527" count="0" type="stmt"/>
        <line num="530" count="4" type="cond" truecount="2" falsecount="0"/>
        <line num="531" count="1" type="stmt"/>
        <line num="534" count="3" type="cond" truecount="1" falsecount="3"/>
        <line num="537" count="0" type="stmt"/>
        <line num="542" count="0" type="stmt"/>
        <line num="543" count="0" type="stmt"/>
        <line num="544" count="0" type="stmt"/>
        <line num="553" count="0" type="stmt"/>
        <line num="558" count="0" type="stmt"/>
        <line num="559" count="0" type="stmt"/>
        <line num="560" count="0" type="stmt"/>
        <line num="568" count="3" type="stmt"/>
        <line num="569" count="3" type="stmt"/>
        <line num="570" count="3" type="stmt"/>
        <line num="572" count="3" type="stmt"/>
        <line num="575" count="0" type="stmt"/>
        <line num="580" count="0" type="stmt"/>
        <line num="589" count="7" type="stmt"/>
        <line num="591" count="7" type="stmt"/>
        <line num="592" count="7" type="stmt"/>
        <line num="595" count="15" type="stmt"/>
        <line num="596" count="15" type="stmt"/>
        <line num="597" count="26" type="stmt"/>
        <line num="598" count="26" type="stmt"/>
        <line num="599" count="26" type="cond" truecount="2" falsecount="0"/>
        <line num="600" count="5" type="stmt"/>
        <line num="602" count="21" type="stmt"/>
        <line num="603" count="21" type="stmt"/>
        <line num="604" count="21" type="stmt"/>
        <line num="607" count="15" type="cond" truecount="2" falsecount="0"/>
        <line num="608" count="14" type="stmt"/>
        <line num="609" count="14" type="stmt"/>
        <line num="614" count="2" type="stmt"/>
        <line num="615" count="7" type="stmt"/>
        <line num="616" count="15" type="stmt"/>
        <line num="618" count="7" type="stmt"/>
      </file>
      <file name="graphql-parser.ts" path="/home/ing/IdeaProjects/altraprojects/packages/kit/src/synthax/examples/graphql-parser.ts">
        <metrics statements="75" coveredstatements="75" conditionals="4" coveredconditionals="2" methods="45" coveredmethods="45"/>
        <line num="1" count="1" type="stmt"/>
        <line num="2" count="1" type="stmt"/>
        <line num="5" count="1" type="stmt"/>
        <line num="11" count="1" type="stmt"/>
        <line num="12" count="1" type="stmt"/>
        <line num="14" count="2" type="stmt"/>
        <line num="15" count="1" type="stmt"/>
        <line num="16" count="2" type="stmt"/>
        <line num="18" count="1" type="stmt"/>
        <line num="20" count="1" type="stmt"/>
        <line num="22" count="1" type="stmt"/>
        <line num="29" count="7" type="stmt"/>
        <line num="30" count="7" type="stmt"/>
        <line num="32" count="1" type="stmt"/>
        <line num="37" count="3" type="stmt"/>
        <line num="39" count="1" type="stmt"/>
        <line num="43" count="175" type="stmt"/>
        <line num="44" count="134" type="stmt"/>
        <line num="49" count="175" type="stmt"/>
        <line num="52" count="1" type="stmt"/>
        <line num="53" count="1" type="stmt"/>
        <line num="55" count="1" type="stmt"/>
        <line num="57" count="1" type="stmt"/>
        <line num="60" count="50" type="stmt"/>
        <line num="62" count="1" type="stmt"/>
        <line num="65" count="8" type="stmt"/>
        <line num="67" count="1" type="stmt"/>
        <line num="73" count="4" type="stmt"/>
        <line num="75" count="1" type="stmt"/>
        <line num="81" count="1" type="stmt"/>
        <line num="87" count="3" type="cond" truecount="1" falsecount="1"/>
        <line num="95" count="4" type="stmt"/>
        <line num="97" count="1" type="stmt"/>
        <line num="103" count="1" type="stmt"/>
        <line num="111" count="1" type="stmt"/>
        <line num="116" count="13" type="stmt"/>
        <line num="118" count="1" type="stmt"/>
        <line num="119" count="13" type="stmt"/>
        <line num="122" count="13" type="stmt"/>
        <line num="132" count="1" type="stmt"/>
        <line num="136" count="1" type="stmt"/>
        <line num="138" count="1" type="stmt"/>
        <line num="145" count="1" type="stmt"/>
        <line num="148" count="1" type="stmt"/>
        <line num="155" count="1" type="stmt"/>
        <line num="159" count="15" type="stmt"/>
        <line num="163" count="10" type="stmt"/>
        <line num="165" count="1" type="stmt"/>
        <line num="170" count="1" type="stmt"/>
        <line num="171" count="1" type="stmt"/>
        <line num="173" count="7" type="stmt"/>
        <line num="175" count="1" type="stmt"/>
        <line num="178" count="2" type="stmt"/>
        <line num="182" count="1" type="stmt"/>
        <line num="183" count="2" type="stmt"/>
        <line num="185" count="1" type="stmt"/>
        <line num="187" count="1" type="stmt"/>
        <line num="193" count="4" type="stmt"/>
        <line num="195" count="1" type="stmt"/>
        <line num="201" count="2" type="stmt"/>
        <line num="205" count="2" type="stmt"/>
        <line num="207" count="1" type="stmt"/>
        <line num="212" count="2" type="stmt"/>
        <line num="216" count="2" type="stmt"/>
        <line num="224" count="1" type="stmt"/>
        <line num="229" count="1" type="stmt"/>
        <line num="233" count="3" type="stmt"/>
        <line num="241" count="1" type="stmt"/>
        <line num="253" count="1" type="stmt"/>
        <line num="261" count="1" type="stmt"/>
        <line num="270" count="1" type="stmt"/>
        <line num="275" count="2" type="stmt"/>
        <line num="282" count="1" type="stmt"/>
        <line num="283" count="8" type="stmt"/>
        <line num="287" count="1" type="stmt"/>
      </file>
      <file name="json-parser.ts" path="/home/ing/IdeaProjects/altraprojects/packages/kit/src/synthax/examples/json-parser.ts">
        <metrics statements="52" coveredstatements="51" conditionals="2" coveredconditionals="1" methods="44" coveredmethods="42"/>
        <line num="1" count="5" type="stmt"/>
        <line num="2" count="5" type="stmt"/>
        <line num="3" count="5" type="stmt"/>
        <line num="4" count="5" type="stmt"/>
        <line num="5" count="5" type="stmt"/>
        <line num="8" count="5" type="stmt"/>
        <line num="10" count="5" type="stmt"/>
        <line num="12" count="2" type="stmt"/>
        <line num="15" count="2" type="stmt"/>
        <line num="18" count="1" type="stmt"/>
        <line num="23" count="8" type="stmt"/>
        <line num="34" count="56" type="stmt"/>
        <line num="35" count="56" type="stmt"/>
        <line num="37" count="8" type="stmt"/>
        <line num="40" count="8" type="stmt"/>
        <line num="43" count="4" type="stmt"/>
        <line num="44" count="4" type="stmt"/>
        <line num="46" count="8" type="stmt"/>
        <line num="49" count="7" type="stmt"/>
        <line num="53" count="6" type="stmt"/>
        <line num="59" count="29" type="stmt"/>
        <line num="61" count="16" type="stmt"/>
        <line num="66" count="13" type="stmt"/>
        <line num="70" count="3" type="stmt"/>
        <line num="72" count="3" type="stmt"/>
        <line num="87" count="2" type="stmt"/>
        <line num="96" count="3" type="stmt"/>
        <line num="100" count="0" type="stmt"/>
        <line num="104" count="2" type="stmt"/>
        <line num="108" count="2" type="stmt"/>
        <line num="112" count="2" type="stmt"/>
        <line num="116" count="1" type="stmt"/>
        <line num="121" count="2" type="stmt"/>
        <line num="129" count="5" type="stmt"/>
        <line num="130" count="2" type="stmt"/>
        <line num="132" count="12" type="stmt"/>
        <line num="134" count="2" type="stmt"/>
        <line num="135" count="14" type="stmt"/>
        <line num="136" count="12" type="stmt"/>
        <line num="138" count="3" type="stmt"/>
        <line num="139" count="2" type="stmt"/>
        <line num="140" count="1" type="stmt"/>
        <line num="143" count="2" type="stmt"/>
        <line num="149" count="8" type="stmt"/>
        <line num="151" count="2" type="stmt"/>
        <line num="157" count="6" type="stmt"/>
        <line num="161" count="6" type="stmt"/>
        <line num="163" count="2" type="stmt"/>
        <line num="169" count="1" type="stmt"/>
        <line num="173" count="1" type="stmt"/>
        <line num="175" count="2" type="stmt"/>
        <line num="177" count="2" type="stmt"/>
      </file>
      <file name="ts-ast-parser.ts" path="/home/ing/IdeaProjects/altraprojects/packages/kit/src/synthax/examples/ts-ast-parser.ts">
        <metrics statements="15" coveredstatements="15" conditionals="0" coveredconditionals="0" methods="13" coveredmethods="13"/>
        <line num="1" count="3" type="stmt"/>
        <line num="4" count="3" type="stmt"/>
        <line num="6" count="19" type="stmt"/>
        <line num="16" count="19" type="stmt"/>
        <line num="35" count="20" type="stmt"/>
        <line num="57" count="20" type="stmt"/>
        <line num="68" count="19" type="stmt"/>
        <line num="90" count="20" type="stmt"/>
        <line num="98" count="20" type="stmt"/>
        <line num="105" count="20" type="stmt"/>
        <line num="112" count="19" type="stmt"/>
        <line num="146" count="19" type="stmt"/>
        <line num="176" count="3" type="stmt"/>
        <line num="177" count="19" type="stmt"/>
        <line num="190" count="1292" type="stmt"/>
      </file>
    </package>
    <package name="synthax.util">
      <metrics statements="20" coveredstatements="20" conditionals="8" coveredconditionals="8" methods="5" coveredmethods="5"/>
      <file name="code-points-builder.ts" path="/home/ing/IdeaProjects/altraprojects/packages/kit/src/synthax/util/code-points-builder.ts">
        <metrics statements="20" coveredstatements="20" conditionals="8" coveredconditionals="8" methods="5" coveredmethods="5"/>
        <line num="1" count="7" type="stmt"/>
        <line num="2" count="7" type="stmt"/>
        <line num="4" count="7" type="stmt"/>
        <line num="5" count="48" type="cond" truecount="2" falsecount="0"/>
        <line num="6" count="1" type="stmt"/>
        <line num="8" count="47" type="stmt"/>
        <line num="9" count="47" type="stmt"/>
        <line num="10" count="47" type="cond" truecount="4" falsecount="0"/>
        <line num="11" count="1" type="stmt"/>
        <line num="13" count="46" type="cond" truecount="2" falsecount="0"/>
        <line num="14" count="1" type="stmt"/>
        <line num="16" count="45" type="stmt"/>
        <line num="19" count="7" type="stmt"/>
        <line num="20" count="24" type="stmt"/>
        <line num="23" count="48" type="stmt"/>
        <line num="24" count="499" type="stmt"/>
        <line num="25" count="45" type="stmt"/>
        <line num="29" count="6" type="stmt"/>
        <line num="30" count="6" type="stmt"/>
        <line num="34" count="13" type="stmt"/>
      </file>
    </package>
    <package name="utils">
      <metrics statements="166" coveredstatements="166" conditionals="61" coveredconditionals="60" methods="47" coveredmethods="47"/>
      <file name="array-utils.ts" path="/home/ing/IdeaProjects/altraprojects/packages/kit/src/utils/array-utils.ts">
        <metrics statements="34" coveredstatements="34" conditionals="24" coveredconditionals="23" methods="13" coveredmethods="13"/>
        <line num="1" count="7" type="stmt"/>
        <line num="2" count="3" type="stmt"/>
        <line num="3" count="3" type="stmt"/>
        <line num="4" count="3" type="stmt"/>
        <line num="5" count="7" type="stmt"/>
        <line num="6" count="7" type="stmt"/>
        <line num="7" count="7" type="cond" truecount="2" falsecount="0"/>
        <line num="8" count="3" type="stmt"/>
        <line num="10" count="4" type="stmt"/>
        <line num="11" count="4" type="stmt"/>
        <line num="14" count="7" type="stmt"/>
        <line num="15" count="4" type="cond" truecount="2" falsecount="0"/>
        <line num="17" count="7" type="stmt"/>
        <line num="18" count="117" type="stmt"/>
        <line num="20" count="7" type="stmt"/>
        <line num="21" count="4" type="cond" truecount="5" falsecount="0"/>
        <line num="22" count="3" type="stmt"/>
        <line num="25" count="1" type="stmt"/>
        <line num="26" count="2" type="stmt"/>
        <line num="29" count="7" type="stmt"/>
        <line num="31" count="2" type="cond" truecount="2" falsecount="0"/>
        <line num="32" count="2" type="stmt"/>
        <line num="33" count="2" type="stmt"/>
        <line num="36" count="2" type="cond" truecount="2" falsecount="0"/>
        <line num="37" count="2" type="stmt"/>
        <line num="38" count="2" type="stmt"/>
        <line num="41" count="2" type="cond" truecount="2" falsecount="0"/>
        <line num="42" count="2" type="stmt"/>
        <line num="43" count="2" type="stmt"/>
        <line num="46" count="2" type="cond" truecount="2" falsecount="0"/>
        <line num="47" count="2" type="stmt"/>
        <line num="48" count="2" type="stmt"/>
        <line num="52" count="7" type="stmt"/>
        <line num="56" count="2" type="cond" truecount="2" falsecount="0"/>
      </file>
      <file name="flow-utils.ts" path="/home/ing/IdeaProjects/altraprojects/packages/kit/src/utils/flow-utils.ts">
        <metrics statements="20" coveredstatements="20" conditionals="7" coveredconditionals="7" methods="4" coveredmethods="4"/>
        <line num="4" count="10" type="stmt"/>
        <line num="5" count="3" type="stmt"/>
        <line num="6" count="3" type="stmt"/>
        <line num="8" count="2" type="stmt"/>
        <line num="12" count="10" type="stmt"/>
        <line num="13" count="2" type="stmt"/>
        <line num="14" count="2" type="stmt"/>
        <line num="16" count="1" type="stmt"/>
        <line num="20" count="10" type="stmt"/>
        <line num="21" count="2" type="stmt"/>
        <line num="24" count="10" type="stmt"/>
        <line num="26" count="10" type="stmt"/>
        <line num="30" count="465" type="cond" truecount="2" falsecount="0"/>
        <line num="31" count="9" type="cond" truecount="2" falsecount="0"/>
        <line num="32" count="6" type="stmt"/>
        <line num="34" count="3" type="stmt"/>
        <line num="35" count="3" type="cond" truecount="2" falsecount="0"/>
        <line num="36" count="2" type="stmt"/>
        <line num="38" count="1" type="stmt"/>
        <line num="40" count="456" type="stmt"/>
      </file>
      <file name="iterable-utils.ts" path="/home/ing/IdeaProjects/altraprojects/packages/kit/src/utils/iterable-utils.ts">
        <metrics statements="28" coveredstatements="28" conditionals="4" coveredconditionals="4" methods="13" coveredmethods="13"/>
        <line num="1" count="2" type="stmt"/>
        <line num="2" count="5" type="stmt"/>
        <line num="3" count="5" type="stmt"/>
        <line num="4" count="12" type="stmt"/>
        <line num="9" count="5" type="stmt"/>
        <line num="14" count="2" type="stmt"/>
        <line num="15" count="4" type="stmt"/>
        <line num="16" count="7" type="stmt"/>
        <line num="18" count="4" type="stmt"/>
        <line num="19" count="7" type="stmt"/>
        <line num="24" count="4" type="stmt"/>
        <line num="29" count="2" type="stmt"/>
        <line num="30" count="4" type="stmt"/>
        <line num="31" count="4" type="stmt"/>
        <line num="33" count="7" type="stmt"/>
        <line num="34" count="7" type="stmt"/>
        <line num="40" count="4" type="stmt"/>
        <line num="50" count="2" type="stmt"/>
        <line num="52" count="6" type="stmt"/>
        <line num="54" count="6" type="stmt"/>
        <line num="55" count="6" type="stmt"/>
        <line num="57" count="16" type="stmt"/>
        <line num="58" count="28" type="stmt"/>
        <line num="59" count="28" type="cond" truecount="2" falsecount="0"/>
        <line num="60" count="6" type="stmt"/>
        <line num="62" count="22" type="cond" truecount="2" falsecount="0"/>
        <line num="63" count="10" type="stmt"/>
        <line num="73" count="2" type="stmt"/>
      </file>
      <file name="numeric-utils.ts" path="/home/ing/IdeaProjects/altraprojects/packages/kit/src/utils/numeric-utils.ts">
        <metrics statements="10" coveredstatements="10" conditionals="4" coveredconditionals="4" methods="5" coveredmethods="5"/>
        <line num="1" count="1" type="stmt"/>
        <line num="2" count="20" type="cond" truecount="2" falsecount="0"/>
        <line num="4" count="21" type="stmt"/>
        <line num="6" count="21" type="stmt"/>
        <line num="8" count="1" type="stmt"/>
        <line num="9" count="10" type="stmt"/>
        <line num="11" count="1" type="stmt"/>
        <line num="12" count="15" type="cond" truecount="2" falsecount="0"/>
        <line num="13" count="3" type="stmt"/>
        <line num="15" count="12" type="stmt"/>
      </file>
      <file name="object-utils.ts" path="/home/ing/IdeaProjects/altraprojects/packages/kit/src/utils/object-utils.ts">
        <metrics statements="17" coveredstatements="17" conditionals="0" coveredconditionals="0" methods="4" coveredmethods="4"/>
        <line num="1" count="6" type="stmt"/>
        <line num="2" count="3" type="stmt"/>
        <line num="3" count="3" type="stmt"/>
        <line num="4" count="5" type="stmt"/>
        <line num="6" count="3" type="stmt"/>
        <line num="9" count="6" type="stmt"/>
        <line num="10" count="3" type="stmt"/>
        <line num="11" count="3" type="stmt"/>
        <line num="12" count="6" type="stmt"/>
        <line num="14" count="3" type="stmt"/>
        <line num="17" count="6" type="stmt"/>
        <line num="18" count="3" type="stmt"/>
        <line num="19" count="3" type="stmt"/>
        <line num="20" count="5" type="stmt"/>
        <line num="22" count="3" type="stmt"/>
        <line num="25" count="6" type="stmt"/>
        <line num="27" count="5" type="stmt"/>
      </file>
      <file name="string-util.ts" path="/home/ing/IdeaProjects/altraprojects/packages/kit/src/utils/string-util.ts">
        <metrics statements="57" coveredstatements="57" conditionals="22" coveredconditionals="22" methods="8" coveredmethods="8"/>
        <line num="1" count="8" type="stmt"/>
        <line num="2" count="8" type="stmt"/>
        <line num="4" count="8" type="stmt"/>
        <line num="5" count="9" type="stmt"/>
        <line num="6" count="9" type="stmt"/>
        <line num="7" count="27" type="stmt"/>
        <line num="8" count="27" type="cond" truecount="2" falsecount="0"/>
        <line num="9" count="9" type="stmt"/>
        <line num="11" count="18" type="stmt"/>
        <line num="13" count="9" type="stmt"/>
        <line num="16" count="8" type="stmt"/>
        <line num="17" count="10" type="cond" truecount="2" falsecount="0"/>
        <line num="18" count="1" type="stmt"/>
        <line num="20" count="9" type="stmt"/>
        <line num="23" count="8" type="stmt"/>
        <line num="28" count="8" type="stmt"/>
        <line num="29" count="32" type="stmt"/>
        <line num="33" count="32" type="stmt"/>
        <line num="34" count="204" type="stmt"/>
        <line num="35" count="204" type="cond" truecount="2" falsecount="0"/>
        <line num="36" count="1" type="stmt"/>
        <line num="37" count="1" type="stmt"/>
        <line num="40" count="203" type="stmt"/>
        <line num="42" count="203" type="stmt"/>
        <line num="43" count="539" type="stmt"/>
        <line num="44" count="539" type="cond" truecount="2" falsecount="0"/>
        <line num="45" count="203" type="stmt"/>
        <line num="46" count="203" type="stmt"/>
        <line num="49" count="336" type="stmt"/>
        <line num="52" count="32" type="stmt"/>
        <line num="55" count="723" type="stmt"/>
        <line num="56" count="723" type="cond" truecount="2" falsecount="0"/>
        <line num="57" count="29" type="stmt"/>
        <line num="60" count="694" type="stmt"/>
        <line num="61" count="694" type="cond" truecount="2" falsecount="0"/>
        <line num="62" count="595" type="stmt"/>
        <line num="65" count="99" type="stmt"/>
        <line num="66" count="99" type="stmt"/>
        <line num="68" count="99" type="stmt"/>
        <line num="69" count="213" type="stmt"/>
        <line num="70" count="213" type="cond" truecount="2" falsecount="0"/>
        <line num="71" count="213" type="cond" truecount="2" falsecount="0"/>
        <line num="72" count="99" type="stmt"/>
        <line num="74" count="114" type="stmt"/>
        <line num="75" count="114" type="cond" truecount="2" falsecount="0"/>
        <line num="76" count="45" type="stmt"/>
        <line num="86" count="8" type="stmt"/>
        <line num="87" count="24" type="stmt"/>
        <line num="88" count="24" type="stmt"/>
        <line num="90" count="24" type="stmt"/>
        <line num="91" count="46" type="stmt"/>
        <line num="92" count="46" type="cond" truecount="2" falsecount="0"/>
        <line num="93" count="15" type="stmt"/>
        <line num="95" count="31" type="cond" truecount="2" falsecount="0"/>
        <line num="96" count="20" type="stmt"/>
        <line num="98" count="11" type="stmt"/>
        <line num="101" count="9" type="stmt"/>
      </file>
    </package>
  </project>
</coverage>
