TN:
SF:src/collections/ex-map.ts
FN:13,(anonymous_0)
FN:23,(anonymous_1)
FN:33,(anonymous_2)
FN:42,(anonymous_3)
FN:53,(anonymous_4)
FN:62,(anonymous_5)
FN:73,(anonymous_6)
FN:79,(anonymous_7)
FN:91,(anonymous_8)
FN:97,(anonymous_9)
FN:114,(anonymous_10)
FN:132,(anonymous_11)
FN:149,(anonymous_12)
FN:158,(anonymous_13)
FN:159,(anonymous_14)
FN:167,(anonymous_15)
FN:168,(anonymous_16)
FN:176,(anonymous_17)
FN:177,(anonymous_18)
FN:186,(anonymous_19)
FN:199,(anonymous_20)
FN:211,(anonymous_21)
FN:213,(anonymous_22)
FN:226,(anonymous_23)
FN:227,(anonymous_24)
FN:234,(anonymous_25)
FN:239,(anonymous_26)
FN:257,(anonymous_27)
FN:262,(anonymous_28)
FN:267,(anonymous_29)
FN:272,(anonymous_30)
FN:277,(anonymous_31)
FNF:32
FNH:32
FNDA:3522,(anonymous_0)
FNDA:5,(anonymous_1)
FNDA:4,(anonymous_2)
FNDA:1,(anonymous_3)
FNDA:4764,(anonymous_4)
FNDA:4,(anonymous_5)
FNDA:5297,(anonymous_6)
FNDA:1631,(anonymous_7)
FNDA:1523,(anonymous_8)
FNDA:3242,(anonymous_9)
FNDA:1619,(anonymous_10)
FNDA:541,(anonymous_11)
FNDA:3244,(anonymous_12)
FNDA:28,(anonymous_13)
FNDA:1500,(anonymous_14)
FNDA:1,(anonymous_15)
FNDA:2,(anonymous_16)
FNDA:1,(anonymous_17)
FNDA:2,(anonymous_18)
FNDA:1,(anonymous_19)
FNDA:3,(anonymous_20)
FNDA:2,(anonymous_21)
FNDA:2,(anonymous_22)
FNDA:2,(anonymous_23)
FNDA:5,(anonymous_24)
FNDA:1,(anonymous_25)
FNDA:3,(anonymous_26)
FNDA:10,(anonymous_27)
FNDA:41,(anonymous_28)
FNDA:1,(anonymous_29)
FNDA:1498,(anonymous_30)
FNDA:7,(anonymous_31)
DA:6,10
DA:14,3522
DA:24,5
DA:34,4
DA:43,1
DA:44,3
DA:54,4764
DA:63,4
DA:74,5297
DA:75,5297
DA:80,1631
DA:95,1523
DA:96,1523
DA:97,3242
DA:98,3242
DA:99,126
DA:100,126
DA:102,3116
DA:105,1523
DA:115,1619
DA:116,1619
DA:117,1622
DA:119,1619
DA:133,541
DA:134,541
DA:135,400
DA:136,141
DA:137,1
DA:139,541
DA:150,3244
DA:159,1500
DA:168,2
DA:177,2
DA:187,1
DA:188,2
DA:190,1
DA:200,3
DA:201,6
DA:203,3
DA:212,2
DA:213,2
DA:214,2
DA:215,2
DA:227,5
DA:238,1
DA:240,3
DA:246,1
DA:247,3
DA:250,1
DA:251,1
DA:258,10
DA:263,41
DA:268,1
DA:273,1498
DA:278,7
LF:55
LH:55
BRDA:98,0,0,126
BRDA:98,0,1,3116
BRDA:134,1,0,400
BRDA:134,1,1,141
BRDA:136,2,0,1
BRDA:136,2,1,140
BRDA:212,3,0,1
BRDA:212,3,1,1
BRF:8
BRH:8
end_of_record
TN:
SF:src/collections/ex-set.ts
FN:19,(anonymous_0)
FN:31,(anonymous_1)
FN:40,(anonymous_2)
FN:50,(anonymous_3)
FN:59,(anonymous_4)
FN:70,(anonymous_5)
FN:75,(anonymous_6)
FN:86,(anonymous_7)
FN:101,(anonymous_8)
FN:114,(anonymous_9)
FN:126,(anonymous_10)
FN:135,(anonymous_11)
FN:144,(anonymous_12)
FN:159,(anonymous_13)
FN:176,(anonymous_14)
FN:181,(anonymous_15)
FN:189,(anonymous_16)
FN:191,(anonymous_17)
FN:213,(anonymous_18)
FN:215,(anonymous_19)
FN:224,(anonymous_20)
FN:229,(anonymous_21)
FN:234,(anonymous_22)
FN:239,(anonymous_23)
FN:244,(anonymous_24)
FNF:25
FNH:25
FNDA:70,(anonymous_0)
FNDA:546,(anonymous_1)
FNDA:5,(anonymous_2)
FNDA:14,(anonymous_3)
FNDA:1,(anonymous_4)
FNDA:639,(anonymous_5)
FNDA:32,(anonymous_6)
FNDA:3,(anonymous_7)
FNDA:57,(anonymous_8)
FNDA:2,(anonymous_9)
FNDA:3,(anonymous_10)
FNDA:1,(anonymous_11)
FNDA:5,(anonymous_12)
FNDA:4,(anonymous_13)
FNDA:1,(anonymous_14)
FNDA:1,(anonymous_15)
FNDA:1,(anonymous_16)
FNDA:3,(anonymous_17)
FNDA:2,(anonymous_18)
FNDA:2,(anonymous_19)
FNDA:53,(anonymous_20)
FNDA:7,(anonymous_21)
FNDA:1,(anonymous_22)
FNDA:1,(anonymous_23)
FNDA:1,(anonymous_24)
DA:12,8
DA:20,70
DA:32,546
DA:33,546
DA:41,5
DA:51,14
DA:60,1
DA:61,3
DA:71,639
DA:76,32
DA:87,3
DA:88,7
DA:89,1
DA:92,2
DA:102,57
DA:103,530
DA:105,57
DA:115,2
DA:116,8
DA:118,2
DA:127,3
DA:136,1
DA:145,5
DA:146,5
DA:147,16
DA:148,8
DA:151,5
DA:160,4
DA:161,4
DA:162,10
DA:163,4
DA:165,6
DA:168,4
DA:177,1
DA:182,1
DA:190,1
DA:192,3
DA:198,1
DA:199,3
DA:202,1
DA:204,1
DA:214,2
DA:215,2
DA:216,2
DA:217,2
DA:225,53
DA:230,7
DA:235,1
DA:240,1
DA:245,1
LF:50
LH:50
BRDA:88,0,0,1
BRDA:88,0,1,6
BRDA:146,1,0,3
BRDA:146,1,1,2
BRDA:146,2,0,5
BRDA:146,2,1,4
BRDA:147,3,0,8
BRDA:147,3,1,8
BRDA:161,4,0,3
BRDA:161,4,1,1
BRDA:161,5,0,4
BRDA:161,5,1,4
BRDA:162,6,0,4
BRDA:162,6,1,6
BRDA:214,7,0,1
BRDA:214,7,1,1
BRF:16
BRH:16
end_of_record
TN:
SF:src/collections/segments.ts
FN:8,(anonymous_0)
FN:12,(anonymous_1)
FN:36,(anonymous_2)
FN:56,(anonymous_3)
FN:61,(anonymous_4)
FN:66,(anonymous_5)
FN:71,(anonymous_6)
FN:81,(anonymous_7)
FN:92,(anonymous_8)
FN:137,(anonymous_9)
FN:170,(anonymous_10)
FNF:11
FNH:11
FNDA:14,(anonymous_0)
FNDA:37,(anonymous_1)
FNDA:26,(anonymous_2)
FNDA:2,(anonymous_3)
FNDA:1,(anonymous_4)
FNDA:14,(anonymous_5)
FNDA:2,(anonymous_6)
FNDA:6,(anonymous_7)
FNDA:49,(anonymous_8)
FNDA:6,(anonymous_9)
FNDA:11,(anonymous_10)
DA:1,1
DA:8,14
DA:10,14
DA:13,37
DA:14,23
DA:16,14
DA:21,1
DA:30,1
DA:37,26
DA:38,5
DA:40,21
DA:43,26
DA:44,13
DA:45,34
DA:57,2
DA:62,1
DA:67,14
DA:72,2
DA:73,2
DA:74,2
DA:75,0
DA:77,2
DA:82,6
DA:93,49
DA:94,4
DA:97,45
DA:98,45
DA:99,17
DA:100,17
DA:103,28
DA:104,28
DA:105,21
DA:106,21
DA:109,7
DA:110,7
DA:111,0
DA:113,7
DA:114,7
DA:115,6
DA:116,2
DA:118,4
DA:121,1
DA:122,0
DA:124,1
DA:128,7
DA:138,6
DA:139,6
DA:140,1
DA:143,5
DA:144,5
DA:145,5
DA:146,2
DA:147,0
DA:149,2
DA:154,5
DA:155,1
DA:157,4
DA:158,4
DA:159,4
DA:161,5
DA:162,5
DA:171,11
DA:172,11
DA:173,11
LF:64
LH:60
BRDA:13,0,0,23
BRDA:13,0,1,14
BRDA:37,1,0,5
BRDA:37,1,1,21
BRDA:38,2,0,5
BRDA:38,2,1,0
BRDA:43,3,0,13
BRDA:43,3,1,13
BRDA:74,4,0,0
BRDA:74,4,1,2
BRDA:93,5,0,4
BRDA:93,5,1,45
BRDA:98,6,0,17
BRDA:98,6,1,28
BRDA:104,7,0,21
BRDA:104,7,1,7
BRDA:110,8,0,0
BRDA:110,8,1,7
BRDA:114,9,0,6
BRDA:114,9,1,1
BRDA:115,10,0,2
BRDA:115,10,1,4
BRDA:121,11,0,0
BRDA:121,11,1,1
BRDA:139,12,0,1
BRDA:139,12,1,5
BRDA:139,13,0,6
BRDA:139,13,1,6
BRDA:139,13,2,5
BRDA:145,14,0,2
BRDA:145,14,1,3
BRDA:146,15,0,0
BRDA:146,15,1,2
BRDA:154,16,0,1
BRDA:154,16,1,4
BRDA:159,17,0,4
BRDA:159,17,1,2
BRDA:161,18,0,5
BRDA:161,18,1,2
BRDA:173,19,0,5
BRDA:173,19,1,6
BRF:41
BRH:36
end_of_record
TN:
SF:src/core/checks.ts
FN:3,(anonymous_0)
FN:5,(anonymous_1)
FN:7,(anonymous_2)
FN:9,(anonymous_3)
FN:11,(anonymous_4)
FN:13,(anonymous_5)
FN:15,(anonymous_6)
FN:17,(anonymous_7)
FN:19,(anonymous_8)
FN:21,(anonymous_9)
FN:23,(anonymous_10)
FN:26,(anonymous_11)
FN:29,(anonymous_12)
FN:30,(anonymous_13)
FN:43,(anonymous_14)
FN:47,(anonymous_15)
FN:59,(anonymous_16)
FN:60,(anonymous_17)
FN:70,(anonymous_18)
FN:71,(anonymous_19)
FN:84,(anonymous_20)
FN:87,(anonymous_21)
FN:88,(anonymous_22)
FN:96,(anonymous_23)
FN:97,(anonymous_24)
FN:106,checked
FNF:26
FNH:23
FNDA:65,(anonymous_0)
FNDA:4,(anonymous_1)
FNDA:4,(anonymous_2)
FNDA:447,(anonymous_3)
FNDA:0,(anonymous_4)
FNDA:0,(anonymous_5)
FNDA:0,(anonymous_6)
FNDA:18,(anonymous_7)
FNDA:21,(anonymous_8)
FNDA:5,(anonymous_9)
FNDA:5,(anonymous_10)
FNDA:225,(anonymous_11)
FNDA:2,(anonymous_12)
FNDA:6,(anonymous_13)
FNDA:2,(anonymous_14)
FNDA:6,(anonymous_15)
FNDA:1,(anonymous_16)
FNDA:3,(anonymous_17)
FNDA:2,(anonymous_18)
FNDA:6,(anonymous_19)
FNDA:1,(anonymous_20)
FNDA:1,(anonymous_21)
FNDA:2,(anonymous_22)
FNDA:1,(anonymous_23)
FNDA:2,(anonymous_24)
FNDA:4,checked
DA:3,65
DA:5,8
DA:7,8
DA:9,447
DA:11,8
DA:13,8
DA:15,8
DA:17,18
DA:19,21
DA:21,8
DA:23,8
DA:24,5
DA:26,225
DA:28,8
DA:29,8
DA:30,2
DA:31,6
DA:32,0
DA:34,6
DA:35,8
DA:36,2
DA:39,4
DA:42,8
DA:43,8
DA:47,2
DA:48,6
DA:49,7
DA:50,4
DA:53,2
DA:58,8
DA:59,8
DA:60,1
DA:61,3
DA:62,5
DA:63,2
DA:66,1
DA:69,8
DA:70,8
DA:71,2
DA:72,6
DA:73,1
DA:75,5
DA:76,10
DA:77,2
DA:81,3
DA:84,8
DA:86,8
DA:87,8
DA:88,1
DA:89,2
DA:90,1
DA:92,1
DA:95,8
DA:96,8
DA:97,1
DA:98,2
DA:99,1
DA:101,1
DA:106,8
DA:107,4
DA:108,2
DA:110,2
LF:62
LH:61
BRDA:21,0,0,5
BRDA:21,0,1,4
BRDA:24,1,0,5
BRDA:24,1,1,4
BRDA:31,2,0,0
BRDA:31,2,1,6
BRDA:35,3,0,2
BRDA:35,3,1,6
BRDA:49,4,0,4
BRDA:49,4,1,3
BRDA:62,5,0,2
BRDA:62,5,1,3
BRDA:72,6,0,1
BRDA:72,6,1,5
BRDA:72,7,0,6
BRDA:72,7,1,6
BRDA:76,8,0,2
BRDA:76,8,1,8
BRDA:89,9,0,1
BRDA:89,9,1,1
BRDA:90,10,0,1
BRDA:90,10,1,0
BRDA:98,11,0,1
BRDA:98,11,1,1
BRDA:99,12,0,1
BRDA:99,12,1,0
BRDA:107,13,0,2
BRDA:107,13,1,2
BRF:28
BRH:25
end_of_record
TN:
SF:src/core/disposers.ts
FN:43,(anonymous_0)
FN:53,(anonymous_1)
FN:58,(anonymous_2)
FNF:3
FNH:3
FNDA:8,(anonymous_0)
FNDA:3,(anonymous_1)
FNDA:7,(anonymous_2)
DA:1,1
DA:43,1
DA:47,8
DA:48,8
DA:49,15
DA:50,11
DA:52,4
DA:53,3
DA:56,7
DA:58,7
DA:59,7
DA:60,7
DA:61,14
DA:62,14
DA:64,5
DA:67,7
DA:68,3
LF:17
LH:17
BRDA:49,0,0,11
BRDA:49,0,1,4
BRDA:67,1,0,3
BRDA:67,1,1,4
BRF:4
BRH:4
end_of_record
TN:
SF:src/core/errors.ts
FN:2,(anonymous_0)
FNF:1
FNH:1
FNDA:3,(anonymous_0)
DA:1,1
DA:2,3
DA:3,3
LF:3
LH:3
BRF:0
BRH:0
end_of_record
TN:
SF:src/core/geometry.ts
FN:6,(anonymous_0)
FN:16,(anonymous_1)
FN:21,(anonymous_2)
FN:29,(anonymous_3)
FN:34,(anonymous_4)
FN:42,(anonymous_5)
FN:47,(anonymous_6)
FN:60,(anonymous_7)
FN:65,(anonymous_8)
FN:70,(anonymous_9)
FN:76,(anonymous_10)
FN:82,(anonymous_11)
FN:98,(anonymous_12)
FN:103,(anonymous_13)
FN:109,(anonymous_14)
FN:117,(anonymous_15)
FN:125,(anonymous_16)
FN:131,(anonymous_17)
FN:137,(anonymous_18)
FN:150,(anonymous_19)
FN:172,(anonymous_20)
FN:177,(anonymous_21)
FN:178,(anonymous_22)
FN:183,(anonymous_23)
FN:198,(anonymous_24)
FN:204,(anonymous_25)
FN:207,(anonymous_26)
FN:208,(anonymous_27)
FNF:28
FNH:28
FNDA:2,(anonymous_0)
FNDA:6,(anonymous_1)
FNDA:1,(anonymous_2)
FNDA:3,(anonymous_3)
FNDA:1,(anonymous_4)
FNDA:2,(anonymous_5)
FNDA:5,(anonymous_6)
FNDA:1,(anonymous_7)
FNDA:1,(anonymous_8)
FNDA:1,(anonymous_9)
FNDA:2,(anonymous_10)
FNDA:2,(anonymous_11)
FNDA:1,(anonymous_12)
FNDA:1,(anonymous_13)
FNDA:1,(anonymous_14)
FNDA:2,(anonymous_15)
FNDA:9,(anonymous_16)
FNDA:1,(anonymous_17)
FNDA:1,(anonymous_18)
FNDA:2,(anonymous_19)
FNDA:3,(anonymous_20)
FNDA:1,(anonymous_21)
FNDA:1,(anonymous_22)
FNDA:1,(anonymous_23)
FNDA:4,(anonymous_24)
FNDA:1,(anonymous_25)
FNDA:4,(anonymous_26)
FNDA:4,(anonymous_27)
DA:6,2
DA:11,1
DA:16,6
DA:21,1
DA:29,3
DA:34,1
DA:42,2
DA:47,1
DA:48,5
DA:49,5
DA:50,5
DA:51,5
DA:52,5
DA:60,1
DA:65,1
DA:70,1
DA:71,1
DA:76,1
DA:77,2
DA:82,1
DA:91,2
DA:98,1
DA:103,1
DA:109,1
DA:117,1
DA:118,2
DA:125,1
DA:126,9
DA:131,1
DA:132,1
DA:137,1
DA:144,1
DA:150,1
DA:160,2
DA:161,2
DA:162,2
DA:163,2
DA:164,2
DA:172,3
DA:177,1
DA:178,1
DA:183,1
DA:192,1
DA:198,4
DA:204,1
DA:207,4
DA:208,4
DA:209,1
DA:210,1
DA:211,1
DA:212,1
DA:213,1
LF:52
LH:52
BRDA:77,0,0,2
BRDA:77,0,1,1
BRDA:77,0,2,1
BRDA:77,0,3,1
BRDA:91,1,0,2
BRDA:91,1,1,2
BRDA:91,1,2,1
BRDA:91,1,3,1
BRF:8
BRH:8
end_of_record
TN:
SF:src/core/keyset-paginator.ts
FN:13,(anonymous_2)
FN:14,(anonymous_3)
FN:17,(anonymous_4)
FN:21,(anonymous_5)
FN:23,(anonymous_6)
FN:27,(anonymous_7)
FN:32,(anonymous_8)
FN:34,(anonymous_9)
FN:39,(anonymous_10)
FN:41,(anonymous_11)
FN:43,(anonymous_12)
FN:46,(anonymous_13)
FN:48,(anonymous_14)
FN:51,(anonymous_15)
FN:53,(anonymous_16)
FN:56,(anonymous_17)
FN:58,(anonymous_18)
FN:72,(anonymous_19)
FN:77,(anonymous_20)
FN:81,(anonymous_21)
FN:83,(anonymous_22)
FN:87,(anonymous_23)
FN:106,(anonymous_24)
FN:110,(anonymous_25)
FN:135,(anonymous_26)
FN:138,(anonymous_27)
FN:161,(anonymous_28)
FN:162,(anonymous_29)
FN:186,(anonymous_30)
FN:199,(anonymous_31)
FN:204,(anonymous_32)
FNF:31
FNH:22
FNDA:4,(anonymous_2)
FNDA:4,(anonymous_3)
FNDA:0,(anonymous_4)
FNDA:4,(anonymous_5)
FNDA:3,(anonymous_6)
FNDA:4,(anonymous_7)
FNDA:4,(anonymous_8)
FNDA:3,(anonymous_9)
FNDA:3,(anonymous_10)
FNDA:3,(anonymous_11)
FNDA:4,(anonymous_12)
FNDA:0,(anonymous_13)
FNDA:0,(anonymous_14)
FNDA:3,(anonymous_15)
FNDA:0,(anonymous_16)
FNDA:3,(anonymous_17)
FNDA:0,(anonymous_18)
FNDA:0,(anonymous_19)
FNDA:0,(anonymous_20)
FNDA:3,(anonymous_21)
FNDA:4,(anonymous_22)
FNDA:3,(anonymous_23)
FNDA:3,(anonymous_24)
FNDA:3,(anonymous_25)
FNDA:1,(anonymous_26)
FNDA:4,(anonymous_27)
FNDA:1,(anonymous_28)
FNDA:4,(anonymous_29)
FNDA:4,(anonymous_30)
FNDA:0,(anonymous_31)
FNDA:0,(anonymous_32)
DA:1,1
DA:9,1
DA:10,1
DA:11,1
DA:13,4
DA:14,4
DA:17,0
DA:21,4
DA:24,3
DA:27,1
DA:29,4
DA:32,1
DA:34,4
DA:39,3
DA:41,1
DA:43,4
DA:46,1
DA:48,0
DA:51,1
DA:53,3
DA:56,1
DA:58,3
DA:59,3
DA:60,3
DA:63,0
DA:64,0
DA:65,0
DA:67,0
DA:68,0
DA:69,0
DA:72,0
DA:73,0
DA:74,0
DA:76,0
DA:77,0
DA:81,1
DA:83,4
DA:87,1
DA:88,3
DA:90,3
DA:92,3
DA:93,3
DA:95,3
DA:96,3
DA:100,3
DA:105,1
DA:108,3
DA:110,3
DA:111,3
DA:112,11
DA:113,11
DA:114,0
DA:116,11
DA:117,11
DA:118,2
DA:122,3
DA:123,1
DA:124,1
DA:125,1
DA:127,1
DA:129,2
DA:136,1
DA:138,1
DA:139,4
DA:141,4
DA:142,4
DA:143,6
DA:144,6
DA:145,4
DA:146,4
DA:148,2
DA:149,2
DA:151,0
DA:154,1
DA:155,4
DA:158,1
DA:162,1
DA:163,4
DA:164,4
DA:166,4
DA:167,4
DA:169,4
DA:170,4
DA:171,4
DA:172,6
DA:173,6
DA:174,4
DA:175,4
DA:176,4
DA:178,2
DA:179,2
DA:180,2
DA:181,2
DA:183,0
DA:186,4
DA:187,1
DA:188,1
DA:189,1
DA:190,4
DA:191,4
DA:194,1
DA:198,1
DA:200,0
DA:201,0
DA:205,0
DA:206,0
LF:106
LH:86
BRDA:29,0,0,4
BRDA:29,0,1,0
BRDA:34,1,0,3
BRDA:34,1,1,3
BRDA:58,2,0,0
BRDA:58,2,1,0
BRDA:59,3,0,3
BRDA:59,3,1,0
BRDA:64,4,0,0
BRDA:64,4,1,0
BRDA:68,5,0,0
BRDA:68,5,1,0
BRDA:73,6,0,0
BRDA:73,6,1,0
BRDA:73,7,0,0
BRDA:73,7,1,0
BRDA:83,8,0,3
BRDA:83,8,1,3
BRDA:93,9,0,3
BRDA:113,10,0,0
BRDA:113,10,1,11
BRDA:117,11,0,2
BRDA:117,11,1,9
BRDA:117,12,0,11
BRDA:117,12,1,2
BRDA:122,13,0,1
BRDA:122,13,1,2
BRDA:144,14,0,4
BRDA:144,14,1,2
BRDA:171,15,0,6
BRDA:171,15,1,6
BRDA:173,16,0,4
BRDA:173,16,1,2
BRDA:175,17,0,3
BRDA:175,17,1,1
BRDA:176,18,0,1
BRDA:176,18,1,3
BRDA:190,19,0,3
BRDA:190,19,1,1
BRF:39
BRH:26
end_of_record
TN:
SF:src/core/once.ts
FN:1,(anonymous_0)
FN:18,once
FN:34,(anonymous_2)
FNF:3
FNH:3
FNDA:63,(anonymous_0)
FNDA:28,once
FNDA:46,(anonymous_2)
DA:1,7
DA:2,63
DA:8,63
DA:18,7
DA:24,28
DA:25,18
DA:28,10
DA:29,10
DA:30,0
DA:33,10
DA:35,46
LF:11
LH:10
BRDA:24,0,0,18
BRDA:24,0,1,10
BRDA:29,1,0,0
BRDA:29,1,1,10
BRDA:29,2,0,10
BRDA:29,2,1,10
BRF:6
BRH:5
end_of_record
TN:
SF:src/core/seconds-offset.ts
FN:17,(anonymous_0)
FN:51,(anonymous_1)
FNF:2
FNH:2
FNDA:9,(anonymous_0)
FNDA:5,(anonymous_1)
DA:17,1
DA:21,9
DA:22,9
DA:23,9
DA:24,9
DA:25,9
DA:26,9
DA:27,9
DA:28,9
DA:29,3
DA:31,9
DA:32,3
DA:34,9
DA:51,1
DA:52,5
DA:53,5
DA:54,1
DA:56,4
DA:57,4
LF:19
LH:19
BRDA:19,0,0,4
BRDA:28,1,0,3
BRDA:28,1,1,6
BRDA:28,2,0,4
BRDA:28,2,1,5
BRDA:31,3,0,3
BRDA:31,3,1,6
BRDA:31,4,0,4
BRDA:31,4,1,5
BRDA:53,5,0,1
BRDA:53,5,1,4
BRDA:60,6,0,2
BRDA:60,6,1,2
BRDA:61,7,0,1
BRDA:61,7,1,3
BRF:15
BRH:15
end_of_record
TN:
SF:src/core/sorter.ts
FN:32,(anonymous_0)
FN:35,(anonymous_1)
FN:39,(anonymous_2)
FN:54,(anonymous_3)
FN:54,(anonymous_4)
FN:73,(anonymous_5)
FN:74,(anonymous_6)
FN:78,(anonymous_7)
FNF:8
FNH:8
FNDA:4,(anonymous_0)
FNDA:8,(anonymous_1)
FNDA:16,(anonymous_2)
FNDA:1,(anonymous_3)
FNDA:11,(anonymous_4)
FNDA:2,(anonymous_5)
FNDA:4,(anonymous_6)
FNDA:14,(anonymous_7)
DA:1,1
DA:32,1
DA:33,4
DA:39,8
DA:40,16
DA:41,16
DA:43,16
DA:44,0
DA:47,16
DA:48,3
DA:50,13
DA:51,1
DA:54,12
DA:56,12
DA:57,0
DA:58,0
DA:60,0
DA:63,12
DA:64,12
DA:65,0
DA:67,12
DA:70,0
DA:74,4
DA:77,4
DA:78,4
DA:79,14
DA:80,16
DA:81,16
DA:82,14
DA:85,0
LF:30
LH:23
BRDA:43,0,0,0
BRDA:43,0,1,16
BRDA:43,1,0,16
BRDA:43,1,1,6
BRDA:47,2,0,3
BRDA:47,2,1,13
BRDA:48,3,0,0
BRDA:48,3,1,3
BRDA:48,4,0,3
BRDA:48,4,1,0
BRDA:50,5,0,1
BRDA:50,5,1,12
BRDA:51,6,0,0
BRDA:51,6,1,1
BRDA:54,7,0,1
BRDA:54,7,1,11
BRDA:56,8,0,0
BRDA:56,8,1,12
BRDA:57,9,0,0
BRDA:57,9,1,0
BRDA:63,10,0,12
BRDA:63,10,1,0
BRDA:64,11,0,0
BRDA:64,11,1,12
BRDA:74,12,0,1
BRDA:74,12,1,1
BRDA:81,13,0,14
BRDA:81,13,1,2
BRF:28
BRH:19
end_of_record
TN:
SF:src/numbers/aggregation.ts
FN:3,(anonymous_0)
FN:3,(anonymous_1)
FN:9,(anonymous_2)
FN:13,(anonymous_3)
FN:13,(anonymous_4)
FN:17,(anonymous_5)
FN:26,(anonymous_6)
FN:41,(anonymous_7)
FN:46,(anonymous_8)
FN:50,(anonymous_9)
FN:50,(anonymous_10)
FN:58,(anonymous_11)
FN:64,(anonymous_12)
FN:77,(anonymous_13)
FN:89,(anonymous_14)
FN:101,(anonymous_15)
FN:104,(anonymous_16)
FN:109,(anonymous_17)
FN:112,(anonymous_18)
FN:116,(anonymous_19)
FN:120,(anonymous_20)
FN:121,(anonymous_21)
FN:124,(anonymous_22)
FN:128,(anonymous_23)
FN:133,(anonymous_24)
FN:147,(anonymous_25)
FN:150,(anonymous_26)
FN:153,(anonymous_27)
FN:156,(anonymous_28)
FNF:29
FNH:29
FNDA:8,(anonymous_0)
FNDA:4,(anonymous_1)
FNDA:19,(anonymous_2)
FNDA:8,(anonymous_3)
FNDA:4,(anonymous_4)
FNDA:22,(anonymous_5)
FNDA:10,(anonymous_6)
FNDA:6,(anonymous_7)
FNDA:10,(anonymous_8)
FNDA:1,(anonymous_9)
FNDA:3,(anonymous_10)
FNDA:4,(anonymous_11)
FNDA:7,(anonymous_12)
FNDA:3,(anonymous_13)
FNDA:1502,(anonymous_14)
FNDA:2,(anonymous_15)
FNDA:2,(anonymous_16)
FNDA:3,(anonymous_17)
FNDA:2,(anonymous_18)
FNDA:3,(anonymous_19)
FNDA:3,(anonymous_20)
FNDA:5,(anonymous_21)
FNDA:3,(anonymous_22)
FNDA:3,(anonymous_23)
FNDA:10,(anonymous_24)
FNDA:2,(anonymous_25)
FNDA:2,(anonymous_26)
FNDA:2,(anonymous_27)
FNDA:2,(anonymous_28)
DA:3,8
DA:4,4
DA:5,4
DA:6,1
DA:8,3
DA:9,19
DA:10,3
DA:13,8
DA:14,4
DA:15,1
DA:17,22
DA:18,3
DA:19,3
DA:20,3
DA:21,3
DA:24,7
DA:27,10
DA:28,1
DA:30,9
DA:31,9
DA:32,9
DA:33,35
DA:35,9
DA:39,7
DA:42,6
DA:43,4
DA:45,2
DA:46,10
DA:50,3
DA:53,7
DA:60,4
DA:61,1
DA:64,7
DA:65,3
DA:66,3
DA:69,3
DA:70,2
DA:73,1
DA:78,3
DA:79,1
DA:81,2
DA:82,2
DA:83,6
DA:85,2
DA:90,1502
DA:91,260
DA:93,1242
DA:94,1242
DA:95,3397
DA:97,1242
DA:101,2
DA:104,2
DA:109,3
DA:113,2
DA:114,1
DA:116,3
DA:121,5
DA:122,2
DA:124,3
DA:129,3
DA:130,1
DA:132,2
DA:133,10
DA:134,2
DA:135,2
DA:136,6
DA:137,3
DA:140,2
DA:147,2
DA:150,2
DA:153,2
DA:156,2
LF:72
LH:72
BRDA:5,0,0,1
BRDA:5,0,1,3
BRDA:14,1,0,1
BRDA:14,1,1,3
BRDA:21,2,0,1
BRDA:21,2,1,2
BRDA:27,3,0,1
BRDA:27,3,1,9
BRDA:42,4,0,4
BRDA:42,4,1,2
BRDA:60,5,0,1
BRDA:60,5,1,3
BRDA:69,6,0,2
BRDA:69,6,1,1
BRDA:78,7,0,1
BRDA:78,7,1,2
BRDA:90,8,0,260
BRDA:90,8,1,1242
BRDA:101,9,0,1
BRDA:101,9,1,1
BRDA:104,10,0,1
BRDA:104,10,1,1
BRDA:113,11,0,1
BRDA:113,11,1,1
BRDA:121,12,0,2
BRDA:121,12,1,1
BRDA:121,13,0,3
BRDA:121,13,1,2
BRDA:129,14,0,1
BRDA:129,14,1,2
BRDA:133,15,0,10
BRDA:133,15,1,6
BRDA:136,16,0,3
BRDA:136,16,1,3
BRDA:147,17,0,1
BRDA:147,17,1,1
BRDA:150,18,0,1
BRDA:150,18,1,1
BRF:38
BRH:38
end_of_record
TN:
SF:src/numbers/number-base.ts
FN:9,(anonymous_0)
FN:79,(anonymous_1)
FNF:2
FNH:2
FNDA:6,(anonymous_0)
FNDA:7,(anonymous_1)
DA:1,6
DA:9,6
DA:12,6
DA:13,6
DA:14,60
DA:16,6
DA:58,6
DA:80,7
DA:81,7
DA:82,7
DA:83,37
DA:84,37
DA:85,7
DA:87,30
LF:14
LH:14
BRDA:84,0,0,7
BRDA:84,0,1,30
BRF:2
BRH:2
end_of_record
TN:
SF:src/numbers/number-converter.ts
FN:24,(anonymous_0)
FN:41,(anonymous_1)
FN:81,(anonymous_2)
FN:84,(anonymous_3)
FN:89,(anonymous_4)
FN:96,(anonymous_5)
FN:100,(anonymous_6)
FN:102,(anonymous_7)
FN:112,(anonymous_8)
FN:117,(anonymous_9)
FN:118,(anonymous_10)
FN:122,(anonymous_11)
FN:133,(anonymous_12)
FN:162,(anonymous_13)
FN:181,(anonymous_14)
FN:183,(anonymous_15)
FN:193,(anonymous_16)
FN:198,(anonymous_17)
FN:209,(anonymous_18)
FN:210,(anonymous_19)
FN:213,(anonymous_20)
FN:236,(anonymous_21)
FN:239,(anonymous_22)
FN:241,(anonymous_23)
FNF:24
FNH:24
FNDA:41,(anonymous_0)
FNDA:207,(anonymous_1)
FNDA:72,(anonymous_2)
FNDA:80,(anonymous_3)
FNDA:181,(anonymous_4)
FNDA:634,(anonymous_5)
FNDA:4652,(anonymous_6)
FNDA:79,(anonymous_7)
FNDA:34,(anonymous_8)
FNDA:27,(anonymous_9)
FNDA:794,(anonymous_10)
FNDA:5,(anonymous_11)
FNDA:25,(anonymous_12)
FNDA:27,(anonymous_13)
FNDA:9,(anonymous_14)
FNDA:67,(anonymous_15)
FNDA:4,(anonymous_16)
FNDA:8,(anonymous_17)
FNDA:6,(anonymous_18)
FNDA:5,(anonymous_19)
FNDA:2,(anonymous_20)
FNDA:2,(anonymous_21)
FNDA:1,(anonymous_22)
FNDA:1,(anonymous_23)
DA:16,7
DA:25,41
DA:28,41
DA:29,3
DA:31,38
DA:42,207
DA:43,207
DA:44,722
DA:46,207
DA:49,41
DA:74,7
DA:81,72
DA:85,80
DA:90,181
DA:91,181
DA:92,334
DA:93,319
DA:94,2
DA:96,634
DA:97,317
DA:98,1
DA:100,4652
DA:102,79
DA:105,178
DA:106,2
DA:108,176
DA:113,34
DA:118,794
DA:123,5
DA:133,72
DA:136,25
DA:137,1
DA:139,24
DA:140,24
DA:141,1
DA:143,23
DA:144,23
DA:145,2
DA:147,21
DA:148,21
DA:149,141
DA:150,141
DA:152,21
DA:162,72
DA:163,27
DA:164,27
DA:165,27
DA:166,122
DA:167,122
DA:168,3
DA:170,119
DA:172,24
DA:181,72
DA:182,9
DA:183,67
DA:193,72
DA:194,4
DA:195,3
DA:197,1
DA:198,8
DA:209,72
DA:210,6
DA:211,5
DA:213,6
DA:214,2
DA:215,2
DA:216,2
DA:218,2
DA:221,6
DA:222,2
DA:225,4
DA:227,4
DA:228,4
DA:230,4
DA:231,4
DA:233,4
DA:235,4
DA:236,2
DA:238,2
DA:239,1
DA:241,1
LF:81
LH:81
BRDA:26,0,0,41
BRDA:28,1,0,3
BRDA:28,1,1,38
BRDA:92,2,0,319
BRDA:92,2,1,15
BRDA:93,3,0,2
BRDA:93,3,1,317
BRDA:93,4,0,319
BRDA:93,4,1,317
BRDA:93,4,2,317
BRDA:97,5,0,1
BRDA:97,5,1,316
BRDA:105,6,0,2
BRDA:105,6,1,176
BRDA:136,7,0,1
BRDA:136,7,1,24
BRDA:136,8,0,25
BRDA:136,8,1,14
BRDA:140,9,0,1
BRDA:140,9,1,23
BRDA:144,10,0,2
BRDA:144,10,1,21
BRDA:167,11,0,3
BRDA:167,11,1,119
BRDA:194,12,0,3
BRDA:194,12,1,1
BRDA:194,13,0,4
BRDA:194,13,1,2
BRDA:221,14,0,2
BRDA:221,14,1,4
BRDA:221,15,0,6
BRDA:221,15,1,4
BRDA:235,16,0,2
BRDA:235,16,1,2
BRDA:238,17,0,1
BRDA:238,17,1,1
BRF:36
BRH:36
end_of_record
TN:
SF:src/numbers/roman.ts
FN:19,(anonymous_0)
FN:21,(anonymous_1)
FN:44,(anonymous_2)
FNF:3
FNH:3
FNDA:13,(anonymous_0)
FNDA:243,(anonymous_1)
FNDA:243,(anonymous_2)
DA:1,1
DA:3,1
DA:19,13
DA:21,243
DA:44,1
DA:45,243
DA:46,243
DA:47,1714
DA:48,1714
DA:49,1714
DA:50,1714
DA:53,243
LF:12
LH:12
BRF:0
BRH:0
end_of_record
TN:
SF:src/synthax/define.ts
FN:20,(anonymous_0)
FN:25,(anonymous_1)
FN:30,(anonymous_2)
FN:32,(anonymous_3)
FN:33,(anonymous_4)
FN:36,(anonymous_5)
FN:45,(anonymous_6)
FN:49,(anonymous_7)
FN:50,(anonymous_8)
FN:54,(anonymous_9)
FN:54,(anonymous_10)
FN:55,(anonymous_11)
FN:60,(anonymous_12)
FN:68,(anonymous_13)
FN:72,(anonymous_14)
FN:79,(anonymous_15)
FN:83,(anonymous_16)
FN:84,(anonymous_17)
FN:86,(anonymous_18)
FN:87,(anonymous_19)
FN:89,(anonymous_20)
FN:93,(anonymous_21)
FN:98,(anonymous_22)
FN:105,(anonymous_23)
FN:125,(anonymous_24)
FN:138,(anonymous_25)
FN:144,(anonymous_26)
FN:145,(anonymous_27)
FN:148,(anonymous_28)
FN:149,(anonymous_29)
FN:153,(anonymous_30)
FN:168,(anonymous_31)
FN:171,(anonymous_32)
FN:181,(anonymous_33)
FN:185,(anonymous_34)
FN:186,(anonymous_35)
FN:187,(anonymous_36)
FN:190,(anonymous_37)
FN:192,(anonymous_38)
FN:201,(anonymous_39)
FN:207,(anonymous_40)
FN:211,(anonymous_41)
FN:213,(anonymous_42)
FN:219,(anonymous_43)
FN:223,(anonymous_44)
FN:225,(anonymous_45)
FN:233,(anonymous_46)
FN:237,(anonymous_47)
FN:243,(anonymous_48)
FN:245,(anonymous_49)
FN:252,(anonymous_50)
FN:256,(anonymous_51)
FN:256,(anonymous_52)
FN:266,(anonymous_53)
FN:268,(anonymous_54)
FN:281,(anonymous_55)
FN:283,(anonymous_56)
FN:287,(anonymous_57)
FN:293,(anonymous_58)
FN:316,(anonymous_59)
FN:320,(anonymous_60)
FN:320,(anonymous_61)
FN:324,(anonymous_62)
FN:326,(anonymous_63)
FN:340,(anonymous_64)
FN:344,(anonymous_65)
FN:346,(anonymous_66)
FN:356,(anonymous_67)
FN:359,(anonymous_68)
FN:361,(anonymous_69)
FN:368,(anonymous_70)
FN:369,(anonymous_71)
FN:371,(anonymous_72)
FN:373,(anonymous_73)
FN:378,(anonymous_74)
FN:379,(anonymous_75)
FN:382,(anonymous_76)
FN:385,(anonymous_77)
FN:386,(anonymous_78)
FN:390,(anonymous_79)
FNF:80
FNH:73
FNDA:0,(anonymous_0)
FNDA:5081,(anonymous_1)
FNDA:0,(anonymous_2)
FNDA:0,(anonymous_3)
FNDA:0,(anonymous_4)
FNDA:0,(anonymous_5)
FNDA:898,(anonymous_6)
FNDA:211,(anonymous_7)
FNDA:1251,(anonymous_8)
FNDA:159,(anonymous_9)
FNDA:1819,(anonymous_10)
FNDA:13757,(anonymous_11)
FNDA:0,(anonymous_12)
FNDA:199,(anonymous_13)
FNDA:5751,(anonymous_14)
FNDA:1551,(anonymous_15)
FNDA:151,(anonymous_16)
FNDA:2139,(anonymous_17)
FNDA:32,(anonymous_18)
FNDA:3223,(anonymous_19)
FNDA:183,(anonymous_20)
FNDA:13,(anonymous_21)
FNDA:13710,(anonymous_22)
FNDA:0,(anonymous_23)
FNDA:47,(anonymous_24)
FNDA:20,(anonymous_25)
FNDA:163,(anonymous_26)
FNDA:180,(anonymous_27)
FNDA:6,(anonymous_28)
FNDA:211,(anonymous_29)
FNDA:2169,(anonymous_30)
FNDA:28,(anonymous_31)
FNDA:708,(anonymous_32)
FNDA:50,(anonymous_33)
FNDA:10,(anonymous_34)
FNDA:18,(anonymous_35)
FNDA:178,(anonymous_36)
FNDA:4,(anonymous_37)
FNDA:54,(anonymous_38)
FNDA:1,(anonymous_39)
FNDA:49,(anonymous_40)
FNDA:1,(anonymous_41)
FNDA:27,(anonymous_42)
FNDA:4,(anonymous_43)
FNDA:3,(anonymous_44)
FNDA:23,(anonymous_45)
FNDA:22,(anonymous_46)
FNDA:118,(anonymous_47)
FNDA:2965,(anonymous_48)
FNDA:4823,(anonymous_49)
FNDA:1516,(anonymous_50)
FNDA:463,(anonymous_51)
FNDA:1291,(anonymous_52)
FNDA:51,(anonymous_53)
FNDA:1516,(anonymous_54)
FNDA:2689,(anonymous_55)
FNDA:661,(anonymous_56)
FNDA:63,(anonymous_57)
FNDA:1619,(anonymous_58)
FNDA:1874,(anonymous_59)
FNDA:492,(anonymous_60)
FNDA:511,(anonymous_61)
FNDA:50,(anonymous_62)
FNDA:1091,(anonymous_63)
FNDA:314,(anonymous_64)
FNDA:11,(anonymous_65)
FNDA:3,(anonymous_66)
FNDA:415,(anonymous_67)
FNDA:1328,(anonymous_68)
FNDA:370,(anonymous_69)
FNDA:298,(anonymous_70)
FNDA:117,(anonymous_71)
FNDA:137,(anonymous_72)
FNDA:821,(anonymous_73)
FNDA:279,(anonymous_74)
FNDA:128,(anonymous_75)
FNDA:4,(anonymous_76)
FNDA:2,(anonymous_77)
FNDA:58,(anonymous_78)
FNDA:34,(anonymous_79)
DA:1,6
DA:3,6
DA:4,6
DA:5,6
DA:6,6
DA:7,6
DA:18,6
DA:20,6
DA:26,5081
DA:27,5081
DA:31,0
DA:32,0
DA:33,0
DA:34,0
DA:36,0
DA:45,6
DA:49,898
DA:50,1251
DA:52,898
DA:54,1819
DA:56,13757
DA:57,5425
DA:58,5425
DA:61,0
DA:65,898
DA:68,6
DA:71,199
DA:73,5751
DA:74,5751
DA:75,2031
DA:77,3720
DA:79,1551
DA:83,6
DA:84,2139
DA:86,6
DA:87,3223
DA:89,6
DA:90,183
DA:93,13
DA:98,6
DA:101,13710
DA:102,13619
DA:104,91
DA:105,91
DA:124,6
DA:130,47
DA:131,47
DA:132,40
DA:133,1
DA:135,39
DA:139,20
DA:140,20
DA:141,20
DA:145,180
DA:149,6
DA:150,211
DA:151,11
DA:153,2169
DA:154,200
DA:155,127
DA:158,73
DA:159,73
DA:169,28
DA:170,28
DA:172,708
DA:173,708
DA:174,69
DA:179,639
DA:181,50
DA:186,18
DA:187,178
DA:191,4
DA:193,54
DA:195,54
DA:196,54
DA:198,50
DA:199,50
DA:201,50
DA:203,0
DA:205,4
DA:207,49
DA:212,1
DA:214,27
DA:215,4
DA:217,23
DA:219,4
DA:224,3
DA:226,23
DA:228,23
DA:229,22
DA:231,0
DA:233,22
DA:242,118
DA:244,2965
DA:245,2965
DA:246,4823
DA:247,2435
DA:248,2435
DA:251,577
DA:252,1516
DA:256,1291
DA:267,51
DA:269,1516
DA:270,1516
DA:271,4224
DA:272,4224
DA:274,3563
DA:275,3562
DA:276,3562
DA:278,1
DA:281,2689
DA:283,661
DA:292,63
DA:294,1619
DA:296,1619
DA:298,1619
DA:299,3495
DA:300,3495
DA:301,1880
DA:302,1880
DA:304,1615
DA:305,1613
DA:306,695
DA:308,918
DA:310,2
DA:315,922
DA:316,1874
DA:320,511
DA:325,50
DA:327,1091
DA:329,1091
DA:330,1091
DA:331,383
DA:333,708
DA:334,707
DA:336,1
DA:340,314
DA:345,11
DA:347,3
DA:355,6
DA:359,1328
DA:366,370
DA:368,298
DA:369,117
DA:372,137
DA:374,821
DA:377,6
DA:378,279
DA:379,128
DA:382,6
DA:384,6
DA:385,6
DA:386,2
DA:387,58
DA:390,6
DA:395,34
LF:156
LH:148
BRDA:20,0,0,0
BRDA:20,0,1,0
BRDA:74,1,0,2031
BRDA:74,1,1,3720
BRDA:87,2,0,3223
BRDA:87,2,1,3175
BRDA:90,3,0,163
BRDA:90,3,1,20
BRDA:91,4,0,150
BRDA:91,4,1,13
BRDA:94,5,0,1
BRDA:94,5,1,19
BRDA:101,6,0,13619
BRDA:101,6,1,91
BRDA:104,7,0,91
BRDA:104,7,1,0
BRDA:105,8,0,91
BRDA:105,8,1,0
BRDA:132,9,0,1
BRDA:132,9,1,39
BRDA:132,10,0,40
BRDA:132,10,1,7
BRDA:150,11,0,11
BRDA:150,11,1,200
BRDA:154,12,0,127
BRDA:154,12,1,73
BRDA:159,13,0,73
BRDA:159,13,1,73
BRDA:173,14,0,69
BRDA:173,14,1,639
BRDA:187,15,0,178
BRDA:187,15,1,177
BRDA:198,16,0,50
BRDA:198,16,1,0
BRDA:214,17,0,4
BRDA:214,17,1,23
BRDA:228,18,0,22
BRDA:228,18,1,0
BRDA:274,19,0,3562
BRDA:274,19,1,1
BRDA:281,20,0,854
BRDA:281,20,1,0
BRDA:298,21,0,3499
BRDA:298,21,1,20
BRDA:304,22,0,1613
BRDA:304,22,1,2
BRDA:305,23,0,695
BRDA:305,23,1,918
BRDA:305,24,0,1613
BRDA:305,24,1,918
BRDA:305,24,2,0
BRDA:333,25,0,707
BRDA:333,25,1,1
BRF:53
BRH:45
end_of_record
TN:
SF:src/synthax/operands-tree-builder.ts
FN:40,(anonymous_2)
FN:58,(anonymous_3)
FN:61,(anonymous_4)
FN:62,(anonymous_5)
FN:63,(anonymous_6)
FN:65,(anonymous_7)
FN:66,(anonymous_8)
FN:68,(anonymous_9)
FN:81,(anonymous_10)
FN:89,(anonymous_11)
FN:103,(anonymous_12)
FN:110,(anonymous_13)
FN:113,(anonymous_14)
FN:124,(anonymous_15)
FN:143,(anonymous_16)
FN:168,(anonymous_17)
FN:180,(anonymous_18)
FN:192,(anonymous_19)
FNF:18
FNH:18
FNDA:35,(anonymous_2)
FNDA:26,(anonymous_3)
FNDA:1670,(anonymous_4)
FNDA:1619,(anonymous_5)
FNDA:1496,(anonymous_6)
FNDA:1619,(anonymous_7)
FNDA:1496,(anonymous_8)
FNDA:1619,(anonymous_9)
FNDA:169,(anonymous_10)
FNDA:45,(anonymous_11)
FNDA:49,(anonymous_12)
FNDA:49,(anonymous_13)
FNDA:60,(anonymous_14)
FNDA:51,(anonymous_15)
FNDA:85,(anonymous_16)
FNDA:33,(anonymous_17)
FNDA:31,(anonymous_18)
FNDA:112,(anonymous_19)
DA:1,3
DA:3,3
DA:4,3
DA:5,3
DA:6,3
DA:39,3
DA:46,35
DA:51,35
DA:54,35
DA:55,35
DA:56,35
DA:58,3
DA:60,26
DA:61,1670
DA:62,1619
DA:64,1496
DA:65,1619
DA:67,1496
DA:68,1619
DA:69,1618
DA:70,1
DA:75,1495
DA:82,169
DA:83,5
DA:84,5
DA:86,164
DA:90,45
DA:92,7
DA:93,7
DA:94,7
DA:97,38
DA:98,38
DA:99,37
DA:106,49
DA:107,49
DA:108,0
DA:110,49
DA:114,60
DA:115,33
DA:116,33
DA:117,33
DA:118,19
DA:120,14
DA:125,51
DA:126,2
DA:129,49
DA:130,49
DA:132,49
DA:134,4
DA:135,4
DA:138,45
DA:139,45
DA:144,85
DA:145,2
DA:148,83
DA:149,12
DA:150,11
DA:151,0
DA:154,11
DA:156,11
DA:157,11
DA:158,11
DA:162,71
DA:163,71
DA:166,35
DA:169,33
DA:170,1
DA:173,32
DA:174,31
DA:177,31
DA:181,31
DA:182,2
DA:184,29
DA:185,0
DA:188,29
DA:192,3
DA:193,112
LF:77
LH:74
BRDA:65,0,0,1619
BRDA:65,0,1,415
BRDA:69,1,0,1
BRDA:69,1,1,1617
BRDA:82,2,0,5
BRDA:82,2,1,164
BRDA:90,3,0,7
BRDA:90,3,1,38
BRDA:106,4,0,49
BRDA:106,4,1,0
BRDA:107,5,0,0
BRDA:107,5,1,49
BRDA:116,6,0,33
BRDA:116,6,1,26
BRDA:116,6,2,8
BRDA:116,6,3,7
BRDA:117,7,0,19
BRDA:117,7,1,14
BRDA:125,8,0,2
BRDA:125,8,1,49
BRDA:132,9,0,4
BRDA:132,9,1,45
BRDA:132,10,0,49
BRDA:132,10,1,11
BRDA:144,11,0,2
BRDA:144,11,1,83
BRDA:148,12,0,12
BRDA:148,12,1,71
BRDA:150,13,0,0
BRDA:150,13,1,11
BRDA:169,14,0,1
BRDA:169,14,1,32
BRDA:181,15,0,2
BRDA:181,15,1,29
BRDA:184,16,0,0
BRDA:184,16,1,29
BRDA:193,17,0,112
BRDA:193,17,1,39
BRDA:193,17,2,39
BRDA:193,17,3,39
BRDA:193,17,4,39
BRF:41
BRH:37
end_of_record
TN:
SF:src/synthax/examples/ast-parser.ts
FN:41,(anonymous_0)
FN:42,(anonymous_1)
FN:42,(anonymous_2)
FN:44,(anonymous_3)
FN:49,(anonymous_4)
FN:54,(anonymous_5)
FN:55,(anonymous_6)
FN:61,(anonymous_7)
FN:61,(anonymous_8)
FN:64,(anonymous_9)
FN:87,(anonymous_10)
FN:91,(anonymous_11)
FN:91,(anonymous_12)
FN:97,(anonymous_13)
FN:107,(anonymous_14)
FN:123,(anonymous_15)
FN:124,(anonymous_16)
FN:129,(anonymous_17)
FN:317,(anonymous_18)
FN:370,(anonymous_19)
FN:370,(anonymous_20)
FN:372,(anonymous_21)
FN:373,(anonymous_22)
FN:374,(anonymous_23)
FN:375,(anonymous_24)
FN:377,(anonymous_25)
FN:378,(anonymous_26)
FN:388,(anonymous_27)
FN:390,(anonymous_28)
FN:391,(anonymous_29)
FN:392,(anonymous_30)
FN:393,(anonymous_31)
FN:399,(anonymous_32)
FN:400,(anonymous_33)
FN:406,(anonymous_34)
FN:407,(anonymous_35)
FN:414,(anonymous_36)
FN:415,(anonymous_37)
FN:418,(anonymous_38)
FN:423,(anonymous_39)
FN:424,(anonymous_40)
FN:434,(anonymous_41)
FN:436,(anonymous_42)
FN:442,(anonymous_43)
FN:456,(anonymous_44)
FN:462,(anonymous_45)
FN:483,(anonymous_46)
FN:484,(anonymous_47)
FN:484,(anonymous_48)
FN:486,(anonymous_49)
FN:508,(anonymous_50)
FN:510,(anonymous_51)
FN:541,(anonymous_52)
FN:543,(anonymous_53)
FN:557,(anonymous_54)
FN:559,(anonymous_55)
FN:569,(anonymous_56)
FN:570,(anonymous_57)
FN:570,(anonymous_58)
FN:589,(anonymous_59)
FN:594,(anonymous_60)
FN:596,(anonymous_61)
FN:614,(anonymous_62)
FN:616,(anonymous_63)
FNF:64
FNH:48
FNDA:3,(anonymous_0)
FNDA:40,(anonymous_1)
FNDA:112,(anonymous_2)
FNDA:38,(anonymous_3)
FNDA:14,(anonymous_4)
FNDA:30,(anonymous_5)
FNDA:29,(anonymous_6)
FNDA:0,(anonymous_7)
FNDA:0,(anonymous_8)
FNDA:70,(anonymous_9)
FNDA:38,(anonymous_10)
FNDA:38,(anonymous_11)
FNDA:76,(anonymous_12)
FNDA:108,(anonymous_13)
FNDA:17,(anonymous_14)
FNDA:0,(anonymous_15)
FNDA:0,(anonymous_16)
FNDA:0,(anonymous_17)
FNDA:1,(anonymous_18)
FNDA:16,(anonymous_19)
FNDA:36,(anonymous_20)
FNDA:1,(anonymous_21)
FNDA:1,(anonymous_22)
FNDA:2,(anonymous_23)
FNDA:3,(anonymous_24)
FNDA:1,(anonymous_25)
FNDA:0,(anonymous_26)
FNDA:1,(anonymous_27)
FNDA:0,(anonymous_28)
FNDA:2,(anonymous_29)
FNDA:1,(anonymous_30)
FNDA:2,(anonymous_31)
FNDA:1,(anonymous_32)
FNDA:1,(anonymous_33)
FNDA:36,(anonymous_34)
FNDA:1,(anonymous_35)
FNDA:1,(anonymous_36)
FNDA:1,(anonymous_37)
FNDA:1,(anonymous_38)
FNDA:3,(anonymous_39)
FNDA:0,(anonymous_40)
FNDA:1,(anonymous_41)
FNDA:3,(anonymous_42)
FNDA:1,(anonymous_43)
FNDA:3,(anonymous_44)
FNDA:0,(anonymous_45)
FNDA:0,(anonymous_46)
FNDA:0,(anonymous_47)
FNDA:0,(anonymous_48)
FNDA:39,(anonymous_49)
FNDA:12,(anonymous_50)
FNDA:16,(anonymous_51)
FNDA:0,(anonymous_52)
FNDA:0,(anonymous_53)
FNDA:0,(anonymous_54)
FNDA:0,(anonymous_55)
FNDA:3,(anonymous_56)
FNDA:3,(anonymous_57)
FNDA:3,(anonymous_58)
FNDA:7,(anonymous_59)
FNDA:15,(anonymous_60)
FNDA:11,(anonymous_61)
FNDA:7,(anonymous_62)
FNDA:15,(anonymous_63)
DA:1,2
DA:2,2
DA:3,2
DA:4,2
DA:5,2
DA:6,2
DA:9,2
DA:10,2
DA:41,2
DA:42,112
DA:44,3
DA:45,38
DA:47,38
DA:49,14
DA:54,3
DA:55,30
DA:57,30
DA:61,0
DA:64,3
DA:65,70
DA:67,14
DA:70,16
DA:73,27
DA:76,13
DA:79,0
DA:82,0
DA:87,3
DA:89,38
DA:91,76
DA:97,3
DA:98,108
DA:101,3
DA:107,2
DA:111,17
DA:112,17
DA:113,89
DA:114,32
DA:116,57
DA:119,17
DA:120,17
DA:123,2
DA:124,0
DA:125,0
DA:126,0
DA:127,0
DA:128,0
DA:129,0
DA:132,0
DA:135,0
DA:138,0
DA:317,2
DA:318,1
DA:319,1
DA:322,1
DA:370,36
DA:372,1
DA:373,1
DA:374,2
DA:375,3
DA:377,1
DA:378,1
DA:379,0
DA:380,0
DA:382,0
DA:386,1
DA:388,1
DA:390,1
DA:391,2
DA:392,1
DA:393,2
DA:395,1
DA:396,1
DA:399,1
DA:400,1
DA:401,1
DA:406,36
DA:407,1
DA:414,1
DA:415,1
DA:417,1
DA:418,1
DA:421,1
DA:423,3
DA:424,0
DA:431,1
DA:434,1
DA:436,3
DA:438,1
DA:442,1
DA:449,1
DA:457,3
DA:463,0
DA:474,1
DA:483,2
DA:484,0
DA:486,2
DA:487,39
DA:488,19
DA:491,20
DA:492,16
DA:493,0
DA:495,16
DA:496,3
DA:500,17
DA:502,7
DA:503,14
DA:505,7
DA:508,6
DA:509,12
DA:510,16
DA:511,12
DA:514,6
DA:515,12
DA:516,6
DA:517,7
DA:518,11
DA:523,6
DA:526,4
DA:527,0
DA:530,4
DA:531,1
DA:534,3
DA:537,0
DA:542,0
DA:543,0
DA:544,0
DA:553,0
DA:558,0
DA:559,0
DA:560,0
DA:568,3
DA:569,3
DA:570,3
DA:572,3
DA:575,0
DA:580,0
DA:589,7
DA:591,7
DA:592,7
DA:595,15
DA:596,15
DA:597,26
DA:598,26
DA:599,26
DA:600,5
DA:602,21
DA:603,21
DA:604,21
DA:607,15
DA:608,14
DA:609,14
DA:614,2
DA:615,7
DA:616,15
DA:618,7
LF:155
LH:125
BRDA:41,0,0,3
BRDA:47,1,0,7
BRDA:47,1,1,31
BRDA:51,2,0,8
BRDA:51,2,1,23
BRDA:57,3,0,30
BRDA:57,3,1,0
BRDA:58,4,0,29
BRDA:58,4,1,1
BRDA:65,5,0,14
BRDA:65,5,1,16
BRDA:65,5,2,27
BRDA:65,5,3,13
BRDA:65,5,4,0
BRDA:65,5,5,0
BRDA:67,6,0,13
BRDA:67,6,1,1
BRDA:73,7,0,1
BRDA:73,7,1,26
BRDA:76,8,0,1
BRDA:76,8,1,12
BRDA:79,9,0,0
BRDA:79,9,1,0
BRDA:90,10,0,38
BRDA:90,10,1,7
BRDA:90,10,2,0
BRDA:98,11,0,38
BRDA:98,11,1,70
BRDA:113,12,0,32
BRDA:113,12,1,57
BRDA:125,13,0,0
BRDA:125,13,1,0
BRDA:127,14,0,0
BRDA:127,14,1,0
BRDA:127,15,0,0
BRDA:127,15,1,0
BRDA:129,16,0,0
BRDA:129,16,1,0
BRDA:379,17,0,0
BRDA:379,17,1,0
BRDA:382,18,0,0
BRDA:382,18,1,0
BRDA:382,19,0,0
BRDA:382,19,1,0
BRDA:467,20,0,0
BRDA:467,20,1,0
BRDA:487,21,0,19
BRDA:487,21,1,20
BRDA:491,22,0,16
BRDA:491,22,1,4
BRDA:492,23,0,0
BRDA:492,23,1,16
BRDA:495,24,0,3
BRDA:495,24,1,13
BRDA:500,25,0,7
BRDA:500,25,1,6
BRDA:500,25,2,4
BRDA:500,25,3,0
BRDA:526,26,0,0
BRDA:526,26,1,4
BRDA:530,27,0,1
BRDA:530,27,1,3
BRDA:534,28,0,0
BRDA:534,28,1,0
BRDA:534,28,2,3
BRDA:534,28,3,0
BRDA:599,29,0,5
BRDA:599,29,1,21
BRDA:607,30,0,14
BRDA:607,30,1,1
BRF:70
BRH:42
end_of_record
TN:
SF:src/synthax/examples/graphql-parser.ts
FN:11,(anonymous_0)
FN:14,(anonymous_1)
FN:15,(anonymous_2)
FN:16,(anonymous_3)
FN:29,(anonymous_4)
FN:30,(anonymous_5)
FN:37,(anonymous_6)
FN:42,(anonymous_7)
FN:44,(anonymous_8)
FN:47,(anonymous_9)
FN:52,(anonymous_10)
FN:53,(anonymous_11)
FN:60,(anonymous_12)
FN:65,(anonymous_13)
FN:73,(anonymous_14)
FN:81,(anonymous_15)
FN:87,(anonymous_16)
FN:95,(anonymous_17)
FN:103,(anonymous_18)
FN:116,(anonymous_19)
FN:118,(anonymous_20)
FN:119,(anonymous_21)
FN:121,(anonymous_22)
FN:136,(anonymous_23)
FN:145,(anonymous_24)
FN:147,(anonymous_25)
FN:159,(anonymous_26)
FN:163,(anonymous_27)
FN:170,(anonymous_28)
FN:171,(anonymous_29)
FN:173,(anonymous_30)
FN:178,(anonymous_31)
FN:182,(anonymous_32)
FN:183,(anonymous_33)
FN:193,(anonymous_34)
FN:201,(anonymous_35)
FN:205,(anonymous_36)
FN:212,(anonymous_37)
FN:215,(anonymous_38)
FN:229,(anonymous_39)
FN:232,(anonymous_40)
FN:252,(anonymous_41)
FN:270,(anonymous_42)
FN:274,(anonymous_43)
FN:283,(anonymous_44)
FNF:45
FNH:45
FNDA:1,(anonymous_0)
FNDA:2,(anonymous_1)
FNDA:1,(anonymous_2)
FNDA:2,(anonymous_3)
FNDA:7,(anonymous_4)
FNDA:7,(anonymous_5)
FNDA:3,(anonymous_6)
FNDA:175,(anonymous_7)
FNDA:134,(anonymous_8)
FNDA:175,(anonymous_9)
FNDA:1,(anonymous_10)
FNDA:1,(anonymous_11)
FNDA:50,(anonymous_12)
FNDA:8,(anonymous_13)
FNDA:4,(anonymous_14)
FNDA:1,(anonymous_15)
FNDA:3,(anonymous_16)
FNDA:4,(anonymous_17)
FNDA:1,(anonymous_18)
FNDA:13,(anonymous_19)
FNDA:1,(anonymous_20)
FNDA:13,(anonymous_21)
FNDA:13,(anonymous_22)
FNDA:1,(anonymous_23)
FNDA:1,(anonymous_24)
FNDA:1,(anonymous_25)
FNDA:15,(anonymous_26)
FNDA:10,(anonymous_27)
FNDA:1,(anonymous_28)
FNDA:1,(anonymous_29)
FNDA:7,(anonymous_30)
FNDA:2,(anonymous_31)
FNDA:1,(anonymous_32)
FNDA:2,(anonymous_33)
FNDA:4,(anonymous_34)
FNDA:2,(anonymous_35)
FNDA:2,(anonymous_36)
FNDA:2,(anonymous_37)
FNDA:2,(anonymous_38)
FNDA:1,(anonymous_39)
FNDA:3,(anonymous_40)
FNDA:1,(anonymous_41)
FNDA:1,(anonymous_42)
FNDA:2,(anonymous_43)
FNDA:8,(anonymous_44)
DA:1,1
DA:2,1
DA:5,1
DA:11,1
DA:12,1
DA:14,2
DA:15,1
DA:16,2
DA:18,1
DA:20,1
DA:22,1
DA:29,7
DA:30,7
DA:32,1
DA:37,3
DA:39,1
DA:43,175
DA:44,134
DA:49,175
DA:52,1
DA:53,1
DA:55,1
DA:57,1
DA:60,50
DA:62,1
DA:65,8
DA:67,1
DA:73,4
DA:75,1
DA:81,1
DA:87,3
DA:95,4
DA:97,1
DA:103,1
DA:111,1
DA:116,13
DA:118,1
DA:119,13
DA:122,13
DA:132,1
DA:136,1
DA:138,1
DA:145,1
DA:148,1
DA:155,1
DA:159,15
DA:163,10
DA:165,1
DA:170,1
DA:171,1
DA:173,7
DA:175,1
DA:178,2
DA:182,1
DA:183,2
DA:185,1
DA:187,1
DA:193,4
DA:195,1
DA:201,2
DA:205,2
DA:207,1
DA:212,2
DA:216,2
DA:224,1
DA:229,1
DA:233,3
DA:241,1
DA:253,1
DA:261,1
DA:270,1
DA:275,2
DA:282,1
DA:283,8
DA:287,1
LF:75
LH:75
BRDA:87,0,0,3
BRDA:87,0,1,0
BRDA:278,1,0,2
BRDA:278,1,1,0
BRF:4
BRH:2
end_of_record
TN:
SF:src/synthax/examples/json-parser.ts
FN:11,(anonymous_0)
FN:14,(anonymous_1)
FN:17,(anonymous_2)
FN:21,(anonymous_3)
FN:34,(anonymous_4)
FN:35,(anonymous_5)
FN:35,(anonymous_6)
FN:40,(anonymous_7)
FN:43,(anonymous_8)
FN:44,(anonymous_9)
FN:49,(anonymous_10)
FN:52,(anonymous_11)
FN:59,(anonymous_12)
FN:61,(anonymous_13)
FN:66,(anonymous_14)
FN:69,(anonymous_15)
FN:70,(anonymous_16)
FN:86,(anonymous_17)
FN:95,(anonymous_18)
FN:96,(anonymous_19)
FN:99,(anonymous_20)
FN:100,(anonymous_21)
FN:103,(anonymous_22)
FN:107,(anonymous_23)
FN:108,(anonymous_24)
FN:111,(anonymous_25)
FN:116,(anonymous_26)
FN:120,(anonymous_27)
FN:121,(anonymous_28)
FN:129,(anonymous_29)
FN:132,(anonymous_30)
FN:135,(anonymous_31)
FN:136,(anonymous_32)
FN:138,(anonymous_33)
FN:139,(anonymous_34)
FN:140,(anonymous_35)
FN:149,(anonymous_36)
FN:157,(anonymous_37)
FN:161,(anonymous_38)
FN:161,(anonymous_39)
FN:169,(anonymous_40)
FN:173,(anonymous_41)
FN:173,(anonymous_42)
FN:175,(anonymous_43)
FNF:44
FNH:42
FNDA:2,(anonymous_0)
FNDA:2,(anonymous_1)
FNDA:1,(anonymous_2)
FNDA:8,(anonymous_3)
FNDA:56,(anonymous_4)
FNDA:56,(anonymous_5)
FNDA:3,(anonymous_6)
FNDA:8,(anonymous_7)
FNDA:4,(anonymous_8)
FNDA:4,(anonymous_9)
FNDA:7,(anonymous_10)
FNDA:6,(anonymous_11)
FNDA:29,(anonymous_12)
FNDA:16,(anonymous_13)
FNDA:13,(anonymous_14)
FNDA:3,(anonymous_15)
FNDA:3,(anonymous_16)
FNDA:2,(anonymous_17)
FNDA:2,(anonymous_18)
FNDA:3,(anonymous_19)
FNDA:0,(anonymous_20)
FNDA:0,(anonymous_21)
FNDA:2,(anonymous_22)
FNDA:2,(anonymous_23)
FNDA:2,(anonymous_24)
FNDA:2,(anonymous_25)
FNDA:1,(anonymous_26)
FNDA:2,(anonymous_27)
FNDA:1,(anonymous_28)
FNDA:2,(anonymous_29)
FNDA:12,(anonymous_30)
FNDA:14,(anonymous_31)
FNDA:12,(anonymous_32)
FNDA:3,(anonymous_33)
FNDA:2,(anonymous_34)
FNDA:1,(anonymous_35)
FNDA:8,(anonymous_36)
FNDA:6,(anonymous_37)
FNDA:2,(anonymous_38)
FNDA:6,(anonymous_39)
FNDA:1,(anonymous_40)
FNDA:1,(anonymous_41)
FNDA:1,(anonymous_42)
FNDA:2,(anonymous_43)
DA:1,5
DA:2,5
DA:3,5
DA:4,5
DA:5,5
DA:8,5
DA:10,5
DA:12,2
DA:15,2
DA:18,1
DA:23,8
DA:34,56
DA:35,56
DA:37,8
DA:40,8
DA:43,4
DA:44,4
DA:46,8
DA:49,7
DA:53,6
DA:59,29
DA:61,16
DA:66,13
DA:70,3
DA:72,3
DA:87,2
DA:96,3
DA:100,0
DA:104,2
DA:108,2
DA:112,2
DA:116,1
DA:121,2
DA:129,5
DA:130,2
DA:132,12
DA:134,2
DA:135,14
DA:136,12
DA:138,3
DA:139,2
DA:140,1
DA:143,2
DA:149,8
DA:151,2
DA:157,6
DA:161,6
DA:163,2
DA:169,1
DA:173,1
DA:175,2
DA:177,2
LF:52
LH:51
BRDA:29,0,0,8
BRDA:29,0,1,0
BRF:2
BRH:1
end_of_record
TN:
SF:src/synthax/examples/ts-ast-parser.ts
FN:5,(anonymous_0)
FN:15,(anonymous_1)
FN:34,(anonymous_2)
FN:56,(anonymous_3)
FN:67,(anonymous_4)
FN:89,(anonymous_5)
FN:97,(anonymous_6)
FN:104,(anonymous_7)
FN:111,(anonymous_8)
FN:145,(anonymous_9)
FN:176,(anonymous_10)
FN:190,(anonymous_11)
FN:190,(anonymous_12)
FNF:13
FNH:13
FNDA:19,(anonymous_0)
FNDA:19,(anonymous_1)
FNDA:20,(anonymous_2)
FNDA:20,(anonymous_3)
FNDA:19,(anonymous_4)
FNDA:20,(anonymous_5)
FNDA:20,(anonymous_6)
FNDA:20,(anonymous_7)
FNDA:19,(anonymous_8)
FNDA:19,(anonymous_9)
FNDA:19,(anonymous_10)
FNDA:342,(anonymous_11)
FNDA:1292,(anonymous_12)
DA:1,3
DA:4,3
DA:6,19
DA:16,19
DA:35,20
DA:57,20
DA:68,19
DA:90,20
DA:98,20
DA:105,20
DA:112,19
DA:146,19
DA:176,3
DA:177,19
DA:190,1292
LF:15
LH:15
BRF:0
BRH:0
end_of_record
TN:
SF:src/synthax/util/code-points-builder.ts
FN:4,(anonymous_0)
FN:22,(anonymous_1)
FN:24,(anonymous_2)
FN:28,(anonymous_3)
FN:33,(anonymous_4)
FNF:5
FNH:5
FNDA:48,(anonymous_0)
FNDA:48,(anonymous_1)
FNDA:499,(anonymous_2)
FNDA:6,(anonymous_3)
FNDA:13,(anonymous_4)
DA:1,7
DA:2,7
DA:4,7
DA:5,48
DA:6,1
DA:8,47
DA:9,47
DA:10,47
DA:11,1
DA:13,46
DA:14,1
DA:16,45
DA:19,7
DA:20,24
DA:23,48
DA:24,499
DA:25,45
DA:29,6
DA:30,6
DA:34,13
LF:20
LH:20
BRDA:5,0,0,1
BRDA:5,0,1,47
BRDA:10,1,0,1
BRDA:10,1,1,46
BRDA:10,2,0,47
BRDA:10,2,1,47
BRDA:13,3,0,1
BRDA:13,3,1,45
BRF:8
BRH:8
end_of_record
TN:
SF:src/utils/array-utils.ts
FN:1,(anonymous_0)
FN:14,(anonymous_1)
FN:15,(anonymous_2)
FN:15,(anonymous_3)
FN:17,(anonymous_4)
FN:18,(anonymous_5)
FN:20,(anonymous_6)
FN:26,(anonymous_7)
FN:30,(anonymous_8)
FN:35,(anonymous_9)
FN:40,(anonymous_10)
FN:45,(anonymous_11)
FN:52,(anonymous_12)
FNF:13
FNH:13
FNDA:3,(anonymous_0)
FNDA:3,(anonymous_1)
FNDA:3,(anonymous_2)
FNDA:4,(anonymous_3)
FNDA:43,(anonymous_4)
FNDA:117,(anonymous_5)
FNDA:4,(anonymous_6)
FNDA:2,(anonymous_7)
FNDA:2,(anonymous_8)
FNDA:2,(anonymous_9)
FNDA:2,(anonymous_10)
FNDA:2,(anonymous_11)
FNDA:2,(anonymous_12)
DA:1,7
DA:2,3
DA:3,3
DA:4,3
DA:5,7
DA:6,7
DA:7,7
DA:8,3
DA:10,4
DA:11,4
DA:14,7
DA:15,4
DA:17,7
DA:18,117
DA:20,7
DA:21,4
DA:22,3
DA:25,1
DA:26,2
DA:29,7
DA:31,2
DA:32,2
DA:33,2
DA:36,2
DA:37,2
DA:38,2
DA:41,2
DA:42,2
DA:43,2
DA:46,2
DA:47,2
DA:48,2
DA:52,7
DA:56,2
LF:34
LH:34
BRDA:7,0,0,3
BRDA:7,0,1,4
BRDA:15,1,0,1
BRDA:15,1,1,2
BRDA:21,2,0,3
BRDA:21,2,1,1
BRDA:21,3,0,4
BRDA:21,3,1,3
BRDA:21,3,2,2
BRDA:30,4,0,1
BRDA:31,5,0,1
BRDA:31,5,1,1
BRDA:35,6,0,1
BRDA:36,7,0,1
BRDA:36,7,1,1
BRDA:40,8,0,0
BRDA:40,9,0,1
BRDA:41,10,0,1
BRDA:41,10,1,1
BRDA:45,11,0,1
BRDA:46,12,0,1
BRDA:46,12,1,1
BRDA:56,13,0,1
BRDA:56,13,1,1
BRF:24
BRH:23
end_of_record
TN:
SF:src/utils/flow-utils.ts
FN:4,catching
FN:12,(anonymous_1)
FN:20,(anonymous_2)
FN:26,(anonymous_3)
FNF:4
FNH:4
FNDA:3,catching
FNDA:2,(anonymous_1)
FNDA:2,(anonymous_2)
FNDA:465,(anonymous_3)
DA:4,10
DA:5,3
DA:6,3
DA:8,2
DA:12,10
DA:13,2
DA:14,2
DA:16,1
DA:20,10
DA:21,2
DA:24,10
DA:26,10
DA:30,465
DA:31,9
DA:32,6
DA:34,3
DA:35,3
DA:36,2
DA:38,1
DA:40,456
LF:20
LH:20
BRDA:28,0,0,412
BRDA:30,1,0,9
BRDA:30,1,1,456
BRDA:31,2,0,6
BRDA:31,2,1,3
BRDA:35,3,0,2
BRDA:35,3,1,1
BRF:7
BRH:7
end_of_record
TN:
SF:src/utils/iterable-utils.ts
FN:1,(anonymous_0)
FN:4,(anonymous_1)
FN:8,(anonymous_2)
FN:14,(anonymous_3)
FN:16,(anonymous_4)
FN:19,(anonymous_5)
FN:23,(anonymous_6)
FN:29,(anonymous_7)
FN:32,(anonymous_8)
FN:39,(anonymous_9)
FN:51,(anonymous_10)
FN:53,(anonymous_11)
FN:56,(anonymous_12)
FNF:13
FNH:13
FNDA:5,(anonymous_0)
FNDA:12,(anonymous_1)
FNDA:5,(anonymous_2)
FNDA:4,(anonymous_3)
FNDA:7,(anonymous_4)
FNDA:7,(anonymous_5)
FNDA:4,(anonymous_6)
FNDA:4,(anonymous_7)
FNDA:7,(anonymous_8)
FNDA:4,(anonymous_9)
FNDA:6,(anonymous_10)
FNDA:6,(anonymous_11)
FNDA:16,(anonymous_12)
DA:1,2
DA:2,5
DA:3,5
DA:4,12
DA:9,5
DA:14,2
DA:15,4
DA:16,7
DA:18,4
DA:19,7
DA:24,4
DA:29,2
DA:30,4
DA:31,4
DA:33,7
DA:34,7
DA:40,4
DA:50,2
DA:52,6
DA:54,6
DA:55,6
DA:57,16
DA:58,28
DA:59,28
DA:60,6
DA:62,22
DA:63,10
DA:73,2
LF:28
LH:28
BRDA:59,0,0,6
BRDA:59,0,1,22
BRDA:62,1,0,10
BRDA:62,1,1,12
BRF:4
BRH:4
end_of_record
TN:
SF:src/utils/numeric-utils.ts
FN:1,(anonymous_0)
FN:4,(anonymous_1)
FN:6,(anonymous_2)
FN:8,(anonymous_3)
FN:11,(anonymous_4)
FNF:5
FNH:5
FNDA:20,(anonymous_0)
FNDA:21,(anonymous_1)
FNDA:21,(anonymous_2)
FNDA:10,(anonymous_3)
FNDA:15,(anonymous_4)
DA:1,1
DA:2,20
DA:4,21
DA:6,21
DA:8,1
DA:9,10
DA:11,1
DA:12,15
DA:13,3
DA:15,12
LF:10
LH:10
BRDA:2,0,0,10
BRDA:2,0,1,10
BRDA:12,1,0,3
BRDA:12,1,1,12
BRF:4
BRH:4
end_of_record
TN:
SF:src/utils/object-utils.ts
FN:1,(anonymous_0)
FN:9,(anonymous_1)
FN:17,(anonymous_2)
FN:25,(anonymous_3)
FNF:4
FNH:4
FNDA:3,(anonymous_0)
FNDA:3,(anonymous_1)
FNDA:3,(anonymous_2)
FNDA:5,(anonymous_3)
DA:1,6
DA:2,3
DA:3,3
DA:4,5
DA:6,3
DA:9,6
DA:10,3
DA:11,3
DA:12,6
DA:14,3
DA:17,6
DA:18,3
DA:19,3
DA:20,5
DA:22,3
DA:25,6
DA:27,5
LF:17
LH:17
BRF:0
BRH:0
end_of_record
TN:
SF:src/utils/string-util.ts
FN:4,(anonymous_0)
FN:16,(anonymous_1)
FN:23,(anonymous_2)
FN:28,(anonymous_3)
FN:40,(anonymous_4)
FN:49,(anonymous_5)
FN:54,(anonymous_6)
FN:86,(anonymous_7)
FNF:8
FNH:8
FNDA:9,(anonymous_0)
FNDA:10,(anonymous_1)
FNDA:4,(anonymous_2)
FNDA:32,(anonymous_3)
FNDA:109,(anonymous_4)
FNDA:290,(anonymous_5)
FNDA:723,(anonymous_6)
FNDA:24,(anonymous_7)
DA:1,8
DA:2,8
DA:4,8
DA:5,9
DA:6,9
DA:7,27
DA:8,27
DA:9,9
DA:11,18
DA:13,9
DA:16,8
DA:17,10
DA:18,1
DA:20,9
DA:23,8
DA:28,8
DA:29,32
DA:33,32
DA:34,204
DA:35,204
DA:36,1
DA:37,1
DA:40,203
DA:42,203
DA:43,539
DA:44,539
DA:45,203
DA:46,203
DA:49,336
DA:52,32
DA:55,723
DA:56,723
DA:57,29
DA:60,694
DA:61,694
DA:62,595
DA:65,99
DA:66,99
DA:68,99
DA:69,213
DA:70,213
DA:71,213
DA:72,99
DA:74,114
DA:75,114
DA:76,45
DA:86,8
DA:87,24
DA:88,24
DA:90,24
DA:91,46
DA:92,46
DA:93,15
DA:95,31
DA:96,20
DA:98,11
DA:101,9
LF:57
LH:57
BRDA:8,0,0,9
BRDA:8,0,1,18
BRDA:17,1,0,1
BRDA:17,1,1,9
BRDA:35,2,0,1
BRDA:35,2,1,203
BRDA:44,3,0,203
BRDA:44,3,1,336
BRDA:56,4,0,29
BRDA:56,4,1,694
BRDA:61,5,0,595
BRDA:61,5,1,99
BRDA:70,6,0,213
BRDA:70,6,1,211
BRDA:71,7,0,99
BRDA:71,7,1,114
BRDA:75,8,0,45
BRDA:75,8,1,69
BRDA:92,9,0,15
BRDA:92,9,1,31
BRDA:95,10,0,20
BRDA:95,10,1,11
BRF:22
BRH:22
end_of_record
