<?xml version="1.0" encoding="UTF-8"?>
<coverage generated="1764142362496" clover="3.2.0">
  <project timestamp="1764142362496" name="All files">
    <metrics statements="2298" coveredstatements="2158" conditionals="956" coveredconditionals="820" methods="721" coveredmethods="658" elements="3975" coveredelements="3636" complexity="0" loc="2298" ncloc="2298" packages="15" files="60" classes="60"/>
    <package name="core">
      <metrics statements="801" coveredstatements="789" conditionals="369" coveredconditionals="351" methods="162" coveredmethods="159"/>
      <file name="checks.ts" path="/home/ing/IdeaProjects/kit/kit/src/core/checks.ts">
        <metrics statements="66" coveredstatements="66" conditionals="33" coveredconditionals="30" methods="27" coveredmethods="27"/>
        <line num="24" count="22" type="stmt"/>
        <line num="36" count="19" type="stmt"/>
        <line num="45" count="19" type="stmt"/>
        <line num="58" count="306" type="stmt"/>
        <line num="69" count="19" type="stmt"/>
        <line num="81" count="19" type="stmt"/>
        <line num="92" count="19" type="stmt"/>
        <line num="100" count="500975" type="stmt"/>
        <line num="112" count="21" type="stmt"/>
        <line num="124" count="19" type="cond" truecount="2" falsecount="0"/>
        <line num="137" count="19" type="stmt"/>
        <line num="138" count="5" type="cond" truecount="2" falsecount="0"/>
        <line num="151" count="19" type="stmt"/>
        <line num="152" count="7" type="cond" truecount="3" falsecount="0"/>
        <line num="161" count="1467" type="stmt"/>
        <line num="172" count="19" type="stmt"/>
        <line num="173" count="19" type="stmt"/>
        <line num="174" count="2" type="stmt"/>
        <line num="175" count="7" type="cond" truecount="2" falsecount="0"/>
        <line num="176" count="1" type="stmt"/>
        <line num="178" count="6" type="stmt"/>
        <line num="179" count="8" type="cond" truecount="2" falsecount="0"/>
        <line num="180" count="2" type="stmt"/>
        <line num="183" count="4" type="stmt"/>
        <line num="193" count="19" type="stmt"/>
        <line num="194" count="19" type="stmt"/>
        <line num="195" count="2" type="stmt"/>
        <line num="196" count="6" type="stmt"/>
        <line num="197" count="7" type="cond" truecount="2" falsecount="0"/>
        <line num="198" count="4" type="stmt"/>
        <line num="201" count="2" type="stmt"/>
        <line num="223" count="19" type="stmt"/>
        <line num="224" count="19" type="stmt"/>
        <line num="225" count="500958" type="stmt"/>
        <line num="226" count="500960" type="stmt"/>
        <line num="227" count="500962" type="cond" truecount="2" falsecount="0"/>
        <line num="228" count="500959" type="stmt"/>
        <line num="231" count="1" type="stmt"/>
        <line num="243" count="19" type="stmt"/>
        <line num="244" count="19" type="stmt"/>
        <line num="245" count="2" type="stmt"/>
        <line num="246" count="7" type="cond" truecount="4" falsecount="0"/>
        <line num="247" count="2" type="stmt"/>
        <line num="249" count="5" type="stmt"/>
        <line num="250" count="10" type="cond" truecount="2" falsecount="0"/>
        <line num="251" count="2" type="stmt"/>
        <line num="255" count="3" type="stmt"/>
        <line num="268" count="19" type="stmt"/>
        <line num="269" count="1" type="stmt"/>
        <line num="282" count="19" type="stmt"/>
        <line num="283" count="19" type="stmt"/>
        <line num="284" count="1" type="stmt"/>
        <line num="285" count="2" type="cond" truecount="2" falsecount="0"/>
        <line num="286" count="1" type="cond" truecount="1" falsecount="1"/>
        <line num="288" count="1" type="stmt"/>
        <line num="300" count="19" type="stmt"/>
        <line num="301" count="19" type="stmt"/>
        <line num="302" count="1" type="stmt"/>
        <line num="303" count="2" type="cond" truecount="2" falsecount="0"/>
        <line num="304" count="1" type="cond" truecount="1" falsecount="1"/>
        <line num="306" count="1" type="stmt"/>
        <line num="320" count="19" type="stmt"/>
        <line num="325" count="500962" type="cond" truecount="2" falsecount="0"/>
        <line num="326" count="2" type="stmt"/>
        <line num="327" count="2" type="cond" truecount="1" falsecount="1"/>
        <line num="329" count="500960" type="stmt"/>
      </file>
      <file name="code-points-matching-tree.ts" path="/home/ing/IdeaProjects/kit/kit/src/core/code-points-matching-tree.ts">
        <metrics statements="33" coveredstatements="33" conditionals="14" coveredconditionals="14" methods="4" coveredmethods="4"/>
        <line num="1" count="14" type="stmt"/>
        <line num="2" count="14" type="stmt"/>
        <line num="22" count="14" type="stmt"/>
        <line num="25" count="38" type="stmt"/>
        <line num="29" count="38" type="stmt"/>
        <line num="30" count="154" type="stmt"/>
        <line num="31" count="154" type="cond" truecount="2" falsecount="0"/>
        <line num="32" count="2" type="stmt"/>
        <line num="33" count="2" type="stmt"/>
        <line num="36" count="152" type="stmt"/>
        <line num="38" count="152" type="stmt"/>
        <line num="39" count="452" type="stmt"/>
        <line num="40" count="452" type="cond" truecount="2" falsecount="0"/>
        <line num="41" count="152" type="stmt"/>
        <line num="42" count="152" type="stmt"/>
        <line num="45" count="300" type="stmt"/>
        <line num="48" count="38" type="stmt"/>
        <line num="51" count="149" type="stmt"/>
        <line num="52" count="149" type="cond" truecount="2" falsecount="0"/>
        <line num="53" count="9" type="stmt"/>
        <line num="56" count="140" type="stmt"/>
        <line num="57" count="140" type="cond" truecount="2" falsecount="0"/>
        <line num="58" count="72" type="stmt"/>
        <line num="61" count="68" type="stmt"/>
        <line num="62" count="68" type="stmt"/>
        <line num="64" count="68" type="stmt"/>
        <line num="65" count="227" type="stmt"/>
        <line num="66" count="227" type="cond" truecount="2" falsecount="0"/>
        <line num="67" count="227" type="cond" truecount="2" falsecount="0"/>
        <line num="68" count="68" type="stmt"/>
        <line num="70" count="159" type="stmt"/>
        <line num="71" count="159" type="cond" truecount="2" falsecount="0"/>
        <line num="72" count="63" type="stmt"/>
      </file>
      <file name="contextual-logger.ts" path="/home/ing/IdeaProjects/kit/kit/src/core/contextual-logger.ts">
        <metrics statements="2" coveredstatements="2" conditionals="0" coveredconditionals="0" methods="1" coveredmethods="1"/>
        <line num="11" count="13" type="stmt"/>
        <line num="12" count="2" type="stmt"/>
      </file>
      <file name="disposers.ts" path="/home/ing/IdeaProjects/kit/kit/src/core/disposers.ts">
        <metrics statements="21" coveredstatements="21" conditionals="4" coveredconditionals="4" methods="3" coveredmethods="3"/>
        <line num="1" count="13" type="stmt"/>
        <line num="43" count="13" type="stmt"/>
        <line num="47" count="9" type="stmt"/>
        <line num="48" count="9" type="stmt"/>
        <line num="49" count="18" type="stmt"/>
        <line num="50" count="18" type="cond" truecount="2" falsecount="0"/>
        <line num="51" count="14" type="stmt"/>
        <line num="53" count="4" type="stmt"/>
        <line num="54" count="3" type="stmt"/>
        <line num="57" count="2" type="stmt"/>
        <line num="58" count="2" type="stmt"/>
        <line num="60" count="2" type="stmt"/>
        <line num="63" count="7" type="stmt"/>
        <line num="65" count="7" type="stmt"/>
        <line num="66" count="7" type="stmt"/>
        <line num="67" count="7" type="stmt"/>
        <line num="68" count="14" type="stmt"/>
        <line num="69" count="14" type="stmt"/>
        <line num="71" count="5" type="stmt"/>
        <line num="74" count="7" type="cond" truecount="2" falsecount="0"/>
        <line num="75" count="3" type="stmt"/>
      </file>
      <file name="emitter.ts" path="/home/ing/IdeaProjects/kit/kit/src/core/emitter.ts">
        <metrics statements="46" coveredstatements="43" conditionals="14" coveredconditionals="13" methods="13" coveredmethods="11"/>
        <line num="1" count="14" type="stmt"/>
        <line num="2" count="14" type="stmt"/>
        <line num="3" count="14" type="stmt"/>
        <line num="20" count="14" type="stmt"/>
        <line num="21" count="14" type="stmt"/>
        <line num="22" count="14" type="stmt"/>
        <line num="25" count="1" type="stmt"/>
        <line num="29" count="26" type="stmt"/>
        <line num="30" count="26" type="cond" truecount="2" falsecount="0"/>
        <line num="31" count="6" type="stmt"/>
        <line num="33" count="20" type="stmt"/>
        <line num="35" count="26" type="stmt"/>
        <line num="39" count="16" type="stmt"/>
        <line num="40" count="16" type="cond" truecount="2" falsecount="0"/>
        <line num="41" count="1" type="stmt"/>
        <line num="43" count="15" type="stmt"/>
        <line num="44" count="15" type="cond" truecount="2" falsecount="0"/>
        <line num="45" count="10" type="cond" truecount="1" falsecount="1"/>
        <line num="46" count="0" type="stmt"/>
        <line num="48" count="10" type="stmt"/>
        <line num="62" count="14" type="stmt"/>
        <line num="63" count="12" type="stmt"/>
        <line num="76" count="14" type="stmt"/>
        <line num="77" count="14" type="stmt"/>
        <line num="88" count="14" type="stmt"/>
        <line num="89" count="7" type="stmt"/>
        <line num="90" count="14" type="stmt"/>
        <line num="106" count="14" type="stmt"/>
        <line num="107" count="10" type="stmt"/>
        <line num="110" count="10" type="stmt"/>
        <line num="111" count="10" type="cond" truecount="2" falsecount="0"/>
        <line num="112" count="4" type="stmt"/>
        <line num="113" count="4" type="stmt"/>
        <line num="114" count="4" type="stmt"/>
        <line num="115" count="1" type="stmt"/>
        <line num="122" count="10" type="stmt"/>
        <line num="123" count="10" type="cond" truecount="2" falsecount="0"/>
        <line num="124" count="2" type="stmt"/>
        <line num="125" count="2" type="stmt"/>
        <line num="126" count="2" type="stmt"/>
        <line num="127" count="2" type="stmt"/>
        <line num="128" count="0" type="stmt"/>
        <line num="134" count="10" type="cond" truecount="2" falsecount="0"/>
        <line num="135" count="1" type="stmt"/>
        <line num="139" count="14" type="stmt"/>
        <line num="146" count="0" type="stmt"/>
      </file>
      <file name="error-utils.ts" path="/home/ing/IdeaProjects/kit/kit/src/core/error-utils.ts">
        <metrics statements="3" coveredstatements="3" conditionals="4" coveredconditionals="4" methods="2" coveredmethods="2"/>
        <line num="10" count="14" type="stmt"/>
        <line num="11" count="17" type="cond" truecount="2" falsecount="0"/>
        <line num="24" count="14" type="cond" truecount="2" falsecount="0"/>
      </file>
      <file name="format-duration.ts" path="/home/ing/IdeaProjects/kit/kit/src/core/format-duration.ts">
        <metrics statements="7" coveredstatements="7" conditionals="2" coveredconditionals="2" methods="1" coveredmethods="1"/>
        <line num="13" count="13" type="stmt"/>
        <line num="14" count="17" type="stmt"/>
        <line num="15" count="17" type="stmt"/>
        <line num="17" count="17" type="stmt"/>
        <line num="18" count="17" type="stmt"/>
        <line num="20" count="17" type="stmt"/>
        <line num="22" count="17" type="cond" truecount="2" falsecount="0"/>
      </file>
      <file name="ioc.ts" path="/home/ing/IdeaProjects/kit/kit/src/core/ioc.ts">
        <metrics statements="31" coveredstatements="29" conditionals="9" coveredconditionals="8" methods="5" coveredmethods="4"/>
        <line num="1" count="13" type="cond" truecount="2" falsecount="0"/>
        <line num="2" count="13" type="stmt"/>
        <line num="3" count="13" type="stmt"/>
        <line num="4" count="13" type="stmt"/>
        <line num="31" count="13" type="stmt"/>
        <line num="34" count="7" type="stmt"/>
        <line num="35" count="7" type="stmt"/>
        <line num="36" count="7" type="stmt"/>
        <line num="37" count="7" type="stmt"/>
        <line num="41" count="7" type="stmt"/>
        <line num="42" count="12" type="stmt"/>
        <line num="44" count="0" type="stmt"/>
        <line num="47" count="12" type="cond" truecount="2" falsecount="0"/>
        <line num="48" count="1" type="stmt"/>
        <line num="50" count="11" type="stmt"/>
        <line num="54" count="12" type="stmt"/>
        <line num="56" count="14" type="stmt"/>
        <line num="57" count="14" type="cond" truecount="2" falsecount="0"/>
        <line num="58" count="1" type="stmt"/>
        <line num="60" count="13" type="cond" truecount="2" falsecount="1"/>
        <line num="62" count="2" type="stmt"/>
        <line num="65" count="0" type="stmt"/>
        <line num="68" count="11" type="stmt"/>
        <line num="69" count="11" type="stmt"/>
        <line num="70" count="11" type="stmt"/>
        <line num="71" count="6" type="stmt"/>
        <line num="77" count="6" type="stmt"/>
        <line num="78" count="6" type="stmt"/>
        <line num="80" count="5" type="stmt"/>
        <line num="81" count="5" type="stmt"/>
        <line num="91" count="7" type="stmt"/>
      </file>
      <file name="manual-sorting.ts" path="/home/ing/IdeaProjects/kit/kit/src/core/manual-sorting.ts">
        <metrics statements="191" coveredstatements="184" conditionals="88" coveredconditionals="81" methods="22" coveredmethods="22"/>
        <line num="1" count="13" type="stmt"/>
        <line num="3" count="13" type="stmt"/>
        <line num="4" count="13" type="stmt"/>
        <line num="5" count="13" type="stmt"/>
        <line num="6" count="13" type="stmt"/>
        <line num="19" count="13" type="stmt"/>
        <line num="20" count="31" type="stmt"/>
        <line num="21" count="31" type="stmt"/>
        <line num="26" count="31" type="stmt"/>
        <line num="27" count="31" type="stmt"/>
        <line num="28" count="31" type="cond" truecount="1" falsecount="0"/>
        <line num="31" count="7" type="stmt"/>
        <line num="36" count="31" type="stmt"/>
        <line num="37" count="31" type="stmt"/>
        <line num="41" count="24" type="stmt"/>
        <line num="45" count="26" type="stmt"/>
        <line num="53" count="13" type="stmt"/>
        <line num="55" count="13" type="cond" truecount="4" falsecount="0"/>
        <line num="56" count="1" type="stmt"/>
        <line num="58" count="12" type="cond" truecount="4" falsecount="0"/>
        <line num="59" count="1" type="stmt"/>
        <line num="62" count="11" type="stmt"/>
        <line num="63" count="11" type="stmt"/>
        <line num="65" count="11" type="stmt"/>
        <line num="66" count="11" type="stmt"/>
        <line num="68" count="11" type="cond" truecount="4" falsecount="0"/>
        <line num="69" count="1" type="stmt"/>
        <line num="72" count="10" type="stmt"/>
        <line num="82" count="7" type="stmt"/>
        <line num="83" count="7" type="stmt"/>
        <line num="85" count="7" type="stmt"/>
        <line num="87" count="7" type="stmt"/>
        <line num="88" count="7" type="stmt"/>
        <line num="90" count="7" type="stmt"/>
        <line num="91" count="7" type="stmt"/>
        <line num="93" count="7" type="stmt"/>
        <line num="94" count="7" type="stmt"/>
        <line num="95" count="7" type="stmt"/>
        <line num="153" count="13" type="stmt"/>
        <line num="163" count="13" type="stmt"/>
        <line num="201" count="25" type="stmt"/>
        <line num="207" count="16295" type="stmt"/>
        <line num="218" count="10705" type="cond" truecount="2" falsecount="0"/>
        <line num="219" count="1" type="stmt"/>
        <line num="222" count="10704" type="stmt"/>
        <line num="223" count="10704" type="cond" truecount="2" falsecount="0"/>
        <line num="224" count="5114" type="cond" truecount="2" falsecount="0"/>
        <line num="227" count="5590" type="cond" truecount="2" falsecount="0"/>
        <line num="228" count="1" type="stmt"/>
        <line num="230" count="5589" type="stmt"/>
        <line num="231" count="5589" type="stmt"/>
        <line num="232" count="5589" type="stmt"/>
        <line num="244" count="18" type="stmt"/>
        <line num="245" count="18" type="stmt"/>
        <line num="247" count="18" type="stmt"/>
        <line num="248" count="18" type="stmt"/>
        <line num="249" count="18" type="stmt"/>
        <line num="251" count="18" type="stmt"/>
        <line num="252" count="18" type="stmt"/>
        <line num="253" count="1" type="stmt"/>
        <line num="255" count="18" type="stmt"/>
        <line num="256" count="10" type="stmt"/>
        <line num="259" count="18" type="stmt"/>
        <line num="267" count="5119" type="cond" truecount="1" falsecount="1"/>
        <line num="268" count="0" type="stmt"/>
        <line num="270" count="5119" type="cond" truecount="2" falsecount="0"/>
        <line num="271" count="1" type="stmt"/>
        <line num="274" count="5119" type="stmt"/>
        <line num="275" count="5119" type="stmt"/>
        <line num="277" count="5119" type="stmt"/>
        <line num="278" count="176868" type="stmt"/>
        <line num="279" count="176868" type="cond" truecount="2" falsecount="0"/>
        <line num="281" count="176868" type="cond" truecount="2" falsecount="0"/>
        <line num="282" count="10188" type="stmt"/>
        <line num="283" count="10188" type="cond" truecount="2" falsecount="0"/>
        <line num="284" count="4977" type="stmt"/>
        <line num="286" count="5211" type="cond" truecount="4" falsecount="0"/>
        <line num="287" count="142" type="stmt"/>
        <line num="288" count="142" type="stmt"/>
        <line num="292" count="171749" type="cond" truecount="1" falsecount="1"/>
        <line num="293" count="0" type="stmt"/>
        <line num="295" count="171749" type="stmt"/>
        <line num="298" count="142" type="stmt"/>
        <line num="312" count="35" type="cond" truecount="4" falsecount="0"/>
        <line num="313" count="35" type="stmt"/>
        <line num="315" count="35" type="cond" truecount="4" falsecount="0"/>
        <line num="316" count="1" type="stmt"/>
        <line num="319" count="34" type="stmt"/>
        <line num="320" count="34" type="stmt"/>
        <line num="322" count="34" type="stmt"/>
        <line num="323" count="34" type="stmt"/>
        <line num="324" count="145" type="stmt"/>
        <line num="326" count="145" type="stmt"/>
        <line num="327" count="5105" type="stmt"/>
        <line num="328" count="5105" type="stmt"/>
        <line num="330" count="132" type="cond" truecount="4" falsecount="1"/>
        <line num="331" count="0" type="stmt"/>
        <line num="334" count="132" type="stmt"/>
        <line num="335" count="132" type="stmt"/>
        <line num="336" count="132" type="stmt"/>
        <line num="338" count="132" type="stmt"/>
        <line num="340" count="4973" type="cond" truecount="1" falsecount="1"/>
        <line num="342" count="4973" type="stmt"/>
        <line num="344" count="0" type="stmt"/>
        <line num="348" count="145" type="cond" truecount="2" falsecount="0"/>
        <line num="350" count="13" type="stmt"/>
        <line num="354" count="21" type="stmt"/>
        <line num="361" count="10" type="stmt"/>
        <line num="362" count="10" type="stmt"/>
        <line num="363" count="24" type="stmt"/>
        <line num="364" count="24" type="stmt"/>
        <line num="366" count="10" type="stmt"/>
        <line num="373" count="4" type="cond" truecount="2" falsecount="0"/>
        <line num="374" count="2" type="stmt"/>
        <line num="377" count="2" type="stmt"/>
        <line num="378" count="2" type="stmt"/>
        <line num="379" count="2" type="cond" truecount="2" falsecount="0"/>
        <line num="390" count="1036" type="cond" truecount="2" falsecount="0"/>
        <line num="391" count="3" type="stmt"/>
        <line num="394" count="1033" type="stmt"/>
        <line num="395" count="1033" type="cond" truecount="2" falsecount="0"/>
        <line num="396" count="1033" type="stmt"/>
        <line num="397" count="1033" type="stmt"/>
        <line num="399" count="1033" type="cond" truecount="2" falsecount="0"/>
        <line num="400" count="125344" type="stmt"/>
        <line num="401" count="525" type="stmt"/>
        <line num="402" count="576" type="cond" truecount="2" falsecount="0"/>
        <line num="403" count="515" type="stmt"/>
        <line num="404" count="515" type="stmt"/>
        <line num="405" count="515" type="cond" truecount="2" falsecount="0"/>
        <line num="406" count="508" type="stmt"/>
        <line num="408" count="7" type="stmt"/>
        <line num="413" count="525" type="stmt"/>
        <line num="414" count="525" type="cond" truecount="1" falsecount="1"/>
        <line num="415" count="525" type="stmt"/>
        <line num="418" count="0" type="stmt"/>
        <line num="434" count="18" type="stmt"/>
        <line num="436" count="18" type="stmt"/>
        <line num="437" count="23" type="stmt"/>
        <line num="439" count="23" type="stmt"/>
        <line num="440" count="23" type="cond" truecount="2" falsecount="0"/>
        <line num="454" count="5" type="cond" truecount="1" falsecount="1"/>
        <line num="455" count="5" type="stmt"/>
        <line num="457" count="0" type="stmt"/>
        <line num="475" count="11" type="cond" truecount="2" falsecount="0"/>
        <line num="476" count="10" type="stmt"/>
        <line num="477" count="10" type="stmt"/>
        <line num="478" count="17" type="stmt"/>
        <line num="480" count="17" type="cond" truecount="2" falsecount="0"/>
        <line num="482" count="2" type="stmt"/>
        <line num="483" count="2" type="stmt"/>
        <line num="484" count="2" type="stmt"/>
        <line num="485" count="2" type="stmt"/>
        <line num="486" count="2" type="stmt"/>
        <line num="487" count="2" type="stmt"/>
        <line num="489" count="2" type="stmt"/>
        <line num="490" count="2" type="stmt"/>
        <line num="493" count="15" type="stmt"/>
        <line num="495" count="15" type="stmt"/>
        <line num="497" count="15" type="stmt"/>
        <line num="499" count="8" type="stmt"/>
        <line num="500" count="8" type="stmt"/>
        <line num="501" count="8" type="stmt"/>
        <line num="503" count="8" type="stmt"/>
        <line num="504" count="5" type="stmt"/>
        <line num="507" count="8" type="stmt"/>
        <line num="508" count="8" type="stmt"/>
        <line num="510" count="7" type="cond" truecount="1" falsecount="1"/>
        <line num="511" count="7" type="stmt"/>
        <line num="512" count="7" type="stmt"/>
        <line num="514" count="0" type="stmt"/>
        <line num="519" count="1" type="stmt"/>
        <line num="526" count="533" type="stmt"/>
        <line num="527" count="533" type="stmt"/>
        <line num="537" count="3" type="stmt"/>
        <line num="538" count="3" type="stmt"/>
        <line num="539" count="1010" type="stmt"/>
        <line num="540" count="1010" type="stmt"/>
        <line num="542" count="3" type="stmt"/>
        <line num="546" count="19" type="cond" truecount="2" falsecount="0"/>
        <line num="547" count="1" type="stmt"/>
        <line num="549" count="18" type="stmt"/>
        <line num="550" count="18" type="cond" truecount="2" falsecount="0"/>
        <line num="551" count="1" type="stmt"/>
        <line num="553" count="17" type="stmt"/>
        <line num="557" count="13" type="cond" truecount="2" falsecount="0"/>
        <line num="558" count="1" type="stmt"/>
        <line num="560" count="12" type="stmt"/>
        <line num="561" count="12" type="cond" truecount="2" falsecount="0"/>
        <line num="562" count="1" type="stmt"/>
        <line num="564" count="11" type="stmt"/>
      </file>
      <file name="node-util.ts" path="/home/ing/IdeaProjects/kit/kit/src/core/node-util.ts">
        <metrics statements="4" coveredstatements="4" conditionals="5" coveredconditionals="5" methods="1" coveredmethods="1"/>
        <line num="1" count="13" type="stmt"/>
        <line num="3" count="13" type="stmt"/>
        <line num="10" count="13" type="stmt"/>
        <line num="11" count="50" type="cond" truecount="2" falsecount="0"/>
      </file>
      <file name="nodemon.ts" path="/home/ing/IdeaProjects/kit/kit/src/core/nodemon.ts">
        <metrics statements="242" coveredstatements="242" conditionals="106" coveredconditionals="104" methods="55" coveredmethods="55"/>
        <line num="1" count="13" type="stmt"/>
        <line num="2" count="13" type="stmt"/>
        <line num="5" count="13" type="stmt"/>
        <line num="6" count="13" type="stmt"/>
        <line num="7" count="13" type="stmt"/>
        <line num="9" count="13" type="stmt"/>
        <line num="10" count="13" type="stmt"/>
        <line num="12" count="13" type="stmt"/>
        <line num="20" count="13" type="stmt"/>
        <line num="25" count="68" type="stmt"/>
        <line num="28" count="68" type="stmt"/>
        <line num="29" count="68" type="stmt"/>
        <line num="31" count="68" type="stmt"/>
        <line num="39" count="68" type="stmt"/>
        <line num="42" count="2748" type="stmt"/>
        <line num="44" count="3001" type="stmt"/>
        <line num="45" count="3001" type="stmt"/>
        <line num="47" count="6" type="stmt"/>
        <line num="50" count="6" type="stmt"/>
        <line num="57" count="2748" type="stmt"/>
        <line num="58" count="2748" type="stmt"/>
        <line num="59" count="2748" type="stmt"/>
        <line num="60" count="2748" type="stmt"/>
        <line num="61" count="3001" type="cond" truecount="2" falsecount="0"/>
        <line num="62" count="2994" type="stmt"/>
        <line num="63" count="2994" type="cond" truecount="4" falsecount="0"/>
        <line num="64" count="50" type="stmt"/>
        <line num="65" count="50" type="stmt"/>
        <line num="68" count="7" type="stmt"/>
        <line num="69" count="7" type="stmt"/>
        <line num="73" count="2748" type="cond" truecount="2" falsecount="0"/>
        <line num="74" count="52" type="stmt"/>
        <line num="80" count="48" type="cond" truecount="2" falsecount="0"/>
        <line num="81" count="47" type="stmt"/>
        <line num="82" count="47" type="stmt"/>
        <line num="87" count="6" type="cond" truecount="2" falsecount="0"/>
        <line num="88" count="5" type="stmt"/>
        <line num="89" count="5" type="stmt"/>
        <line num="94" count="14" type="stmt"/>
        <line num="98" count="51" type="cond" truecount="2" falsecount="0"/>
        <line num="99" count="1" type="stmt"/>
        <line num="102" count="50" type="stmt"/>
        <line num="106" count="50" type="stmt"/>
        <line num="108" count="50" type="stmt"/>
        <line num="109" count="2748" type="stmt"/>
        <line num="110" count="2748" type="stmt"/>
        <line num="114" count="51" type="stmt"/>
        <line num="120" count="51" type="cond" truecount="1" falsecount="1"/>
        <line num="121" count="51" type="stmt"/>
        <line num="122" count="51" type="stmt"/>
        <line num="123" count="51" type="stmt"/>
        <line num="128" count="13" type="stmt"/>
        <line num="133" count="28" type="stmt"/>
        <line num="134" count="28" type="stmt"/>
        <line num="135" count="28" type="stmt"/>
        <line num="136" count="28" type="stmt"/>
        <line num="139" count="28" type="stmt"/>
        <line num="140" count="28" type="stmt"/>
        <line num="141" count="28" type="stmt"/>
        <line num="142" count="28" type="stmt"/>
        <line num="143" count="28" type="stmt"/>
        <line num="144" count="28" type="stmt"/>
        <line num="146" count="28" type="stmt"/>
        <line num="147" count="28" type="stmt"/>
        <line num="150" count="28" type="stmt"/>
        <line num="151" count="19" type="cond" truecount="2" falsecount="0"/>
        <line num="152" count="3" type="stmt"/>
        <line num="154" count="19" type="stmt"/>
        <line num="157" count="28" type="stmt"/>
        <line num="158" count="26" type="cond" truecount="2" falsecount="0"/>
        <line num="159" count="5" type="stmt"/>
        <line num="160" count="5" type="cond" truecount="2" falsecount="0"/>
        <line num="161" count="2" type="stmt"/>
        <line num="164" count="26" type="stmt"/>
        <line num="167" count="28" type="stmt"/>
        <line num="172" count="28" type="stmt"/>
        <line num="175" count="272" type="stmt"/>
        <line num="176" count="272" type="stmt"/>
        <line num="178" count="272" type="stmt"/>
        <line num="185" count="272" type="stmt"/>
        <line num="186" count="272" type="cond" truecount="2" falsecount="0"/>
        <line num="187" count="192" type="stmt"/>
        <line num="190" count="272" type="stmt"/>
        <line num="191" count="313" type="stmt"/>
        <line num="193" count="272" type="stmt"/>
        <line num="194" count="249" type="cond" truecount="2" falsecount="0"/>
        <line num="195" count="18" type="stmt"/>
        <line num="199" count="272" type="stmt"/>
        <line num="200" count="313" type="cond" truecount="2" falsecount="0"/>
        <line num="201" count="20" type="stmt"/>
        <line num="205" count="272" type="stmt"/>
        <line num="206" count="233" type="cond" truecount="2" falsecount="0"/>
        <line num="207" count="2" type="stmt"/>
        <line num="211" count="272" type="stmt"/>
        <line num="212" count="295" type="cond" truecount="2" falsecount="0"/>
        <line num="213" count="2" type="stmt"/>
        <line num="217" count="272" type="stmt"/>
        <line num="219" count="272" type="cond" truecount="2" falsecount="0"/>
        <line num="220" count="9" type="stmt"/>
        <line num="221" count="9" type="stmt"/>
        <line num="229" count="22" type="cond" truecount="2" falsecount="0"/>
        <line num="230" count="1" type="stmt"/>
        <line num="233" count="21" type="stmt"/>
        <line num="234" count="21" type="stmt"/>
        <line num="236" count="21" type="stmt"/>
        <line num="237" count="232" type="stmt"/>
        <line num="238" count="232" type="stmt"/>
        <line num="242" count="21" type="stmt"/>
        <line num="246" count="21" type="stmt"/>
        <line num="247" count="21" type="stmt"/>
        <line num="249" count="21" type="stmt"/>
        <line num="250" count="21" type="stmt"/>
        <line num="252" count="21" type="stmt"/>
        <line num="256" count="23" type="cond" truecount="2" falsecount="0"/>
        <line num="257" count="2" type="stmt"/>
        <line num="260" count="21" type="stmt"/>
        <line num="261" count="21" type="stmt"/>
        <line num="263" count="21" type="stmt"/>
        <line num="264" count="21" type="stmt"/>
        <line num="266" count="21" type="stmt"/>
        <line num="267" count="21" type="stmt"/>
        <line num="271" count="13" type="stmt"/>
        <line num="280" count="33" type="stmt"/>
        <line num="291" count="33" type="stmt"/>
        <line num="293" count="33" type="stmt"/>
        <line num="295" count="33" type="stmt"/>
        <line num="296" count="33" type="cond" truecount="2" falsecount="0"/>
        <line num="297" count="33" type="stmt"/>
        <line num="298" count="33" type="stmt"/>
        <line num="302" count="19" type="cond" truecount="2" falsecount="0"/>
        <line num="303" count="1" type="stmt"/>
        <line num="307" count="1" type="stmt"/>
        <line num="310" count="18" type="stmt"/>
        <line num="311" count="18" type="cond" truecount="2" falsecount="0"/>
        <line num="312" count="1" type="stmt"/>
        <line num="314" count="17" type="stmt"/>
        <line num="317" count="1" type="stmt"/>
        <line num="324" count="23" type="cond" truecount="2" falsecount="0"/>
        <line num="325" count="1" type="stmt"/>
        <line num="328" count="22" type="stmt"/>
        <line num="334" count="22" type="stmt"/>
        <line num="335" count="22" type="stmt"/>
        <line num="338" count="22" type="stmt"/>
        <line num="339" count="18" type="stmt"/>
        <line num="345" count="18" type="stmt"/>
        <line num="348" count="22" type="stmt"/>
        <line num="349" count="2" type="stmt"/>
        <line num="352" count="2" type="stmt"/>
        <line num="356" count="2" type="stmt"/>
        <line num="357" count="2" type="stmt"/>
        <line num="360" count="20" type="cond" truecount="1" falsecount="1"/>
        <line num="361" count="20" type="stmt"/>
        <line num="365" count="22" type="stmt"/>
        <line num="369" count="37" type="stmt"/>
        <line num="370" count="37" type="cond" truecount="2" falsecount="0"/>
        <line num="371" count="18" type="stmt"/>
        <line num="373" count="19" type="cond" truecount="2" falsecount="0"/>
        <line num="374" count="1" type="stmt"/>
        <line num="377" count="18" type="stmt"/>
        <line num="379" count="18" type="stmt"/>
        <line num="382" count="18" type="stmt"/>
        <line num="383" count="18" type="stmt"/>
        <line num="388" count="18" type="stmt"/>
        <line num="391" count="12" type="cond" truecount="2" falsecount="0"/>
        <line num="393" count="1" type="stmt"/>
        <line num="394" count="1" type="stmt"/>
        <line num="395" count="1" type="stmt"/>
        <line num="420" count="13" type="stmt"/>
        <line num="433" count="23" type="stmt"/>
        <line num="434" count="23" type="stmt"/>
        <line num="438" count="23" type="stmt"/>
        <line num="440" count="23" type="cond" truecount="4" falsecount="0"/>
        <line num="441" count="1" type="stmt"/>
        <line num="444" count="22" type="cond" truecount="2" falsecount="0"/>
        <line num="445" count="22" type="stmt"/>
        <line num="462" count="3" type="cond" truecount="2" falsecount="0"/>
        <line num="463" count="1" type="stmt"/>
        <line num="465" count="2" type="stmt"/>
        <line num="470" count="22" type="cond" truecount="2" falsecount="0"/>
        <line num="471" count="1" type="stmt"/>
        <line num="472" count="1" type="stmt"/>
        <line num="478" count="22" type="stmt"/>
        <line num="480" count="17" type="stmt"/>
        <line num="484" count="2" type="cond" truecount="2" falsecount="0"/>
        <line num="496" count="22" type="cond" truecount="2" falsecount="0"/>
        <line num="500" count="22" type="stmt"/>
        <line num="502" count="22" type="stmt"/>
        <line num="505" count="23" type="stmt"/>
        <line num="507" count="23" type="stmt"/>
        <line num="509" count="17" type="stmt"/>
        <line num="510" count="11" type="stmt"/>
        <line num="511" count="2" type="stmt"/>
        <line num="514" count="13" type="stmt"/>
        <line num="515" count="10" type="stmt"/>
        <line num="516" count="2" type="stmt"/>
        <line num="519" count="12" type="stmt"/>
        <line num="520" count="11" type="stmt"/>
        <line num="521" count="1" type="stmt"/>
        <line num="526" count="40" type="stmt"/>
        <line num="527" count="40" type="stmt"/>
        <line num="528" count="40" type="stmt"/>
        <line num="529" count="40" type="stmt"/>
        <line num="530" count="40" type="stmt"/>
        <line num="531" count="40" type="stmt"/>
        <line num="532" count="40" type="stmt"/>
        <line num="533" count="40" type="stmt"/>
        <line num="534" count="40" type="stmt"/>
        <line num="538" count="17" type="cond" truecount="2" falsecount="0"/>
        <line num="539" count="1" type="stmt"/>
        <line num="541" count="16" type="cond" truecount="2" falsecount="0"/>
        <line num="542" count="1" type="stmt"/>
        <line num="544" count="15" type="stmt"/>
        <line num="545" count="15" type="stmt"/>
        <line num="548" count="15" type="stmt"/>
        <line num="552" count="26" type="cond" truecount="2" falsecount="0"/>
        <line num="553" count="11" type="stmt"/>
        <line num="555" count="15" type="stmt"/>
        <line num="556" count="15" type="cond" truecount="2" falsecount="0"/>
        <line num="557" count="9" type="stmt"/>
        <line num="558" count="9" type="stmt"/>
        <line num="560" count="15" type="stmt"/>
        <line num="561" count="15" type="stmt"/>
        <line num="565" count="18" type="cond" truecount="2" falsecount="0"/>
        <line num="566" count="8" type="stmt"/>
        <line num="568" count="18" type="cond" truecount="2" falsecount="0"/>
        <line num="569" count="1" type="stmt"/>
        <line num="571" count="17" type="stmt"/>
        <line num="572" count="12" type="stmt"/>
        <line num="577" count="13" type="stmt"/>
        <line num="578" count="13" type="stmt"/>
        <line num="579" count="13" type="cond" truecount="2" falsecount="0"/>
        <line num="580" count="1" type="stmt"/>
        <line num="582" count="12" type="stmt"/>
        <line num="586" count="23" type="stmt"/>
        <line num="587" count="23" type="cond" truecount="2" falsecount="0"/>
        <line num="588" count="5" type="stmt"/>
        <line num="590" count="18" type="stmt"/>
        <line num="592" count="18" type="stmt"/>
        <line num="596" count="13" type="stmt"/>
        <line num="597" count="18" type="stmt"/>
        <line num="598" count="18" type="stmt"/>
        <line num="599" count="18" type="stmt"/>
      </file>
      <file name="once.ts" path="/home/ing/IdeaProjects/kit/kit/src/core/once.ts">
        <metrics statements="11" coveredstatements="11" conditionals="6" coveredconditionals="6" methods="3" coveredmethods="3"/>
        <line num="20" count="19" type="stmt"/>
        <line num="21" count="241" type="stmt"/>
        <line num="27" count="241" type="stmt"/>
        <line num="92" count="19" type="stmt"/>
        <line num="98" count="93" type="cond" truecount="2" falsecount="0"/>
        <line num="99" count="27" type="stmt"/>
        <line num="102" count="66" type="stmt"/>
        <line num="103" count="66" type="cond" truecount="4" falsecount="0"/>
        <line num="104" count="1" type="stmt"/>
        <line num="107" count="65" type="stmt"/>
        <line num="109" count="225" type="stmt"/>
      </file>
      <file name="path-match-tree.ts" path="/home/ing/IdeaProjects/kit/kit/src/core/path-match-tree.ts">
        <metrics statements="76" coveredstatements="76" conditionals="61" coveredconditionals="57" methods="9" coveredmethods="9"/>
        <line num="35" count="13" type="stmt"/>
        <line num="42" count="41" type="cond" truecount="1" falsecount="0"/>
        <line num="43" count="12" type="cond" truecount="2" falsecount="0"/>
        <line num="45" count="12" type="stmt"/>
        <line num="47" count="12" type="stmt"/>
        <line num="49" count="12" type="stmt"/>
        <line num="50" count="22" type="cond" truecount="1" falsecount="1"/>
        <line num="51" count="22" type="stmt"/>
        <line num="52" count="22" type="cond" truecount="2" falsecount="0"/>
        <line num="56" count="22" type="stmt"/>
        <line num="57" count="54" type="stmt"/>
        <line num="58" count="54" type="cond" truecount="2" falsecount="0"/>
        <line num="59" count="1" type="stmt"/>
        <line num="63" count="53" type="cond" truecount="2" falsecount="0"/>
        <line num="67" count="53" type="stmt"/>
        <line num="69" count="53" type="cond" truecount="2" falsecount="0"/>
        <line num="71" count="53" type="cond" truecount="2" falsecount="0"/>
        <line num="72" count="10" type="stmt"/>
        <line num="73" count="10" type="stmt"/>
        <line num="74" count="10" type="cond" truecount="2" falsecount="0"/>
        <line num="75" count="4" type="stmt"/>
        <line num="77" count="6" type="stmt"/>
        <line num="79" count="10" type="stmt"/>
        <line num="82" count="43" type="cond" truecount="2" falsecount="0"/>
        <line num="83" count="1" type="stmt"/>
        <line num="86" count="42" type="stmt"/>
        <line num="87" count="42" type="cond" truecount="2" falsecount="0"/>
        <line num="88" count="16" type="stmt"/>
        <line num="90" count="26" type="stmt"/>
        <line num="94" count="22" type="stmt"/>
        <line num="97" count="12" type="stmt"/>
        <line num="98" count="22" type="stmt"/>
        <line num="101" count="10" type="stmt"/>
        <line num="102" count="26" type="cond" truecount="2" falsecount="0"/>
        <line num="104" count="26" type="stmt"/>
        <line num="108" count="100" type="cond" truecount="2" falsecount="0"/>
        <line num="109" count="79" type="stmt"/>
        <line num="111" count="21" type="cond" truecount="2" falsecount="0"/>
        <line num="112" count="15" type="stmt"/>
        <line num="115" count="6" type="cond" truecount="2" falsecount="0"/>
        <line num="116" count="3" type="cond" truecount="2" falsecount="0"/>
        <line num="118" count="3" type="cond" truecount="1" falsecount="1"/>
        <line num="121" count="26" type="stmt"/>
        <line num="127" count="101" type="cond" truecount="2" falsecount="0"/>
        <line num="129" count="18" type="cond" truecount="2" falsecount="0"/>
        <line num="130" count="4" type="stmt"/>
        <line num="136" count="14" type="cond" truecount="2" falsecount="0"/>
        <line num="138" count="13" type="stmt"/>
        <line num="143" count="83" type="cond" truecount="2" falsecount="0"/>
        <line num="144" count="13" type="stmt"/>
        <line num="146" count="13" type="stmt"/>
        <line num="153" count="71" type="stmt"/>
        <line num="156" count="26" type="stmt"/>
        <line num="161" count="101" type="stmt"/>
        <line num="162" count="101" type="stmt"/>
        <line num="163" count="101" type="cond" truecount="2" falsecount="0"/>
        <line num="164" count="18" type="stmt"/>
        <line num="167" count="83" type="stmt"/>
        <line num="168" count="83" type="cond" truecount="2" falsecount="0"/>
        <line num="169" count="1" type="stmt"/>
        <line num="173" count="82" type="cond" truecount="2" falsecount="0"/>
        <line num="177" count="82" type="stmt"/>
        <line num="179" count="82" type="stmt"/>
        <line num="180" count="82" type="stmt"/>
        <line num="181" count="82" type="cond" truecount="2" falsecount="0"/>
        <line num="182" count="56" type="stmt"/>
        <line num="185" count="81" type="stmt"/>
        <line num="186" count="81" type="cond" truecount="2" falsecount="0"/>
        <line num="187" count="19" type="stmt"/>
        <line num="188" count="19" type="stmt"/>
        <line num="191" count="81" type="stmt"/>
        <line num="193" count="81" type="stmt"/>
        <line num="196" count="26" type="cond" truecount="1" falsecount="1"/>
        <line num="199" count="10" type="stmt"/>
        <line num="202" count="6" type="stmt"/>
        <line num="203" count="6" type="cond" truecount="4" falsecount="0"/>
      </file>
      <file name="seconds-offset.ts" path="/home/ing/IdeaProjects/kit/kit/src/core/seconds-offset.ts">
        <metrics statements="19" coveredstatements="19" conditionals="15" coveredconditionals="15" methods="2" coveredmethods="2"/>
        <line num="17" count="1" type="stmt"/>
        <line num="21" count="9" type="stmt"/>
        <line num="22" count="9" type="stmt"/>
        <line num="23" count="9" type="stmt"/>
        <line num="24" count="9" type="stmt"/>
        <line num="25" count="9" type="stmt"/>
        <line num="26" count="9" type="stmt"/>
        <line num="27" count="9" type="stmt"/>
        <line num="28" count="9" type="cond" truecount="4" falsecount="0"/>
        <line num="29" count="3" type="stmt"/>
        <line num="31" count="9" type="cond" truecount="4" falsecount="0"/>
        <line num="32" count="3" type="stmt"/>
        <line num="34" count="9" type="stmt"/>
        <line num="51" count="1" type="stmt"/>
        <line num="52" count="5" type="stmt"/>
        <line num="53" count="5" type="cond" truecount="2" falsecount="0"/>
        <line num="54" count="1" type="stmt"/>
        <line num="56" count="4" type="stmt"/>
        <line num="57" count="4" type="stmt"/>
      </file>
      <file name="sleep.ts" path="/home/ing/IdeaProjects/kit/kit/src/core/sleep.ts">
        <metrics statements="12" coveredstatements="12" conditionals="2" coveredconditionals="2" methods="5" coveredmethods="5"/>
        <line num="2" count="14" type="stmt"/>
        <line num="20" count="14" type="stmt"/>
        <line num="21" count="7" type="cond" truecount="2" falsecount="0"/>
        <line num="23" count="4" type="stmt"/>
        <line num="24" count="2" type="stmt"/>
        <line num="25" count="2" type="stmt"/>
        <line num="28" count="4" type="stmt"/>
        <line num="29" count="2" type="stmt"/>
        <line num="30" count="2" type="stmt"/>
        <line num="31" count="2" type="stmt"/>
        <line num="33" count="4" type="stmt"/>
        <line num="35" count="3" type="stmt"/>
      </file>
      <file name="string-const.ts" path="/home/ing/IdeaProjects/kit/kit/src/core/string-const.ts">
        <metrics statements="5" coveredstatements="5" conditionals="0" coveredconditionals="0" methods="0" coveredmethods="0"/>
        <line num="7" count="12" type="stmt"/>
        <line num="17" count="12" type="stmt"/>
        <line num="24" count="12" type="stmt"/>
        <line num="30" count="12" type="stmt"/>
        <line num="40" count="12" type="stmt"/>
      </file>
      <file name="string-util.ts" path="/home/ing/IdeaProjects/kit/kit/src/core/string-util.ts">
        <metrics statements="13" coveredstatements="13" conditionals="4" coveredconditionals="4" methods="3" coveredmethods="3"/>
        <line num="11" count="14" type="stmt"/>
        <line num="12" count="9" type="stmt"/>
        <line num="13" count="9" type="stmt"/>
        <line num="14" count="27" type="stmt"/>
        <line num="15" count="27" type="cond" truecount="2" falsecount="0"/>
        <line num="16" count="9" type="stmt"/>
        <line num="18" count="18" type="stmt"/>
        <line num="20" count="9" type="stmt"/>
        <line num="35" count="14" type="stmt"/>
        <line num="36" count="10" type="cond" truecount="2" falsecount="0"/>
        <line num="37" count="1" type="stmt"/>
        <line num="39" count="9" type="stmt"/>
        <line num="52" count="14" type="stmt"/>
      </file>
      <file name="uid-generator.ts" path="/home/ing/IdeaProjects/kit/kit/src/core/uid-generator.ts">
        <metrics statements="11" coveredstatements="11" conditionals="0" coveredconditionals="0" methods="4" coveredmethods="4"/>
        <line num="1" count="13" type="stmt"/>
        <line num="41" count="13" type="stmt"/>
        <line num="43" count="13" type="stmt"/>
        <line num="44" count="13" type="stmt"/>
        <line num="46" count="13" type="stmt"/>
        <line num="47" count="26" type="stmt"/>
        <line num="48" count="8026" type="stmt"/>
        <line num="51" count="13" type="stmt"/>
        <line num="52" count="13" type="stmt"/>
        <line num="78" count="4013" type="stmt"/>
        <line num="94" count="4013" type="stmt"/>
      </file>
      <file name="weak-cache.ts" path="/home/ing/IdeaProjects/kit/kit/src/core/weak-cache.ts">
        <metrics statements="8" coveredstatements="8" conditionals="2" coveredconditionals="2" methods="2" coveredmethods="2"/>
        <line num="11" count="13" type="stmt"/>
        <line num="14" count="4" type="stmt"/>
        <line num="15" count="4" type="stmt"/>
        <line num="16" count="8" type="stmt"/>
        <line num="17" count="8" type="cond" truecount="2" falsecount="0"/>
        <line num="18" count="5" type="stmt"/>
        <line num="19" count="5" type="stmt"/>
        <line num="21" count="8" type="stmt"/>
      </file>
    </package>
    <package name="core.async">
      <metrics statements="108" coveredstatements="100" conditionals="50" coveredconditionals="43" methods="25" coveredmethods="24"/>
      <file name="debounced-collecting-async.ts" path="/home/ing/IdeaProjects/kit/kit/src/core/async/debounced-collecting-async.ts">
        <metrics statements="60" coveredstatements="53" conditionals="22" coveredconditionals="16" methods="16" coveredmethods="15"/>
        <line num="1" count="13" type="stmt"/>
        <line num="19" count="13" type="stmt"/>
        <line num="25" count="5" type="stmt"/>
        <line num="27" count="5" type="stmt"/>
        <line num="29" count="5" type="stmt"/>
        <line num="30" count="11" type="stmt"/>
        <line num="31" count="11" type="stmt"/>
        <line num="32" count="11" type="stmt"/>
        <line num="35" count="5" type="stmt"/>
        <line num="37" count="5" type="cond" truecount="1" falsecount="1"/>
        <line num="38" count="0" type="stmt"/>
        <line num="40" count="5" type="cond" truecount="1" falsecount="1"/>
        <line num="41" count="0" type="stmt"/>
        <line num="43" count="5" type="stmt"/>
        <line num="46" count="5" type="cond" truecount="2" falsecount="0"/>
        <line num="47" count="4" type="stmt"/>
        <line num="50" count="5" type="stmt"/>
        <line num="51" count="5" type="cond" truecount="3" falsecount="1"/>
        <line num="53" count="0" type="stmt"/>
        <line num="55" count="5" type="stmt"/>
        <line num="57" count="5" type="stmt"/>
        <line num="60" count="5" type="stmt"/>
        <line num="61" count="6" type="stmt"/>
        <line num="63" count="0" type="stmt"/>
        <line num="64" count="0" type="stmt"/>
        <line num="67" count="6" type="stmt"/>
        <line num="68" count="1" type="stmt"/>
        <line num="69" count="1" type="stmt"/>
        <line num="71" count="6" type="stmt"/>
        <line num="72" count="6" type="stmt"/>
        <line num="75" count="5" type="stmt"/>
        <line num="76" count="5" type="stmt"/>
        <line num="77" count="5" type="stmt"/>
        <line num="80" count="6" type="stmt"/>
        <line num="82" count="5" type="stmt"/>
        <line num="83" count="6" type="stmt"/>
        <line num="87" count="5" type="stmt"/>
        <line num="89" count="5" type="cond" truecount="1" falsecount="1"/>
        <line num="90" count="0" type="stmt"/>
        <line num="93" count="5" type="stmt"/>
        <line num="96" count="5" type="stmt"/>
        <line num="97" count="6" type="cond" truecount="3" falsecount="1"/>
        <line num="98" count="0" type="stmt"/>
        <line num="100" count="6" type="stmt"/>
        <line num="107" count="6" type="stmt"/>
        <line num="108" count="6" type="stmt"/>
        <line num="109" count="6" type="stmt"/>
        <line num="112" count="5" type="stmt"/>
        <line num="114" count="9" type="cond" truecount="2" falsecount="0"/>
        <line num="115" count="4" type="cond" truecount="2" falsecount="0"/>
        <line num="117" count="1" type="stmt"/>
        <line num="119" count="3" type="stmt"/>
        <line num="120" count="3" type="stmt"/>
        <line num="122" count="5" type="stmt"/>
        <line num="126" count="1" type="stmt"/>
        <line num="127" count="1" type="stmt"/>
        <line num="128" count="1" type="stmt"/>
        <line num="129" count="1" type="cond" truecount="1" falsecount="1"/>
        <line num="130" count="1" type="stmt"/>
        <line num="131" count="1" type="stmt"/>
      </file>
      <file name="promise-controller.ts" path="/home/ing/IdeaProjects/kit/kit/src/core/async/promise-controller.ts">
        <metrics statements="24" coveredstatements="23" conditionals="13" coveredconditionals="12" methods="5" coveredmethods="5"/>
        <line num="1" count="14" type="stmt"/>
        <line num="2" count="14" type="stmt"/>
        <line num="21" count="14" type="stmt"/>
        <line num="22" count="13" type="stmt"/>
        <line num="24" count="13" type="stmt"/>
        <line num="32" count="2" type="stmt"/>
        <line num="48" count="14" type="cond" truecount="2" falsecount="0"/>
        <line num="49" count="2" type="stmt"/>
        <line num="51" count="12" type="stmt"/>
        <line num="52" count="12" type="stmt"/>
        <line num="53" count="12" type="stmt"/>
        <line num="54" count="11" type="stmt"/>
        <line num="55" count="11" type="stmt"/>
        <line num="57" count="1" type="stmt"/>
        <line num="60" count="12" type="stmt"/>
        <line num="61" count="12" type="cond" truecount="2" falsecount="0"/>
        <line num="62" count="1" type="stmt"/>
        <line num="77" count="18" type="cond" truecount="2" falsecount="0"/>
        <line num="88" count="8" type="stmt"/>
        <line num="89" count="8" type="cond" truecount="1" falsecount="1"/>
        <line num="90" count="0" type="stmt"/>
        <line num="92" count="8" type="cond" truecount="4" falsecount="0"/>
        <line num="93" count="7" type="stmt"/>
        <line num="95" count="1" type="stmt"/>
      </file>
      <file name="promise-util.ts" path="/home/ing/IdeaProjects/kit/kit/src/core/async/promise-util.ts">
        <metrics statements="12" coveredstatements="12" conditionals="9" coveredconditionals="9" methods="3" coveredmethods="3"/>
        <line num="8" count="14" type="stmt"/>
        <line num="9" count="39" type="cond" truecount="5" falsecount="0"/>
        <line num="50" count="14" type="stmt"/>
        <line num="53" count="6" type="stmt"/>
        <line num="54" count="6" type="stmt"/>
        <line num="55" count="6" type="stmt"/>
        <line num="56" count="12" type="cond" truecount="2" falsecount="0"/>
        <line num="57" count="6" type="stmt"/>
        <line num="59" count="6" type="stmt"/>
        <line num="62" count="6" type="cond" truecount="2" falsecount="0"/>
        <line num="63" count="4" type="stmt"/>
        <line num="65" count="5" type="stmt"/>
      </file>
      <file name="retrying.ts" path="/home/ing/IdeaProjects/kit/kit/src/core/async/retrying.ts">
        <metrics statements="12" coveredstatements="12" conditionals="6" coveredconditionals="6" methods="1" coveredmethods="1"/>
        <line num="1" count="13" type="stmt"/>
        <line num="33" count="13" type="stmt"/>
        <line num="37" count="5" type="stmt"/>
        <line num="38" count="8" type="stmt"/>
        <line num="39" count="8" type="stmt"/>
        <line num="41" count="5" type="stmt"/>
        <line num="43" count="5" type="cond" truecount="2" falsecount="0"/>
        <line num="44" count="2" type="stmt"/>
        <line num="47" count="3" type="cond" truecount="4" falsecount="0"/>
        <line num="48" count="1" type="stmt"/>
        <line num="49" count="1" type="stmt"/>
        <line num="52" count="2" type="stmt"/>
      </file>
    </package>
    <package name="core.collections">
      <metrics statements="285" coveredstatements="273" conditionals="123" coveredconditionals="107" methods="107" coveredmethods="107"/>
      <file name="array-utils.ts" path="/home/ing/IdeaProjects/kit/kit/src/core/collections/array-utils.ts">
        <metrics statements="34" coveredstatements="34" conditionals="24" coveredconditionals="23" methods="13" coveredmethods="13"/>
        <line num="10" count="13" type="stmt"/>
        <line num="11" count="3" type="stmt"/>
        <line num="12" count="3" type="stmt"/>
        <line num="13" count="3" type="stmt"/>
        <line num="14" count="7" type="stmt"/>
        <line num="15" count="7" type="stmt"/>
        <line num="16" count="7" type="cond" truecount="2" falsecount="0"/>
        <line num="17" count="3" type="stmt"/>
        <line num="19" count="4" type="stmt"/>
        <line num="20" count="4" type="stmt"/>
        <line num="34" count="13" type="stmt"/>
        <line num="35" count="4" type="cond" truecount="2" falsecount="0"/>
        <line num="46" count="13" type="stmt"/>
        <line num="47" count="5" type="stmt"/>
        <line num="58" count="13" type="stmt"/>
        <line num="59" count="4" type="cond" truecount="5" falsecount="0"/>
        <line num="60" count="3" type="stmt"/>
        <line num="63" count="1" type="stmt"/>
        <line num="64" count="2" type="stmt"/>
        <line num="70" count="13" type="stmt"/>
        <line num="72" count="2" type="cond" truecount="2" falsecount="0"/>
        <line num="73" count="2" type="stmt"/>
        <line num="74" count="2" type="stmt"/>
        <line num="77" count="2" type="cond" truecount="2" falsecount="0"/>
        <line num="78" count="2" type="stmt"/>
        <line num="79" count="2" type="stmt"/>
        <line num="82" count="2" type="cond" truecount="2" falsecount="0"/>
        <line num="83" count="2" type="stmt"/>
        <line num="84" count="2" type="stmt"/>
        <line num="87" count="2" type="cond" truecount="2" falsecount="0"/>
        <line num="88" count="2" type="stmt"/>
        <line num="89" count="2" type="stmt"/>
        <line num="105" count="13" type="stmt"/>
        <line num="109" count="2" type="cond" truecount="2" falsecount="0"/>
      </file>
      <file name="ex-map.ts" path="/home/ing/IdeaProjects/kit/kit/src/core/collections/ex-map.ts">
        <metrics statements="55" coveredstatements="55" conditionals="8" coveredconditionals="8" methods="32" coveredmethods="32"/>
        <line num="6" count="17" type="stmt"/>
        <line num="14" count="1819" type="stmt"/>
        <line num="24" count="17" type="stmt"/>
        <line num="34" count="12" type="stmt"/>
        <line num="43" count="1" type="stmt"/>
        <line num="44" count="3" type="stmt"/>
        <line num="54" count="2361" type="stmt"/>
        <line num="63" count="5" type="stmt"/>
        <line num="74" count="2641" type="stmt"/>
        <line num="75" count="2641" type="stmt"/>
        <line num="80" count="746" type="stmt"/>
        <line num="95" count="685" type="stmt"/>
        <line num="96" count="685" type="stmt"/>
        <line num="97" count="1460" type="stmt"/>
        <line num="98" count="1460" type="cond" truecount="2" falsecount="0"/>
        <line num="99" count="59" type="stmt"/>
        <line num="100" count="59" type="stmt"/>
        <line num="102" count="1401" type="stmt"/>
        <line num="105" count="685" type="stmt"/>
        <line num="115" count="737" type="stmt"/>
        <line num="116" count="737" type="stmt"/>
        <line num="117" count="746" type="stmt"/>
        <line num="119" count="737" type="stmt"/>
        <line num="133" count="454" type="stmt"/>
        <line num="134" count="454" type="cond" truecount="2" falsecount="0"/>
        <line num="135" count="360" type="stmt"/>
        <line num="136" count="94" type="cond" truecount="2" falsecount="0"/>
        <line num="137" count="1" type="stmt"/>
        <line num="139" count="454" type="stmt"/>
        <line num="150" count="1480" type="stmt"/>
        <line num="159" count="676" type="stmt"/>
        <line num="168" count="7" type="stmt"/>
        <line num="177" count="2" type="stmt"/>
        <line num="187" count="1" type="stmt"/>
        <line num="188" count="2" type="stmt"/>
        <line num="190" count="1" type="stmt"/>
        <line num="200" count="3" type="stmt"/>
        <line num="201" count="6" type="stmt"/>
        <line num="203" count="3" type="stmt"/>
        <line num="212" count="2" type="cond" truecount="2" falsecount="0"/>
        <line num="213" count="2" type="stmt"/>
        <line num="214" count="2" type="stmt"/>
        <line num="215" count="2" type="stmt"/>
        <line num="227" count="5" type="stmt"/>
        <line num="238" count="1" type="stmt"/>
        <line num="240" count="3" type="stmt"/>
        <line num="246" count="1" type="stmt"/>
        <line num="247" count="3" type="stmt"/>
        <line num="250" count="1" type="stmt"/>
        <line num="251" count="1" type="stmt"/>
        <line num="258" count="10" type="stmt"/>
        <line num="263" count="34" type="stmt"/>
        <line num="268" count="13" type="stmt"/>
        <line num="273" count="674" type="stmt"/>
        <line num="278" count="7" type="stmt"/>
      </file>
      <file name="ex-set.ts" path="/home/ing/IdeaProjects/kit/kit/src/core/collections/ex-set.ts">
        <metrics statements="50" coveredstatements="50" conditionals="16" coveredconditionals="16" methods="25" coveredmethods="25"/>
        <line num="12" count="14" type="stmt"/>
        <line num="20" count="76" type="stmt"/>
        <line num="32" count="550" type="stmt"/>
        <line num="33" count="550" type="stmt"/>
        <line num="41" count="5" type="stmt"/>
        <line num="51" count="16" type="stmt"/>
        <line num="60" count="1" type="stmt"/>
        <line num="61" count="3" type="stmt"/>
        <line num="71" count="349" type="stmt"/>
        <line num="76" count="39" type="stmt"/>
        <line num="87" count="3" type="stmt"/>
        <line num="88" count="7" type="cond" truecount="2" falsecount="0"/>
        <line num="89" count="1" type="stmt"/>
        <line num="92" count="2" type="stmt"/>
        <line num="102" count="57" type="stmt"/>
        <line num="103" count="530" type="stmt"/>
        <line num="105" count="57" type="stmt"/>
        <line num="115" count="2" type="stmt"/>
        <line num="116" count="8" type="stmt"/>
        <line num="118" count="2" type="stmt"/>
        <line num="127" count="3" type="stmt"/>
        <line num="136" count="1" type="stmt"/>
        <line num="145" count="5" type="stmt"/>
        <line num="146" count="5" type="cond" truecount="4" falsecount="0"/>
        <line num="147" count="16" type="cond" truecount="2" falsecount="0"/>
        <line num="148" count="8" type="stmt"/>
        <line num="151" count="5" type="stmt"/>
        <line num="160" count="4" type="stmt"/>
        <line num="161" count="4" type="cond" truecount="4" falsecount="0"/>
        <line num="162" count="10" type="cond" truecount="2" falsecount="0"/>
        <line num="163" count="4" type="stmt"/>
        <line num="165" count="6" type="stmt"/>
        <line num="168" count="4" type="stmt"/>
        <line num="177" count="1" type="stmt"/>
        <line num="182" count="1" type="stmt"/>
        <line num="190" count="1" type="stmt"/>
        <line num="192" count="3" type="stmt"/>
        <line num="198" count="1" type="stmt"/>
        <line num="199" count="3" type="stmt"/>
        <line num="202" count="1" type="stmt"/>
        <line num="204" count="1" type="stmt"/>
        <line num="214" count="2" type="cond" truecount="2" falsecount="0"/>
        <line num="215" count="2" type="stmt"/>
        <line num="216" count="2" type="stmt"/>
        <line num="217" count="2" type="stmt"/>
        <line num="225" count="54" type="stmt"/>
        <line num="230" count="7" type="stmt"/>
        <line num="235" count="1" type="stmt"/>
        <line num="240" count="1" type="stmt"/>
        <line num="245" count="1" type="stmt"/>
      </file>
      <file name="iterable-utils.ts" path="/home/ing/IdeaProjects/kit/kit/src/core/collections/iterable-utils.ts">
        <metrics statements="28" coveredstatements="28" conditionals="4" coveredconditionals="4" methods="13" coveredmethods="13"/>
        <line num="1" count="13" type="stmt"/>
        <line num="2" count="5" type="stmt"/>
        <line num="3" count="5" type="stmt"/>
        <line num="4" count="12" type="stmt"/>
        <line num="9" count="5" type="stmt"/>
        <line num="14" count="13" type="stmt"/>
        <line num="15" count="4" type="stmt"/>
        <line num="16" count="7" type="stmt"/>
        <line num="18" count="4" type="stmt"/>
        <line num="19" count="7" type="stmt"/>
        <line num="24" count="4" type="stmt"/>
        <line num="29" count="13" type="stmt"/>
        <line num="30" count="4" type="stmt"/>
        <line num="31" count="4" type="stmt"/>
        <line num="33" count="7" type="stmt"/>
        <line num="34" count="7" type="stmt"/>
        <line num="40" count="4" type="stmt"/>
        <line num="50" count="13" type="stmt"/>
        <line num="52" count="6" type="stmt"/>
        <line num="54" count="6" type="stmt"/>
        <line num="55" count="6" type="stmt"/>
        <line num="57" count="16" type="stmt"/>
        <line num="58" count="28" type="stmt"/>
        <line num="59" count="28" type="cond" truecount="2" falsecount="0"/>
        <line num="60" count="6" type="stmt"/>
        <line num="62" count="22" type="cond" truecount="2" falsecount="0"/>
        <line num="63" count="10" type="stmt"/>
        <line num="73" count="13" type="stmt"/>
      </file>
      <file name="object-utils.ts" path="/home/ing/IdeaProjects/kit/kit/src/core/collections/object-utils.ts">
        <metrics statements="24" coveredstatements="23" conditionals="2" coveredconditionals="1" methods="5" coveredmethods="5"/>
        <line num="10" count="13" type="stmt"/>
        <line num="14" count="3" type="stmt"/>
        <line num="15" count="3" type="stmt"/>
        <line num="16" count="5" type="stmt"/>
        <line num="18" count="3" type="stmt"/>
        <line num="32" count="13" type="stmt"/>
        <line num="36" count="3" type="stmt"/>
        <line num="37" count="3" type="stmt"/>
        <line num="38" count="6" type="stmt"/>
        <line num="40" count="3" type="stmt"/>
        <line num="54" count="13" type="stmt"/>
        <line num="58" count="3" type="stmt"/>
        <line num="59" count="3" type="stmt"/>
        <line num="60" count="5" type="stmt"/>
        <line num="62" count="3" type="stmt"/>
        <line num="78" count="13" type="stmt"/>
        <line num="82" count="4" type="stmt"/>
        <line num="83" count="4" type="stmt"/>
        <line num="84" count="6" type="cond" truecount="1" falsecount="1"/>
        <line num="85" count="0" type="stmt"/>
        <line num="87" count="6" type="stmt"/>
        <line num="89" count="4" type="stmt"/>
        <line num="100" count="13" type="stmt"/>
        <line num="102" count="5" type="stmt"/>
      </file>
      <file name="segments.ts" path="/home/ing/IdeaProjects/kit/kit/src/core/collections/segments.ts">
        <metrics statements="64" coveredstatements="60" conditionals="41" coveredconditionals="36" methods="11" coveredmethods="11"/>
        <line num="1" count="1" type="stmt"/>
        <line num="8" count="14" type="stmt"/>
        <line num="10" count="14" type="stmt"/>
        <line num="13" count="37" type="cond" truecount="2" falsecount="0"/>
        <line num="14" count="23" type="stmt"/>
        <line num="16" count="14" type="stmt"/>
        <line num="21" count="1" type="stmt"/>
        <line num="30" count="1" type="stmt"/>
        <line num="37" count="26" type="cond" truecount="2" falsecount="0"/>
        <line num="38" count="5" type="cond" truecount="1" falsecount="1"/>
        <line num="40" count="21" type="stmt"/>
        <line num="43" count="26" type="cond" truecount="2" falsecount="0"/>
        <line num="44" count="13" type="stmt"/>
        <line num="45" count="34" type="stmt"/>
        <line num="57" count="2" type="stmt"/>
        <line num="62" count="1" type="stmt"/>
        <line num="67" count="14" type="stmt"/>
        <line num="72" count="2" type="stmt"/>
        <line num="73" count="2" type="stmt"/>
        <line num="74" count="2" type="cond" truecount="1" falsecount="1"/>
        <line num="75" count="0" type="stmt"/>
        <line num="77" count="2" type="stmt"/>
        <line num="82" count="6" type="stmt"/>
        <line num="93" count="49" type="cond" truecount="2" falsecount="0"/>
        <line num="94" count="4" type="stmt"/>
        <line num="97" count="45" type="stmt"/>
        <line num="98" count="45" type="cond" truecount="2" falsecount="0"/>
        <line num="99" count="17" type="stmt"/>
        <line num="100" count="17" type="stmt"/>
        <line num="103" count="28" type="stmt"/>
        <line num="104" count="28" type="cond" truecount="2" falsecount="0"/>
        <line num="105" count="21" type="stmt"/>
        <line num="106" count="21" type="stmt"/>
        <line num="109" count="7" type="stmt"/>
        <line num="110" count="7" type="cond" truecount="1" falsecount="1"/>
        <line num="111" count="0" type="stmt"/>
        <line num="113" count="7" type="stmt"/>
        <line num="114" count="7" type="cond" truecount="2" falsecount="0"/>
        <line num="115" count="6" type="cond" truecount="2" falsecount="0"/>
        <line num="116" count="2" type="stmt"/>
        <line num="118" count="4" type="stmt"/>
        <line num="121" count="1" type="cond" truecount="1" falsecount="1"/>
        <line num="122" count="0" type="stmt"/>
        <line num="124" count="1" type="stmt"/>
        <line num="128" count="7" type="stmt"/>
        <line num="138" count="6" type="stmt"/>
        <line num="139" count="6" type="cond" truecount="5" falsecount="0"/>
        <line num="140" count="1" type="stmt"/>
        <line num="143" count="5" type="stmt"/>
        <line num="144" count="5" type="stmt"/>
        <line num="145" count="5" type="cond" truecount="2" falsecount="0"/>
        <line num="146" count="2" type="cond" truecount="1" falsecount="1"/>
        <line num="147" count="0" type="stmt"/>
        <line num="149" count="2" type="stmt"/>
        <line num="154" count="5" type="cond" truecount="2" falsecount="0"/>
        <line num="155" count="1" type="stmt"/>
        <line num="157" count="4" type="stmt"/>
        <line num="158" count="4" type="stmt"/>
        <line num="159" count="4" type="cond" truecount="2" falsecount="0"/>
        <line num="161" count="5" type="cond" truecount="2" falsecount="0"/>
        <line num="162" count="5" type="stmt"/>
        <line num="171" count="11" type="stmt"/>
        <line num="172" count="11" type="stmt"/>
        <line num="173" count="11" type="cond" truecount="2" falsecount="0"/>
      </file>
      <file name="sorter.ts" path="/home/ing/IdeaProjects/kit/kit/src/core/collections/sorter.ts">
        <metrics statements="30" coveredstatements="23" conditionals="28" coveredconditionals="19" methods="8" coveredmethods="8"/>
        <line num="1" count="1" type="stmt"/>
        <line num="32" count="1" type="stmt"/>
        <line num="33" count="4" type="stmt"/>
        <line num="39" count="8" type="stmt"/>
        <line num="40" count="16" type="stmt"/>
        <line num="41" count="16" type="stmt"/>
        <line num="43" count="16" type="cond" truecount="3" falsecount="1"/>
        <line num="44" count="0" type="stmt"/>
        <line num="47" count="16" type="cond" truecount="2" falsecount="0"/>
        <line num="48" count="3" type="cond" truecount="2" falsecount="2"/>
        <line num="50" count="13" type="cond" truecount="2" falsecount="0"/>
        <line num="51" count="1" type="cond" truecount="1" falsecount="1"/>
        <line num="54" count="12" type="cond" truecount="2" falsecount="0"/>
        <line num="56" count="12" type="cond" truecount="1" falsecount="1"/>
        <line num="57" count="0" type="cond" truecount="0" falsecount="2"/>
        <line num="58" count="0" type="stmt"/>
        <line num="60" count="0" type="stmt"/>
        <line num="63" count="12" type="cond" truecount="1" falsecount="1"/>
        <line num="64" count="12" type="cond" truecount="1" falsecount="1"/>
        <line num="65" count="0" type="stmt"/>
        <line num="67" count="12" type="stmt"/>
        <line num="70" count="0" type="stmt"/>
        <line num="74" count="4" type="cond" truecount="2" falsecount="0"/>
        <line num="77" count="4" type="stmt"/>
        <line num="78" count="4" type="stmt"/>
        <line num="79" count="14" type="stmt"/>
        <line num="80" count="16" type="stmt"/>
        <line num="81" count="16" type="cond" truecount="2" falsecount="0"/>
        <line num="82" count="14" type="stmt"/>
        <line num="85" count="0" type="stmt"/>
      </file>
    </package>
    <package name="core.errors">
      <metrics statements="8" coveredstatements="8" conditionals="2" coveredconditionals="1" methods="3" coveredmethods="3"/>
      <file name="cancelled-error.ts" path="/home/ing/IdeaProjects/kit/kit/src/core/errors/cancelled-error.ts">
        <metrics statements="2" coveredstatements="2" conditionals="0" coveredconditionals="0" methods="1" coveredmethods="1"/>
        <line num="1" count="14" type="stmt"/>
        <line num="3" count="2" type="stmt"/>
      </file>
      <file name="errors.ts" path="/home/ing/IdeaProjects/kit/kit/src/core/errors/errors.ts">
        <metrics statements="3" coveredstatements="3" conditionals="0" coveredconditionals="0" methods="1" coveredmethods="1"/>
        <line num="1" count="17" type="stmt"/>
        <line num="2" count="5" type="stmt"/>
        <line num="3" count="5" type="stmt"/>
      </file>
      <file name="null-error.ts" path="/home/ing/IdeaProjects/kit/kit/src/core/errors/null-error.ts">
        <metrics statements="1" coveredstatements="1" conditionals="0" coveredconditionals="0" methods="0" coveredmethods="0"/>
        <line num="1" count="16" type="stmt"/>
      </file>
      <file name="programming-error.ts" path="/home/ing/IdeaProjects/kit/kit/src/core/errors/programming-error.ts">
        <metrics statements="2" coveredstatements="2" conditionals="2" coveredconditionals="1" methods="1" coveredmethods="1"/>
        <line num="4" count="13" type="stmt"/>
        <line num="6" count="3" type="cond" truecount="1" falsecount="1"/>
      </file>
    </package>
    <package name="core.flow">
      <metrics statements="24" coveredstatements="21" conditionals="7" coveredconditionals="7" methods="5" coveredmethods="4"/>
      <file name="catching.ts" path="/home/ing/IdeaProjects/kit/kit/src/core/flow/catching.ts">
        <metrics statements="12" coveredstatements="9" conditionals="0" coveredconditionals="0" methods="3" coveredmethods="2"/>
        <line num="11" count="15" type="stmt"/>
        <line num="12" count="9" type="stmt"/>
        <line num="13" count="9" type="stmt"/>
        <line num="15" count="3" type="stmt"/>
        <line num="33" count="15" type="stmt"/>
        <line num="37" count="0" type="stmt"/>
        <line num="38" count="0" type="stmt"/>
        <line num="40" count="0" type="stmt"/>
        <line num="50" count="15" type="stmt"/>
        <line num="51" count="2" type="stmt"/>
        <line num="52" count="2" type="stmt"/>
        <line num="54" count="1" type="stmt"/>
      </file>
      <file name="not-null.ts" path="/home/ing/IdeaProjects/kit/kit/src/core/flow/not-null.ts">
        <metrics statements="10" coveredstatements="10" conditionals="7" coveredconditionals="7" methods="1" coveredmethods="1"/>
        <line num="1" count="16" type="stmt"/>
        <line num="15" count="16" type="stmt"/>
        <line num="19" count="790" type="cond" truecount="2" falsecount="0"/>
        <line num="20" count="10" type="cond" truecount="2" falsecount="0"/>
        <line num="21" count="6" type="stmt"/>
        <line num="23" count="4" type="stmt"/>
        <line num="24" count="4" type="cond" truecount="2" falsecount="0"/>
        <line num="25" count="3" type="stmt"/>
        <line num="27" count="1" type="stmt"/>
        <line num="29" count="780" type="stmt"/>
      </file>
      <file name="throwing.ts" path="/home/ing/IdeaProjects/kit/kit/src/core/flow/throwing.ts">
        <metrics statements="2" coveredstatements="2" conditionals="0" coveredconditionals="0" methods="1" coveredmethods="1"/>
        <line num="11" count="13" type="stmt"/>
        <line num="12" count="2" type="stmt"/>
      </file>
    </package>
    <package name="core.functions">
      <metrics statements="54" coveredstatements="47" conditionals="20" coveredconditionals="17" methods="7" coveredmethods="6"/>
      <file name="deny-recursion.ts" path="/home/ing/IdeaProjects/kit/kit/src/core/functions/deny-recursion.ts">
        <metrics statements="54" coveredstatements="47" conditionals="20" coveredconditionals="17" methods="7" coveredmethods="6"/>
        <line num="1" count="13" type="stmt"/>
        <line num="19" count="13" type="stmt"/>
        <line num="23" count="7" type="stmt"/>
        <line num="26" count="7" type="stmt"/>
        <line num="27" count="14" type="cond" truecount="2" falsecount="0"/>
        <line num="28" count="5" type="cond" truecount="2" falsecount="0"/>
        <line num="29" count="5" type="cond" truecount="1" falsecount="1"/>
        <line num="30" count="5" type="cond" truecount="2" falsecount="0"/>
        <line num="31" count="1" type="stmt"/>
        <line num="33" count="4" type="stmt"/>
        <line num="36" count="9" type="stmt"/>
        <line num="37" count="9" type="stmt"/>
        <line num="38" count="9" type="stmt"/>
        <line num="39" count="5" type="cond" truecount="2" falsecount="0"/>
        <line num="40" count="2" type="stmt"/>
        <line num="41" count="2" type="stmt"/>
        <line num="42" count="2" type="stmt"/>
        <line num="45" count="3" type="stmt"/>
        <line num="46" count="3" type="stmt"/>
        <line num="47" count="3" type="stmt"/>
        <line num="49" count="4" type="stmt"/>
        <line num="50" count="4" type="stmt"/>
        <line num="54" count="13" type="stmt"/>
        <line num="85" count="13" type="stmt"/>
        <line num="90" count="7" type="stmt"/>
        <line num="91" count="7" type="stmt"/>
        <line num="93" count="7" type="stmt"/>
        <line num="94" count="17" type="stmt"/>
        <line num="96" count="17" type="stmt"/>
        <line num="97" count="17" type="cond" truecount="2" falsecount="0"/>
        <line num="98" count="2" type="stmt"/>
        <line num="99" count="2" type="cond" truecount="1" falsecount="1"/>
        <line num="100" count="2" type="cond" truecount="1" falsecount="1"/>
        <line num="101" count="2" type="stmt"/>
        <line num="103" count="0" type="stmt"/>
        <line num="105" count="15" type="cond" truecount="2" falsecount="0"/>
        <line num="106" count="5" type="stmt"/>
        <line num="108" count="10" type="stmt"/>
        <line num="110" count="10" type="stmt"/>
        <line num="111" count="10" type="stmt"/>
        <line num="112" count="10" type="cond" truecount="2" falsecount="0"/>
        <line num="113" count="3" type="stmt"/>
        <line num="115" count="3" type="stmt"/>
        <line num="117" count="3" type="stmt"/>
        <line num="118" count="3" type="stmt"/>
        <line num="121" count="0" type="stmt"/>
        <line num="122" count="0" type="stmt"/>
        <line num="123" count="0" type="stmt"/>
        <line num="127" count="7" type="stmt"/>
        <line num="128" count="7" type="stmt"/>
        <line num="130" count="10" type="stmt"/>
        <line num="132" count="0" type="stmt"/>
        <line num="133" count="0" type="stmt"/>
        <line num="134" count="0" type="stmt"/>
      </file>
    </package>
    <package name="core.json">
      <metrics statements="4" coveredstatements="4" conditionals="2" coveredconditionals="2" methods="1" coveredmethods="1"/>
      <file name="safe-parse-json-value.ts" path="/home/ing/IdeaProjects/kit/kit/src/core/json/safe-parse-json-value.ts">
        <metrics statements="4" coveredstatements="4" conditionals="2" coveredconditionals="2" methods="1" coveredmethods="1"/>
        <line num="15" count="13" type="stmt"/>
        <line num="19" count="10" type="stmt"/>
        <line num="22" count="10" type="stmt"/>
[...]
        <line num="115" count="6" type="stmt"/>
        <line num="116" count="6" type="cond" truecount="4" falsecount="0"/>
        <line num="117" count="6" type="cond" truecount="2" falsecount="0"/>
        <line num="118" count="5" type="stmt"/>
        <line num="120" count="1" type="stmt"/>
        <line num="125" count="19" type="cond" truecount="2" falsecount="0"/>
        <line num="126" count="2" type="stmt"/>
        <line num="129" count="17" type="stmt"/>
        <line num="130" count="17" type="stmt"/>
        <line num="132" count="17" type="cond" truecount="4" falsecount="0"/>
        <line num="134" count="4" type="stmt"/>
        <line num="135" count="4" type="stmt"/>
        <line num="138" count="13" type="stmt"/>
        <line num="139" count="13" type="stmt"/>
        <line num="144" count="28" type="cond" truecount="2" falsecount="0"/>
        <line num="145" count="2" type="stmt"/>
        <line num="148" count="26" type="cond" truecount="2" falsecount="0"/>
        <line num="149" count="4" type="stmt"/>
        <line num="150" count="3" type="cond" truecount="1" falsecount="1"/>
        <line num="151" count="0" type="stmt"/>
        <line num="154" count="3" type="stmt"/>
        <line num="156" count="3" type="stmt"/>
        <line num="157" count="3" type="stmt"/>
        <line num="158" count="3" type="stmt"/>
        <line num="162" count="22" type="stmt"/>
        <line num="163" count="22" type="stmt"/>
        <line num="166" count="18" type="stmt"/>
        <line num="169" count="16" type="cond" truecount="2" falsecount="0"/>
        <line num="170" count="1" type="stmt"/>
        <line num="173" count="15" type="stmt"/>
        <line num="174" count="12" type="stmt"/>
        <line num="177" count="14" type="stmt"/>
        <line num="181" count="14" type="cond" truecount="2" falsecount="0"/>
        <line num="182" count="2" type="stmt"/>
        <line num="184" count="12" type="cond" truecount="1" falsecount="1"/>
        <line num="185" count="0" type="stmt"/>
        <line num="188" count="12" type="stmt"/>
        <line num="192" count="3" type="stmt"/>
        <line num="193" count="0" type="cond" truecount="0" falsecount="5"/>
      </file>
    </package>
    <package name="unsorted.synthax.examples">
      <metrics statements="297" coveredstatements="233" conditionals="76" coveredconditionals="21" methods="166" coveredmethods="127"/>
      <file name="ast-parser.ts" path="/home/ing/IdeaProjects/kit/kit/src/unsorted/synthax/examples/ast-parser.ts">
        <metrics statements="155" coveredstatements="92" conditionals="70" coveredconditionals="18" methods="64" coveredmethods="27"/>
        <line num="1" count="2" type="stmt"/>
        <line num="2" count="2" type="stmt"/>
        <line num="3" count="2" type="stmt"/>
        <line num="4" count="2" type="stmt"/>
        <line num="5" count="2" type="stmt"/>
        <line num="6" count="2" type="stmt"/>
        <line num="9" count="2" type="stmt"/>
        <line num="10" count="2" type="stmt"/>
        <line num="49" count="2" type="cond" truecount="0" falsecount="1"/>
        <line num="50" count="0" type="stmt"/>
        <line num="52" count="0" type="stmt"/>
        <line num="53" count="0" type="stmt"/>
        <line num="55" count="0" type="cond" truecount="0" falsecount="2"/>
        <line num="57" count="0" type="stmt"/>
        <line num="62" count="0" type="stmt"/>
        <line num="63" count="0" type="stmt"/>
        <line num="65" count="0" type="cond" truecount="0" falsecount="2"/>
        <line num="69" count="0" type="stmt"/>
        <line num="72" count="0" type="stmt"/>
        <line num="73" count="0" type="cond" truecount="0" falsecount="6"/>
        <line num="75" count="0" type="cond" truecount="0" falsecount="2"/>
        <line num="78" count="0" type="stmt"/>
        <line num="81" count="0" type="cond" truecount="0" falsecount="2"/>
        <line num="84" count="0" type="cond" truecount="0" falsecount="2"/>
        <line num="87" count="0" type="cond" truecount="0" falsecount="2"/>
        <line num="90" count="0" type="stmt"/>
        <line num="95" count="0" type="stmt"/>
        <line num="97" count="0" type="stmt"/>
        <line num="99" count="0" type="stmt"/>
        <line num="105" count="0" type="stmt"/>
        <line num="106" count="0" type="cond" truecount="0" falsecount="2"/>
        <line num="109" count="0" type="stmt"/>
        <line num="115" count="2" type="stmt"/>
        <line num="119" count="0" type="stmt"/>
        <line num="120" count="0" type="stmt"/>
        <line num="121" count="0" type="cond" truecount="0" falsecount="2"/>
        <line num="122" count="0" type="stmt"/>
        <line num="124" count="0" type="stmt"/>
        <line num="127" count="0" type="stmt"/>
        <line num="128" count="0" type="stmt"/>
        <line num="131" count="2" type="stmt"/>
        <line num="132" count="0" type="stmt"/>
        <line num="133" count="0" type="cond" truecount="0" falsecount="2"/>
        <line num="134" count="0" type="stmt"/>
        <line num="135" count="0" type="cond" truecount="0" falsecount="4"/>
        <line num="136" count="0" type="stmt"/>
        <line num="137" count="0" type="cond" truecount="0" falsecount="2"/>
        <line num="140" count="0" type="stmt"/>
        <line num="143" count="0" type="stmt"/>
        <line num="146" count="0" type="stmt"/>
        <line num="325" count="2" type="stmt"/>
        <line num="326" count="1" type="stmt"/>
        <line num="327" count="1" type="stmt"/>
        <line num="330" count="1" type="stmt"/>
        <line num="378" count="36" type="stmt"/>
        <line num="380" count="1" type="stmt"/>
        <line num="381" count="1" type="stmt"/>
        <line num="382" count="2" type="stmt"/>
        <line num="383" count="3" type="stmt"/>
        <line num="385" count="1" type="stmt"/>
        <line num="386" count="0" type="stmt"/>
        <line num="387" count="0" type="cond" truecount="0" falsecount="2"/>
        <line num="388" count="0" type="stmt"/>
        <line num="390" count="0" type="cond" truecount="0" falsecount="4"/>
        <line num="394" count="1" type="stmt"/>
        <line num="396" count="1" type="stmt"/>
        <line num="398" count="1" type="stmt"/>
        <line num="399" count="2" type="stmt"/>
        <line num="400" count="1" type="stmt"/>
        <line num="401" count="2" type="stmt"/>
        <line num="403" count="1" type="stmt"/>
        <line num="404" count="1" type="stmt"/>
        <line num="407" count="1" type="stmt"/>
        <line num="408" count="1" type="stmt"/>
        <line num="409" count="0" type="stmt"/>
        <line num="414" count="36" type="stmt"/>
        <line num="415" count="0" type="stmt"/>
        <line num="422" count="1" type="stmt"/>
        <line num="423" count="1" type="stmt"/>
        <line num="425" count="1" type="stmt"/>
        <line num="426" count="0" type="stmt"/>
        <line num="429" count="1" type="stmt"/>
        <line num="431" count="3" type="stmt"/>
        <line num="432" count="0" type="stmt"/>
        <line num="439" count="1" type="stmt"/>
        <line num="442" count="0" type="stmt"/>
        <line num="444" count="1" type="stmt"/>
        <line num="446" count="1" type="stmt"/>
        <line num="450" count="0" type="stmt"/>
        <line num="457" count="1" type="stmt"/>
        <line num="465" count="3" type="stmt"/>
        <line num="471" count="0" type="stmt"/>
        <line num="482" count="1" type="stmt"/>
        <line num="491" count="2" type="stmt"/>
        <line num="492" count="0" type="stmt"/>
        <line num="494" count="2" type="stmt"/>
        <line num="495" count="39" type="cond" truecount="2" falsecount="0"/>
        <line num="496" count="19" type="stmt"/>
        <line num="499" count="20" type="cond" truecount="2" falsecount="0"/>
        <line num="500" count="16" type="cond" truecount="1" falsecount="1"/>
        <line num="501" count="0" type="stmt"/>
        <line num="503" count="16" type="cond" truecount="2" falsecount="0"/>
        <line num="504" count="3" type="stmt"/>
        <line num="508" count="17" type="cond" truecount="3" falsecount="1"/>
        <line num="510" count="7" type="stmt"/>
        <line num="511" count="14" type="stmt"/>
        <line num="513" count="7" type="stmt"/>
        <line num="516" count="6" type="stmt"/>
        <line num="517" count="12" type="stmt"/>
        <line num="518" count="16" type="stmt"/>
        <line num="519" count="12" type="stmt"/>
        <line num="522" count="6" type="stmt"/>
        <line num="523" count="12" type="stmt"/>
        <line num="524" count="6" type="stmt"/>
        <line num="525" count="7" type="stmt"/>
        <line num="526" count="11" type="stmt"/>
        <line num="531" count="6" type="stmt"/>
        <line num="534" count="4" type="cond" truecount="1" falsecount="1"/>
        <line num="535" count="0" type="stmt"/>
        <line num="538" count="4" type="cond" truecount="2" falsecount="0"/>
        <line num="539" count="1" type="stmt"/>
        <line num="542" count="3" type="cond" truecount="1" falsecount="3"/>
        <line num="545" count="0" type="stmt"/>
        <line num="550" count="0" type="stmt"/>
        <line num="551" count="0" type="stmt"/>
        <line num="552" count="0" type="stmt"/>
        <line num="561" count="0" type="stmt"/>
        <line num="566" count="0" type="stmt"/>
        <line num="567" count="0" type="stmt"/>
        <line num="568" count="0" type="stmt"/>
        <line num="576" count="3" type="stmt"/>
        <line num="577" count="3" type="stmt"/>
        <line num="578" count="3" type="stmt"/>
        <line num="580" count="3" type="stmt"/>
        <line num="583" count="0" type="stmt"/>
        <line num="588" count="0" type="stmt"/>
        <line num="597" count="7" type="stmt"/>
        <line num="599" count="7" type="stmt"/>
        <line num="600" count="7" type="stmt"/>
        <line num="603" count="15" type="stmt"/>
        <line num="604" count="15" type="stmt"/>
        <line num="605" count="26" type="stmt"/>
        <line num="606" count="26" type="stmt"/>
        <line num="607" count="26" type="cond" truecount="2" falsecount="0"/>
        <line num="608" count="5" type="stmt"/>
        <line num="610" count="21" type="stmt"/>
        <line num="611" count="21" type="stmt"/>
        <line num="612" count="21" type="stmt"/>
        <line num="615" count="15" type="cond" truecount="2" falsecount="0"/>
        <line num="616" count="14" type="stmt"/>
        <line num="617" count="14" type="stmt"/>
        <line num="622" count="2" type="stmt"/>
        <line num="623" count="7" type="stmt"/>
        <line num="624" count="15" type="stmt"/>
        <line num="626" count="7" type="stmt"/>
      </file>
      <file name="graphql-parser.ts" path="/home/ing/IdeaProjects/kit/kit/src/unsorted/synthax/examples/graphql-parser.ts">
        <metrics statements="75" coveredstatements="75" conditionals="4" coveredconditionals="2" methods="45" coveredmethods="45"/>
        <line num="1" count="1" type="stmt"/>
        <line num="2" count="1" type="stmt"/>
        <line num="5" count="1" type="stmt"/>
        <line num="11" count="1" type="stmt"/>
        <line num="12" count="1" type="stmt"/>
        <line num="14" count="2" type="stmt"/>
        <line num="15" count="1" type="stmt"/>
        <line num="16" count="2" type="stmt"/>
        <line num="18" count="1" type="stmt"/>
        <line num="20" count="1" type="stmt"/>
        <line num="22" count="1" type="stmt"/>
        <line num="29" count="7" type="stmt"/>
        <line num="30" count="7" type="stmt"/>
        <line num="32" count="1" type="stmt"/>
        <line num="37" count="3" type="stmt"/>
        <line num="39" count="1" type="stmt"/>
        <line num="43" count="175" type="stmt"/>
        <line num="44" count="134" type="stmt"/>
        <line num="49" count="175" type="stmt"/>
        <line num="52" count="1" type="stmt"/>
        <line num="53" count="1" type="stmt"/>
        <line num="55" count="1" type="stmt"/>
        <line num="57" count="1" type="stmt"/>
        <line num="60" count="50" type="stmt"/>
        <line num="62" count="1" type="stmt"/>
        <line num="65" count="8" type="stmt"/>
        <line num="67" count="1" type="stmt"/>
        <line num="73" count="4" type="stmt"/>
        <line num="75" count="1" type="stmt"/>
        <line num="81" count="1" type="stmt"/>
        <line num="87" count="3" type="cond" truecount="1" falsecount="1"/>
        <line num="95" count="4" type="stmt"/>
        <line num="97" count="1" type="stmt"/>
        <line num="103" count="1" type="stmt"/>
        <line num="111" count="1" type="stmt"/>
        <line num="116" count="13" type="stmt"/>
        <line num="118" count="1" type="stmt"/>
        <line num="119" count="13" type="stmt"/>
        <line num="122" count="13" type="stmt"/>
        <line num="132" count="1" type="stmt"/>
        <line num="136" count="1" type="stmt"/>
        <line num="138" count="1" type="stmt"/>
        <line num="145" count="1" type="stmt"/>
        <line num="148" count="1" type="stmt"/>
        <line num="155" count="1" type="stmt"/>
        <line num="159" count="15" type="stmt"/>
        <line num="163" count="10" type="stmt"/>
        <line num="165" count="1" type="stmt"/>
        <line num="170" count="1" type="stmt"/>
        <line num="171" count="1" type="stmt"/>
        <line num="173" count="7" type="stmt"/>
        <line num="175" count="1" type="stmt"/>
        <line num="178" count="2" type="stmt"/>
        <line num="182" count="1" type="stmt"/>
        <line num="183" count="2" type="stmt"/>
        <line num="185" count="1" type="stmt"/>
        <line num="187" count="1" type="stmt"/>
        <line num="193" count="4" type="stmt"/>
        <line num="195" count="1" type="stmt"/>
        <line num="201" count="2" type="stmt"/>
        <line num="205" count="2" type="stmt"/>
        <line num="207" count="1" type="stmt"/>
        <line num="212" count="2" type="stmt"/>
        <line num="216" count="2" type="stmt"/>
        <line num="224" count="1" type="stmt"/>
        <line num="229" count="1" type="stmt"/>
        <line num="233" count="3" type="stmt"/>
        <line num="241" count="1" type="stmt"/>
        <line num="253" count="1" type="stmt"/>
        <line num="261" count="1" type="stmt"/>
        <line num="270" count="1" type="stmt"/>
        <line num="275" count="2" type="stmt"/>
        <line num="282" count="1" type="stmt"/>
        <line num="283" count="8" type="stmt"/>
        <line num="287" count="1" type="stmt"/>
      </file>
      <file name="json-parser.ts" path="/home/ing/IdeaProjects/kit/kit/src/unsorted/synthax/examples/json-parser.ts">
        <metrics statements="52" coveredstatements="51" conditionals="2" coveredconditionals="1" methods="44" coveredmethods="42"/>
        <line num="1" count="5" type="stmt"/>
        <line num="2" count="5" type="stmt"/>
        <line num="3" count="5" type="stmt"/>
        <line num="4" count="5" type="stmt"/>
        <line num="5" count="5" type="stmt"/>
        <line num="8" count="5" type="stmt"/>
        <line num="10" count="5" type="stmt"/>
        <line num="12" count="2" type="stmt"/>
        <line num="15" count="2" type="stmt"/>
        <line num="18" count="1" type="stmt"/>
        <line num="23" count="8" type="stmt"/>
        <line num="34" count="56" type="stmt"/>
        <line num="35" count="56" type="stmt"/>
        <line num="37" count="8" type="stmt"/>
        <line num="40" count="8" type="stmt"/>
        <line num="43" count="4" type="stmt"/>
        <line num="44" count="4" type="stmt"/>
        <line num="46" count="8" type="stmt"/>
        <line num="49" count="7" type="stmt"/>
        <line num="53" count="6" type="stmt"/>
        <line num="59" count="29" type="stmt"/>
        <line num="61" count="16" type="stmt"/>
        <line num="66" count="13" type="stmt"/>
        <line num="70" count="3" type="stmt"/>
        <line num="72" count="3" type="stmt"/>
        <line num="87" count="2" type="stmt"/>
        <line num="96" count="3" type="stmt"/>
        <line num="100" count="0" type="stmt"/>
        <line num="104" count="2" type="stmt"/>
        <line num="108" count="2" type="stmt"/>
        <line num="112" count="2" type="stmt"/>
        <line num="116" count="1" type="stmt"/>
        <line num="121" count="2" type="stmt"/>
        <line num="129" count="5" type="stmt"/>
        <line num="130" count="2" type="stmt"/>
        <line num="132" count="12" type="stmt"/>
        <line num="134" count="2" type="stmt"/>
        <line num="135" count="14" type="stmt"/>
        <line num="136" count="12" type="stmt"/>
        <line num="138" count="3" type="stmt"/>
        <line num="139" count="2" type="stmt"/>
        <line num="140" count="1" type="stmt"/>
        <line num="143" count="2" type="stmt"/>
        <line num="149" count="8" type="stmt"/>
        <line num="151" count="2" type="stmt"/>
        <line num="157" count="6" type="stmt"/>
        <line num="161" count="6" type="stmt"/>
        <line num="163" count="2" type="stmt"/>
        <line num="169" count="1" type="stmt"/>
        <line num="173" count="1" type="stmt"/>
        <line num="175" count="2" type="stmt"/>
        <line num="177" count="2" type="stmt"/>
      </file>
      <file name="ts-ast-parser.ts" path="/home/ing/IdeaProjects/kit/kit/src/unsorted/synthax/examples/ts-ast-parser.ts">
        <metrics statements="15" coveredstatements="15" conditionals="0" coveredconditionals="0" methods="13" coveredmethods="13"/>
        <line num="1" count="3" type="stmt"/>
        <line num="4" count="3" type="stmt"/>
        <line num="6" count="18" type="stmt"/>
        <line num="16" count="18" type="stmt"/>
        <line num="35" count="19" type="stmt"/>
        <line num="57" count="19" type="stmt"/>
        <line num="68" count="18" type="stmt"/>
        <line num="90" count="19" type="stmt"/>
        <line num="98" count="19" type="stmt"/>
        <line num="105" count="19" type="stmt"/>
        <line num="112" count="18" type="stmt"/>
        <line num="146" count="18" type="stmt"/>
        <line num="176" count="3" type="stmt"/>
        <line num="177" count="18" type="stmt"/>
        <line num="190" count="1224" type="stmt"/>
      </file>
    </package>
    <package name="unsorted.synthax.util">
      <metrics statements="20" coveredstatements="20" conditionals="8" coveredconditionals="8" methods="5" coveredmethods="5"/>
      <file name="code-points-builder.ts" path="/home/ing/IdeaProjects/kit/kit/src/unsorted/synthax/util/code-points-builder.ts">
        <metrics statements="20" coveredstatements="20" conditionals="8" coveredconditionals="8" methods="5" coveredmethods="5"/>
        <line num="1" count="7" type="stmt"/>
        <line num="2" count="7" type="stmt"/>
        <line num="4" count="7" type="stmt"/>
        <line num="5" count="48" type="cond" truecount="2" falsecount="0"/>
        <line num="6" count="1" type="stmt"/>
        <line num="8" count="47" type="stmt"/>
        <line num="9" count="47" type="stmt"/>
        <line num="10" count="47" type="cond" truecount="4" falsecount="0"/>
        <line num="11" count="1" type="stmt"/>
        <line num="13" count="46" type="cond" truecount="2" falsecount="0"/>
        <line num="14" count="1" type="stmt"/>
        <line num="16" count="45" type="stmt"/>
        <line num="19" count="7" type="stmt"/>
        <line num="20" count="24" type="stmt"/>
        <line num="23" count="48" type="stmt"/>
        <line num="24" count="499" type="stmt"/>
        <line num="25" count="45" type="stmt"/>
        <line num="29" count="6" type="stmt"/>
        <line num="30" count="6" type="stmt"/>
        <line num="34" count="13" type="stmt"/>
      </file>
    </package>
  </project>
</coverage>
