{"/home/ing/IdeaProjects/kit/kit/src/core/checks.ts": {"path":"/home/ing/IdeaProjects/kit/kit/src/core/checks.ts","statementMap":{"0":{"start":{"line":357,"column":0},"end":{"line":357,"column":16}},"1":{"start":{"line":3,"column":26},"end":{"line":4,"column":28}},"2":{"start":{"line":4,"column":2},"end":{"line":4,"column":28}},"3":{"start":{"line":3,"column":13},"end":{"line":3,"column":26}},"4":{"start":{"line":6,"column":25},"end":{"line":6,"column":60}},"5":{"start":{"line":8,"column":32},"end":{"line":20,"column":1}},"6":{"start":{"line":13,"column":2},"end":{"line":18,"column":5}},"7":{"start":{"line":14,"column":24},"end":{"line":14,"column":54}},"8":{"start":{"line":19,"column":2},"end":{"line":19,"column":33}},"9":{"start":{"line":8,"column":13},"end":{"line":8,"column":32}},"10":{"start":{"line":22,"column":27},"end":{"line":22,"column":96}},"11":{"start":{"line":22,"column":75},"end":{"line":22,"column":96}},"12":{"start":{"line":22,"column":13},"end":{"line":22,"column":27}},"13":{"start":{"line":45,"column":13},"end":{"line":45,"column":100}},"14":{"start":{"line":45,"column":76},"end":{"line":45,"column":85}},"15":{"start":{"line":57,"column":13},"end":{"line":57,"column":105}},"16":{"start":{"line":57,"column":74},"end":{"line":57,"column":89}},"17":{"start":{"line":66,"column":13},"end":{"line":66,"column":85}},"18":{"start":{"line":66,"column":64},"end":{"line":66,"column":74}},"19":{"start":{"line":79,"column":13},"end":{"line":79,"column":109}},"20":{"start":{"line":79,"column":92},"end":{"line":79,"column":95}},"21":{"start":{"line":90,"column":13},"end":{"line":90,"column":100}},"22":{"start":{"line":90,"column":70},"end":{"line":90,"column":85}},"23":{"start":{"line":102,"column":13},"end":{"line":102,"column":80}},"24":{"start":{"line":102,"column":60},"end":{"line":102,"column":70}},"25":{"start":{"line":113,"column":13},"end":{"line":113,"column":106}},"26":{"start":{"line":113,"column":75},"end":{"line":113,"column":84}},"27":{"start":{"line":121,"column":13},"end":{"line":121,"column":97}},"28":{"start":{"line":121,"column":64},"end":{"line":121,"column":85}},"29":{"start":{"line":133,"column":13},"end":{"line":133,"column":97}},"30":{"start":{"line":133,"column":64},"end":{"line":133,"column":85}},"31":{"start":{"line":145,"column":13},"end":{"line":148,"column":2}},"32":{"start":{"line":146,"column":31},"end":{"line":146,"column":65}},"33":{"start":{"line":161,"column":13},"end":{"line":164,"column":2}},"34":{"start":{"line":162,"column":46},"end":{"line":162,"column":98}},"35":{"start":{"line":177,"column":13},"end":{"line":180,"column":2}},"36":{"start":{"line":178,"column":46},"end":{"line":178,"column":101}},"37":{"start":{"line":189,"column":13},"end":{"line":192,"column":2}},"38":{"start":{"line":190,"column":61},"end":{"line":190,"column":77}},"39":{"start":{"line":203,"column":25},"end":{"line":216,"column":null}},"40":{"start":{"line":204,"column":2},"end":{"line":216,"column":null}},"41":{"start":{"line":206,"column":6},"end":{"line":208,"column":7}},"42":{"start":{"line":207,"column":8},"end":{"line":207,"column":21}},"43":{"start":{"line":209,"column":6},"end":{"line":213,"column":7}},"44":{"start":{"line":210,"column":8},"end":{"line":212,"column":9}},"45":{"start":{"line":211,"column":10},"end":{"line":211,"column":23}},"46":{"start":{"line":214,"column":6},"end":{"line":214,"column":18}},"47":{"start":{"line":216,"column":10},"end":{"line":216,"column":33}},"48":{"start":{"line":203,"column":13},"end":{"line":203,"column":25}},"49":{"start":{"line":226,"column":28},"end":{"line":236,"column":null}},"50":{"start":{"line":227,"column":2},"end":{"line":236,"column":null}},"51":{"start":{"line":229,"column":6},"end":{"line":233,"column":7}},"52":{"start":{"line":230,"column":8},"end":{"line":232,"column":9}},"53":{"start":{"line":231,"column":10},"end":{"line":231,"column":22}},"54":{"start":{"line":234,"column":6},"end":{"line":234,"column":19}},"55":{"start":{"line":236,"column":10},"end":{"line":236,"column":91}},"56":{"start":{"line":236,"column":31},"end":{"line":236,"column":75}},"57":{"start":{"line":226,"column":13},"end":{"line":226,"column":28}},"58":{"start":{"line":258,"column":24},"end":{"line":268,"column":null}},"59":{"start":{"line":259,"column":2},"end":{"line":268,"column":null}},"60":{"start":{"line":261,"column":6},"end":{"line":265,"column":7}},"61":{"start":{"line":262,"column":8},"end":{"line":264,"column":9}},"62":{"start":{"line":263,"column":10},"end":{"line":263,"column":22}},"63":{"start":{"line":266,"column":6},"end":{"line":266,"column":19}},"64":{"start":{"line":268,"column":10},"end":{"line":268,"column":62}},"65":{"start":{"line":268,"column":32},"end":{"line":268,"column":46}},"66":{"start":{"line":258,"column":13},"end":{"line":258,"column":24}},"67":{"start":{"line":281,"column":2},"end":{"line":293,"column":3}},"68":{"start":{"line":282,"column":2},"end":{"line":293,"column":3}},"69":{"start":{"line":283,"column":4},"end":{"line":285,"column":5}},"70":{"start":{"line":284,"column":6},"end":{"line":284,"column":19}},"71":{"start":{"line":286,"column":4},"end":{"line":290,"column":5}},"72":{"start":{"line":287,"column":6},"end":{"line":289,"column":7}},"73":{"start":{"line":288,"column":8},"end":{"line":288,"column":21}},"74":{"start":{"line":292,"column":4},"end":{"line":292,"column":16}},"75":{"start":{"line":280,"column":13},"end":{"line":280,"column":null}},"76":{"start":{"line":305,"column":24},"end":{"line":306,"column":34}},"77":{"start":{"line":306,"column":2},"end":{"line":306,"column":34}},"78":{"start":{"line":305,"column":13},"end":{"line":305,"column":24}},"79":{"start":{"line":320,"column":2},"end":{"line":326,"column":3}},"80":{"start":{"line":321,"column":2},"end":{"line":326,"column":3}},"81":{"start":{"line":322,"column":4},"end":{"line":324,"column":5}},"82":{"start":{"line":323,"column":6},"end":{"line":323,"column":97}},"83":{"start":{"line":325,"column":4},"end":{"line":325,"column":17}},"84":{"start":{"line":319,"column":13},"end":{"line":319,"column":null}},"85":{"start":{"line":338,"column":2},"end":{"line":344,"column":3}},"86":{"start":{"line":339,"column":2},"end":{"line":344,"column":3}},"87":{"start":{"line":340,"column":4},"end":{"line":342,"column":5}},"88":{"start":{"line":341,"column":6},"end":{"line":341,"column":97}},"89":{"start":{"line":343,"column":4},"end":{"line":343,"column":13}},"90":{"start":{"line":337,"column":13},"end":{"line":337,"column":null}},"91":{"start":{"line":362,"column":2},"end":{"line":365,"column":3}},"92":{"start":{"line":363,"column":14},"end":{"line":363,"column":24}},"93":{"start":{"line":364,"column":4},"end":{"line":364,"column":51}},"94":{"start":{"line":366,"column":2},"end":{"line":366,"column":16}}},"fnMap":{"0":{"name":"(anonymous_0)","decl":{"start":{"line":3,"column":26},"end":{"line":3,"column":66}},"loc":{"start":{"line":4,"column":2},"end":{"line":4,"column":28}}},"1":{"name":"(anonymous_1)","decl":{"start":{"line":8,"column":32},"end":{"line":8,"column":null}},"loc":{"start":{"line":12,"column":7},"end":{"line":20,"column":1}}},"2":{"name":"(anonymous_2)","decl":{"start":{"line":14,"column":17},"end":{"line":14,"column":20}},"loc":{"start":{"line":14,"column":24},"end":{"line":14,"column":54}}},"3":{"name":"(anonymous_3)","decl":{"start":{"line":22,"column":27},"end":{"line":22,"column":46}},"loc":{"start":{"line":22,"column":75},"end":{"line":22,"column":96}}},"4":{"name":"(anonymous_4)","decl":{"start":{"line":45,"column":36},"end":{"line":45,"column":40}},"loc":{"start":{"line":45,"column":76},"end":{"line":45,"column":85}}},"5":{"name":"(anonymous_5)","decl":{"start":{"line":57,"column":41},"end":{"line":57,"column":45}},"loc":{"start":{"line":57,"column":74},"end":{"line":57,"column":89}}},"6":{"name":"(anonymous_6)","decl":{"start":{"line":66,"column":36},"end":{"line":66,"column":40}},"loc":{"start":{"line":66,"column":64},"end":{"line":66,"column":74}}},"7":{"name":"(anonymous_7)","decl":{"start":{"line":79,"column":35},"end":{"line":79,"column":39}},"loc":{"start":{"line":79,"column":92},"end":{"line":79,"column":95}}},"8":{"name":"(anonymous_8)","decl":{"start":{"line":90,"column":38},"end":{"line":90,"column":39}},"loc":{"start":{"line":90,"column":70},"end":{"line":90,"column":85}}},"9":{"name":"(anonymous_9)","decl":{"start":{"line":102,"column":33},"end":{"line":102,"column":34}},"loc":{"start":{"line":102,"column":60},"end":{"line":102,"column":70}}},"10":{"name":"(anonymous_10)","decl":{"start":{"line":113,"column":36},"end":{"line":113,"column":37}},"loc":{"start":{"line":113,"column":75},"end":{"line":113,"column":84}}},"11":{"name":"(anonymous_11)","decl":{"start":{"line":121,"column":35},"end":{"line":121,"column":36}},"loc":{"start":{"line":121,"column":64},"end":{"line":121,"column":85}}},"12":{"name":"(anonymous_12)","decl":{"start":{"line":133,"column":35},"end":{"line":133,"column":36}},"loc":{"start":{"line":133,"column":64},"end":{"line":133,"column":85}}},"13":{"name":"(anonymous_13)","decl":{"start":{"line":146,"column":2},"end":{"line":146,"column":3}},"loc":{"start":{"line":146,"column":31},"end":{"line":146,"column":65}}},"14":{"name":"(anonymous_14)","decl":{"start":{"line":162,"column":2},"end":{"line":162,"column":9}},"loc":{"start":{"line":162,"column":46},"end":{"line":162,"column":98}}},"15":{"name":"(anonymous_15)","decl":{"start":{"line":178,"column":2},"end":{"line":178,"column":9}},"loc":{"start":{"line":178,"column":46},"end":{"line":178,"column":101}}},"16":{"name":"(anonymous_16)","decl":{"start":{"line":190,"column":2},"end":{"line":190,"column":6}},"loc":{"start":{"line":190,"column":61},"end":{"line":190,"column":77}}},"17":{"name":"(anonymous_17)","decl":{"start":{"line":203,"column":25},"end":{"line":203,"column":29}},"loc":{"start":{"line":204,"column":2},"end":{"line":216,"column":null}}},"18":{"name":"(anonymous_18)","decl":{"start":{"line":205,"column":4},"end":{"line":205,"column":5}},"loc":{"start":{"line":205,"column":20},"end":{"line":215,"column":5}}},"19":{"name":"(anonymous_19)","decl":{"start":{"line":216,"column":4},"end":{"line":216,"column":7}},"loc":{"start":{"line":216,"column":10},"end":{"line":216,"column":33}}},"20":{"name":"(anonymous_20)","decl":{"start":{"line":226,"column":28},"end":{"line":226,"column":32}},"loc":{"start":{"line":227,"column":2},"end":{"line":236,"column":null}}},"21":{"name":"(anonymous_21)","decl":{"start":{"line":228,"column":4},"end":{"line":228,"column":5}},"loc":{"start":{"line":228,"column":18},"end":{"line":235,"column":5}}},"22":{"name":"(anonymous_22)","decl":{"start":{"line":236,"column":4},"end":{"line":236,"column":7}},"loc":{"start":{"line":236,"column":10},"end":{"line":236,"column":91}}},"23":{"name":"(anonymous_23)","decl":{"start":{"line":236,"column":26},"end":{"line":236,"column":27}},"loc":{"start":{"line":236,"column":31},"end":{"line":236,"column":75}}},"24":{"name":"(anonymous_24)","decl":{"start":{"line":258,"column":24},"end":{"line":258,"column":56}},"loc":{"start":{"line":259,"column":2},"end":{"line":268,"column":null}}},"25":{"name":"(anonymous_25)","decl":{"start":{"line":260,"column":4},"end":{"line":260,"column":5}},"loc":{"start":{"line":260,"column":27},"end":{"line":267,"column":5}}},"26":{"name":"(anonymous_26)","decl":{"start":{"line":268,"column":4},"end":{"line":268,"column":7}},"loc":{"start":{"line":268,"column":10},"end":{"line":268,"column":62}}},"27":{"name":"(anonymous_27)","decl":{"start":{"line":268,"column":27},"end":{"line":268,"column":28}},"loc":{"start":{"line":268,"column":32},"end":{"line":268,"column":46}}},"28":{"name":"(anonymous_28)","decl":{"start":{"line":281,"column":2},"end":{"line":281,"column":34}},"loc":{"start":{"line":282,"column":2},"end":{"line":293,"column":3}}},"29":{"name":"(anonymous_29)","decl":{"start":{"line":282,"column":2},"end":{"line":282,"column":3}},"loc":{"start":{"line":282,"column":17},"end":{"line":293,"column":3}}},"30":{"name":"(anonymous_30)","decl":{"start":{"line":305,"column":24},"end":{"line":305,"column":56}},"loc":{"start":{"line":306,"column":2},"end":{"line":306,"column":34}}},"31":{"name":"(anonymous_31)","decl":{"start":{"line":320,"column":2},"end":{"line":320,"column":6}},"loc":{"start":{"line":321,"column":2},"end":{"line":326,"column":3}}},"32":{"name":"(anonymous_32)","decl":{"start":{"line":321,"column":2},"end":{"line":321,"column":6}},"loc":{"start":{"line":321,"column":37},"end":{"line":326,"column":3}}},"33":{"name":"(anonymous_33)","decl":{"start":{"line":338,"column":2},"end":{"line":338,"column":6}},"loc":{"start":{"line":339,"column":2},"end":{"line":344,"column":3}}},"34":{"name":"(anonymous_34)","decl":{"start":{"line":339,"column":2},"end":{"line":339,"column":3}},"loc":{"start":{"line":339,"column":6},"end":{"line":344,"column":3}}},"35":{"name":"checked","decl":{"start":{"line":357,"column":16},"end":{"line":357,"column":23}},"loc":{"start":{"line":360,"column":35},"end":{"line":367,"column":1}}}},"branchMap":{"0":{"loc":{"start":{"line":11,"column":2},"end":{"line":11,"column":14}},"type":"default-arg","locations":[{"start":{"line":11,"column":10},"end":{"line":11,"column":14}}]},"1":{"loc":{"start":{"line":14,"column":9},"end":{"line":14,"column":62}},"type":"cond-expr","locations":[{"start":{"line":14,"column":17},"end":{"line":14,"column":55}},{"start":{"line":14,"column":58},"end":{"line":14,"column":62}}]},"2":{"loc":{"start":{"line":22,"column":75},"end":{"line":22,"column":96}},"type":"binary-expr","locations":[{"start":{"line":22,"column":75},"end":{"line":22,"column":81}},{"start":{"line":22,"column":85},"end":{"line":22,"column":96}}]},"3":{"loc":{"start":{"line":146,"column":31},"end":{"line":146,"column":65}},"type":"binary-expr","locations":[{"start":{"line":146,"column":31},"end":{"line":146,"column":42}},{"start":{"line":146,"column":46},"end":{"line":146,"column":65}}]},"4":{"loc":{"start":{"line":162,"column":46},"end":{"line":162,"column":98}},"type":"binary-expr","locations":[{"start":{"line":162,"column":46},"end":{"line":162,"column":49}},{"start":{"line":162,"column":53},"end":{"line":162,"column":98}}]},"5":{"loc":{"start":{"line":178,"column":46},"end":{"line":178,"column":101}},"type":"binary-expr","locations":[{"start":{"line":178,"column":46},"end":{"line":178,"column":67}},{"start":{"line":178,"column":71},"end":{"line":178,"column":80}},{"start":{"line":178,"column":84},"end":{"line":178,"column":101}}]},"6":{"loc":{"start":{"line":206,"column":6},"end":{"line":208,"column":7}},"type":"if","locations":[{"start":{"line":206,"column":6},"end":{"line":208,"column":7}},{"start":{},"end":{}}]},"7":{"loc":{"start":{"line":210,"column":8},"end":{"line":212,"column":9}},"type":"if","locations":[{"start":{"line":210,"column":8},"end":{"line":212,"column":9}},{"start":{},"end":{}}]},"8":{"loc":{"start":{"line":230,"column":8},"end":{"line":232,"column":9}},"type":"if","locations":[{"start":{"line":230,"column":8},"end":{"line":232,"column":9}},{"start":{},"end":{}}]},"9":{"loc":{"start":{"line":262,"column":8},"end":{"line":264,"column":9}},"type":"if","locations":[{"start":{"line":262,"column":8},"end":{"line":264,"column":9}},{"start":{},"end":{}}]},"10":{"loc":{"start":{"line":283,"column":4},"end":{"line":285,"column":5}},"type":"if","locations":[{"start":{"line":283,"column":4},"end":{"line":285,"column":5}},{"start":{},"end":{}}]},"11":{"loc":{"start":{"line":283,"column":8},"end":{"line":283,"column":54}},"type":"binary-expr","locations":[{"start":{"line":283,"column":8},"end":{"line":283,"column":25}},{"start":{"line":283,"column":29},"end":{"line":283,"column":54}}]},"12":{"loc":{"start":{"line":287,"column":6},"end":{"line":289,"column":7}},"type":"if","locations":[{"start":{"line":287,"column":6},"end":{"line":289,"column":7}},{"start":{},"end":{}}]},"13":{"loc":{"start":{"line":322,"column":4},"end":{"line":324,"column":5}},"type":"if","locations":[{"start":{"line":322,"column":4},"end":{"line":324,"column":5}},{"start":{},"end":{}}]},"14":{"loc":{"start":{"line":323,"column":31},"end":{"line":323,"column":77}},"type":"cond-expr","locations":[{"start":{"line":323,"column":50},"end":{"line":323,"column":52}},{"start":{"line":323,"column":55},"end":{"line":323,"column":77}}]},"15":{"loc":{"start":{"line":340,"column":4},"end":{"line":342,"column":5}},"type":"if","locations":[{"start":{"line":340,"column":4},"end":{"line":342,"column":5}},{"start":{},"end":{}}]},"16":{"loc":{"start":{"line":341,"column":31},"end":{"line":341,"column":77}},"type":"cond-expr","locations":[{"start":{"line":341,"column":50},"end":{"line":341,"column":52}},{"start":{"line":341,"column":55},"end":{"line":341,"column":77}}]},"17":{"loc":{"start":{"line":362,"column":2},"end":{"line":365,"column":3}},"type":"if","locations":[{"start":{"line":362,"column":2},"end":{"line":365,"column":3}},{"start":{},"end":{}}]},"18":{"loc":{"start":{"line":364,"column":10},"end":{"line":364,"column":50}},"type":"cond-expr","locations":[{"start":{"line":364,"column":34},"end":{"line":364,"column":46}},{"start":{"line":364,"column":49},"end":{"line":364,"column":50}}]}},"s":{"0":24,"1":24,"2":313,"3":24,"4":24,"5":24,"6":500973,"7":11,"8":500973,"9":24,"10":24,"11":34,"12":24,"13":24,"14":55,"15":24,"16":4,"17":24,"18":4,"19":24,"20":360,"21":24,"22":4,"23":24,"24":4,"25":24,"26":5,"27":24,"28":500984,"29":24,"30":24,"31":24,"32":7,"33":24,"34":5,"35":24,"36":7,"37":24,"38":1506,"39":24,"40":6,"41":7,"42":1,"43":6,"44":8,"45":2,"46":4,"47":4,"48":24,"49":24,"50":5,"51":6,"52":7,"53":4,"54":2,"55":3,"56":4,"57":24,"58":24,"59":500960,"60":500960,"61":500962,"62":500959,"63":1,"64":2,"65":4,"66":24,"67":24,"68":2,"69":7,"70":2,"71":5,"72":10,"73":2,"74":3,"75":24,"76":24,"77":1,"78":24,"79":24,"80":3,"81":3,"82":2,"83":1,"84":24,"85":24,"86":3,"87":3,"88":2,"89":1,"90":24,"91":500963,"92":3,"93":3,"94":500960},"f":{"0":313,"1":500973,"2":11,"3":34,"4":55,"5":4,"6":4,"7":360,"8":4,"9":4,"10":5,"11":500984,"12":24,"13":7,"14":5,"15":7,"16":1506,"17":6,"18":7,"19":4,"20":5,"21":6,"22":3,"23":4,"24":500960,"25":500960,"26":2,"27":4,"28":2,"29":7,"30":1,"31":3,"32":3,"33":3,"34":3,"35":500963},"b":{"0":[500972],"1":[500972,1],"2":[34,1],"3":[7,5],"4":[5,4],"5":[7,5,4],"6":[1,6],"7":[2,6],"8":[4,3],"9":[500959,3],"10":[2,5],"11":[7,6],"12":[2,8],"13":[2,1],"14":[1,1],"15":[2,1],"16":[1,1],"17":[3,500960],"18":[2,1]}}
,"/home/ing/IdeaProjects/kit/kit/src/core/code-points-matching-tree.ts": {"path":"/home/ing/IdeaProjects/kit/kit/src/core/code-points-matching-tree.ts","statementMap":{"0":{"start":{"line":1,"column":0},"end":{"line":1,"column":45}},"1":{"start":{"line":2,"column":0},"end":{"line":2,"column":42}},"2":{"start":{"line":22,"column":32},"end":{"line":77,"column":1}},"3":{"start":{"line":25,"column":15},"end":{"line":27,"column":4}},"4":{"start":{"line":29,"column":2},"end":{"line":47,"column":3}},"5":{"start":{"line":30,"column":20},"end":{"line":30,"column":36}},"6":{"start":{"line":31,"column":4},"end":{"line":34,"column":5}},"7":{"start":{"line":32,"column":6},"end":{"line":32,"column":56}},"8":{"start":{"line":33,"column":6},"end":{"line":33,"column":15}},"9":{"start":{"line":36,"column":18},"end":{"line":36,"column":59}},"10":{"start":{"line":36,"column":55},"end":{"line":36,"column":57}},"11":{"start":{"line":38,"column":4},"end":{"line":46,"column":5}},"12":{"start":{"line":38,"column":17},"end":{"line":38,"column":18}},"13":{"start":{"line":39,"column":17},"end":{"line":39,"column":33}},"14":{"start":{"line":40,"column":6},"end":{"line":43,"column":7}},"15":{"start":{"line":41,"column":8},"end":{"line":41,"column":35}},"16":{"start":{"line":42,"column":8},"end":{"line":42,"column":14}},"17":{"start":{"line":45,"column":6},"end":{"line":45,"column":74}},"18":{"start":{"line":45,"column":69},"end":{"line":45,"column":71}},"19":{"start":{"line":48,"column":2},"end":{"line":76,"column":4}},"20":{"start":{"line":51,"column":22},"end":{"line":51,"column":44}},"21":{"start":{"line":52,"column":6},"end":{"line":54,"column":7}},"22":{"start":{"line":53,"column":8},"end":{"line":53,"column":25}},"23":{"start":{"line":56,"column":27},"end":{"line":56,"column":48}},"24":{"start":{"line":57,"column":6},"end":{"line":59,"column":7}},"25":{"start":{"line":58,"column":8},"end":{"line":58,"column":25}},"26":{"start":{"line":61,"column":20},"end":{"line":61,"column":32}},"27":{"start":{"line":62,"column":22},"end":{"line":62,"column":35}},"28":{"start":{"line":64,"column":6},"end":{"line":74,"column":7}},"29":{"start":{"line":64,"column":19},"end":{"line":64,"column":26}},"30":{"start":{"line":65,"column":19},"end":{"line":65,"column":39}},"31":{"start":{"line":66,"column":21},"end":{"line":66,"column":61}},"32":{"start":{"line":67,"column":8},"end":{"line":69,"column":9}},"33":{"start":{"line":68,"column":10},"end":{"line":68,"column":27}},"34":{"start":{"line":70,"column":8},"end":{"line":70,"column":23}},"35":{"start":{"line":71,"column":8},"end":{"line":73,"column":9}},"36":{"start":{"line":72,"column":10},"end":{"line":72,"column":36}},"37":{"start":{"line":22,"column":13},"end":{"line":22,"column":32}}},"fnMap":{"0":{"name":"(anonymous_0)","decl":{"start":{"line":22,"column":32},"end":{"line":22,"column":null}},"loc":{"start":{"line":24,"column":82},"end":{"line":77,"column":1}}},"1":{"name":"(anonymous_1)","decl":{"start":{"line":36,"column":48},"end":{"line":36,"column":51}},"loc":{"start":{"line":36,"column":55},"end":{"line":36,"column":57}}},"2":{"name":"(anonymous_2)","decl":{"start":{"line":45,"column":62},"end":{"line":45,"column":65}},"loc":{"start":{"line":45,"column":69},"end":{"line":45,"column":71}}},"3":{"name":"(anonymous_3)","decl":{"start":{"line":50,"column":11},"end":{"line":50,"column":12}},"loc":{"start":{"line":50,"column":62},"end":{"line":75,"column":5}}}},"branchMap":{"0":{"loc":{"start":{"line":31,"column":4},"end":{"line":34,"column":5}},"type":"if","locations":[{"start":{"line":31,"column":4},"end":{"line":34,"column":5}},{"start":{},"end":{}}]},"1":{"loc":{"start":{"line":40,"column":6},"end":{"line":43,"column":7}},"type":"if","locations":[{"start":{"line":40,"column":6},"end":{"line":43,"column":7}},{"start":{},"end":{}}]},"2":{"loc":{"start":{"line":52,"column":6},"end":{"line":54,"column":7}},"type":"if","locations":[{"start":{"line":52,"column":6},"end":{"line":54,"column":7}},{"start":{},"end":{}}]},"3":{"loc":{"start":{"line":57,"column":6},"end":{"line":59,"column":7}},"type":"if","locations":[{"start":{"line":57,"column":6},"end":{"line":59,"column":7}},{"start":{},"end":{}}]},"4":{"loc":{"start":{"line":66,"column":21},"end":{"line":66,"column":61}},"type":"binary-expr","locations":[{"start":{"line":66,"column":21},"end":{"line":66,"column":37}},{"start":{"line":66,"column":41},"end":{"line":66,"column":61}}]},"5":{"loc":{"start":{"line":67,"column":8},"end":{"line":69,"column":9}},"type":"if","locations":[{"start":{"line":67,"column":8},"end":{"line":69,"column":9}},{"start":{},"end":{}}]},"6":{"loc":{"start":{"line":71,"column":8},"end":{"line":73,"column":9}},"type":"if","locations":[{"start":{"line":71,"column":8},"end":{"line":73,"column":9}},{"start":{},"end":{}}]}},"s":{"0":20,"1":20,"2":20,"3":38,"4":38,"5":154,"6":154,"7":2,"8":2,"9":152,"10":94,"11":152,"12":152,"13":452,"14":452,"15":152,"16":152,"17":300,"18":265,"19":38,"20":149,"21":149,"22":9,"23":140,"24":140,"25":72,"26":68,"27":68,"28":68,"29":68,"30":227,"31":227,"32":227,"33":68,"34":159,"35":159,"36":63,"37":20},"f":{"0":38,"1":94,"2":265,"3":149},"b":{"0":[2,152],"1":[152,300],"2":[9,140],"3":[72,68],"4":[227,213],"5":[68,159],"6":[63,96]}}
,"/home/ing/IdeaProjects/kit/kit/src/core/contextual-logger.ts": {"path":"/home/ing/IdeaProjects/kit/kit/src/core/contextual-logger.ts","statementMap":{"0":{"start":{"line":11,"column":38},"end":{"line":12,"column":45}},"1":{"start":{"line":12,"column":2},"end":{"line":12,"column":45}},"2":{"start":{"line":11,"column":13},"end":{"line":11,"column":38}}},"fnMap":{"0":{"name":"(anonymous_0)","decl":{"start":{"line":11,"column":38},"end":{"line":11,"column":39}},"loc":{"start":{"line":12,"column":2},"end":{"line":12,"column":45}}}},"branchMap":{},"s":{"0":19,"1":17,"2":19},"f":{"0":17},"b":{}}
,"/home/ing/IdeaProjects/kit/kit/src/core/disposers.ts": {"path":"/home/ing/IdeaProjects/kit/kit/src/core/disposers.ts","statementMap":{"0":{"start":{"line":1,"column":0},"end":{"line":1,"column":41}},"1":{"start":{"line":43,"column":25},"end":{"line":78,"column":1}},"2":{"start":{"line":47,"column":36},"end":{"line":47,"column":38}},"3":{"start":{"line":48,"column":2},"end":{"line":62,"column":3}},"4":{"start":{"line":49,"column":4},"end":{"line":61,"column":5}},"5":{"start":{"line":50,"column":6},"end":{"line":55,"column":7}},"6":{"start":{"line":51,"column":8},"end":{"line":51,"column":28}},"7":{"start":{"line":53,"column":8},"end":{"line":53,"column":17}},"8":{"start":{"line":54,"column":8},"end":{"line":54,"column":42}},"9":{"start":{"line":54,"column":29},"end":{"line":54,"column":40}},"10":{"start":{"line":57,"column":6},"end":{"line":59,"column":7}},"11":{"start":{"line":58,"column":8},"end":{"line":58,"column":12}},"12":{"start":{"line":60,"column":6},"end":{"line":60,"column":18}},"13":{"start":{"line":63,"column":2},"end":{"line":63,"column":13}},"14":{"start":{"line":65,"column":2},"end":{"line":77,"column":4}},"15":{"start":{"line":66,"column":30},"end":{"line":66,"column":32}},"16":{"start":{"line":67,"column":4},"end":{"line":73,"column":5}},"17":{"start":{"line":68,"column":6},"end":{"line":72,"column":7}},"18":{"start":{"line":69,"column":8},"end":{"line":69,"column":12}},"19":{"start":{"line":71,"column":8},"end":{"line":71,"column":27}},"20":{"start":{"line":74,"column":4},"end":{"line":76,"column":5}},"21":{"start":{"line":75,"column":6},"end":{"line":75,"column":31}},"22":{"start":{"line":43,"column":13},"end":{"line":43,"column":25}}},"fnMap":{"0":{"name":"(anonymous_0)","decl":{"start":{"line":43,"column":25},"end":{"line":43,"column":null}},"loc":{"start":{"line":46,"column":4},"end":{"line":78,"column":1}}},"1":{"name":"(anonymous_1)","decl":{"start":{"line":54,"column":23},"end":{"line":54,"column":26}},"loc":{"start":{"line":54,"column":29},"end":{"line":54,"column":40}}},"2":{"name":"(anonymous_2)","decl":{"start":{"line":65,"column":9},"end":{"line":65,"column":12}},"loc":{"start":{"line":65,"column":14},"end":{"line":77,"column":3}}}},"branchMap":{"0":{"loc":{"start":{"line":50,"column":6},"end":{"line":55,"column":7}},"type":"if","locations":[{"start":{"line":50,"column":6},"end":{"line":55,"column":7}},{"start":{"line":52,"column":13},"end":{"line":55,"column":7}}]},"1":{"loc":{"start":{"line":74,"column":4},"end":{"line":76,"column":5}},"type":"if","locations":[{"start":{"line":74,"column":4},"end":{"line":76,"column":5}},{"start":{},"end":{}}]}},"s":{"0":19,"1":19,"2":9,"3":9,"4":18,"5":18,"6":14,"7":4,"8":3,"9":3,"10":2,"11":2,"12":2,"13":7,"14":7,"15":7,"16":7,"17":14,"18":14,"19":5,"20":7,"21":3,"22":19},"f":{"0":9,"1":3,"2":7},"b":{"0":[14,4],"1":[3,4]}}
,"/home/ing/IdeaProjects/kit/kit/src/core/emitter.ts": {"path":"/home/ing/IdeaProjects/kit/kit/src/core/emitter.ts","statementMap":{"0":{"start":{"line":1,"column":0},"end":{"line":1,"column":41}},"1":{"start":{"line":2,"column":0},"end":{"line":2,"column":43}},"2":{"start":{"line":20,"column":31},"end":{"line":20,"column":33}},"3":{"start":{"line":21,"column":32},"end":{"line":21,"column":34}},"4":{"start":{"line":24,"column":4},"end":{"line":24,"column":38}},"5":{"start":{"line":28,"column":14},"end":{"line":28,"column":20}},"6":{"start":{"line":29,"column":4},"end":{"line":33,"column":5}},"7":{"start":{"line":30,"column":6},"end":{"line":30,"column":23}},"8":{"start":{"line":32,"column":6},"end":{"line":32,"column":26}},"9":{"start":{"line":34,"column":4},"end":{"line":34,"column":57}},"10":{"start":{"line":34,"column":17},"end":{"line":34,"column":56}},"11":{"start":{"line":38,"column":15},"end":{"line":38,"column":21}},"12":{"start":{"line":39,"column":4},"end":{"line":41,"column":5}},"13":{"start":{"line":40,"column":6},"end":{"line":40,"column":13}},"14":{"start":{"line":42,"column":26},"end":{"line":42,"column":46}},"15":{"start":{"line":43,"column":4},"end":{"line":49,"column":5}},"16":{"start":{"line":44,"column":6},"end":{"line":48,"column":7}},"17":{"start":{"line":45,"column":8},"end":{"line":45,"column":36}},"18":{"start":{"line":47,"column":8},"end":{"line":47,"column":22}},"19":{"start":{"line":61,"column":7},"end":{"line":62,"column":43}},"20":{"start":{"line":62,"column":4},"end":{"line":62,"column":43}},"21":{"start":{"line":75,"column":9},"end":{"line":76,"column":44}},"22":{"start":{"line":76,"column":4},"end":{"line":76,"column":44}},"23":{"start":{"line":87,"column":8},"end":{"line":91,"column":3}},"24":{"start":{"line":88,"column":4},"end":{"line":90,"column":5}},"25":{"start":{"line":89,"column":6},"end":{"line":89,"column":43}},"26":{"start":{"line":105,"column":9},"end":{"line":136,"column":3}},"27":{"start":{"line":106,"column":30},"end":{"line":106,"column":32}},"28":{"start":{"line":109,"column":17},"end":{"line":109,"column":29}},"29":{"start":{"line":110,"column":6},"end":{"line":117,"column":7}},"30":{"start":{"line":111,"column":8},"end":{"line":116,"column":9}},"31":{"start":{"line":112,"column":10},"end":{"line":115,"column":12}},"32":{"start":{"line":113,"column":18},"end":{"line":113,"column":28}},"33":{"start":{"line":114,"column":21},"end":{"line":114,"column":44}},"34":{"start":{"line":121,"column":17},"end":{"line":121,"column":30}},"35":{"start":{"line":122,"column":6},"end":{"line":130,"column":7}},"36":{"start":{"line":123,"column":8},"end":{"line":123,"column":29}},"37":{"start":{"line":124,"column":8},"end":{"line":129,"column":9}},"38":{"start":{"line":125,"column":10},"end":{"line":128,"column":12}},"39":{"start":{"line":126,"column":18},"end":{"line":126,"column":28}},"40":{"start":{"line":127,"column":21},"end":{"line":127,"column":44}},"41":{"start":{"line":133,"column":4},"end":{"line":135,"column":5}},"42":{"start":{"line":134,"column":6},"end":{"line":134,"column":31}},"43":{"start":{"line":19,"column":0},"end":{"line":19,"column":13}}},"fnMap":{"0":{"name":"(anonymous_0)","decl":{"start":{"line":23,"column":2},"end":{"line":23,"column":6}},"loc":{"start":{"line":23,"column":8},"end":{"line":25,"column":3}}},"1":{"name":"(anonymous_1)","decl":{"start":{"line":27,"column":10},"end":{"line":27,"column":20}},"loc":{"start":{"line":27,"column":89},"end":{"line":35,"column":3}}},"2":{"name":"(anonymous_2)","decl":{"start":{"line":34,"column":11},"end":{"line":34,"column":14}},"loc":{"start":{"line":34,"column":17},"end":{"line":34,"column":56}}},"3":{"name":"(anonymous_3)","decl":{"start":{"line":37,"column":10},"end":{"line":37,"column":23}},"loc":{"start":{"line":37,"column":92},"end":{"line":50,"column":3}}},"4":{"name":"(anonymous_4)","decl":{"start":{"line":61,"column":7},"end":{"line":61,"column":27}},"loc":{"start":{"line":62,"column":4},"end":{"line":62,"column":43}}},"5":{"name":"(anonymous_5)","decl":{"start":{"line":75,"column":9},"end":{"line":75,"column":29}},"loc":{"start":{"line":76,"column":4},"end":{"line":76,"column":44}}},"6":{"name":"(anonymous_6)","decl":{"start":{"line":87,"column":8},"end":{"line":87,"column":28}},"loc":{"start":{"line":87,"column":68},"end":{"line":91,"column":3}}},"7":{"name":"(anonymous_7)","decl":{"start":{"line":105,"column":9},"end":{"line":105,"column":29}},"loc":{"start":{"line":105,"column":66},"end":{"line":136,"column":3}}},"8":{"name":"(anonymous_8)","decl":{"start":{"line":113,"column":12},"end":{"line":113,"column":15}},"loc":{"start":{"line":113,"column":18},"end":{"line":113,"column":28}}},"9":{"name":"(anonymous_9)","decl":{"start":{"line":114,"column":12},"end":{"line":114,"column":17}},"loc":{"start":{"line":114,"column":21},"end":{"line":114,"column":44}}},"10":{"name":"(anonymous_10)","decl":{"start":{"line":126,"column":12},"end":{"line":126,"column":15}},"loc":{"start":{"line":126,"column":18},"end":{"line":126,"column":28}}},"11":{"name":"(anonymous_11)","decl":{"start":{"line":127,"column":12},"end":{"line":127,"column":17}},"loc":{"start":{"line":127,"column":21},"end":{"line":127,"column":44}}}},"branchMap":{"0":{"loc":{"start":{"line":29,"column":4},"end":{"line":33,"column":5}},"type":"if","locations":[{"start":{"line":29,"column":4},"end":{"line":33,"column":5}},{"start":{"line":31,"column":11},"end":{"line":33,"column":5}}]},"1":{"loc":{"start":{"line":39,"column":4},"end":{"line":41,"column":5}},"type":"if","locations":[{"start":{"line":39,"column":4},"end":{"line":41,"column":5}},{"start":{},"end":{}}]},"2":{"loc":{"start":{"line":43,"column":4},"end":{"line":49,"column":5}},"type":"if","locations":[{"start":{"line":43,"column":4},"end":{"line":49,"column":5}},{"start":{},"end":{}}]},"3":{"loc":{"start":{"line":44,"column":6},"end":{"line":48,"column":7}},"type":"if","locations":[{"start":{"line":44,"column":6},"end":{"line":48,"column":7}},{"start":{"line":46,"column":13},"end":{"line":48,"column":7}}]},"4":{"loc":{"start":{"line":110,"column":6},"end":{"line":117,"column":7}},"type":"if","locations":[{"start":{"line":110,"column":6},"end":{"line":117,"column":7}},{"start":{},"end":{}}]},"5":{"loc":{"start":{"line":122,"column":6},"end":{"line":130,"column":7}},"type":"if","locations":[{"start":{"line":122,"column":6},"end":{"line":130,"column":7}},{"start":{},"end":{}}]},"6":{"loc":{"start":{"line":133,"column":4},"end":{"line":135,"column":5}},"type":"if","locations":[{"start":{"line":133,"column":4},"end":{"line":135,"column":5}},{"start":{},"end":{}}]}},"s":{"0":20,"1":20,"2":16,"3":16,"4":1,"5":36,"6":36,"7":10,"8":26,"9":36,"10":2,"11":24,"12":24,"13":2,"14":22,"15":22,"16":14,"17":1,"18":13,"19":16,"20":16,"21":16,"22":20,"23":16,"24":11,"25":22,"26":16,"27":12,"28":12,"29":12,"30":4,"31":4,"32":4,"33":1,"34":12,"35":12,"36":4,"37":4,"38":4,"39":4,"40":1,"41":12,"42":2,"43":20},"f":{"0":1,"1":36,"2":2,"3":24,"4":16,"5":20,"6":11,"7":12,"8":4,"9":1,"10":4,"11":1},"b":{"0":[10,26],"1":[2,22],"2":[14,8],"3":[1,13],"4":[4,8],"5":[4,8],"6":[2,10]}}
,"/home/ing/IdeaProjects/kit/kit/src/core/error-utils.ts": {"path":"/home/ing/IdeaProjects/kit/kit/src/core/error-utils.ts","statementMap":{"0":{"start":{"line":10,"column":29},"end":{"line":11,"column":56}},"1":{"start":{"line":11,"column":2},"end":{"line":11,"column":56}},"2":{"start":{"line":10,"column":13},"end":{"line":10,"column":29}},"3":{"start":{"line":24,"column":32},"end":{"line":24,"column":102}},"4":{"start":{"line":24,"column":56},"end":{"line":24,"column":101}},"5":{"start":{"line":24,"column":13},"end":{"line":24,"column":32}}},"fnMap":{"0":{"name":"(anonymous_0)","decl":{"start":{"line":10,"column":29},"end":{"line":10,"column":30}},"loc":{"start":{"line":11,"column":2},"end":{"line":11,"column":56}}},"1":{"name":"(anonymous_1)","decl":{"start":{"line":24,"column":32},"end":{"line":24,"column":33}},"loc":{"start":{"line":24,"column":56},"end":{"line":24,"column":101}}}},"branchMap":{"0":{"loc":{"start":{"line":11,"column":2},"end":{"line":11,"column":56}},"type":"cond-expr","locations":[{"start":{"line":11,"column":27},"end":{"line":11,"column":40}},{"start":{"line":11,"column":43},"end":{"line":11,"column":56}}]},"1":{"loc":{"start":{"line":24,"column":56},"end":{"line":24,"column":101}},"type":"cond-expr","locations":[{"start":{"line":24,"column":77},"end":{"line":24,"column":78}},{"start":{"line":24,"column":81},"end":{"line":24,"column":101}}]}},"s":{"0":20,"1":19,"2":20,"3":20,"4":18,"5":20},"f":{"0":19,"1":18},"b":{"0":[13,6],"1":[3,15]}}
,"/home/ing/IdeaProjects/kit/kit/src/core/format-duration.ts": {"path":"/home/ing/IdeaProjects/kit/kit/src/core/format-duration.ts","statementMap":{"0":{"start":{"line":13,"column":30},"end":{"line":23,"column":1}},"1":{"start":{"line":14,"column":21},"end":{"line":14,"column":37}},"2":{"start":{"line":15,"column":22},"end":{"line":15,"column":44}},"3":{"start":{"line":17,"column":18},"end":{"line":17,"column":48}},"4":{"start":{"line":18,"column":23},"end":{"line":18,"column":41}},"5":{"start":{"line":20,"column":20},"end":{"line":20,"column":74}},"6":{"start":{"line":22,"column":2},"end":{"line":22,"column":50}},"7":{"start":{"line":13,"column":13},"end":{"line":13,"column":30}}},"fnMap":{"0":{"name":"(anonymous_0)","decl":{"start":{"line":13,"column":30},"end":{"line":13,"column":31}},"loc":{"start":{"line":13,"column":63},"end":{"line":23,"column":1}}}},"branchMap":{"0":{"loc":{"start":{"line":22,"column":9},"end":{"line":22,"column":49}},"type":"cond-expr","locations":[{"start":{"line":22,"column":22},"end":{"line":22,"column":37}},{"start":{"line":22,"column":40},"end":{"line":22,"column":49}}]}},"s":{"0":19,"1":17,"2":17,"3":17,"4":17,"5":17,"6":17,"7":19},"f":{"0":17},"b":{"0":[3,14]}}
,"/home/ing/IdeaProjects/kit/kit/src/core/ioc.ts": {"path":"/home/ing/IdeaProjects/kit/kit/src/core/ioc.ts","statementMap":{"0":{"start":{"line":1,"column":0},"end":{"line":1,"column":null}},"1":{"start":{"line":2,"column":2},"end":{"line":2,"column":null}},"2":{"start":{"line":3,"column":2},"end":{"line":3,"column":null}},"3":{"start":{"line":4,"column":2},"end":{"line":4,"column":null}},"4":{"start":{"line":31,"column":34},"end":{"line":93,"column":1}},"5":{"start":{"line":34,"column":23},"end":{"line":34,"column":30}},"6":{"start":{"line":35,"column":62},"end":{"line":35,"column":64}},"7":{"start":{"line":36,"column":78},"end":{"line":36,"column":80}},"8":{"start":{"line":37,"column":23},"end":{"line":37,"column":null}},"9":{"start":{"line":41,"column":2},"end":{"line":90,"column":3}},"10":{"start":{"line":42,"column":4},"end":{"line":52,"column":7}},"11":{"start":{"line":44,"column":8},"end":{"line":44,"column":28}},"12":{"start":{"line":47,"column":8},"end":{"line":49,"column":9}},"13":{"start":{"line":48,"column":10},"end":{"line":48,"column":95}},"14":{"start":{"line":50,"column":8},"end":{"line":50,"column":25}},"15":{"start":{"line":54,"column":4},"end":{"line":89,"column":7}},"16":{"start":{"line":56,"column":20},"end":{"line":56,"column":32}},"17":{"start":{"line":57,"column":8},"end":{"line":59,"column":9}},"18":{"start":{"line":58,"column":10},"end":{"line":58,"column":74}},"19":{"start":{"line":60,"column":8},"end":{"line":85,"column":9}},"20":{"start":{"line":62,"column":12},"end":{"line":62,"column":75}},"21":{"start":{"line":69,"column":12},"end":{"line":69,"column":48}},"22":{"start":{"line":70,"column":12},"end":{"line":83,"column":13}},"23":{"start":{"line":71,"column":27},"end":{"line":71,"column":41}},"24":{"start":{"line":72,"column":14},"end":{"line":77,"column":17}},"25":{"start":{"line":78,"column":14},"end":{"line":78,"column":49}},"26":{"start":{"line":79,"column":14},"end":{"line":79,"column":26}},"27":{"start":{"line":81,"column":14},"end":{"line":81,"column":33}},"28":{"start":{"line":82,"column":14},"end":{"line":82,"column":26}},"29":{"start":{"line":92,"column":2},"end":{"line":92,"column":54}},"30":{"start":{"line":31,"column":13},"end":{"line":31,"column":34}}},"fnMap":{"0":{"name":"(anonymous_0)","decl":{"start":{"line":1,"column":0},"end":{"line":1,"column":12}},"loc":{"start":{"line":1,"column":24},"end":{"line":5,"column":1}}},"1":{"name":"(anonymous_1)","decl":{"start":{"line":31,"column":34},"end":{"line":31,"column":70}},"loc":{"start":{"line":33,"column":84},"end":{"line":93,"column":1}}},"2":{"name":"(anonymous_2)","decl":{"start":{"line":43,"column":6},"end":{"line":43,"column":9}},"loc":{"start":{"line":43,"column":9},"end":{"line":45,"column":7}}},"3":{"name":"(anonymous_3)","decl":{"start":{"line":46,"column":6},"end":{"line":46,"column":9}},"loc":{"start":{"line":46,"column":11},"end":{"line":51,"column":7}}},"4":{"name":"(anonymous_4)","decl":{"start":{"line":55,"column":6},"end":{"line":55,"column":9}},"loc":{"start":{"line":55,"column":9},"end":{"line":86,"column":7}}}},"branchMap":{"0":{"loc":{"start":{"line":1,"column":12},"end":{"line":1,"column":null}},"type":"binary-expr","locations":[{"start":{"line":1,"column":12},"end":{"line":1,"column":24}},{"start":{"line":1,"column":24},"end":{"line":1,"column":null}}]},"1":{"loc":{"start":{"line":47,"column":8},"end":{"line":49,"column":9}},"type":"if","locations":[{"start":{"line":47,"column":8},"end":{"line":49,"column":9}},{"start":{},"end":{}}]},"2":{"loc":{"start":{"line":57,"column":8},"end":{"line":59,"column":9}},"type":"if","locations":[{"start":{"line":57,"column":8},"end":{"line":59,"column":9}},{"start":{},"end":{}}]},"3":{"loc":{"start":{"line":60,"column":8},"end":{"line":85,"column":9}},"type":"switch","locations":[{"start":{"line":61,"column":10},"end":{"line":63,"column":11}},{"start":{"line":68,"column":10},"end":{"line":84,"column":11}}]}},"s":{"0":19,"1":19,"2":19,"3":19,"4":19,"5":8,"6":8,"7":8,"8":8,"9":8,"10":13,"11":1,"12":13,"13":1,"14":12,"15":13,"16":14,"17":14,"18":1,"19":13,"20":2,"21":11,"22":11,"23":11,"24":6,"25":6,"26":6,"27":5,"28":5,"29":8,"30":19},"f":{"0":19,"1":8,"2":1,"3":13,"4":14},"b":{"0":[19,19],"1":[1,12],"2":[1,13],"3":[2,11]}}
,"/home/ing/IdeaProjects/kit/kit/src/core/manual-sorting.ts": {"path":"/home/ing/IdeaProjects/kit/kit/src/core/manual-sorting.ts","statementMap":{"0":{"start":{"line":1,"column":0},"end":{"line":1,"column":39}},"1":{"start":{"line":3,"column":0},"end":{"line":3,"column":62}},"2":{"start":{"line":4,"column":0},"end":{"line":4,"column":42}},"3":{"start":{"line":5,"column":0},"end":{"line":5,"column":51}},"4":{"start":{"line":6,"column":0},"end":{"line":6,"column":61}},"5":{"start":{"line":20,"column":19},"end":{"line":20,"column":20}},"6":{"start":{"line":21,"column":20},"end":{"line":21,"column":21}},"7":{"start":{"line":31,"column":15},"end":{"line":34,"column":6}},"8":{"start":{"line":26,"column":21},"end":{"line":26,"column":37}},"9":{"start":{"line":27,"column":21},"end":{"line":27,"column":54}},"10":{"start":{"line":28,"column":21},"end":{"line":28,"column":null}},"11":{"start":{"line":36,"column":4},"end":{"line":36,"column":44}},"12":{"start":{"line":37,"column":4},"end":{"line":37,"column":32}},"13":{"start":{"line":41,"column":4},"end":{"line":41,"column":62}},"14":{"start":{"line":45,"column":4},"end":{"line":45,"column":60}},"15":{"start":{"line":53,"column":18},"end":{"line":53,"column":41}},"16":{"start":{"line":55,"column":4},"end":{"line":57,"column":5}},"17":{"start":{"line":56,"column":6},"end":{"line":56,"column":60}},"18":{"start":{"line":58,"column":4},"end":{"line":60,"column":5}},"19":{"start":{"line":59,"column":6},"end":{"line":59,"column":80}},"20":{"start":{"line":62,"column":20},"end":{"line":62,"column":33}},"21":{"start":{"line":63,"column":21},"end":{"line":63,"column":67}},"22":{"start":{"line":65,"column":20},"end":{"line":65,"column":71}},"23":{"start":{"line":66,"column":21},"end":{"line":66,"column":75}},"24":{"start":{"line":68,"column":4},"end":{"line":70,"column":5}},"25":{"start":{"line":69,"column":6},"end":{"line":69,"column":91}},"26":{"start":{"line":72,"column":4},"end":{"line":75,"column":6}},"27":{"start":{"line":82,"column":21},"end":{"line":82,"column":40}},"28":{"start":{"line":83,"column":22},"end":{"line":83,"column":42}},"29":{"start":{"line":85,"column":48},"end":{"line":85,"column":68}},"30":{"start":{"line":87,"column":22},"end":{"line":87,"column":47}},"31":{"start":{"line":88,"column":23},"end":{"line":88,"column":50}},"32":{"start":{"line":90,"column":4},"end":{"line":90,"column":41}},"33":{"start":{"line":91,"column":4},"end":{"line":91,"column":43}},"34":{"start":{"line":93,"column":18},"end":{"line":93,"column":46}},"35":{"start":{"line":94,"column":4},"end":{"line":94,"column":60}},"36":{"start":{"line":95,"column":4},"end":{"line":95,"column":34}},"37":{"start":{"line":19,"column":0},"end":{"line":19,"column":13}},"38":{"start":{"line":163,"column":19},"end":{"line":194,"column":55}},"39":{"start":{"line":201,"column":30},"end":{"line":201,"column":67}},"40":{"start":{"line":207,"column":4},"end":{"line":207,"column":54}},"41":{"start":{"line":218,"column":4},"end":{"line":220,"column":5}},"42":{"start":{"line":219,"column":6},"end":{"line":219,"column":70}},"43":{"start":{"line":222,"column":19},"end":{"line":222,"column":56}},"44":{"start":{"line":223,"column":4},"end":{"line":225,"column":5}},"45":{"start":{"line":224,"column":6},"end":{"line":224,"column":103}},"46":{"start":{"line":227,"column":4},"end":{"line":229,"column":5}},"47":{"start":{"line":228,"column":6},"end":{"line":228,"column":70}},"48":{"start":{"line":230,"column":19},"end":{"line":230,"column":56}},"49":{"start":{"line":231,"column":21},"end":{"line":231,"column":43}},"50":{"start":{"line":232,"column":4},"end":{"line":232,"column":60}},"51":{"start":{"line":244,"column":20},"end":{"line":244,"column":69}},"52":{"start":{"line":245,"column":21},"end":{"line":245,"column":79}},"53":{"start":{"line":247,"column":20},"end":{"line":247,"column":53}},"54":{"start":{"line":248,"column":21},"end":{"line":248,"column":70}},"55":{"start":{"line":249,"column":20},"end":{"line":249,"column":85}},"56":{"start":{"line":251,"column":20},"end":{"line":251,"column":45}},"57":{"start":{"line":252,"column":4},"end":{"line":254,"column":5}},"58":{"start":{"line":253,"column":6},"end":{"line":253,"column":39}},"59":{"start":{"line":255,"column":4},"end":{"line":257,"column":5}},"60":{"start":{"line":256,"column":6},"end":{"line":256,"column":40}},"61":{"start":{"line":259,"column":4},"end":{"line":259,"column":42}},"62":{"start":{"line":267,"column":4},"end":{"line":269,"column":5}},"63":{"start":{"line":268,"column":6},"end":{"line":268,"column":54}},"64":{"start":{"line":270,"column":4},"end":{"line":272,"column":5}},"65":{"start":{"line":271,"column":6},"end":{"line":271,"column":22}},"66":{"start":{"line":274,"column":29},"end":{"line":274,"column":31}},"67":{"start":{"line":275,"column":19},"end":{"line":275,"column":48}},"68":{"start":{"line":277,"column":4},"end":{"line":297,"column":5}},"69":{"start":{"line":277,"column":17},"end":{"line":277,"column":18}},"70":{"start":{"line":278,"column":20},"end":{"line":278,"column":36}},"71":{"start":{"line":279,"column":20},"end":{"line":279,"column":65}},"72":{"start":{"line":281,"column":6},"end":{"line":295,"column":7}},"73":{"start":{"line":282,"column":20},"end":{"line":282,"column":57}},"74":{"start":{"line":283,"column":8},"end":{"line":290,"column":9}},"75":{"start":{"line":284,"column":10},"end":{"line":287,"column":11}},"76":{"start":{"line":285,"column":12},"end":{"line":285,"column":31}},"77":{"start":{"line":286,"column":12},"end":{"line":286,"column":18}},"78":{"start":{"line":289,"column":10},"end":{"line":289,"column":58}},"79":{"start":{"line":291,"column":8},"end":{"line":294,"column":9}},"80":{"start":{"line":292,"column":10},"end":{"line":292,"column":27}},"81":{"start":{"line":293,"column":10},"end":{"line":293,"column":16}},"82":{"start":{"line":296,"column":6},"end":{"line":296,"column":35}},"83":{"start":{"line":299,"column":4},"end":{"line":299,"column":43}},"84":{"start":{"line":313,"column":17},"end":{"line":313,"column":62}},"85":{"start":{"line":314,"column":18},"end":{"line":314,"column":35}},"86":{"start":{"line":316,"column":4},"end":{"line":318,"column":5}},"87":{"start":{"line":317,"column":6},"end":{"line":317,"column":87}},"88":{"start":{"line":320,"column":22},"end":{"line":320,"column":37}},"89":{"start":{"line":321,"column":19},"end":{"line":321,"column":32}},"90":{"start":{"line":323,"column":15},"end":{"line":323,"column":20}},"91":{"start":{"line":324,"column":4},"end":{"line":353,"column":5}},"92":{"start":{"line":325,"column":30},"end":{"line":325,"column":35}},"93":{"start":{"line":327,"column":6},"end":{"line":347,"column":7}},"94":{"start":{"line":327,"column":19},"end":{"line":327,"column":20}},"95":{"start":{"line":328,"column":8},"end":{"line":346,"column":9}},"96":{"start":{"line":329,"column":22},"end":{"line":329,"column":65}},"97":{"start":{"line":331,"column":10},"end":{"line":333,"column":11}},"98":{"start":{"line":332,"column":12},"end":{"line":332,"column":21}},"99":{"start":{"line":335,"column":10},"end":{"line":335,"column":39}},"100":{"start":{"line":336,"column":10},"end":{"line":336,"column":17}},"101":{"start":{"line":337,"column":10},"end":{"line":337,"column":35}},"102":{"start":{"line":339,"column":10},"end":{"line":339,"column":16}},"103":{"start":{"line":341,"column":10},"end":{"line":344,"column":11}},"104":{"start":{"line":343,"column":12},"end":{"line":343,"column":21}},"105":{"start":{"line":345,"column":10},"end":{"line":345,"column":18}},"106":{"start":{"line":349,"column":6},"end":{"line":352,"column":7}},"107":{"start":{"line":351,"column":8},"end":{"line":351,"column":56}},"108":{"start":{"line":355,"column":4},"end":{"line":355,"column":31}},"109":{"start":{"line":362,"column":29},"end":{"line":362,"column":31}},"110":{"start":{"line":363,"column":4},"end":{"line":366,"column":5}},"111":{"start":{"line":363,"column":17},"end":{"line":363,"column":18}},"112":{"start":{"line":364,"column":19},"end":{"line":364,"column":62}},"113":{"start":{"line":365,"column":6},"end":{"line":365,"column":24}},"114":{"start":{"line":367,"column":4},"end":{"line":367,"column":18}},"115":{"start":{"line":374,"column":4},"end":{"line":376,"column":5}},"116":{"start":{"line":375,"column":6},"end":{"line":375,"column":80}},"117":{"start":{"line":378,"column":18},"end":{"line":378,"column":27}},"118":{"start":{"line":379,"column":21},"end":{"line":379,"column":67}},"119":{"start":{"line":380,"column":4},"end":{"line":382,"column":81}},"120":{"start":{"line":391,"column":4},"end":{"line":393,"column":5}},"121":{"start":{"line":392,"column":6},"end":{"line":392,"column":32}},"122":{"start":{"line":395,"column":17},"end":{"line":395,"column":42}},"123":{"start":{"line":396,"column":17},"end":{"line":396,"column":48}},"124":{"start":{"line":397,"column":19},"end":{"line":397,"column":48}},"125":{"start":{"line":398,"column":22},"end":{"line":398,"column":47}},"126":{"start":{"line":400,"column":4},"end":{"line":412,"column":5}},"127":{"start":{"line":401,"column":20},"end":{"line":401,"column":64}},"128":{"start":{"line":401,"column":46},"end":{"line":401,"column":63}},"129":{"start":{"line":402,"column":6},"end":{"line":411,"column":7}},"130":{"start":{"line":402,"column":19},"end":{"line":402,"column":35}},"131":{"start":{"line":403,"column":8},"end":{"line":410,"column":9}},"132":{"start":{"line":404,"column":10},"end":{"line":404,"column":75}},"133":{"start":{"line":405,"column":28},"end":{"line":405,"column":58}},"134":{"start":{"line":406,"column":10},"end":{"line":408,"column":11}},"135":{"start":{"line":407,"column":12},"end":{"line":407,"column":29}},"136":{"start":{"line":409,"column":10},"end":{"line":409,"column":16}},"137":{"start":{"line":414,"column":4},"end":{"line":414,"column":37}},"138":{"start":{"line":430,"column":22},"end":{"line":430,"column":79}},"139":{"start":{"line":432,"column":4},"end":{"line":456,"column":5}},"140":{"start":{"line":433,"column":20},"end":{"line":433,"column":42}},"141":{"start":{"line":435,"column":6},"end":{"line":455,"column":7}},"142":{"start":{"line":436,"column":8},"end":{"line":448,"column":14}},"143":{"start":{"line":450,"column":8},"end":{"line":454,"column":9}},"144":{"start":{"line":451,"column":10},"end":{"line":451,"column":32}},"145":{"start":{"line":453,"column":10},"end":{"line":453,"column":22}},"146":{"start":{"line":471,"column":4},"end":{"line":511,"column":5}},"147":{"start":{"line":472,"column":29},"end":{"line":472,"column":30}},"148":{"start":{"line":473,"column":6},"end":{"line":510,"column":7}},"149":{"start":{"line":474,"column":22},"end":{"line":474,"column":46}},"150":{"start":{"line":476,"column":8},"end":{"line":487,"column":9}},"151":{"start":{"line":478,"column":26},"end":{"line":478,"column":60}},"152":{"start":{"line":479,"column":26},"end":{"line":479,"column":51}},"153":{"start":{"line":480,"column":32},"end":{"line":480,"column":65}},"154":{"start":{"line":481,"column":32},"end":{"line":481,"column":52}},"155":{"start":{"line":482,"column":10},"end":{"line":484,"column":11}},"156":{"start":{"line":482,"column":23},"end":{"line":482,"column":24}},"157":{"start":{"line":483,"column":12},"end":{"line":483,"column":60}},"158":{"start":{"line":485,"column":27},"end":{"line":485,"column":50}},"159":{"start":{"line":486,"column":10},"end":{"line":486,"column":39}},"160":{"start":{"line":489,"column":30},"end":{"line":489,"column":54}},"161":{"start":{"line":491,"column":8},"end":{"line":509,"column":9}},"162":{"start":{"line":493,"column":26},"end":{"line":493,"column":78}},"163":{"start":{"line":495,"column":26},"end":{"line":495,"column":51}},"164":{"start":{"line":496,"column":32},"end":{"line":496,"column":65}},"165":{"start":{"line":497,"column":32},"end":{"line":497,"column":52}},"166":{"start":{"line":498,"column":10},"end":{"line":500,"column":11}},"167":{"start":{"line":498,"column":23},"end":{"line":498,"column":24}},"168":{"start":{"line":499,"column":12},"end":{"line":499,"column":60}},"169":{"start":{"line":501,"column":27},"end":{"line":501,"column":50}},"170":{"start":{"line":502,"column":10},"end":{"line":502,"column":39}},"171":{"start":{"line":504,"column":10},"end":{"line":507,"column":11}},"172":{"start":{"line":505,"column":12},"end":{"line":505,"column":31}},"173":{"start":{"line":506,"column":12},"end":{"line":506,"column":21}},"174":{"start":{"line":508,"column":10},"end":{"line":508,"column":18}},"175":{"start":{"line":513,"column":4},"end":{"line":513,"column":59}},"176":{"start":{"line":520,"column":19},"end":{"line":520,"column":48}},"177":{"start":{"line":521,"column":4},"end":{"line":521,"column":71}},"178":{"start":{"line":531,"column":19},"end":{"line":531,"column":39}},"179":{"start":{"line":532,"column":4},"end":{"line":535,"column":5}},"180":{"start":{"line":532,"column":17},"end":{"line":532,"column":18}},"181":{"start":{"line":533,"column":19},"end":{"line":533,"column":51}},"182":{"start":{"line":534,"column":6},"end":{"line":534,"column":24}},"183":{"start":{"line":536,"column":4},"end":{"line":536,"column":18}},"184":{"start":{"line":540,"column":4},"end":{"line":542,"column":5}},"185":{"start":{"line":541,"column":6},"end":{"line":541,"column":50}},"186":{"start":{"line":543,"column":21},"end":{"line":543,"column":47}},"187":{"start":{"line":544,"column":4},"end":{"line":546,"column":5}},"188":{"start":{"line":545,"column":6},"end":{"line":545,"column":63}},"189":{"start":{"line":547,"column":4},"end":{"line":547,"column":58}},"190":{"start":{"line":551,"column":4},"end":{"line":553,"column":5}},"191":{"start":{"line":552,"column":6},"end":{"line":552,"column":50}},"192":{"start":{"line":554,"column":18},"end":{"line":554,"column":44}},"193":{"start":{"line":555,"column":4},"end":{"line":557,"column":5}},"194":{"start":{"line":556,"column":6},"end":{"line":556,"column":63}},"195":{"start":{"line":558,"column":4},"end":{"line":558,"column":56}},"196":{"start":{"line":153,"column":0},"end":{"line":153,"column":13}}},"fnMap":{"0":{"name":"(anonymous_0)","decl":{"start":{"line":25,"column":2},"end":{"line":25,"column":null}},"loc":{"start":{"line":34,"column":6},"end":{"line":38,"column":3}}},"1":{"name":"(anonymous_1)","decl":{"start":{"line":31,"column":8},"end":{"line":31,"column":11}},"loc":{"start":{"line":31,"column":15},"end":{"line":34,"column":6}}},"2":{"name":"(anonymous_2)","decl":{"start":{"line":40,"column":2},"end":{"line":40,"column":7}},"loc":{"start":{"line":40,"column":21},"end":{"line":42,"column":3}}},"3":{"name":"(anonymous_3)","decl":{"start":{"line":44,"column":2},"end":{"line":44,"column":6}},"loc":{"start":{"line":44,"column":16},"end":{"line":46,"column":3}}},"4":{"name":"(anonymous_4)","decl":{"start":{"line":52,"column":2},"end":{"line":52,"column":15}},"loc":{"start":{"line":52,"column":15},"end":{"line":76,"column":3}}},"5":{"name":"(anonymous_5)","decl":{"start":{"line":81,"column":2},"end":{"line":81,"column":11}},"loc":{"start":{"line":81,"column":11},"end":{"line":96,"column":3}}},"6":{"name":"(anonymous_6)","decl":{"start":{"line":201,"column":2},"end":{"line":201,"column":30}},"loc":{"start":{"line":201,"column":67},"end":{"line":201,"column":71}}},"7":{"name":"(anonymous_7)","decl":{"start":{"line":206,"column":12},"end":{"line":206,"column":28}},"loc":{"start":{"line":206,"column":41},"end":{"line":208,"column":3}}},"8":{"name":"(anonymous_8)","decl":{"start":{"line":217,"column":12},"end":{"line":217,"column":30}},"loc":{"start":{"line":217,"column":63},"end":{"line":233,"column":3}}},"9":{"name":"(anonymous_9)","decl":{"start":{"line":238,"column":12},"end":{"line":238,"column":30}},"loc":{"start":{"line":242,"column":92},"end":{"line":260,"column":3}}},"10":{"name":"(anonymous_10)","decl":{"start":{"line":266,"column":12},"end":{"line":266,"column":24}},"loc":{"start":{"line":266,"column":45},"end":{"line":300,"column":3}}},"11":{"name":"(anonymous_11)","decl":{"start":{"line":312,"column":12},"end":{"line":312,"column":31}},"loc":{"start":{"line":312,"column":78},"end":{"line":356,"column":3}}},"12":{"name":"(anonymous_12)","decl":{"start":{"line":361,"column":12},"end":{"line":361,"column":30}},"loc":{"start":{"line":361,"column":62},"end":{"line":368,"column":3}}},"13":{"name":"(anonymous_13)","decl":{"start":{"line":373,"column":12},"end":{"line":373,"column":32}},"loc":{"start":{"line":373,"column":64},"end":{"line":383,"column":3}}},"14":{"name":"(anonymous_14)","decl":{"start":{"line":390,"column":12},"end":{"line":390,"column":26}},"loc":{"start":{"line":390,"column":43},"end":{"line":415,"column":3}}},"15":{"name":"(anonymous_15)","decl":{"start":{"line":401,"column":41},"end":{"line":401,"column":42}},"loc":{"start":{"line":401,"column":46},"end":{"line":401,"column":63}}},"16":{"name":"(anonymous_16)","decl":{"start":{"line":429,"column":12},"end":{"line":429,"column":28}},"loc":{"start":{"line":429,"column":87},"end":{"line":457,"column":3}}},"17":{"name":"(anonymous_17)","decl":{"start":{"line":470,"column":12},"end":{"line":470,"column":29}},"loc":{"start":{"line":470,"column":85},"end":{"line":514,"column":3}}},"18":{"name":"(anonymous_18)","decl":{"start":{"line":519,"column":2},"end":{"line":519,"column":13}},"loc":{"start":{"line":519,"column":13},"end":{"line":522,"column":3}}},"19":{"name":"(anonymous_19)","decl":{"start":{"line":530,"column":2},"end":{"line":530,"column":12}},"loc":{"start":{"line":530,"column":26},"end":{"line":537,"column":3}}},"20":{"name":"(anonymous_20)","decl":{"start":{"line":539,"column":2},"end":{"line":539,"column":13}},"loc":{"start":{"line":539,"column":67},"end":{"line":548,"column":3}}},"21":{"name":"(anonymous_21)","decl":{"start":{"line":550,"column":2},"end":{"line":550,"column":14}},"loc":{"start":{"line":550,"column":68},"end":{"line":559,"column":3}}}},"branchMap":{"0":{"loc":{"start":{"line":28,"column":21},"end":{"line":34,"column":6}},"type":"default-arg","locations":[{"start":{"line":31,"column":8},"end":{"line":34,"column":6}}]},"1":{"loc":{"start":{"line":55,"column":4},"end":{"line":57,"column":5}},"type":"if","locations":[{"start":{"line":55,"column":4},"end":{"line":57,"column":5}},{"start":{},"end":{}}]},"2":{"loc":{"start":{"line":55,"column":8},"end":{"line":55,"column":41}},"type":"binary-expr","locations":[{"start":{"line":55,"column":8},"end":{"line":55,"column":22}},{"start":{"line":55,"column":26},"end":{"line":55,"column":41}}]},"3":{"loc":{"start":{"line":58,"column":4},"end":{"line":60,"column":5}},"type":"if","locations":[{"start":{"line":58,"column":4},"end":{"line":60,"column":5}},{"start":{},"end":{}}]},"4":{"loc":{"start":{"line":58,"column":8},"end":{"line":58,"column":45}},"type":"binary-expr","locations":[{"start":{"line":58,"column":8},"end":{"line":58,"column":24}},{"start":{"line":58,"column":28},"end":{"line":58,"column":45}}]},"5":{"loc":{"start":{"line":68,"column":4},"end":{"line":70,"column":5}},"type":"if","locations":[{"start":{"line":68,"column":4},"end":{"line":70,"column":5}},{"start":{},"end":{}}]},"6":{"loc":{"start":{"line":68,"column":8},"end":{"line":68,"column":76}},"type":"binary-expr","locations":[{"start":{"line":68,"column":8},"end":{"line":68,"column":39}},{"start":{"line":68,"column":43},"end":{"line":68,"column":76}}]},"7":{"loc":{"start":{"line":218,"column":4},"end":{"line":220,"column":5}},"type":"if","locations":[{"start":{"line":218,"column":4},"end":{"line":220,"column":5}},{"start":{},"end":{}}]},"8":{"loc":{"start":{"line":223,"column":4},"end":{"line":225,"column":5}},"type":"if","locations":[{"start":{"line":223,"column":4},"end":{"line":225,"column":5}},{"start":{},"end":{}}]},"9":{"loc":{"start":{"line":224,"column":13},"end":{"line":224,"column":102}},"type":"cond-expr","locations":[{"start":{"line":224,"column":28},"end":{"line":224,"column":90}},{"start":{"line":224,"column":93},"end":{"line":224,"column":102}}]},"10":{"loc":{"start":{"line":227,"column":4},"end":{"line":229,"column":5}},"type":"if","locations":[{"start":{"line":227,"column":4},"end":{"line":229,"column":5}},{"start":{},"end":{}}]},"11":{"loc":{"start":{"line":267,"column":4},"end":{"line":269,"column":5}},"type":"if","locations":[{"start":{"line":267,"column":4},"end":{"line":269,"column":5}},{"start":{},"end":{}}]},"12":{"loc":{"start":{"line":270,"column":4},"end":{"line":272,"column":5}},"type":"if","locations":[{"start":{"line":270,"column":4},"end":{"line":272,"column":5}},{"start":{},"end":{}}]},"13":{"loc":{"start":{"line":279,"column":20},"end":{"line":279,"column":65}},"type":"binary-expr","locations":[{"start":{"line":279,"column":20},"end":{"line":279,"column":36}},{"start":{"line":279,"column":40},"end":{"line":279,"column":65}}]},"14":{"loc":{"start":{"line":281,"column":6},"end":{"line":295,"column":7}},"type":"if","locations":[{"start":{"line":281,"column":6},"end":{"line":295,"column":7}},{"start":{},"end":{}}]},"15":{"loc":{"start":{"line":283,"column":8},"end":{"line":290,"column":9}},"type":"if","locations":[{"start":{"line":283,"column":8},"end":{"line":290,"column":9}},{"start":{},"end":{}}]},"16":{"loc":{"start":{"line":284,"column":10},"end":{"line":287,"column":11}},"type":"if","locations":[{"start":{"line":284,"column":10},"end":{"line":287,"column":11}},{"start":{},"end":{}}]},"17":{"loc":{"start":{"line":284,"column":14},"end":{"line":284,"column":53}},"type":"binary-expr","locations":[{"start":{"line":284,"column":14},"end":{"line":284,"column":33}},{"start":{"line":284,"column":37},"end":{"line":284,"column":53}}]},"18":{"loc":{"start":{"line":291,"column":8},"end":{"line":294,"column":9}},"type":"if","locations":[{"start":{"line":291,"column":8},"end":{"line":294,"column":9}},{"start":{},"end":{}}]},"19":{"loc":{"start":{"line":291,"column":12},"end":{"line":291,"column":42}},"type":"binary-expr","locations":[{"start":{"line":291,"column":12},"end":{"line":291,"column":25}},{"start":{"line":291,"column":29},"end":{"line":291,"column":42}}]},"20":{"loc":{"start":{"line":313,"column":17},"end":{"line":313,"column":62}},"type":"binary-expr","locations":[{"start":{"line":313,"column":17},"end":{"line":313,"column":30}},{"start":{"line":313,"column":35},"end":{"line":313,"column":61}}]},"21":{"loc":{"start":{"line":313,"column":35},"end":{"line":313,"column":61}},"type":"cond-expr","locations":[{"start":{"line":313,"column":47},"end":{"line":313,"column":49}},{"start":{"line":313,"column":52},"end":{"line":313,"column":61}}]},"22":{"loc":{"start":{"line":316,"column":4},"end":{"line":318,"column":5}},"type":"if","locations":[{"start":{"line":316,"column":4},"end":{"line":318,"column":5}},{"start":{},"end":{}}]},"23":{"loc":{"start":{"line":316,"column":8},"end":{"line":316,"column":37}},"type":"binary-expr","locations":[{"start":{"line":316,"column":8},"end":{"line":316,"column":20}},{"start":{"line":316,"column":24},"end":{"line":316,"column":37}}]},"24":{"loc":{"start":{"line":331,"column":10},"end":{"line":333,"column":11}},"type":"if","locations":[{"start":{"line":331,"column":10},"end":{"line":333,"column":11}},{"start":{},"end":{}}]},"25":{"loc":{"start":{"line":331,"column":14},"end":{"line":331,"column":78}},"type":"binary-expr","locations":[{"start":{"line":331,"column":14},"end":{"line":331,"column":31}},{"start":{"line":331,"column":35},"end":{"line":331,"column":56}},{"start":{"line":331,"column":60},"end":{"line":331,"column":78}}]},"26":{"loc":{"start":{"line":341,"column":10},"end":{"line":344,"column":11}},"type":"if","locations":[{"start":{"line":341,"column":10},"end":{"line":344,"column":11}},{"start":{},"end":{}}]},"27":{"loc":{"start":{"line":349,"column":6},"end":{"line":352,"column":7}},"type":"if","locations":[{"start":{"line":349,"column":6},"end":{"line":352,"column":7}},{"start":{},"end":{}}]},"28":{"loc":{"start":{"line":374,"column":4},"end":{"line":376,"column":5}},"type":"if","locations":[{"start":{"line":374,"column":4},"end":{"line":376,"column":5}},{"start":{},"end":{}}]},"29":{"loc":{"start":{"line":380,"column":11},"end":{"line":382,"column":80}},"type":"cond-expr","locations":[{"start":{"line":381,"column":8},"end":{"line":381,"column":18}},{"start":{"line":382,"column":8},"end":{"line":382,"column":80}}]},"30":{"loc":{"start":{"line":391,"column":4},"end":{"line":393,"column":5}},"type":"if","locations":[{"start":{"line":391,"column":4},"end":{"line":393,"column":5}},{"start":{},"end":{}}]},"31":{"loc":{"start":{"line":396,"column":17},"end":{"line":396,"column":48}},"type":"binary-expr","locations":[{"start":{"line":396,"column":17},"end":{"line":396,"column":42}},{"start":{"line":396,"column":46},"end":{"line":396,"column":48}}]},"32":{"loc":{"start":{"line":400,"column":4},"end":{"line":412,"column":5}},"type":"if","locations":[{"start":{"line":400,"column":4},"end":{"line":412,"column":5}},{"start":{},"end":{}}]},"33":{"loc":{"start":{"line":403,"column":8},"end":{"line":410,"column":9}},"type":"if","locations":[{"start":{"line":403,"column":8},"end":{"line":410,"column":9}},{"start":{},"end":{}}]},"34":{"loc":{"start":{"line":406,"column":10},"end":{"line":408,"column":11}},"type":"if","locations":[{"start":{"line":406,"column":10},"end":{"line":408,"column":11}},{"start":{},"end":{}}]},"35":{"loc":{"start":{"line":436,"column":15},"end":{"line":447,"column":null}},"type":"cond-expr","locations":[{"start":{"line":437,"column":12},"end":{"line":441,"column":null}},{"start":{"line":443,"column":12},"end":{"line":447,"column":null}}]},"36":{"loc":{"start":{"line":450,"column":8},"end":{"line":454,"column":9}},"type":"if","locations":[{"start":{"line":450,"column":8},"end":{"line":454,"column":9}},{"start":{"line":452,"column":15},"end":{"line":454,"column":9}}]},"37":{"loc":{"start":{"line":471,"column":4},"end":{"line":511,"column":5}},"type":"if","locations":[{"start":{"line":471,"column":4},"end":{"line":511,"column":5}},{"start":{},"end":{}}]},"38":{"loc":{"start":{"line":476,"column":8},"end":{"line":487,"column":9}},"type":"if","locations":[{"start":{"line":476,"column":8},"end":{"line":487,"column":9}},{"start":{},"end":{}}]},"39":{"loc":{"start":{"line":504,"column":10},"end":{"line":507,"column":11}},"type":"if","locations":[{"start":{"line":504,"column":10},"end":{"line":507,"column":11}},{"start":{},"end":{}}]},"40":{"loc":{"start":{"line":540,"column":4},"end":{"line":542,"column":5}},"type":"if","locations":[{"start":{"line":540,"column":4},"end":{"line":542,"column":5}},{"start":{},"end":{}}]},"41":{"loc":{"start":{"line":544,"column":4},"end":{"line":546,"column":5}},"type":"if","locations":[{"start":{"line":544,"column":4},"end":{"line":546,"column":5}},{"start":{},"end":{}}]},"42":{"loc":{"start":{"line":551,"column":4},"end":{"line":553,"column":5}},"type":"if","locations":[{"start":{"line":551,"column":4},"end":{"line":553,"column":5}},{"start":{},"end":{}}]},"43":{"loc":{"start":{"line":555,"column":4},"end":{"line":557,"column":5}},"type":"if","locations":[{"start":{"line":555,"column":4},"end":{"line":557,"column":5}},{"start":{},"end":{}}]}},"s":{"0":19,"1":19,"2":19,"3":19,"4":19,"5":32,"6":32,"7":7,"8":32,"9":32,"10":32,"11":32,"12":32,"13":25,"14":27,"15":13,"16":13,"17":1,"18":12,"19":1,"20":11,"21":11,"22":11,"23":11,"24":11,"25":1,"26":10,"27":7,"28":7,"29":7,"30":7,"31":7,"32":7,"33":7,"34":7,"35":7,"36":7,"37":19,"38":19,"39":29,"40":16305,"41":10714,"42":3,"43":10711,"44":10711,"45":5120,"46":5591,"47":1,"48":5590,"49":5590,"50":5590,"51":18,"52":18,"53":18,"54":18,"55":18,"56":18,"57":18,"58":1,"59":18,"60":10,"61":18,"62":5130,"63":2,"64":5128,"65":1,"66":5128,"67":5128,"68":5128,"69":5128,"70":176881,"71":176881,"72":176881,"73":10197,"74":10195,"75":4980,"76":2,"77":2,"78":4978,"79":5215,"80":146,"81":146,"82":171753,"83":148,"84":39,"85":39,"86":39,"87":1,"88":38,"89":38,"90":38,"91":38,"92":150,"93":150,"94":150,"95":5111,"96":5111,"97":134,"98":1,"99":133,"100":133,"101":133,"102":133,"103":4977,"104":4975,"105":2,"106":148,"107":15,"108":21,"109":10,"110":10,"111":10,"112":24,"113":24,"114":10,"115":4,"116":2,"117":2,"118":2,"119":2,"120":1036,"121":3,"122":1033,"123":1033,"124":1033,"125":1033,"126":1033,"127":525,"128":125344,"129":525,"130":525,"131":576,"132":515,"133":515,"134":515,"135":508,"136":7,"137":525,"138":19,"139":19,"140":24,"141":24,"142":24,"143":6,"144":5,"145":1,"146":12,"147":11,"148":11,"149":18,"150":18,"151":2,"152":2,"153":2,"154":2,"155":2,"156":2,"157":2,"158":2,"159":2,"160":16,"161":16,"162":16,"163":8,"164":8,"165":8,"166":8,"167":8,"168":5,"169":8,"170":8,"171":8,"172":7,"173":7,"174":1,"175":1,"176":533,"177":533,"178":3,"179":3,"180":3,"181":1010,"182":1010,"183":3,"184":20,"185":1,"186":19,"187":19,"188":1,"189":18,"190":14,"191":1,"192":13,"193":13,"194":1,"195":12,"196":19},"f":{"0":32,"1":7,"2":25,"3":27,"4":13,"5":7,"6":29,"7":16305,"8":10714,"9":18,"10":5130,"11":39,"12":10,"13":4,"14":1036,"15":125344,"16":19,"17":12,"18":533,"19":3,"20":20,"21":14},"b":{"0":[26],"1":[1,12],"2":[13,12],"3":[1,11],"4":[12,1],"5":[1,10],"6":[11,5],"7":[3,10711],"8":[5120,5591],"9":[140,4980],"10":[1,5590],"11":[2,5128],"12":[1,5127],"13":[176881,5068],"14":[10197,166684],"15":[4980,5215],"16":[2,4978],"17":[4980,4980],"18":[146,5069],"19":[5215,146],"20":[39,18],"21":[17,1],"22":[1,38],"23":[39,38],"24":[1,133],"25":[134,134,134],"26":[4975,2],"27":[15,133],"28":[2,2],"29":[1,1],"30":[3,1033],"31":[1033,11],"32":[525,508],"33":[515,61],"34":[508,7],"35":[8,16],"36":[5,1],"37":[11,1],"38":[2,16],"39":[7,1],"40":[1,19],"41":[1,18],"42":[1,13],"43":[1,12]}}
,"/home/ing/IdeaProjects/kit/kit/src/core/once.ts": {"path":"/home/ing/IdeaProjects/kit/kit/src/core/once.ts","statementMap":{"0":{"start":{"line":92,"column":0},"end":{"line":92,"column":16}},"1":{"start":{"line":20,"column":32},"end":{"line":28,"column":1}},"2":{"start":{"line":21,"column":2},"end":{"line":26,"column":5}},"3":{"start":{"line":27,"column":2},"end":{"line":27,"column":15}},"4":{"start":{"line":20,"column":13},"end":{"line":20,"column":32}},"5":{"start":{"line":98,"column":2},"end":{"line":100,"column":3}},"6":{"start":{"line":99,"column":4},"end":{"line":99,"column":49}},"7":{"start":{"line":102,"column":23},"end":{"line":102,"column":39}},"8":{"start":{"line":103,"column":2},"end":{"line":105,"column":3}},"9":{"start":{"line":104,"column":4},"end":{"line":104,"column":64}},"10":{"start":{"line":107,"column":2},"end":{"line":113,"column":4}},"11":{"start":{"line":109,"column":6},"end":{"line":109,"column":78}}},"fnMap":{"0":{"name":"(anonymous_0)","decl":{"start":{"line":20,"column":32},"end":{"line":20,"column":58}},"loc":{"start":{"line":20,"column":92},"end":{"line":28,"column":1}}},"1":{"name":"once","decl":{"start":{"line":92,"column":16},"end":{"line":92,"column":20}},"loc":{"start":{"line":96,"column":11},"end":{"line":114,"column":1}}},"2":{"name":"(anonymous_2)","decl":{"start":{"line":108,"column":4},"end":{"line":108,"column":7}},"loc":{"start":{"line":108,"column":7},"end":{"line":110,"column":5}}}},"branchMap":{"0":{"loc":{"start":{"line":98,"column":2},"end":{"line":100,"column":3}},"type":"if","locations":[{"start":{"line":98,"column":2},"end":{"line":100,"column":3}},{"start":{},"end":{}}]},"1":{"loc":{"start":{"line":103,"column":2},"end":{"line":105,"column":3}},"type":"if","locations":[{"start":{"line":103,"column":2},"end":{"line":105,"column":3}},{"start":{},"end":{}}]},"2":{"loc":{"start":{"line":103,"column":6},"end":{"line":103,"column":17}},"type":"binary-expr","locations":[{"start":{"line":103,"column":6},"end":{"line":103,"column":10}},{"start":{"line":103,"column":14},"end":{"line":103,"column":17}}]}},"s":{"0":23,"1":23,"2":328,"3":328,"4":23,"5":94,"6":27,"7":67,"8":67,"9":1,"10":66,"11":315},"f":{"0":328,"1":94,"2":315},"b":{"0":[27,67],"1":[1,66],"2":[67,67]}}
,"/home/ing/IdeaProjects/kit/kit/src/core/path-match-tree.ts": {"path":"/home/ing/IdeaProjects/kit/kit/src/core/path-match-tree.ts","statementMap":{"0":{"start":{"line":35,"column":29},"end":{"line":206,"column":1}},"1":{"start":{"line":43,"column":6},"end":{"line":43,"column":19}},"2":{"start":{"line":42,"column":30},"end":{"line":42,"column":56}},"3":{"start":{"line":45,"column":39},"end":{"line":45,"column":41}},"4":{"start":{"line":47,"column":27},"end":{"line":47,"column":30}},"5":{"start":{"line":49,"column":18},"end":{"line":95,"column":3}},"6":{"start":{"line":50,"column":19},"end":{"line":50,"column":68}},"7":{"start":{"line":51,"column":25},"end":{"line":51,"column":26}},"8":{"start":{"line":52,"column":39},"end":{"line":54,"column":40}},"9":{"start":{"line":56,"column":24},"end":{"line":92,"column":5}},"10":{"start":{"line":57,"column":26},"end":{"line":57,"column":59}},"11":{"start":{"line":58,"column":6},"end":{"line":60,"column":7}},"12":{"start":{"line":59,"column":8},"end":{"line":59,"column":62}},"13":{"start":{"line":63,"column":8},"end":{"line":66,"column":54}},"14":{"start":{"line":67,"column":6},"end":{"line":67,"column":48}},"15":{"start":{"line":69,"column":21},"end":{"line":69,"column":108}},"16":{"start":{"line":71,"column":6},"end":{"line":80,"column":7}},"17":{"start":{"line":72,"column":8},"end":{"line":72,"column":25}},"18":{"start":{"line":73,"column":8},"end":{"line":73,"column":29}},"19":{"start":{"line":74,"column":8},"end":{"line":78,"column":9}},"20":{"start":{"line":75,"column":10},"end":{"line":75,"column":95}},"21":{"start":{"line":77,"column":10},"end":{"line":77,"column":63}},"22":{"start":{"line":79,"column":8},"end":{"line":79,"column":15}},"23":{"start":{"line":82,"column":6},"end":{"line":84,"column":7}},"24":{"start":{"line":83,"column":8},"end":{"line":83,"column":56}},"25":{"start":{"line":86,"column":21},"end":{"line":86,"column":56}},"26":{"start":{"line":87,"column":6},"end":{"line":91,"column":7}},"27":{"start":{"line":88,"column":8},"end":{"line":88,"column":83}},"28":{"start":{"line":90,"column":8},"end":{"line":90,"column":51}},"29":{"start":{"line":94,"column":4},"end":{"line":94,"column":26}},"30":{"start":{"line":97,"column":2},"end":{"line":99,"column":3}},"31":{"start":{"line":98,"column":4},"end":{"line":98,"column":27}},"32":{"start":{"line":101,"column":21},"end":{"line":197,"column":3}},"33":{"start":{"line":102,"column":28},"end":{"line":102,"column":99}},"34":{"start":{"line":104,"column":27},"end":{"line":119,"column":5}},"35":{"start":{"line":108,"column":6},"end":{"line":110,"column":7}},"36":{"start":{"line":109,"column":8},"end":{"line":109,"column":17}},"37":{"start":{"line":111,"column":6},"end":{"line":113,"column":7}},"38":{"start":{"line":112,"column":8},"end":{"line":112,"column":17}},"39":{"start":{"line":115,"column":6},"end":{"line":117,"column":7}},"40":{"start":{"line":116,"column":8},"end":{"line":116,"column":69}},"41":{"start":{"line":118,"column":6},"end":{"line":118,"column":57}},"42":{"start":{"line":121,"column":30},"end":{"line":154,"column":5}},"43":{"start":{"line":127,"column":6},"end":{"line":151,"column":7}},"44":{"start":{"line":129,"column":8},"end":{"line":135,"column":9}},"45":{"start":{"line":130,"column":10},"end":{"line":134,"column":12}},"46":{"start":{"line":136,"column":8},"end":{"line":142,"column":9}},"47":{"start":{"line":138,"column":10},"end":{"line":141,"column":12}},"48":{"start":{"line":143,"column":13},"end":{"line":151,"column":7}},"49":{"start":{"line":144,"column":21},"end":{"line":144,"column":48}},"50":{"start":{"line":146,"column":8},"end":{"line":150,"column":10}},"51":{"start":{"line":153,"column":6},"end":{"line":153,"column":18}},"52":{"start":{"line":156,"column":29},"end":{"line":194,"column":5}},"53":{"start":{"line":161,"column":26},"end":{"line":161,"column":60}},"54":{"start":{"line":162,"column":24},"end":{"line":162,"column":86}},"55":{"start":{"line":163,"column":6},"end":{"line":165,"column":7}},"56":{"start":{"line":164,"column":8},"end":{"line":164,"column":25}},"57":{"start":{"line":167,"column":36},"end":{"line":167,"column":76}},"58":{"start":{"line":168,"column":6},"end":{"line":170,"column":7}},"59":{"start":{"line":169,"column":8},"end":{"line":169,"column":62}},"60":{"start":{"line":173,"column":8},"end":{"line":175,"column":106}},"61":{"start":{"line":177,"column":6},"end":{"line":177,"column":25}},"62":{"start":{"line":179,"column":57},"end":{"line":179,"column":61}},"63":{"start":{"line":180,"column":20},"end":{"line":180,"column":41}},"64":{"start":{"line":181,"column":6},"end":{"line":183,"column":7}},"65":{"start":{"line":182,"column":8},"end":{"line":182,"column":69}},"66":{"start":{"line":185,"column":27},"end":{"line":185,"column":40}},"67":{"start":{"line":186,"column":6},"end":{"line":189,"column":7}},"68":{"start":{"line":187,"column":30},"end":{"line":187,"column":83}},"69":{"start":{"line":188,"column":8},"end":{"line":188,"column":65}},"70":{"start":{"line":191,"column":6},"end":{"line":191,"column":20}},"71":{"start":{"line":193,"column":6},"end":{"line":193,"column":52}},"72":{"start":{"line":196,"column":4},"end":{"line":196,"column":89}},"73":{"start":{"line":199,"column":2},"end":{"line":205,"column":4}},"74":{"start":{"line":202,"column":21},"end":{"line":202,"column":37}},"75":{"start":{"line":203,"column":6},"end":{"line":203,"column":92}},"76":{"start":{"line":35,"column":13},"end":{"line":35,"column":29}}},"fnMap":{"0":{"name":"(anonymous_0)","decl":{"start":{"line":35,"column":29},"end":{"line":35,"column":null}},"loc":{"start":{"line":38,"column":28},"end":{"line":206,"column":1}}},"1":{"name":"(anonymous_1)","decl":{"start":{"line":42,"column":15},"end":{"line":42,"column":16}},"loc":{"start":{"line":42,"column":30},"end":{"line":42,"column":56}}},"2":{"name":"(anonymous_2)","decl":{"start":{"line":49,"column":18},"end":{"line":49,"column":19}},"loc":{"start":{"line":49,"column":53},"end":{"line":95,"column":3}}},"3":{"name":"(anonymous_3)","decl":{"start":{"line":56,"column":24},"end":{"line":56,"column":25}},"loc":{"start":{"line":56,"column":78},"end":{"line":92,"column":5}}},"4":{"name":"(anonymous_4)","decl":{"start":{"line":101,"column":21},"end":{"line":101,"column":22}},"loc":{"start":{"line":101,"column":71},"end":{"line":197,"column":3}}},"5":{"name":"(anonymous_5)","decl":{"start":{"line":104,"column":27},"end":{"line":104,"column":null}},"loc":{"start":{"line":107,"column":41},"end":{"line":119,"column":5}}},"6":{"name":"(anonymous_6)","decl":{"start":{"line":121,"column":30},"end":{"line":121,"column":null}},"loc":{"start":{"line":126,"column":41},"end":{"line":154,"column":5}}},"7":{"name":"(anonymous_7)","decl":{"start":{"line":156,"column":29},"end":{"line":156,"column":null}},"loc":{"start":{"line":160,"column":41},"end":{"line":194,"column":5}}},"8":{"name":"(anonymous_8)","decl":{"start":{"line":201,"column":17},"end":{"line":201,"column":18}},"loc":{"start":{"line":201,"column":73},"end":{"line":204,"column":5}}}},"branchMap":{"0":{"loc":{"start":{"line":40,"column":4},"end":{"lin
[...]
:{"line":73,"column":34}},"24":{"start":{"line":77,"column":2},"end":{"line":77,"column":16}},"25":{"start":{"line":61,"column":13},"end":{"line":61,"column":42}},"26":{"start":{"line":87,"column":44},"end":{"line":99,"column":1}},"27":{"start":{"line":88,"column":48},"end":{"line":88,"column":50}},"28":{"start":{"line":89,"column":2},"end":{"line":97,"column":3}},"29":{"start":{"line":90,"column":4},"end":{"line":96,"column":5}},"30":{"start":{"line":91,"column":20},"end":{"line":91,"column":29}},"31":{"start":{"line":92,"column":6},"end":{"line":95,"column":7}},"32":{"start":{"line":94,"column":8},"end":{"line":94,"column":51}},"33":{"start":{"line":98,"column":2},"end":{"line":98,"column":23}},"34":{"start":{"line":87,"column":13},"end":{"line":87,"column":44}},"35":{"start":{"line":110,"column":34},"end":{"line":135,"column":1}},"36":{"start":{"line":117,"column":24},"end":{"line":117,"column":60}},"37":{"start":{"line":120,"column":19},"end":{"line":120,"column":32}},"38":{"start":{"line":123,"column":2},"end":{"line":125,"column":3}},"39":{"start":{"line":124,"column":4},"end":{"line":124,"column":38}},"40":{"start":{"line":128,"column":2},"end":{"line":131,"column":3}},"41":{"start":{"line":130,"column":4},"end":{"line":130,"column":38}},"42":{"start":{"line":134,"column":2},"end":{"line":134,"column":24}},"43":{"start":{"line":110,"column":13},"end":{"line":110,"column":34}}},"fnMap":{"0":{"name":"(anonymous_0)","decl":{"start":{"line":27,"column":34},"end":{"line":27,"column":39}},"loc":{"start":{"line":31,"column":32},"end":{"line":42,"column":1}}},"1":{"name":"(anonymous_1)","decl":{"start":{"line":39,"column":37},"end":{"line":39,"column":38}},"loc":{"start":{"line":40,"column":4},"end":{"line":40,"column":104}}},"2":{"name":"(anonymous_2)","decl":{"start":{"line":40,"column":47},"end":{"line":40,"column":52}},"loc":{"start":{"line":40,"column":56},"end":{"line":40,"column":91}}},"3":{"name":"(anonymous_3)","decl":{"start":{"line":44,"column":44},"end":{"line":44,"column":49}},"loc":{"start":{"line":49,"column":26},"end":{"line":59,"column":1}}},"4":{"name":"(anonymous_4)","decl":{"start":{"line":53,"column":20},"end":{"line":53,"column":21}},"loc":{"start":{"line":53,"column":35},"end":{"line":58,"column":3}}},"5":{"name":"(anonymous_5)","decl":{"start":{"line":57,"column":51},"end":{"line":57,"column":56}},"loc":{"start":{"line":57,"column":60},"end":{"line":57,"column":95}}},"6":{"name":"(anonymous_6)","decl":{"start":{"line":61,"column":42},"end":{"line":61,"column":47}},"loc":{"start":{"line":66,"column":32},"end":{"line":78,"column":1}}},"7":{"name":"(anonymous_7)","decl":{"start":{"line":87,"column":44},"end":{"line":87,"column":45}},"loc":{"start":{"line":87,"column":89},"end":{"line":99,"column":1}}},"8":{"name":"(anonymous_8)","decl":{"start":{"line":110,"column":34},"end":{"line":110,"column":39}},"loc":{"start":{"line":115,"column":19},"end":{"line":135,"column":1}}}},"branchMap":{"0":{"loc":{"start":{"line":30,"column":2},"end":{"line":30,"column":32}},"type":"default-arg","locations":[{"start":{"line":30,"column":30},"end":{"line":30,"column":32}}]},"1":{"loc":{"start":{"line":34,"column":2},"end":{"line":36,"column":3}},"type":"if","locations":[{"start":{"line":34,"column":2},"end":{"line":36,"column":3}},{"start":{},"end":{}}]},"2":{"loc":{"start":{"line":34,"column":6},"end":{"line":34,"column":61}},"type":"binary-expr","locations":[{"start":{"line":34,"column":6},"end":{"line":34,"column":19}},{"start":{"line":34,"column":23},"end":{"line":34,"column":61}}]},"3":{"loc":{"start":{"line":40,"column":36},"end":{"line":40,"column":103}},"type":"cond-expr","locations":[{"start":{"line":40,"column":47},"end":{"line":40,"column":91}},{"start":{"line":40,"column":94},"end":{"line":40,"column":103}}]},"4":{"loc":{"start":{"line":48,"column":2},"end":{"line":48,"column":32}},"type":"default-arg","locations":[{"start":{"line":48,"column":30},"end":{"line":48,"column":32}}]},"5":{"loc":{"start":{"line":55,"column":11},"end":{"line":57,"column":108}},"type":"cond-expr","locations":[{"start":{"line":56,"column":8},"end":{"line":56,"column":12}},{"start":{"line":57,"column":8},"end":{"line":57,"column":108}}]},"6":{"loc":{"start":{"line":57,"column":40},"end":{"line":57,"column":107}},"type":"cond-expr","locations":[{"start":{"line":57,"column":51},"end":{"line":57,"column":95}},{"start":{"line":57,"column":98},"end":{"line":57,"column":107}}]},"7":{"loc":{"start":{"line":65,"column":2},"end":{"line":65,"column":32}},"type":"default-arg","locations":[{"start":{"line":65,"column":30},"end":{"line":65,"column":32}}]},"8":{"loc":{"start":{"line":72,"column":4},"end":{"line":74,"column":5}},"type":"if","locations":[{"start":{"line":72,"column":4},"end":{"line":74,"column":5}},{"start":{},"end":{}}]},"9":{"loc":{"start":{"line":90,"column":4},"end":{"line":96,"column":5}},"type":"if","locations":[{"start":{"line":90,"column":4},"end":{"line":96,"column":5}},{"start":{},"end":{}}]},"10":{"loc":{"start":{"line":92,"column":6},"end":{"line":95,"column":7}},"type":"if","locations":[{"start":{"line":92,"column":6},"end":{"line":95,"column":7}},{"start":{},"end":{}}]},"11":{"loc":{"start":{"line":114,"column":2},"end":{"line":114,"column":32}},"type":"default-arg","locations":[{"start":{"line":114,"column":30},"end":{"line":114,"column":32}}]},"12":{"loc":{"start":{"line":123,"column":2},"end":{"line":125,"column":3}},"type":"if","locations":[{"start":{"line":123,"column":2},"end":{"line":125,"column":3}},{"start":{},"end":{}}]},"13":{"loc":{"start":{"line":128,"column":2},"end":{"line":131,"column":3}},"type":"if","locations":[{"start":{"line":128,"column":2},"end":{"line":131,"column":3}},{"start":{},"end":{}}]},"14":{"loc":{"start":{"line":128,"column":6},"end":{"line":128,"column":50}},"type":"binary-expr","locations":[{"start":{"line":128,"column":6},"end":{"line":128,"column":31}},{"start":{"line":128,"column":35},"end":{"line":128,"column":50}}]}},"s":{"0":1,"1":1,"2":5,"3":5,"4":2,"5":3,"6":3,"7":18,"8":1,"9":1,"10":1,"11":9,"12":9,"13":9,"14":16,"15":16,"16":2,"17":1,"18":1,"19":5,"20":5,"21":5,"22":9,"23":6,"24":5,"25":1,"26":1,"27":23,"28":23,"29":76,"30":75,"31":75,"32":73,"33":23,"34":1,"35":1,"36":6,"37":6,"38":6,"39":5,"40":6,"41":1,"42":6,"43":1},"f":{"0":5,"1":18,"2":1,"3":9,"4":16,"5":2,"6":5,"7":23,"8":6},"b":{"0":[4],"1":[2,3],"2":[5,5],"3":[6,12],"4":[3],"5":[4,12],"6":[4,8],"7":[4],"8":[6,3],"9":[75,1],"10":[73,2],"11":[3],"12":[5,1],"13":[1,5],"14":[6,3]}}
,"/home/ing/IdeaProjects/kit/kit/src/redis/redis-pubsub-subscription.ts": {"path":"/home/ing/IdeaProjects/kit/kit/src/redis/redis-pubsub-subscription.ts","statementMap":{"0":{"start":{"line":1,"column":0},"end":{"line":1,"column":null}},"1":{"start":{"line":35,"column":21},"end":{"line":35,"column":40}},"2":{"start":{"line":36,"column":21},"end":{"line":36,"column":57}},"3":{"start":{"line":37,"column":21},"end":{"line":37,"column":36}},"4":{"start":{"line":51,"column":4},"end":{"line":51,"column":59}},"5":{"start":{"line":53,"column":20},"end":{"line":59,"column":5}},"6":{"start":{"line":54,"column":6},"end":{"line":58,"column":7}},"7":{"start":{"line":55,"column":8},"end":{"line":55,"column":41}},"8":{"start":{"line":57,"column":8},"end":{"line":57,"column":109}},"9":{"start":{"line":61,"column":4},"end":{"line":85,"column":6}},"10":{"start":{"line":63,"column":6},"end":{"line":65,"column":7}},"11":{"start":{"line":64,"column":8},"end":{"line":64,"column":39}},"12":{"start":{"line":67,"column":6},"end":{"line":84,"column":7}},"13":{"start":{"line":68,"column":8},"end":{"line":73,"column":9}},"14":{"start":{"line":69,"column":10},"end":{"line":71,"column":11}},"15":{"start":{"line":70,"column":12},"end":{"line":70,"column":46}},"16":{"start":{"line":72,"column":10},"end":{"line":72,"column":56}},"17":{"start":{"line":74,"column":8},"end":{"line":76,"column":9}},"18":{"start":{"line":75,"column":10},"end":{"line":75,"column":45}},"19":{"start":{"line":78,"column":8},"end":{"line":80,"column":9}},"20":{"start":{"line":79,"column":10},"end":{"line":79,"column":89}},"21":{"start":{"line":81,"column":8},"end":{"line":81,"column":25}},"22":{"start":{"line":83,"column":8},"end":{"line":83,"column":57}},"23":{"start":{"line":87,"column":4},"end":{"line":91,"column":6}},"24":{"start":{"line":88,"column":6},"end":{"line":90,"column":7}},"25":{"start":{"line":89,"column":8},"end":{"line":89,"column":37}},"26":{"start":{"line":96,"column":4},"end":{"line":96,"column":108}},"27":{"start":{"line":99,"column":19},"end":{"line":99,"column":24}},"28":{"start":{"line":100,"column":46},"end":{"line":100,"column":50}},"29":{"start":{"line":103,"column":4},"end":{"line":103,"column":66}},"30":{"start":{"line":107,"column":4},"end":{"line":107,"column":68}},"31":{"start":{"line":110,"column":33},"end":{"line":149,"column":3}},"32":{"start":{"line":111,"column":4},"end":{"line":113,"column":5}},"33":{"start":{"line":112,"column":6},"end":{"line":112,"column":30}},"34":{"start":{"line":115,"column":4},"end":{"line":117,"column":5}},"35":{"start":{"line":116,"column":6},"end":{"line":116,"column":31}},"36":{"start":{"line":119,"column":28},"end":{"line":126,"column":5}},"37":{"start":{"line":120,"column":6},"end":{"line":125,"column":7}},"38":{"start":{"line":121,"column":8},"end":{"line":121,"column":27}},"39":{"start":{"line":123,"column":8},"end":{"line":123,"column":33}},"40":{"start":{"line":124,"column":8},"end":{"line":124,"column":20}},"41":{"start":{"line":128,"column":4},"end":{"line":148,"column":10}},"42":{"start":{"line":129,"column":6},"end":{"line":147,"column":7}},"43":{"start":{"line":130,"column":8},"end":{"line":130,"column":31}},"44":{"start":{"line":131,"column":8},"end":{"line":136,"column":9}},"45":{"start":{"line":133,"column":10},"end":{"line":133,"column":35}},"46":{"start":{"line":134,"column":10},"end":{"line":134,"column":34}},"47":{"start":{"line":135,"column":10},"end":{"line":135,"column":27}},"48":{"start":{"line":138,"column":8},"end":{"line":138,"column":32}},"49":{"start":{"line":139,"column":8},"end":{"line":139,"column":32}},"50":{"start":{"line":140,"column":8},"end":{"line":140,"column":25}},"51":{"start":{"line":142,"column":8},"end":{"line":142,"column":108}},"52":{"start":{"line":143,"column":8},"end":{"line":143,"column":26}},"53":{"start":{"line":145,"column":8},"end":{"line":145,"column":32}},"54":{"start":{"line":146,"column":8},"end":{"line":146,"column":34}},"55":{"start":{"line":159,"column":4},"end":{"line":161,"column":5}},"56":{"start":{"line":160,"column":6},"end":{"line":160,"column":13}},"57":{"start":{"line":163,"column":4},"end":{"line":163,"column":23}},"58":{"start":{"line":164,"column":4},"end":{"line":164,"column":84}},"59":{"start":{"line":166,"column":4},"end":{"line":166,"column":29}},"60":{"start":{"line":176,"column":4},"end":{"line":178,"column":5}},"61":{"start":{"line":177,"column":6},"end":{"line":177,"column":13}},"62":{"start":{"line":179,"column":4},"end":{"line":179,"column":24}},"63":{"start":{"line":181,"column":4},"end":{"line":181,"column":86}},"64":{"start":{"line":185,"column":4},"end":{"line":185,"column":67}},"65":{"start":{"line":186,"column":4},"end":{"line":186,"column":28}},"66":{"start":{"line":17,"column":0},"end":{"line":17,"column":13}},"67":{"start":{"line":94,"column":2},"end":{"line":97,"column":null}}},"fnMap":{"0":{"name":"(anonymous_2)","decl":{"start":{"line":34,"column":2},"end":{"line":34,"column":null}},"loc":{"start":{"line":49,"column":5},"end":{"line":92,"column":3}}},"1":{"name":"(anonymous_3)","decl":{"start":{"line":51,"column":49},"end":{"line":51,"column":52}},"loc":{"start":{"line":51,"column":54},"end":{"line":51,"column":57}}},"2":{"name":"(anonymous_4)","decl":{"start":{"line":53,"column":20},"end":{"line":53,"column":21}},"loc":{"start":{"line":53,"column":55},"end":{"line":59,"column":5}}},"3":{"name":"(anonymous_5)","decl":{"start":{"line":61,"column":20},"end":{"line":61,"column":21}},"loc":{"start":{"line":61,"column":39},"end":{"line":85,"column":5}}},"4":{"name":"(anonymous_6)","decl":{"start":{"line":87,"column":21},"end":{"line":87,"column":22}},"loc":{"start":{"line":87,"column":42},"end":{"line":91,"column":5}}},"5":{"name":"(anonymous_7)","decl":{"start":{"line":94,"column":2},"end":{"line":94,"column":3}},"loc":{"start":{"line":95,"column":12},"end":{"line":97,"column":3}}},"6":{"name":"(anonymous_8)","decl":{"start":{"line":102,"column":10},"end":{"line":102,"column":19}},"loc":{"start":{"line":102,"column":19},"end":{"line":104,"column":3}}},"7":{"name":"(anonymous_9)","decl":{"start":{"line":106,"column":10},"end":{"line":106,"column":21}},"loc":{"start":{"line":106,"column":21},"end":{"line":108,"column":3}}},"8":{"name":"(anonymous_10)","decl":{"start":{"line":110,"column":33},"end":{"line":110,"column":51}},"loc":{"start":{"line":110,"column":53},"end":{"line":149,"column":3}}},"9":{"name":"(anonymous_11)","decl":{"start":{"line":119,"column":28},"end":{"line":119,"column":33}},"loc":{"start":{"line":119,"column":39},"end":{"line":126,"column":5}}},"10":{"name":"(anonymous_12)","decl":{"start":{"line":128,"column":32},"end":{"line":128,"column":37}},"loc":{"start":{"line":128,"column":43},"end":{"line":148,"column":5}}},"11":{"name":"(anonymous_13)","decl":{"start":{"line":158,"column":2},"end":{"line":158,"column":7}},"loc":{"start":{"line":158,"column":16},"end":{"line":167,"column":3}}},"12":{"name":"(anonymous_14)","decl":{"start":{"line":175,"column":2},"end":{"line":175,"column":7}},"loc":{"start":{"line":175,"column":18},"end":{"line":187,"column":3}}}},"branchMap":{"0":{"loc":{"start":{"line":51,"column":23},"end":{"line":51,"column":58}},"type":"binary-expr","locations":[{"start":{"line":51,"column":23},"end":{"line":51,"column":44}},{"start":{"line":51,"column":49},"end":{"line":51,"column":57}}]},"1":{"loc":{"start":{"line":54,"column":6},"end":{"line":58,"column":7}},"type":"if","locations":[{"start":{"line":54,"column":6},"end":{"line":58,"column":7}},{"start":{"line":56,"column":13},"end":{"line":58,"column":7}}]},"2":{"loc":{"start":{"line":63,"column":6},"end":{"line":65,"column":7}},"type":"if","locations":[{"start":{"line":63,"column":6},"end":{"line":65,"column":7}},{"start":{},"end":{}}]},"3":{"loc":{"start":{"line":68,"column":8},"end":{"line":73,"column":9}},"type":"if","locations":[{"start":{"line":68,"column":8},"end":{"line":73,"column":9}},{"start":{},"end":{}}]},"4":{"loc":{"start":{"line":69,"column":10},"end":{"line":71,"column":11}},"type":"if","locations":[{"start":{"line":69,"column":10},"end":{"line":71,"column":11}},{"start":{},"end":{}}]},"5":{"loc":{"start":{"line":74,"column":8},"end":{"line":76,"column":9}},"type":"if","locations":[{"start":{"line":74,"column":8},"end":{"line":76,"column":9}},{"start":{},"end":{}}]},"6":{"loc":{"start":{"line":78,"column":8},"end":{"line":80,"column":9}},"type":"if","locations":[{"start":{"line":78,"column":8},"end":{"line":80,"column":9}},{"start":{},"end":{}}]},"7":{"loc":{"start":{"line":88,"column":6},"end":{"line":90,"column":7}},"type":"if","locations":[{"start":{"line":88,"column":6},"end":{"line":90,"column":7}},{"start":{},"end":{}}]},"8":{"loc":{"start":{"line":111,"column":4},"end":{"line":113,"column":5}},"type":"if","locations":[{"start":{"line":111,"column":4},"end":{"line":113,"column":5}},{"start":{},"end":{}}]},"9":{"loc":{"start":{"line":115,"column":4},"end":{"line":117,"column":5}},"type":"if","locations":[{"start":{"line":115,"column":4},"end":{"line":117,"column":5}},{"start":{},"end":{}}]},"10":{"loc":{"start":{"line":131,"column":8},"end":{"line":136,"column":9}},"type":"if","locations":[{"start":{"line":131,"column":8},"end":{"line":136,"column":9}},{"start":{},"end":{}}]},"11":{"loc":{"start":{"line":159,"column":4},"end":{"line":161,"column":5}},"type":"if","locations":[{"start":{"line":159,"column":4},"end":{"line":161,"column":5}},{"start":{},"end":{}}]},"12":{"loc":{"start":{"line":176,"column":4},"end":{"line":178,"column":5}},"type":"if","locations":[{"start":{"line":176,"column":4},"end":{"line":178,"column":5}},{"start":{},"end":{}}]}},"s":{"0":2,"1":30,"2":30,"3":30,"4":30,"5":30,"6":3,"7":2,"8":1,"9":30,"10":12,"11":1,"12":11,"13":11,"14":2,"15":1,"16":1,"17":9,"18":7,"19":2,"20":1,"21":2,"22":2,"23":30,"24":12,"25":11,"26":5,"27":30,"28":30,"29":30,"30":2,"31":30,"32":50,"33":9,"34":41,"35":11,"36":30,"37":27,"38":27,"39":1,"40":1,"41":30,"42":30,"43":30,"44":28,"45":1,"46":1,"47":1,"48":27,"49":26,"50":26,"51":3,"52":3,"53":3,"54":3,"55":28,"56":1,"57":27,"58":27,"59":27,"60":36,"61":9,"62":27,"63":27,"64":27,"65":27,"66":2,"67":2},"f":{"0":30,"1":12,"2":3,"3":12,"4":12,"5":5,"6":30,"7":2,"8":50,"9":27,"10":30,"11":28,"12":36},"b":{"0":[30,14],"1":[2,1],"2":[1,11],"3":[2,9],"4":[1,1],"5":[7,2],"6":[1,1],"7":[11,1],"8":[9,41],"9":[11,30],"10":[1,27],"11":[1,27],"12":[9,27]}}
,"/home/ing/IdeaProjects/kit/kit/src/zod/json-schema.ts": {"path":"/home/ing/IdeaProjects/kit/kit/src/zod/json-schema.ts","statementMap":{"0":{"start":{"line":1,"column":0},"end":{"line":1,"column":27}},"1":{"start":{"line":5,"column":13},"end":{"line":5,"column":90}},"2":{"start":{"line":22,"column":13},"end":{"line":30,"column":2}},"3":{"start":{"line":23,"column":2},"end":{"line":29,"column":4}},"4":{"start":{"line":32,"column":13},"end":{"line":32,"column":70}}},"fnMap":{"0":{"name":"(anonymous_0)","decl":{"start":{"line":22,"column":60},"end":{"line":22,"column":63}},"loc":{"start":{"line":23,"column":2},"end":{"line":29,"column":4}}}},"branchMap":{},"s":{"0":1,"1":1,"2":1,"3":1,"4":1},"f":{"0":1},"b":{}}
,"/home/ing/IdeaProjects/kit/kit/src/zod/stringified-types.ts": {"path":"/home/ing/IdeaProjects/kit/kit/src/zod/stringified-types.ts","statementMap":{"0":{"start":{"line":1,"column":0},"end":{"line":1,"column":27}},"1":{"start":{"line":21,"column":13},"end":{"line":28,"column":2}},"2":{"start":{"line":25,"column":17},"end":{"line":25,"column":29}},"3":{"start":{"line":26,"column":17},"end":{"line":26,"column":26}},"4":{"start":{"line":53,"column":13},"end":{"line":56,"column":3}},"5":{"start":{"line":54,"column":15},"end":{"line":54,"column":30}},"6":{"start":{"line":55,"column":15},"end":{"line":55,"column":26}}},"fnMap":{"0":{"name":"(anonymous_0)","decl":{"start":{"line":25,"column":12},"end":{"line":25,"column":13}},"loc":{"start":{"line":25,"column":17},"end":{"line":25,"column":29}}},"1":{"name":"(anonymous_1)","decl":{"start":{"line":26,"column":12},"end":{"line":26,"column":13}},"loc":{"start":{"line":26,"column":17},"end":{"line":26,"column":26}}},"2":{"name":"(anonymous_2)","decl":{"start":{"line":54,"column":10},"end":{"line":54,"column":11}},"loc":{"start":{"line":54,"column":15},"end":{"line":54,"column":30}}},"3":{"name":"(anonymous_3)","decl":{"start":{"line":55,"column":10},"end":{"line":55,"column":11}},"loc":{"start":{"line":55,"column":15},"end":{"line":55,"column":26}}}},"branchMap":{},"s":{"0":2,"1":2,"2":3,"3":3,"4":2,"5":3,"6":3},"f":{"0":3,"1":3,"2":3,"3":3},"b":{}}
,"/home/ing/IdeaProjects/kit/kit/src/zod/zod-utils.ts": {"path":"/home/ing/IdeaProjects/kit/kit/src/zod/zod-utils.ts","statementMap":{"0":{"start":{"line":21,"column":26},"end":{"line":22,"column":44}},"1":{"start":{"line":22,"column":2},"end":{"line":22,"column":44}},"2":{"start":{"line":21,"column":13},"end":{"line":21,"column":26}},"3":{"start":{"line":32,"column":27},"end":{"line":33,"column":45}},"4":{"start":{"line":33,"column":2},"end":{"line":33,"column":45}},"5":{"start":{"line":32,"column":13},"end":{"line":32,"column":27}}},"fnMap":{"0":{"name":"(anonymous_0)","decl":{"start":{"line":21,"column":26},"end":{"line":21,"column":46}},"loc":{"start":{"line":22,"column":2},"end":{"line":22,"column":44}}},"1":{"name":"(anonymous_1)","decl":{"start":{"line":32,"column":27},"end":{"line":32,"column":47}},"loc":{"start":{"line":33,"column":2},"end":{"line":33,"column":45}}}},"branchMap":{},"s":{"0":1,"1":6,"2":1,"3":1,"4":6,"5":1},"f":{"0":6,"1":6},"b":{}}
}
