{"/home/ing/IdeaProjects/altraprojects/packages/kit/src/collections/ex-map.ts": {"path":"/home/ing/IdeaProjects/altraprojects/packages/kit/src/collections/ex-map.ts","statementMap":{"0":{"start":{"line":14,"column":4},"end":{"line":14,"column":41}},"1":{"start":{"line":24,"column":4},"end":{"line":24,"column":20}},"2":{"start":{"line":34,"column":4},"end":{"line":34,"column":31}},"3":{"start":{"line":43,"column":4},"end":{"line":45,"column":5}},"4":{"start":{"line":44,"column":6},"end":{"line":44,"column":27}},"5":{"start":{"line":54,"column":4},"end":{"line":54,"column":28}},"6":{"start":{"line":63,"column":4},"end":{"line":63,"column":28}},"7":{"start":{"line":74,"column":4},"end":{"line":74,"column":28}},"8":{"start":{"line":75,"column":4},"end":{"line":75,"column":16}},"9":{"start":{"line":80,"column":4},"end":{"line":80,"column":24}},"10":{"start":{"line":95,"column":14},"end":{"line":95,"column":39}},"11":{"start":{"line":96,"column":4},"end":{"line":104,"column":5}},"12":{"start":{"line":97,"column":6},"end":{"line":103,"column":9}},"13":{"start":{"line":98,"column":8},"end":{"line":101,"column":9}},"14":{"start":{"line":99,"column":10},"end":{"line":99,"column":22}},"15":{"start":{"line":100,"column":10},"end":{"line":100,"column":21}},"16":{"start":{"line":102,"column":8},"end":{"line":102,"column":19}},"17":{"start":{"line":105,"column":4},"end":{"line":105,"column":13}},"18":{"start":{"line":115,"column":14},"end":{"line":115,"column":37}},"19":{"start":{"line":116,"column":4},"end":{"line":118,"column":5}},"20":{"start":{"line":117,"column":6},"end":{"line":117,"column":22}},"21":{"start":{"line":119,"column":4},"end":{"line":119,"column":13}},"22":{"start":{"line":133,"column":12},"end":{"line":133,"column":25}},"23":{"start":{"line":134,"column":4},"end":{"line":138,"column":5}},"24":{"start":{"line":135,"column":6},"end":{"line":135,"column":39}},"25":{"start":{"line":136,"column":11},"end":{"line":138,"column":5}},"26":{"start":{"line":137,"column":6},"end":{"line":137,"column":24}},"27":{"start":{"line":139,"column":4},"end":{"line":139,"column":13}},"28":{"start":{"line":150,"column":4},"end":{"line":150,"column":52}},"29":{"start":{"line":159,"column":4},"end":{"line":159,"column":102}},"30":{"start":{"line":159,"column":78},"end":{"line":159,"column":99}},"31":{"start":{"line":168,"column":4},"end":{"line":168,"column":69}},"32":{"start":{"line":168,"column":53},"end":{"line":168,"column":67}},"33":{"start":{"line":177,"column":4},"end":{"line":177,"column":54}},"34":{"start":{"line":177,"column":43},"end":{"line":177,"column":52}},"35":{"start":{"line":187,"column":4},"end":{"line":189,"column":5}},"36":{"start":{"line":188,"column":6},"end":{"line":188,"column":23}},"37":{"start":{"line":190,"column":4},"end":{"line":190,"column":16}},"38":{"start":{"line":200,"column":4},"end":{"line":202,"column":5}},"39":{"start":{"line":201,"column":6},"end":{"line":201,"column":21}},"40":{"start":{"line":203,"column":4},"end":{"line":203,"column":16}},"41":{"start":{"line":212,"column":14},"end":{"line":212,"column":57}},"42":{"start":{"line":213,"column":4},"end":{"line":216,"column":6}},"43":{"start":{"line":214,"column":6},"end":{"line":214,"column":19}},"44":{"start":{"line":215,"column":6},"end":{"line":215,"column":21}},"45":{"start":{"line":227,"column":4},"end":{"line":227,"column":95}},"46":{"start":{"line":227,"column":78},"end":{"line":227,"column":92}},"47":{"start":{"line":238,"column":23},"end":{"line":244,"column":6}},"48":{"start":{"line":240,"column":8},"end":{"line":240,"column":55}},"49":{"start":{"line":246,"column":4},"end":{"line":248,"column":5}},"50":{"start":{"line":247,"column":6},"end":{"line":247,"column":49}},"51":{"start":{"line":250,"column":4},"end":{"line":250,"column":24}},"52":{"start":{"line":251,"column":4},"end":{"line":251,"column":16}},"53":{"start":{"line":258,"column":4},"end":{"line":258,"column":38}},"54":{"start":{"line":263,"column":4},"end":{"line":263,"column":29}},"55":{"start":{"line":268,"column":4},"end":{"line":268,"column":26}},"56":{"start":{"line":273,"column":4},"end":{"line":273,"column":28}},"57":{"start":{"line":278,"column":4},"end":{"line":278,"column":19}},"58":{"start":{"line":6,"column":0},"end":{"line":6,"column":13}}},"fnMap":{"0":{"name":"(anonymous_0)","decl":{"start":{"line":13,"column":2},"end":{"line":13,"column":14}},"loc":{"start":{"line":13,"column":44},"end":{"line":15,"column":3}}},"1":{"name":"(anonymous_1)","decl":{"start":{"line":23,"column":2},"end":{"line":23,"column":7}},"loc":{"start":{"line":23,"column":7},"end":{"line":25,"column":3}}},"2":{"name":"(anonymous_2)","decl":{"start":{"line":33,"column":2},"end":{"line":33,"column":8}},"loc":{"start":{"line":33,"column":17},"end":{"line":35,"column":3}}},"3":{"name":"(anonymous_3)","decl":{"start":{"line":42,"column":2},"end":{"line":42,"column":9}},"loc":{"start":{"line":42,"column":71},"end":{"line":46,"column":3}}},"4":{"name":"(anonymous_4)","decl":{"start":{"line":53,"column":2},"end":{"line":53,"column":5}},"loc":{"start":{"line":53,"column":14},"end":{"line":55,"column":3}}},"5":{"name":"(anonymous_5)","decl":{"start":{"line":62,"column":2},"end":{"line":62,"column":5}},"loc":{"start":{"line":62,"column":14},"end":{"line":64,"column":3}}},"6":{"name":"(anonymous_6)","decl":{"start":{"line":73,"column":2},"end":{"line":73,"column":5}},"loc":{"start":{"line":73,"column":28},"end":{"line":76,"column":3}}},"7":{"name":"(anonymous_7)","decl":{"start":{"line":79,"column":2},"end":{"line":79,"column":6}},"loc":{"start":{"line":79,"column":10},"end":{"line":81,"column":3}}},"8":{"name":"(anonymous_8)","decl":{"start":{"line":91,"column":9},"end":{"line":91,"column":15}},"loc":{"start":{"line":93,"column":29},"end":{"line":106,"column":3}}},"9":{"name":"(anonymous_9)","decl":{"start":{"line":97,"column":22},"end":{"line":97,"column":25}},"loc":{"start":{"line":97,"column":28},"end":{"line":103,"column":7}}},"10":{"name":"(anonymous_10)","decl":{"start":{"line":114,"column":9},"end":{"line":114,"column":15}},"loc":{"start":{"line":114,"column":86},"end":{"line":120,"column":3}}},"11":{"name":"(anonymous_11)","decl":{"start":{"line":132,"column":9},"end":{"line":132,"column":20}},"loc":{"start":{"line":132,"column":98},"end":{"line":140,"column":3}}},"12":{"name":"(anonymous_12)","decl":{"start":{"line":149,"column":9},"end":{"line":149,"column":15}},"loc":{"start":{"line":149,"column":76},"end":{"line":151,"column":3}}},"13":{"name":"(anonymous_13)","decl":{"start":{"line":158,"column":9},"end":{"line":158,"column":19}},"loc":{"start":{"line":158,"column":70},"end":{"line":160,"column":3}}},"14":{"name":"(anonymous_14)","decl":{"start":{"line":159,"column":60},"end":{"line":159,"column":61}},"loc":{"start":{"line":159,"column":78},"end":{"line":159,"column":99}}},"15":{"name":"(anonymous_15)","decl":{"start":{"line":167,"column":9},"end":{"line":167,"column":16}},"loc":{"start":{"line":167,"column":67},"end":{"line":169,"column":3}}},"16":{"name":"(anonymous_16)","decl":{"start":{"line":168,"column":35},"end":{"line":168,"column":36}},"loc":{"start":{"line":168,"column":53},"end":{"line":168,"column":67}}},"17":{"name":"(anonymous_17)","decl":{"start":{"line":176,"column":9},"end":{"line":176,"column":22}},"loc":{"start":{"line":176,"column":63},"end":{"line":178,"column":3}}},"18":{"name":"(anonymous_18)","decl":{"start":{"line":177,"column":34},"end":{"line":177,"column":39}},"loc":{"start":{"line":177,"column":43},"end":{"line":177,"column":52}}},"19":{"name":"(anonymous_19)","decl":{"start":{"line":186,"column":9},"end":{"line":186,"column":19}},"loc":{"start":{"line":186,"column":39},"end":{"line":191,"column":3}}},"20":{"name":"(anonymous_20)","decl":{"start":{"line":199,"column":9},"end":{"line":199,"column":15}},"loc":{"start":{"line":199,"column":54},"end":{"line":204,"column":3}}},"21":{"name":"(anonymous_21)","decl":{"start":{"line":211,"column":2},"end":{"line":211,"column":8}},"loc":{"start":{"line":211,"column":57},"end":{"line":217,"column":3}}},"22":{"name":"(anonymous_22)","decl":{"start":{"line":213,"column":11},"end":{"line":213,"column":14}},"loc":{"start":{"line":213,"column":16},"end":{"line":216,"column":5}}},"23":{"name":"(anonymous_23)","decl":{"start":{"line":226,"column":9},"end":{"line":226,"column":15}},"loc":{"start":{"line":226,"column":49},"end":{"line":228,"column":3}}},"24":{"name":"(anonymous_24)","decl":{"start":{"line":227,"column":60},"end":{"line":227,"column":61}},"loc":{"start":{"line":227,"column":78},"end":{"line":227,"column":92}}},"25":{"name":"(anonymous_25)","decl":{"start":{"line":234,"column":9},"end":{"line":234,"column":15}},"loc":{"start":{"line":234,"column":15},"end":{"line":252,"column":3}}},"26":{"name":"(anonymous_26)","decl":{"start":{"line":239,"column":6},"end":{"line":239,"column":11}},"loc":{"start":{"line":239,"column":11},"end":{"line":241,"column":7}}},"27":{"name":"(anonymous_27)","decl":{"start":{"line":257,"column":2},"end":{"line":257,"column":3}},"loc":{"start":{"line":257,"column":19},"end":{"line":259,"column":3}}},"28":{"name":"(anonymous_28)","decl":{"start":{"line":262,"column":2},"end":{"line":262,"column":9}},"loc":{"start":{"line":262,"column":9},"end":{"line":264,"column":3}}},"29":{"name":"(anonymous_29)","decl":{"start":{"line":267,"column":2},"end":{"line":267,"column":6}},"loc":{"start":{"line":267,"column":6},"end":{"line":269,"column":3}}},"30":{"name":"(anonymous_30)","decl":{"start":{"line":272,"column":2},"end":{"line":272,"column":8}},"loc":{"start":{"line":272,"column":8},"end":{"line":274,"column":3}}},"31":{"name":"(anonymous_31)","decl":{"start":{"line":277,"column":2},"end":{"line":277,"column":6}},"loc":{"start":{"line":277,"column":26},"end":{"line":279,"column":3}}}},"branchMap":{"0":{"loc":{"start":{"line":98,"column":8},"end":{"line":101,"column":9}},"type":"if","locations":[{"start":{"line":98,"column":8},"end":{"line":101,"column":9}},{"start":{},"end":{}}]},"1":{"loc":{"start":{"line":134,"column":4},"end":{"line":138,"column":5}},"type":"if","locations":[{"start":{"line":134,"column":4},"end":{"line":138,"column":5}},{"start":{"line":136,"column":11},"end":{"line":138,"column":5}}]},"2":{"loc":{"start":{"line":136,"column":11},"end":{"line":138,"column":5}},"type":"if","locations":[{"start":{"line":136,"column":11},"end":{"line":138,"column":5}},{"start":{},"end":{}}]},"3":{"loc":{"start":{"line":212,"column":14},"end":{"line":212,"column":57}},"type":"cond-expr","locations":[{"start":{"line":212,"column":19},"end":{"line":212,"column":27}},{"start":{"line":212,"column":30},"end":{"line":212,"column":57}}]}},"s":{"0":3522,"1":5,"2":4,"3":1,"4":3,"5":4764,"6":4,"7":5297,"8":5297,"9":1631,"10":1523,"11":1523,"12":3242,"13":3242,"14":126,"15":126,"16":3116,"17":1523,"18":1619,"19":1619,"20":1622,"21":1619,"22":541,"23":541,"24":400,"25":141,"26":1,"27":541,"28":3244,"29":28,"30":1500,"31":1,"32":2,"33":1,"34":2,"35":1,"36":2,"37":1,"38":3,"39":6,"40":3,"41":2,"42":2,"43":2,"44":2,"45":2,"46":5,"47":1,"48":3,"49":1,"50":3,"51":1,"52":1,"53":10,"54":41,"55":1,"56":1498,"57":7,"58":10},"f":{"0":3522,"1":5,"2":4,"3":1,"4":4764,"5":4,"6":5297,"7":1631,"8":1523,"9":3242,"10":1619,"11":541,"12":3244,"13":28,"14":1500,"15":1,"16":2,"17":1,"18":2,"19":1,"20":3,"21":2,"22":2,"23":2,"24":5,"25":1,"26":3,"27":10,"28":41,"29":1,"30":1498,"31":7},"b":{"0":[126,3116],"1":[400,141],"2":[1,140],"3":[1,1]}}
,"/home/ing/IdeaProjects/altraprojects/packages/kit/src/collections/ex-set.ts": {"path":"/home/ing/IdeaProjects/altraprojects/packages/kit/src/collections/ex-set.ts","statementMap":{"0":{"start":{"line":20,"column":4},"end":{"line":20,"column":37}},"1":{"start":{"line":32,"column":4},"end":{"line":32,"column":23}},"2":{"start":{"line":33,"column":4},"end":{"line":33,"column":16}},"3":{"start":{"line":41,"column":4},"end":{"line":41,"column":20}},"4":{"start":{"line":51,"column":4},"end":{"line":51,"column":33}},"5":{"start":{"line":60,"column":4},"end":{"line":62,"column":5}},"6":{"start":{"line":61,"column":6},"end":{"line":61,"column":29}},"7":{"start":{"line":71,"column":4},"end":{"line":71,"column":28}},"8":{"start":{"line":76,"column":4},"end":{"line":76,"column":24}},"9":{"start":{"line":87,"column":4},"end":{"line":91,"column":5}},"10":{"start":{"line":88,"column":6},"end":{"line":90,"column":7}},"11":{"start":{"line":89,"column":8},"end":{"line":89,"column":20}},"12":{"start":{"line":92,"column":4},"end":{"line":92,"column":17}},"13":{"start":{"line":102,"column":4},"end":{"line":104,"column":5}},"14":{"start":{"line":103,"column":6},"end":{"line":103,"column":18}},"15":{"start":{"line":105,"column":4},"end":{"line":105,"column":16}},"16":{"start":{"line":115,"column":4},"end":{"line":117,"column":5}},"17":{"start":{"line":116,"column":6},"end":{"line":116,"column":21}},"18":{"start":{"line":118,"column":4},"end":{"line":118,"column":16}},"19":{"start":{"line":127,"column":4},"end":{"line":127,"column":46}},"20":{"start":{"line":136,"column":4},"end":{"line":136,"column":50}},"21":{"start":{"line":145,"column":14},"end":{"line":145,"column":32}},"22":{"start":{"line":146,"column":4},"end":{"line":150,"column":5}},"23":{"start":{"line":147,"column":6},"end":{"line":149,"column":7}},"24":{"start":{"line":148,"column":8},"end":{"line":148,"column":17}},"25":{"start":{"line":151,"column":4},"end":{"line":151,"column":13}},"26":{"start":{"line":160,"column":14},"end":{"line":160,"column":36}},"27":{"start":{"line":161,"column":4},"end":{"line":167,"column":5}},"28":{"start":{"line":162,"column":6},"end":{"line":166,"column":7}},"29":{"start":{"line":163,"column":8},"end":{"line":163,"column":20}},"30":{"start":{"line":165,"column":8},"end":{"line":165,"column":17}},"31":{"start":{"line":168,"column":4},"end":{"line":168,"column":13}},"32":{"start":{"line":177,"column":4},"end":{"line":177,"column":29}},"33":{"start":{"line":182,"column":4},"end":{"line":182,"column":16}},"34":{"start":{"line":190,"column":23},"end":{"line":196,"column":6}},"35":{"start":{"line":192,"column":8},"end":{"line":192,"column":55}},"36":{"start":{"line":198,"column":4},"end":{"line":200,"column":5}},"37":{"start":{"line":199,"column":6},"end":{"line":199,"column":49}},"38":{"start":{"line":202,"column":4},"end":{"line":202,"column":24}},"39":{"start":{"line":204,"column":4},"end":{"line":204,"column":16}},"40":{"start":{"line":214,"column":14},"end":{"line":214,"column":52}},"41":{"start":{"line":215,"column":4},"end":{"line":218,"column":6}},"42":{"start":{"line":216,"column":6},"end":{"line":216,"column":19}},"43":{"start":{"line":217,"column":6},"end":{"line":217,"column":19}},"44":{"start":{"line":225,"column":4},"end":{"line":225,"column":38}},"45":{"start":{"line":230,"column":4},"end":{"line":230,"column":19}},"46":{"start":{"line":235,"column":4},"end":{"line":235,"column":29}},"47":{"start":{"line":240,"column":4},"end":{"line":240,"column":26}},"48":{"start":{"line":245,"column":4},"end":{"line":245,"column":28}},"49":{"start":{"line":12,"column":0},"end":{"line":12,"column":13}}},"fnMap":{"0":{"name":"(anonymous_0)","decl":{"start":{"line":19,"column":2},"end":{"line":19,"column":14}},"loc":{"start":{"line":19,"column":38},"end":{"line":21,"column":3}}},"1":{"name":"(anonymous_1)","decl":{"start":{"line":31,"column":2},"end":{"line":31,"column":5}},"loc":{"start":{"line":31,"column":18},"end":{"line":34,"column":3}}},"2":{"name":"(anonymous_2)","decl":{"start":{"line":40,"column":2},"end":{"line":40,"column":7}},"loc":{"start":{"line":40,"column":7},"end":{"line":42,"column":3}}},"3":{"name":"(anonymous_3)","decl":{"start":{"line":50,"column":2},"end":{"line":50,"column":8}},"loc":{"start":{"line":50,"column":21},"end":{"line":52,"column":3}}},"4":{"name":"(anonymous_4)","decl":{"start":{"line":59,"column":2},"end":{"line":59,"column":9}},"loc":{"start":{"line":59,"column":71},"end":{"line":63,"column":3}}},"5":{"name":"(anonymous_5)","decl":{"start":{"line":70,"column":2},"end":{"line":70,"column":5}},"loc":{"start":{"line":70,"column":16},"end":{"line":72,"column":3}}},"6":{"name":"(anonymous_6)","decl":{"start":{"line":75,"column":2},"end":{"line":75,"column":6}},"loc":{"start":{"line":75,"column":10},"end":{"line":77,"column":3}}},"7":{"name":"(anonymous_7)","decl":{"start":{"line":86,"column":9},"end":{"line":86,"column":19}},"loc":{"start":{"line":86,"column":42},"end":{"line":93,"column":3}}},"8":{"name":"(anonymous_8)","decl":{"start":{"line":101,"column":9},"end":{"line":101,"column":13}},"loc":{"start":{"line":101,"column":36},"end":{"line":106,"column":3}}},"9":{"name":"(anonymous_9)","decl":{"start":{"line":114,"column":9},"end":{"line":114,"column":17}},"loc":{"start":{"line":114,"column":40},"end":{"line":119,"column":3}}},"10":{"name":"(anonymous_10)","decl":{"start":{"line":126,"column":9},"end":{"line":126,"column":11}},"loc":{"start":{"line":126,"column":34},"end":{"line":128,"column":3}}},"11":{"name":"(anonymous_11)","decl":{"start":{"line":135,"column":9},"end":{"line":135,"column":13}},"loc":{"start":{"line":135,"column":36},"end":{"line":137,"column":3}}},"12":{"name":"(anonymous_12)","decl":{"start":{"line":144,"column":9},"end":{"line":144,"column":12}},"loc":{"start":{"line":144,"column":35},"end":{"line":152,"column":3}}},"13":{"name":"(anonymous_13)","decl":{"start":{"line":159,"column":9},"end":{"line":159,"column":12}},"loc":{"start":{"line":159,"column":35},"end":{"line":169,"column":3}}},"14":{"name":"(anonymous_14)","decl":{"start":{"line":176,"column":9},"end":{"line":176,"column":16}},"loc":{"start":{"line":176,"column":57},"end":{"line":178,"column":3}}},"15":{"name":"(anonymous_15)","decl":{"start":{"line":181,"column":2},"end":{"line":181,"column":6}},"loc":{"start":{"line":181,"column":14},"end":{"line":183,"column":3}}},"16":{"name":"(anonymous_16)","decl":{"start":{"line":189,"column":9},"end":{"line":189,"column":15}},"loc":{"start":{"line":189,"column":15},"end":{"line":205,"column":3}}},"17":{"name":"(anonymous_17)","decl":{"start":{"line":191,"column":6},"end":{"line":191,"column":11}},"loc":{"start":{"line":191,"column":11},"end":{"line":193,"column":7}}},"18":{"name":"(anonymous_18)","decl":{"start":{"line":213,"column":2},"end":{"line":213,"column":8}},"loc":{"start":{"line":213,"column":47},"end":{"line":219,"column":3}}},"19":{"name":"(anonymous_19)","decl":{"start":{"line":215,"column":11},"end":{"line":215,"column":14}},"loc":{"start":{"line":215,"column":16},"end":{"line":218,"column":5}}},"20":{"name":"(anonymous_20)","decl":{"start":{"line":224,"column":2},"end":{"line":224,"column":3}},"loc":{"start":{"line":224,"column":19},"end":{"line":226,"column":3}}},"21":{"name":"(anonymous_21)","decl":{"start":{"line":229,"column":2},"end":{"line":229,"column":6}},"loc":{"start":{"line":229,"column":26},"end":{"line":231,"column":3}}},"22":{"name":"(anonymous_22)","decl":{"start":{"line":234,"column":2},"end":{"line":234,"column":9}},"loc":{"start":{"line":234,"column":9},"end":{"line":236,"column":3}}},"23":{"name":"(anonymous_23)","decl":{"start":{"line":239,"column":2},"end":{"line":239,"column":6}},"loc":{"start":{"line":239,"column":6},"end":{"line":241,"column":3}}},"24":{"name":"(anonymous_24)","decl":{"start":{"line":244,"column":2},"end":{"line":244,"column":8}},"loc":{"start":{"line":244,"column":8},"end":{"line":246,"column":3}}}},"branchMap":{"0":{"loc":{"start":{"line":88,"column":6},"end":{"line":90,"column":7}},"type":"if","locations":[{"start":{"line":88,"column":6},"end":{"line":90,"column":7}},{"start":{},"end":{}}]},"1":{"loc":{"start":{"line":146,"column":20},"end":{"line":146,"column":91}},"type":"cond-expr","locations":[{"start":{"line":146,"column":69},"end":{"line":146,"column":74}},{"start":{"line":146,"column":77},"end":{"line":146,"column":91}}]},"2":{"loc":{"start":{"line":146,"column":20},"end":{"line":146,"column":66}},"type":"binary-expr","locations":[{"start":{"line":146,"column":20},"end":{"line":146,"column":40}},{"start":{"line":146,"column":44},"end":{"line":146,"column":66}}]},"3":{"loc":{"start":{"line":147,"column":6},"end":{"line":149,"column":7}},"type":"if","locations":[{"start":{"line":147,"column":6},"end":{"line":149,"column":7}},{"start":{},"end":{}}]},"4":{"loc":{"start":{"line":161,"column":20},"end":{"line":161,"column":91}},"type":"cond-expr","locations":[{"start":{"line":161,"column":69},"end":{"line":161,"column":74}},{"start":{"line":161,"column":77},"end":{"line":161,"column":91}}]},"5":{"loc":{"start":{"line":161,"column":20},"end":{"line":161,"column":66}},"type":"binary-expr","locations":[{"start":{"line":161,"column":20},"end":{"line":161,"column":40}},{"start":{"line":161,"column":44},"end":{"line":161,"column":66}}]},"6":{"loc":{"start":{"line":162,"column":6},"end":{"line":166,"column":7}},"type":"if","locations":[{"start":{"line":162,"column":6},"end":{"line":166,"column":7}},{"start":{"line":164,"column":13},"end":{"line":166,"column":7}}]},"7":{"loc":{"start":{"line":214,"column":14},"end":{"line":214,"column":52}},"type":"cond-expr","locations":[{"start":{"line":214,"column":19},"end":{"line":214,"column":27}},{"start":{"line":214,"column":30},"end":{"line":214,"column":52}}]}},"s":{"0":70,"1":546,"2":546,"3":5,"4":14,"5":1,"6":3,"7":639,"8":32,"9":3,"10":7,"11":1,"12":2,"13":57,"14":530,"15":57,"16":2,"17":8,"18":2,"19":3,"20":1,"21":5,"22":5,"23":16,"24":8,"25":5,"26":4,"27":4,"28":10,"29":4,"30":6,"31":4,"32":1,"33":1,"34":1,"35":3,"36":1,"37":3,"38":1,"39":1,"40":2,"41":2,"42":2,"43":2,"44":53,"45":7,"46":1,"47":1,"48":1,"49":8},"f":{"0":70,"1":546,"2":5,"3":14,"4":1,"5":639,"6":32,"7":3,"8":57,"9":2,"10":3,"11":1,"12":5,"13":4,"14":1,"15":1,"16":1,"17":3,"18":2,"19":2,"20":53,"21":7,"22":1,"23":1,"24":1},"b":{"0":[1,6],"1":[3,2],"2":[5,4],"3":[8,8],"4":[3,1],"5":[4,4],"6":[4,6],"7":[1,1]}}
,"/home/ing/IdeaProjects/altraprojects/packages/kit/src/collections/segments.ts": {"path":"/home/ing/IdeaProjects/altraprojects/packages/kit/src/collections/segments.ts","statementMap":{"0":{"start":{"line":1,"column":0},"end":{"line":1,"column":37}},"1":{"start":{"line":8,"column":23},"end":{"line":8,"column":43}},"2":{"start":{"line":10,"column":15},"end":{"line":10,"column":16}},"3":{"start":{"line":13,"column":4},"end":{"line":15,"column":5}},"4":{"start":{"line":14,"column":6},"end":{"line":14,"column":89}},"5":{"start":{"line":16,"column":4},"end":{"line":16,"column":53}},"6":{"start":{"line":21,"column":33},"end":{"line":21,"column":61}},"7":{"start":{"line":37,"column":4},"end":{"line":41,"column":5}},"8":{"start":{"line":38,"column":6},"end":{"line":38,"column":44}},"9":{"start":{"line":40,"column":6},"end":{"line":40,"column":20}},"10":{"start":{"line":43,"column":4},"end":{"line":47,"column":5}},"11":{"start":{"line":44,"column":6},"end":{"line":46,"column":7}},"12":{"start":{"line":45,"column":8},"end":{"line":45,"column":23}},"13":{"start":{"line":57,"column":4},"end":{"line":57,"column":21}},"14":{"start":{"line":62,"column":4},"end":{"line":62,"column":40}},"15":{"start":{"line":67,"column":4},"end":{"line":67,"column":42}},"16":{"start":{"line":72,"column":14},"end":{"line":72,"column":33}},"17":{"start":{"line":73,"column":14},"end":{"line":73,"column":27}},"18":{"start":{"line":74,"column":4},"end":{"line":76,"column":5}},"19":{"start":{"line":75,"column":6},"end":{"line":75,"column":63}},"20":{"start":{"line":77,"column":4},"end":{"line":77,"column":13}},"21":{"start":{"line":82,"column":4},"end":{"line":82,"column":33}},"22":{"start":{"line":93,"column":4},"end":{"line":95,"column":5}},"23":{"start":{"line":94,"column":6},"end":{"line":94,"column":18}},"24":{"start":{"line":97,"column":20},"end":{"line":97,"column":24}},"25":{"start":{"line":98,"column":4},"end":{"line":101,"column":5}},"26":{"start":{"line":99,"column":6},"end":{"line":99,"column":27}},"27":{"start":{"line":100,"column":6},"end":{"line":100,"column":18}},"28":{"start":{"line":103,"column":15},"end":{"line":103,"column":38}},"29":{"start":{"line":104,"column":4},"end":{"line":107,"column":5}},"30":{"start":{"line":105,"column":6},"end":{"line":105,"column":27}},"31":{"start":{"line":106,"column":6},"end":{"line":106,"column":18}},"32":{"start":{"line":109,"column":13},"end":{"line":109,"column":34}},"33":{"start":{"line":110,"column":4},"end":{"line":112,"column":5}},"34":{"start":{"line":111,"column":6},"end":{"line":111,"column":11}},"35":{"start":{"line":113,"column":15},"end":{"line":113,"column":22}},"36":{"start":{"line":114,"column":4},"end":{"line":126,"column":5}},"37":{"start":{"line":115,"column":6},"end":{"line":119,"column":7}},"38":{"start":{"line":116,"column":8},"end":{"line":116,"column":27}},"39":{"start":{"line":118,"column":8},"end":{"line":118,"column":32}},"40":{"start":{"line":121,"column":6},"end":{"line":125,"column":7}},"41":{"start":{"line":122,"column":8},"end":{"line":122,"column":34}},"42":{"start":{"line":124,"column":8},"end":{"line":124,"column":39}},"43":{"start":{"line":128,"column":4},"end":{"line":128,"column":16}},"44":{"start":{"line":138,"column":20},"end":{"line":138,"column":24}},"45":{"start":{"line":139,"column":4},"end":{"line":141,"column":5}},"46":{"start":{"line":140,"column":6},"end":{"line":140,"column":28}},"47":{"start":{"line":143,"column":13},"end":{"line":143,"column":36}},"48":{"start":{"line":144,"column":19},"end":{"line":144,"column":24}},"49":{"start":{"line":145,"column":4},"end":{"line":151,"column":5}},"50":{"start":{"line":146,"column":6},"end":{"line":150,"column":7}},"51":{"start":{"line":147,"column":8},"end":{"line":147,"column":13}},"52":{"start":{"line":149,"column":8},"end":{"line":149,"column":24}},"53":{"start":{"line":154,"column":4},"end":{"line":160,"column":5}},"54":{"start":{"line":155,"column":6},"end":{"line":155,"column":24}},"55":{"start":{"line":157,"column":17},"end":{"line":157,"column":38}},"56":{"start":{"line":158,"column":6},"end":{"line":158,"column":28}},"57":{"start":{"line":159,"column":6},"end":{"line":159,"column":28}},"58":{"start":{"line":161,"column":4},"end":{"line":161,"column":33}},"59":{"start":{"line":162,"column":4},"end":{"line":162,"column":55}},"60":{"start":{"line":171,"column":20},"end":{"line":171,"column":24}},"61":{"start":{"line":172,"column":15},"end":{"line":172,"column":34}},"62":{"start":{"line":173,"column":4},"end":{"line":173,"column":46}},"63":{"start":{"line":30,"column":0},"end":{"line":30,"column":13}}},"fnMap":{"0":{"name":"(anonymous_0)","decl":{"start":{"line":8,"column":2},"end":{"line":8,"column":23}},"loc":{"start":{"line":8,"column":43},"end":{"line":8,"column":47}}},"1":{"name":"(anonymous_1)","decl":{"start":{"line":12,"column":2},"end":{"line":12,"column":6}},"loc":{"start":{"line":12,"column":6},"end":{"line":17,"column":3}}},"2":{"name":"(anonymous_2)","decl":{"start":{"line":36,"column":2},"end":{"line":36,"column":14}},"loc":{"start":{"line":36,"column":81},"end":{"line":48,"column":3}}},"3":{"name":"(anonymous_3)","decl":{"start":{"line":56,"column":2},"end":{"line":56,"column":12}},"loc":{"start":{"line":56,"column":12},"end":{"line":58,"column":3}}},"4":{"name":"(anonymous_4)","decl":{"start":{"line":61,"column":2},"end":{"line":61,"column":6}},"loc":{"start":{"line":61,"column":26},"end":{"line":63,"column":3}}},"5":{"name":"(anonymous_5)","decl":{"start":{"line":66,"column":2},"end":{"line":66,"column":3}},"loc":{"start":{"line":66,"column":19},"end":{"line":68,"column":3}}},"6":{"name":"(anonymous_6)","decl":{"start":{"line":71,"column":2},"end":{"line":71,"column":6}},"loc":{"start":{"line":71,"column":10},"end":{"line":78,"column":3}}},"7":{"name":"(anonymous_7)","decl":{"start":{"line":81,"column":2},"end":{"line":81,"column":6}},"loc":{"start":{"line":81,"column":11},"end":{"line":83,"column":3}}},"8":{"name":"(anonymous_8)","decl":{"start":{"line":92,"column":2},"end":{"line":92,"column":5}},"loc":{"start":{"line":92,"column":32},"end":{"line":129,"column":3}}},"9":{"name":"(anonymous_9)","decl":{"start":{"line":137,"column":2},"end":{"line":137,"column":7}},"loc":{"start":{"line":137,"column":35},"end":{"line":163,"column":3}}},"10":{"name":"(anonymous_10)","decl":{"start":{"line":170,"column":2},"end":{"line":170,"column":10}},"loc":{"start":{"line":170,"column":20},"end":{"line":174,"column":3}}}},"branchMap":{"0":{"loc":{"start":{"line":13,"column":4},"end":{"line":15,"column":5}},"type":"if","locations":[{"start":{"line":13,"column":4},"end":{"line":15,"column":5}},{"start":{},"end":{}}]},"1":{"loc":{"start":{"line":37,"column":4},"end":{"line":41,"column":5}},"type":"if","locations":[{"start":{"line":37,"column":4},"end":{"line":41,"column":5}},{"start":{"line":39,"column":11},"end":{"line":41,"column":5}}]},"2":{"loc":{"start":{"line":38,"column":17},"end":{"line":38,"column":43}},"type":"binary-expr","locations":[{"start":{"line":38,"column":17},"end":{"line":38,"column":37}},{"start":{"line":38,"column":41},"end":{"line":38,"column":43}}]},"3":{"loc":{"start":{"line":43,"column":4},"end":{"line":47,"column":5}},"type":"if","locations":[{"start":{"line":43,"column":4},"end":{"line":47,"column":5}},{"start":{},"end":{}}]},"4":{"loc":{"start":{"line":74,"column":4},"end":{"line":76,"column":5}},"type":"if","locations":[{"start":{"line":74,"column":4},"end":{"line":76,"column":5}},{"start":{},"end":{}}]},"5":{"loc":{"start":{"line":93,"column":4},"end":{"line":95,"column":5}},"type":"if","locations":[{"start":{"line":93,"column":4},"end":{"line":95,"column":5}},{"start":{},"end":{}}]},"6":{"loc":{"start":{"line":98,"column":4},"end":{"line":101,"column":5}},"type":"if","locations":[{"start":{"line":98,"column":4},"end":{"line":101,"column":5}},{"start":{},"end":{}}]},"7":{"loc":{"start":{"line":104,"column":4},"end":{"line":107,"column":5}},"type":"if","locations":[{"start":{"line":104,"column":4},"end":{"line":107,"column":5}},{"start":{},"end":{}}]},"8":{"loc":{"start":{"line":110,"column":4},"end":{"line":112,"column":5}},"type":"if","locations":[{"start":{"line":110,"column":4},"end":{"line":112,"column":5}},{"start":{},"end":{}}]},"9":{"loc":{"start":{"line":114,"column":4},"end":{"line":126,"column":5}},"type":"if","locations":[{"start":{"line":114,"column":4},"end":{"line":126,"column":5}},{"start":{"line":120,"column":11},"end":{"line":126,"column":5}}]},"10":{"loc":{"start":{"line":115,"column":6},"end":{"line":119,"column":7}},"type":"if","locations":[{"start":{"line":115,"column":6},"end":{"line":119,"column":7}},{"start":{"line":117,"column":13},"end":{"line":119,"column":7}}]},"11":{"loc":{"start":{"line":121,"column":6},"end":{"line":125,"column":7}},"type":"if","locations":[{"start":{"line":121,"column":6},"end":{"line":125,"column":7}},{"start":{"line":123,"column":13},"end":{"line":125,"column":7}}]},"12":{"loc":{"start":{"line":139,"column":4},"end":{"line":141,"column":5}},"type":"if","locations":[{"start":{"line":139,"column":4},"end":{"line":141,"column":5}},{"start":{},"end":{}}]},"13":{"loc":{"start":{"line":139,"column":8},"end":{"line":139,"column":58}},"type":"binary-expr","locations":[{"start":{"line":139,"column":8},"end":{"line":139,"column":19}},{"start":{"line":139,"column":24},"end":{"line":139,"column":41}},{"start":{"line":139,"column":45},"end":{"line":139,"column":57}}]},"14":{"loc":{"start":{"line":145,"column":4},"end":{"line":151,"column":5}},"type":"if","locations":[{"start":{"line":145,"column":4},"end":{"line":151,"column":5}},{"start":{},"end":{}}]},"15":{"loc":{"start":{"line":146,"column":6},"end":{"line":150,"column":7}},"type":"if","locations":[{"start":{"line":146,"column":6},"end":{"line":150,"column":7}},{"start":{"line":148,"column":13},"end":{"line":150,"column":7}}]},"16":{"loc":{"start":{"line":154,"column":4},"end":{"line":160,"column":5}},"type":"if","locations":[{"start":{"line":154,"column":4},"end":{"line":160,"column":5}},{"start":{"line":156,"column":11},"end":{"line":160,"column":5}}]},"17":{"loc":{"start":{"line":159,"column":6},"end":{"line":159,"column":27}},"type":"binary-expr","locations":[{"start":{"line":159,"column":6},"end":{"line":159,"column":12}},{"start":{"line":159,"column":16},"end":{"line":159,"column":27}}]},"18":{"loc":{"start":{"line":161,"column":4},"end":{"line":161,"column":32}},"type":"binary-expr","locations":[{"start":{"line":161,"column":4},"end":{"line":161,"column":12}},{"start":{"line":161,"column":16},"end":{"line":161,"column":32}}]},"19":{"loc":{"start":{"line":173,"column":23},"end":{"line":173,"column":44}},"type":"cond-expr","locations":[{"start":{"line":173,"column":39},"end":{"line":173,"column":40}},{"start":{"line":173,"column":43},"end":{"line":173,"column":44}}]}},"s":{"0":1,"1":14,"2":14,"3":37,"4":23,"5":14,"6":1,"7":26,"8":5,"9":21,"10":26,"11":13,"12":34,"13":2,"14":1,"15":14,"16":2,"17":2,"18":2,"19":0,"20":2,"21":6,"22":49,"23":4,"24":45,"25":45,"26":17,"27":17,"28":28,"29":28,"30":21,"31":21,"32":7,"33":7,"34":0,"35":7,"36":7,"37":6,"38":2,"39":4,"40":1,"41":0,"42":1,"43":7,"44":6,"45":6,"46":1,"47":5,"48":5,"49":5,"50":2,"51":0,"52":2,"53":5,"54":1,"55":4,"56":4,"57":4,"58":5,"59":5,"60":11,"61":11,"62":11,"63":1},"f":{"0":14,"1":37,"2":26,"3":2,"4":1,"5":14,"6":2,"7":6,"8":49,"9":6,"10":11},"b":{"0":[23,14],"1":[5,21],"2":[5,0],"3":[13,13],"4":[0,2],"5":[4,45],"6":[17,28],"7":[21,7],"8":[0,7],"9":[6,1],"10":[2,4],"11":[0,1],"12":[1,5],"13":[6,6,5],"14":[2,3],"15":[0,2],"16":[1,4],"17":[4,2],"18":[5,2],"19":[5,6]}}
,"/home/ing/IdeaProjects/altraprojects/packages/kit/src/core/checks.ts": {"path":"/home/ing/IdeaProjects/altraprojects/packages/kit/src/core/checks.ts","statementMap":{"0":{"start":{"line":106,"column":0},"end":{"line":106,"column":16}},"1":{"start":{"line":3,"column":25},"end":{"line":3,"column":74}},"2":{"start":{"line":3,"column":65},"end":{"line":3,"column":74}},"3":{"start":{"line":3,"column":13},"end":{"line":3,"column":25}},"4":{"start":{"line":5,"column":30},"end":{"line":5,"column":78}},"5":{"start":{"line":5,"column":63},"end":{"line":5,"column":78}},"6":{"start":{"line":5,"column":13},"end":{"line":5,"column":30}},"7":{"start":{"line":7,"column":25},"end":{"line":7,"column":63}},"8":{"start":{"line":7,"column":53},"end":{"line":7,"column":63}},"9":{"start":{"line":7,"column":13},"end":{"line":7,"column":25}},"10":{"start":{"line":9,"column":24},"end":{"line":9,"column":84}},"11":{"start":{"line":9,"column":81},"end":{"line":9,"column":84}},"12":{"start":{"line":9,"column":13},"end":{"line":9,"column":24}},"13":{"start":{"line":11,"column":27},"end":{"line":11,"column":74}},"14":{"start":{"line":11,"column":59},"end":{"line":11,"column":74}},"15":{"start":{"line":11,"column":13},"end":{"line":11,"column":27}},"16":{"start":{"line":13,"column":22},"end":{"line":13,"column":59}},"17":{"start":{"line":13,"column":49},"end":{"line":13,"column":59}},"18":{"start":{"line":13,"column":13},"end":{"line":13,"column":22}},"19":{"start":{"line":15,"column":25},"end":{"line":15,"column":73}},"20":{"start":{"line":15,"column":64},"end":{"line":15,"column":73}},"21":{"start":{"line":15,"column":13},"end":{"line":15,"column":25}},"22":{"start":{"line":17,"column":24},"end":{"line":17,"column":74}},"23":{"start":{"line":17,"column":53},"end":{"line":17,"column":74}},"24":{"start":{"line":17,"column":13},"end":{"line":17,"column":24}},"25":{"start":{"line":19,"column":24},"end":{"line":19,"column":74}},"26":{"start":{"line":19,"column":53},"end":{"line":19,"column":74}},"27":{"start":{"line":19,"column":13},"end":{"line":19,"column":24}},"28":{"start":{"line":21,"column":25},"end":{"line":21,"column":88}},"29":{"start":{"line":21,"column":54},"end":{"line":21,"column":88}},"30":{"start":{"line":21,"column":13},"end":{"line":21,"column":25}},"31":{"start":{"line":23,"column":29},"end":{"line":24,"column":54}},"32":{"start":{"line":24,"column":2},"end":{"line":24,"column":54}},"33":{"start":{"line":23,"column":13},"end":{"line":23,"column":29}},"34":{"start":{"line":26,"column":25},"end":{"line":26,"column":100}},"35":{"start":{"line":26,"column":84},"end":{"line":26,"column":100}},"36":{"start":{"line":26,"column":13},"end":{"line":26,"column":25}},"37":{"start":{"line":29,"column":2},"end":{"line":40,"column":3}},"38":{"start":{"line":30,"column":2},"end":{"line":40,"column":3}},"39":{"start":{"line":31,"column":4},"end":{"line":33,"column":5}},"40":{"start":{"line":32,"column":6},"end":{"line":32,"column":19}},"41":{"start":{"line":34,"column":4},"end":{"line":38,"column":5}},"42":{"start":{"line":35,"column":6},"end":{"line":37,"column":7}},"43":{"start":{"line":36,"column":8},"end":{"line":36,"column":21}},"44":{"start":{"line":39,"column":4},"end":{"line":39,"column":16}},"45":{"start":{"line":28,"column":13},"end":{"line":28,"column":null}},"46":{"start":{"line":43,"column":2},"end":{"line":54,"column":3}},"47":{"start":{"line":47,"column":2},"end":{"line":54,"column":3}},"48":{"start":{"line":48,"column":4},"end":{"line":52,"column":5}},"49":{"start":{"line":49,"column":6},"end":{"line":51,"column":7}},"50":{"start":{"line":50,"column":8},"end":{"line":50,"column":20}},"51":{"start":{"line":53,"column":4},"end":{"line":53,"column":17}},"52":{"start":{"line":42,"column":13},"end":{"line":42,"column":null}},"53":{"start":{"line":59,"column":2},"end":{"line":67,"column":3}},"54":{"start":{"line":60,"column":2},"end":{"line":67,"column":3}},"55":{"start":{"line":61,"column":4},"end":{"line":65,"column":5}},"56":{"start":{"line":62,"column":6},"end":{"line":64,"column":7}},"57":{"start":{"line":63,"column":8},"end":{"line":63,"column":20}},"58":{"start":{"line":66,"column":4},"end":{"line":66,"column":17}},"59":{"start":{"line":58,"column":13},"end":{"line":58,"column":null}},"60":{"start":{"line":70,"column":2},"end":{"line":82,"column":3}},"61":{"start":{"line":71,"column":2},"end":{"line":82,"column":3}},"62":{"start":{"line":72,"column":4},"end":{"line":74,"column":5}},"63":{"start":{"line":73,"column":6},"end":{"line":73,"column":19}},"64":{"start":{"line":75,"column":4},"end":{"line":79,"column":5}},"65":{"start":{"line":76,"column":6},"end":{"line":78,"column":7}},"66":{"start":{"line":77,"column":8},"end":{"line":77,"column":21}},"67":{"start":{"line":81,"column":4},"end":{"line":81,"column":16}},"68":{"start":{"line":69,"column":13},"end":{"line":69,"column":null}},"69":{"start":{"line":84,"column":24},"end":{"line":84,"column":109}},"70":{"start":{"line":84,"column":81},"end":{"line":84,"column":109}},"71":{"start":{"line":84,"column":13},"end":{"line":84,"column":24}},"72":{"start":{"line":87,"column":2},"end":{"line":93,"column":3}},"73":{"start":{"line":88,"column":2},"end":{"line":93,"column":3}},"74":{"start":{"line":89,"column":4},"end":{"line":91,"column":5}},"75":{"start":{"line":90,"column":6},"end":{"line":90,"column":97}},"76":{"start":{"line":92,"column":4},"end":{"line":92,"column":17}},"77":{"start":{"line":86,"column":13},"end":{"line":86,"column":null}},"78":{"start":{"line":96,"column":2},"end":{"line":102,"column":3}},"79":{"start":{"line":97,"column":2},"end":{"line":102,"column":3}},"80":{"start":{"line":98,"column":4},"end":{"line":100,"column":5}},"81":{"start":{"line":99,"column":6},"end":{"line":99,"column":97}},"82":{"start":{"line":101,"column":4},"end":{"line":101,"column":13}},"83":{"start":{"line":95,"column":13},"end":{"line":95,"column":null}},"84":{"start":{"line":107,"column":2},"end":{"line":109,"column":3}},"85":{"start":{"line":108,"column":4},"end":{"line":108,"column":32}},"86":{"start":{"line":110,"column":2},"end":{"line":110,"column":16}}},"fnMap":{"0":{"name":"(anonymous_0)","decl":{"start":{"line":3,"column":25},"end":{"line":3,"column":29}},"loc":{"start":{"line":3,"column":65},"end":{"line":3,"column":74}}},"1":{"name":"(anonymous_1)","decl":{"start":{"line":5,"column":30},"end":{"line":5,"column":34}},"loc":{"start":{"line":5,"column":63},"end":{"line":5,"column":78}}},"2":{"name":"(anonymous_2)","decl":{"start":{"line":7,"column":25},"end":{"line":7,"column":29}},"loc":{"start":{"line":7,"column":53},"end":{"line":7,"column":63}}},"3":{"name":"(anonymous_3)","decl":{"start":{"line":9,"column":24},"end":{"line":9,"column":28}},"loc":{"start":{"line":9,"column":81},"end":{"line":9,"column":84}}},"4":{"name":"(anonymous_4)","decl":{"start":{"line":11,"column":27},"end":{"line":11,"column":28}},"loc":{"start":{"line":11,"column":59},"end":{"line":11,"column":74}}},"5":{"name":"(anonymous_5)","decl":{"start":{"line":13,"column":22},"end":{"line":13,"column":23}},"loc":{"start":{"line":13,"column":49},"end":{"line":13,"column":59}}},"6":{"name":"(anonymous_6)","decl":{"start":{"line":15,"column":25},"end":{"line":15,"column":26}},"loc":{"start":{"line":15,"column":64},"end":{"line":15,"column":73}}},"7":{"name":"(anonymous_7)","decl":{"start":{"line":17,"column":24},"end":{"line":17,"column":25}},"loc":{"start":{"line":17,"column":53},"end":{"line":17,"column":74}}},"8":{"name":"(anonymous_8)","decl":{"start":{"line":19,"column":24},"end":{"line":19,"column":25}},"loc":{"start":{"line":19,"column":53},"end":{"line":19,"column":74}}},"9":{"name":"(anonymous_9)","decl":{"start":{"line":21,"column":25},"end":{"line":21,"column":26}},"loc":{"start":{"line":21,"column":54},"end":{"line":21,"column":88}}},"10":{"name":"(anonymous_10)","decl":{"start":{"line":23,"column":29},"end":{"line":23,"column":36}},"loc":{"start":{"line":24,"column":2},"end":{"line":24,"column":54}}},"11":{"name":"(anonymous_11)","decl":{"start":{"line":26,"column":25},"end":{"line":26,"column":29}},"loc":{"start":{"line":26,"column":84},"end":{"line":26,"column":100}}},"12":{"name":"(anonymous_12)","decl":{"start":{"line":29,"column":2},"end":{"line":29,"column":6}},"loc":{"start":{"line":30,"column":2},"end":{"line":40,"column":3}}},"13":{"name":"(anonymous_13)","decl":{"start":{"line":30,"column":2},"end":{"line":30,"column":3}},"loc":{"start":{"line":30,"column":27},"end":{"line":40,"column":3}}},"14":{"name":"(anonymous_14)","decl":{"start":{"line":43,"column":2},"end":{"line":43,"column":null}},"loc":{"start":{"line":47,"column":2},"end":{"line":54,"column":3}}},"15":{"name":"(anonymous_15)","decl":{"start":{"line":47,"column":2},"end":{"line":47,"column":3}},"loc":{"start":{"line":47,"column":25},"end":{"line":54,"column":3}}},"16":{"name":"(anonymous_16)","decl":{"start":{"line":59,"column":2},"end":{"line":59,"column":34}},"loc":{"start":{"line":60,"column":2},"end":{"line":67,"column":3}}},"17":{"name":"(anonymous_17)","decl":{"start":{"line":60,"column":2},"end":{"line":60,"column":3}},"loc":{"start":{"line":60,"column":34},"end":{"line":67,"column":3}}},"18":{"name":"(anonymous_18)","decl":{"start":{"line":70,"column":2},"end":{"line":70,"column":34}},"loc":{"start":{"line":71,"column":2},"end":{"line":82,"column":3}}},"19":{"name":"(anonymous_19)","decl":{"start":{"line":71,"column":2},"end":{"line":71,"column":3}},"loc":{"start":{"line":71,"column":26},"end":{"line":82,"column":3}}},"20":{"name":"(anonymous_20)","decl":{"start":{"line":84,"column":24},"end":{"line":84,"column":56}},"loc":{"start":{"line":84,"column":81},"end":{"line":84,"column":109}}},"21":{"name":"(anonymous_21)","decl":{"start":{"line":87,"column":2},"end":{"line":87,"column":6}},"loc":{"start":{"line":88,"column":2},"end":{"line":93,"column":3}}},"22":{"name":"(anonymous_22)","decl":{"start":{"line":88,"column":2},"end":{"line":88,"column":6}},"loc":{"start":{"line":88,"column":37},"end":{"line":93,"column":3}}},"23":{"name":"(anonymous_23)","decl":{"start":{"line":96,"column":2},"end":{"line":96,"column":6}},"loc":{"start":{"line":97,"column":2},"end":{"line":102,"column":3}}},"24":{"name":"(anonymous_24)","decl":{"start":{"line":97,"column":2},"end":{"line":97,"column":3}},"loc":{"start":{"line":97,"column":17},"end":{"line":102,"column":3}}},"25":{"name":"checked","decl":{"start":{"line":106,"column":16},"end":{"line":106,"column":23}},"loc":{"start":{"line":106,"column":97},"end":{"line":111,"column":1}}}},"branchMap":{"0":{"loc":{"start":{"line":21,"column":54},"end":{"line":21,"column":88}},"type":"binary-expr","locations":[{"start":{"line":21,"column":54},"end":{"line":21,"column":65}},{"start":{"line":21,"column":69},"end":{"line":21,"column":88}}]},"1":{"loc":{"start":{"line":24,"column":2},"end":{"line":24,"column":54}},"type":"binary-expr","locations":[{"start":{"line":24,"column":2},"end":{"line":24,"column":5}},{"start":{"line":24,"column":9},"end":{"line":24,"column":54}}]},"2":{"loc":{"start":{"line":31,"column":4},"end":{"line":33,"column":5}},"type":"if","locations":[{"start":{"line":31,"column":4},"end":{"line":33,"column":5}},{"start":{},"end":{}}]},"3":{"loc":{"start":{"line":35,"column":6},"end":{"line":37,"column":7}},"type":"if","locations":[{"start":{"line":35,"column":6},"end":{"line":37,"column":7}},{"start":{},"end":{}}]},"4":{"loc":{"start":{"line":49,"column":6},"end":{"line":51,"column":7}},"type":"if","locations":[{"start":{"line":49,"column":6},"end":{"line":51,"column":7}},{"start":{},"end":{}}]},"5":{"loc":{"start":{"line":62,"column":6},"end":{"line":64,"column":7}},"type":"if","locations":[{"start":{"line":62,"column":6},"end":{"line":64,"column":7}},{"start":{},"end":{}}]},"6":{"loc":{"start":{"line":72,"column":4},"end":{"line":74,"column":5}},"type":"if","locations":[{"start":{"line":72,"column":4},"end":{"line":74,"column":5}},{"start":{},"end":{}}]},"7":{"loc":{"start":{"line":72,"column":8},"end":{"line":72,"column":52}},"type":"binary-expr","locations":[{"start":{"line":72,"column":8},"end":{"line":72,"column":25}},{"start":{"line":72,"column":29},"end":{"line":72,"column":52}}]},"8":{"loc":{"start":{"line":76,"column":6},"end":{"line":78,"column":7}},"type":"if","locations":[{"start":{"line":76,"column":6},"end":{"line":78,"column":7}},{"start":{},"end":{}}]},"9":{"loc":{"start":{"line":89,"column":4},"end":{"line":91,"column":5}},"type":"if","locations":[{"start":{"line":89,"column":4},"end":{"line":91,"column":5}},{"start":{},"end":{}}]},"10":{"loc":{"start":{"line":90,"column":31},"end":{"line":90,"column":77}},"type":"cond-expr","locations":[{"start":{"line":90,"column":50},"end":{"line":90,"column":52}},{"start":{"line":90,"column":55},"end":{"line":90,"column":77}}]},"11":{"loc":{"start":{"line":98,"column":4},"end":{"line":100,"column":5}},"type":"if","locations":[{"start":{"line":98,"column":4},"end":{"line":100,"column":5}},{"start":{},"end":{}}]},"12":{"loc":{"start":{"line":99,"column":31},"end":{"line":99,"column":77}},"type":"cond-expr","locations":[{"start":{"line":99,"column":50},"end":{"line":99,"column":52}},{"start":{"line":99,"column":55},"end":{"line":99,"column":77}}]},"13":{"loc":{"start":{"line":107,"column":2},"end":{"line":109,"column":3}},"type":"if","locations":[{"start":{"line":107,"column":2},"end":{"line":109,"column":3}},{"start":{},"end":{}}]}},"s":{"0":8,"1":8,"2":65,"3":8,"4":8,"5":4,"6":8,"7":8,"8":4,"9":8,"10":8,"11":447,"12":8,"13":8,"14":0,"15":8,"16":8,"17":0,"18":8,"19":8,"20":0,"21":8,"22":8,"23":18,"24":8,"25":8,"26":21,"27":8,"28":8,"29":5,"30":8,"31":8,"32":5,"33":8,"34":8,"35":225,"36":8,"37":8,"38":2,"39":6,"40":0,"41":6,"42":8,"43":2,"44":4,"45":8,"46":8,"47":2,"48":6,"49":7,"50":4,"51":2,"52":8,"53":8,"54":1,"55":3,"56":5,"57":2,"58":1,"59":8,"60":8,"61":2,"62":6,"63":1,"64":5,"65":10,"66":2,"67":3,"68":8,"69":8,"70":1,"71":8,"72":8,"73":1,"74":2,"75":1,"76":1,"77":8,"78":8,"79":1,"80":2,"81":1,"82":1,"83":8,"84":4,"85":2,"86":2},"f":{"0":65,"1":4,"2":4,"3":447,"4":0,"5":0,"6":0,"7":18,"8":21,"9":5,"10":5,"11":225,"12":2,"13":6,"14":2,"15":6,"16":1,"17":3,"18":2,"19":6,"20":1,"21":1,"22":2,"23":1,"24":2,"25":4},"b":{"0":[5,4],"1":[5,4],"2":[0,6],"3":[2,6],"4":[4,3],"5":[2,3],"6":[1,5],"7":[6,6],"8":[2,8],"9":[1,1],"10":[1,0],"11":[1,1],"12":[1,0],"13":[2,2]}}
,"/home/ing/IdeaProjects/altraprojects/packages/kit/src/core/disposers.ts": {"path":"/home/ing/IdeaProjects/altraprojects/packages/kit/src/core/disposers.ts","statementMap":{"0":{"start":{"line":1,"column":0},"end":{"line":1,"column":34}},"1":{"start":{"line":43,"column":25},"end":{"line":71,"column":1}},"2":{"start":{"line":47,"column":36},"end":{"line":47,"column":38}},"3":{"start":{"line":48,"column":2},"end":{"line":55,"column":3}},"4":{"start":{"line":49,"column":4},"end":{"line":54,"column":5}},"5":{"start":{"line":50,"column":6},"end":{"line":50,"column":26}},"6":{"start":{"line":52,"column":6},"end":{"line":52,"column":15}},"7":{"start":{"line":53,"column":6},"end":{"line":53,"column":40}},"8":{"start":{"line":53,"column":27},"end":{"line":53,"column":38}},"9":{"start":{"line":56,"column":2},"end":{"line":56,"column":13}},"10":{"start":{"line":58,"column":2},"end":{"line":70,"column":4}},"11":{"start":{"line":59,"column":30},"end":{"line":59,"column":32}},"12":{"start":{"line":60,"column":4},"end":{"line":66,"column":5}},"13":{"start":{"line":61,"column":6},"end":{"line":65,"column":7}},"14":{"start":{"line":62,"column":8},"end":{"line":62,"column":12}},"15":{"start":{"line":64,"column":8},"end":{"line":64,"column":27}},"16":{"start":{"line":67,"column":4},"end":{"line":69,"column":5}},"17":{"start":{"line":68,"column":6},"end":{"line":68,"column":31}},"18":{"start":{"line":43,"column":13},"end":{"line":43,"column":25}}},"fnMap":{"0":{"name":"(anonymous_0)","decl":{"start":{"line":43,"column":25},"end":{"line":43,"column":null}},"loc":{"start":{"line":46,"column":4},"end":{"line":71,"column":1}}},"1":{"name":"(anonymous_1)","decl":{"start":{"line":53,"column":21},"end":{"line":53,"column":24}},"loc":{"start":{"line":53,"column":27},"end":{"line":53,"column":38}}},"2":{"name":"(anonymous_2)","decl":{"start":{"line":58,"column":9},"end":{"line":58,"column":12}},"loc":{"start":{"line":58,"column":14},"end":{"line":70,"column":3}}}},"branchMap":{"0":{"loc":{"start":{"line":49,"column":4},"end":{"line":54,"column":5}},"type":"if","locations":[{"start":{"line":49,"column":4},"end":{"line":54,"column":5}},{"start":{"line":51,"column":11},"end":{"line":54,"column":5}}]},"1":{"loc":{"start":{"line":67,"column":4},"end":{"line":69,"column":5}},"type":"if","locations":[{"start":{"line":67,"column":4},"end":{"line":69,"column":5}},{"start":{},"end":{}}]}},"s":{"0":1,"1":1,"2":8,"3":8,"4":15,"5":11,"6":4,"7":3,"8":3,"9":7,"10":7,"11":7,"12":7,"13":14,"14":14,"15":5,"16":7,"17":3,"18":1},"f":{"0":8,"1":3,"2":7},"b":{"0":[11,4],"1":[3,4]}}
,"/home/ing/IdeaProjects/altraprojects/packages/kit/src/core/errors.ts": {"path":"/home/ing/IdeaProjects/altraprojects/packages/kit/src/core/errors.ts","statementMap":{"0":{"start":{"line":3,"column":4},"end":{"line":3,"column":51}},"1":{"start":{"line":2,"column":30},"end":{"line":2,"column":47}},"2":{"start":{"line":1,"column":0},"end":{"line":1,"column":13}}},"fnMap":{"0":{"name":"(anonymous_0)","decl":{"start":{"line":2,"column":2},"end":{"line":2,"column":30}},"loc":{"start":{"line":2,"column":47},"end":{"line":4,"column":3}}}},"branchMap":{},"s":{"0":3,"1":3,"2":1},"f":{"0":3},"b":{}}
,"/home/ing/IdeaProjects/altraprojects/packages/kit/src/core/geometry.ts": {"path":"/home/ing/IdeaProjects/altraprojects/packages/kit/src/core/geometry.ts","statementMap":{"0":{"start":{"line":6,"column":28},"end":{"line":6,"column":70}},"1":{"start":{"line":6,"column":54},"end":{"line":6,"column":70}},"2":{"start":{"line":6,"column":13},"end":{"line":6,"column":28}},"3":{"start":{"line":11,"column":13},"end":{"line":11,"column":49}},"4":{"start":{"line":16,"column":24},"end":{"line":16,"column":104}},"5":{"start":{"line":16,"column":76},"end":{"line":16,"column":104}},"6":{"start":{"line":16,"column":13},"end":{"line":16,"column":24}},"7":{"start":{"line":21,"column":24},"end":{"line":24,"column":2}},"8":{"start":{"line":21,"column":94},"end":{"line":24,"column":2}},"9":{"start":{"line":21,"column":13},"end":{"line":21,"column":24}},"10":{"start":{"line":29,"column":20},"end":{"line":29,"column":72}},"11":{"start":{"line":29,"column":57},"end":{"line":29,"column":72}},"12":{"start":{"line":29,"column":13},"end":{"line":29,"column":20}},"13":{"start":{"line":34,"column":25},"end":{"line":37,"column":2}},"14":{"start":{"line":34,"column":106},"end":{"line":37,"column":2}},"15":{"start":{"line":34,"column":13},"end":{"line":34,"column":25}},"16":{"start":{"line":42,"column":28},"end":{"line":42,"column":108}},"17":{"start":{"line":42,"column":80},"end":{"line":42,"column":108}},"18":{"start":{"line":42,"column":13},"end":{"line":42,"column":28}},"19":{"start":{"line":47,"column":27},"end":{"line":53,"column":1}},"20":{"start":{"line":48,"column":14},"end":{"line":48,"column":27}},"21":{"start":{"line":49,"column":10},"end":{"line":49,"column":23}},"22":{"start":{"line":50,"column":13},"end":{"line":50,"column":19}},"23":{"start":{"line":51,"column":9},"end":{"line":51,"column":15}},"24":{"start":{"line":52,"column":2},"end":{"line":52,"column":62}},"25":{"start":{"line":47,"column":13},"end":{"line":47,"column":27}},"26":{"start":{"line":60,"column":24},"end":{"line":60,"column":73}},"27":{"start":{"line":60,"column":59},"end":{"line":60,"column":73}},"28":{"start":{"line":60,"column":13},"end":{"line":60,"column":24}},"29":{"start":{"line":65,"column":29},"end":{"line":65,"column":84}},"30":{"start":{"line":65,"column":64},"end":{"line":65,"column":84}},"31":{"start":{"line":65,"column":13},"end":{"line":65,"column":29}},"32":{"start":{"line":70,"column":26},"end":{"line":71,"column":53}},"33":{"start":{"line":71,"column":2},"end":{"line":71,"column":53}},"34":{"start":{"line":70,"column":13},"end":{"line":70,"column":26}},"35":{"start":{"line":76,"column":27},"end":{"line":77,"column":63}},"36":{"start":{"line":77,"column":2},"end":{"line":77,"column":63}},"37":{"start":{"line":76,"column":13},"end":{"line":76,"column":27}},"38":{"start":{"line":82,"column":30},"end":{"line":91,"column":73}},"39":{"start":{"line":91,"column":5},"end":{"line":91,"column":73}},"40":{"start":{"line":82,"column":13},"end":{"line":82,"column":30}},"41":{"start":{"line":98,"column":26},"end":{"line":98,"column":56}},"42":{"start":{"line":98,"column":41},"end":{"line":98,"column":56}},"43":{"start":{"line":98,"column":13},"end":{"line":98,"column":26}},"44":{"start":{"line":103,"column":35},"end":{"line":103,"column":65}},"45":{"start":{"line":103,"column":50},"end":{"line":103,"column":65}},"46":{"start":{"line":103,"column":13},"end":{"line":103,"column":35}},"47":{"start":{"line":109,"column":29},"end":{"line":112,"column":2}},"48":{"start":{"line":109,"column":104},"end":{"line":112,"column":2}},"49":{"start":{"line":109,"column":13},"end":{"line":109,"column":29}},"50":{"start":{"line":117,"column":29},"end":{"line":118,"column":31}},"51":{"start":{"line":118,"column":2},"end":{"line":118,"column":31}},"52":{"start":{"line":117,"column":13},"end":{"line":117,"column":29}},"53":{"start":{"line":125,"column":28},"end":{"line":126,"column":66}},"54":{"start":{"line":126,"column":2},"end":{"line":126,"column":66}},"55":{"start":{"line":125,"column":13},"end":{"line":125,"column":28}},"56":{"start":{"line":131,"column":33},"end":{"line":132,"column":80}},"57":{"start":{"line":132,"column":2},"end":{"line":132,"column":80}},"58":{"start":{"line":131,"column":13},"end":{"line":131,"column":33}},"59":{"start":{"line":137,"column":32},"end":{"line":144,"column":63}},"60":{"start":{"line":144,"column":23},"end":{"line":144,"column":63}},"61":{"start":{"line":137,"column":13},"end":{"line":137,"column":32}},"62":{"start":{"line":150,"column":31},"end":{"line":165,"column":1}},"63":{"start":{"line":160,"column":12},"end":{"line":160,"column":48}},"64":{"start":{"line":161,"column":13},"end":{"line":161,"column":49}},"65":{"start":{"line":162,"column":13},"end":{"line":162,"column":49}},"66":{"start":{"line":163,"column":13},"end":{"line":163,"column":49}},"67":{"start":{"line":164,"column":2},"end":{"line":164,"column":45}},"68":{"start":{"line":150,"column":13},"end":{"line":150,"column":31}},"69":{"start":{"line":172,"column":21},"end":{"line":172,"column":101}},"70":{"start":{"line":172,"column":66},"end":{"line":172,"column":101}},"71":{"start":{"line":172,"column":13},"end":{"line":172,"column":21}},"72":{"start":{"line":177,"column":24},"end":{"line":177,"column":62}},"73":{"start":{"line":177,"column":41},"end":{"line":177,"column":62}},"74":{"start":{"line":177,"column":13},"end":{"line":177,"column":24}},"75":{"start":{"line":178,"column":24},"end":{"line":178,"column":62}},"76":{"start":{"line":178,"column":41},"end":{"line":178,"column":62}},"77":{"start":{"line":178,"column":13},"end":{"line":178,"column":24}},"78":{"start":{"line":183,"column":26},"end":{"line":199,"column":1}},"79":{"start":{"line":192,"column":38},"end":{"line":197,"column":4}},"80":{"start":{"line":198,"column":2},"end":{"line":198,"column":74}},"81":{"start":{"line":198,"column":35},"end":{"line":198,"column":72}},"82":{"start":{"line":183,"column":13},"end":{"line":183,"column":26}},"83":{"start":{"line":204,"column":27},"end":{"line":214,"column":1}},"84":{"start":{"line":207,"column":13},"end":{"line":207,"column":34}},"85":{"start":{"line":207,"column":29},"end":{"line":207,"column":33}},"86":{"start":{"line":208,"column":13},"end":{"line":208,"column":34}},"87":{"start":{"line":208,"column":29},"end":{"line":208,"column":33}},"88":{"start":{"line":209,"column":15},"end":{"line":209,"column":30}},"89":{"start":{"line":210,"column":11},"end":{"line":210,"column":26}},"90":{"start":{"line":211,"column":15},"end":{"line":211,"column":30}},"91":{"start":{"line":212,"column":11},"end":{"line":212,"column":26}},"92":{"start":{"line":213,"column":2},"end":{"line":213,"column":71}},"93":{"start":{"line":204,"column":13},"end":{"line":204,"column":27}}},"fnMap":{"0":{"name":"(anonymous_0)","decl":{"start":{"line":6,"column":28},"end":{"line":6,"column":29}},"loc":{"start":{"line":6,"column":54},"end":{"line":6,"column":70}}},"1":{"name":"(anonymous_1)","decl":{"start":{"line":16,"column":24},"end":{"line":16,"column":25}},"loc":{"start":{"line":16,"column":76},"end":{"line":16,"column":104}}},"2":{"name":"(anonymous_2)","decl":{"start":{"line":21,"column":24},"end":{"line":21,"column":25}},"loc":{"start":{"line":21,"column":94},"end":{"line":24,"column":2}}},"3":{"name":"(anonymous_3)","decl":{"start":{"line":29,"column":20},"end":{"line":29,"column":21}},"loc":{"start":{"line":29,"column":57},"end":{"line":29,"column":72}}},"4":{"name":"(anonymous_4)","decl":{"start":{"line":34,"column":25},"end":{"line":34,"column":26}},"loc":{"start":{"line":34,"column":106},"end":{"line":37,"column":2}}},"5":{"name":"(anonymous_5)","decl":{"start":{"line":42,"column":28},"end":{"line":42,"column":29}},"loc":{"start":{"line":42,"column":80},"end":{"line":42,"column":108}}},"6":{"name":"(anonymous_6)","decl":{"start":{"line":47,"column":27},"end":{"line":47,"column":28}},"loc":{"start":{"line":47,"column":107},"end":{"line":53,"column":1}}},"7":{"name":"(anonymous_7)","decl":{"start":{"line":60,"column":24},"end":{"line":60,"column":25}},"loc":{"start":{"line":60,"column":59},"end":{"line":60,"column":73}}},"8":{"name":"(anonymous_8)","decl":{"start":{"line":65,"column":29},"end":{"line":65,"column":30}},"loc":{"start":{"line":65,"column":64},"end":{"line":65,"column":84}}},"9":{"name":"(anonymous_9)","decl":{"start":{"line":70,"column":26},"end":{"line":70,"column":27}},"loc":{"start":{"line":71,"column":2},"end":{"line":71,"column":53}}},"10":{"name":"(anonymous_10)","decl":{"start":{"line":76,"column":27},"end":{"line":76,"column":28}},"loc":{"start":{"line":77,"column":2},"end":{"line":77,"column":63}}},"11":{"name":"(anonymous_11)","decl":{"start":{"line":82,"column":30},"end":{"line":82,"column":null}},"loc":{"start":{"line":91,"column":5},"end":{"line":91,"column":73}}},"12":{"name":"(anonymous_12)","decl":{"start":{"line":98,"column":26},"end":{"line":98,"column":27}},"loc":{"start":{"line":98,"column":41},"end":{"line":98,"column":56}}},"13":{"name":"(anonymous_13)","decl":{"start":{"line":103,"column":35},"end":{"line":103,"column":36}},"loc":{"start":{"line":103,"column":50},"end":{"line":103,"column":65}}},"14":{"name":"(anonymous_14)","decl":{"start":{"line":109,"column":29},"end":{"line":109,"column":30}},"loc":{"start":{"line":109,"column":104},"end":{"line":112,"column":2}}},"15":{"name":"(anonymous_15)","decl":{"start":{"line":117,"column":29},"end":{"line":117,"column":30}},"loc":{"start":{"line":118,"column":2},"end":{"line":118,"column":31}}},"16":{"name":"(anonymous_16)","decl":{"start":{"line":125,"column":28},"end":{"line":125,"column":29}},"loc":{"start":{"line":126,"column":2},"end":{"line":126,"column":66}}},"17":{"name":"(anonymous_17)","decl":{"start":{"line":131,"column":33},"end":{"line":131,"column":34}},"loc":{"start":{"line":132,"column":2},"end":{"line":132,"column":80}}},"18":{"name":"(anonymous_18)","decl":{"start":{"line":137,"column":32},"end":{"line":137,"column":null}},"loc":{"start":{"line":144,"column":23},"end":{"line":144,"column":63}}},"19":{"name":"(anonymous_19)","decl":{"start":{"line":150,"column":31},"end":{"line":150,"column":null}},"loc":{"start":{"line":159,"column":4},"end":{"line":165,"column":1}}},"20":{"name":"(anonymous_20)","decl":{"start":{"line":172,"column":21},"end":{"line":172,"column":22}},"loc":{"start":{"line":172,"column":66},"end":{"line":172,"column":101}}},"21":{"name":"(anonymous_21)","decl":{"start":{"line":177,"column":24},"end":{"line":177,"column":25}},"loc":{"start":{"line":177,"column":41},"end":{"line":177,"column":62}}},"22":{"name":"(anonymous_22)","decl":{"start":{"line":178,"column":24},"end":{"line":178,"column":25}},"loc":{"start":{"line":178,"column":41},"end":{"line":178,"column":62}}},"23":{"name":"(anonymous_23)","decl":{"start":{"line":183,"column":26},"end":{"line":183,"column":null}},"loc":{"start":{"line":191,"column":24},"end":{"line":199,"column":1}}},"24":{"name":"(anonymous_24)","decl":{"start":{"line":198,"column":21},"end":{"line":198,"column":22}},"loc":{"start":{"line":198,"column":35},"end":{"line":198,"column":72}}},"25":{"name":"(anonymous_25)","decl":{"start":{"line":204,"column":27},"end":{"line":204,"column":null}},"loc":{"start":{"line":206,"column":61},"end":{"line":214,"column":1}}},"26":{"name":"(anonymous_26)","decl":{"start":{"line":207,"column":24},"end":{"line":207,"column":25}},"loc":{"start":{"line":207,"column":29},"end":{"line":207,"column":33}}},"27":{"name":"(anonymous_27)","decl":{"start":{"line":208,"column":24},"end":{"line":208,"column":25}},"loc":{"start":{"line":208,"column":29},"end":{"line":208,"column":33}}}},"branchMap":{"0":{"loc":{"start":{"line":77,"column":2},"end":{"line":77,"column":63}},"type":"binary-expr","locations":[{"start":{"line":77,"column":2},"end":{"line":77,"column":10}},{"start":{"line":77,"column":14},"end":{"line":77,"column":30}},{"start":{"line":77,"column":34},"end":{"line":77,"column":42}},{"start":{"line":77,"column":46},"end":{"line":77,"column":63}}]},"1":{"loc":{"start":{"line":91,"column":5},"end":{"line":91,"column":73}},"type":"binary-expr","locations":[{"start":{"line":91,"column":5},"end":{"line":91,"column":19}},{"start":{"line":91,"column":23},"end":{"line":91,"column":37}},{"start":{"line":91,"column":41},"end":{"line":91,"column":55}},{"start":{"line":91,"column":59},"end":{"line":91,"column":73}}]}},"s":{"0":1,"1":2,"2":1,"3":1,"4":1,"5":6,"6":1,"7":1,"8":1,"9":1,"10":1,"11":3,"12":1,"13":1,"14":1,"15":1,"16":1,"17":2,"18":1,"19":1,"20":5,"21":5,"22":5,"23":5,"24":5,"25":1,"26":1,"27":1,"28":1,"29":1,"30":1,"31":1,"32":1,"33":1,"34":1,"35":1,"36":2,"37":1,"38":1,"39":2,"40":1,"41":1,"42":1,"43":1,"44":1,"45":1,"46":1,"47":1,"48":1,"49":1,"50":1,"51":2,"52":1,"53":1,"54":9,"55":1,"56":1,"57":1,"58":1,"59":1,"60":1,"61":1,"62":1,"63":2,"64":2,"65":2,"66":2,"67":2,"68":1,"69":1,"70":3,"71":1,"72":1,"73":1,"74":1,"75":1,"76":1,"77":1,"78":1,"79":1,"80":1,"81":4,"82":1,"83":1,"84":1,"85":4,"86":1,"87":4,"88":1,"89":1,"90":1,"91":1,"92":1,"93":1},"f":{"0":2,"1":6,"2":1,"3":3,"4":1,"5":2,"6":5,"7":1,"8":1,"9":1,"10":2,"11":2,"12":1,"13":1,"14":1,"15":2,"16":9,"17":1,"18":1,"19":2,"20":3,"21":1,"22":1,"23":1,"24":4,"25":1,"26":4,"27":4},"b":{"0":[2,1,1,1],"1":[2,2,1,1]}}
,"/home/ing/IdeaProjects/altraprojects/packages/kit/src/core/keyset-paginator.ts": {"path":"/home/ing/IdeaProjects/altraprojects/packages/kit/src/core/keyset-paginator.ts","statementMap":{"0":{"start":{"line":1,"column":0},"end":{"line":1,"column":null}},"1":{"start":{"line":9,"column":0},"end":{"line":9,"column":46}},"2":{"start":{"line":10,"column":0},"end":{"line":10,"column":46}},"3":{"start":{"line":11,"column":0},"end":{"line":11,"column":30}},"4":{"start":{"line":13,"column":19},"end":{"line":13,"column":91}},"5":{"start":{"line":13,"column":73},"end":{"line":13,"column":91}},"6":{"start":{"line":14,"column":28},"end":{"line":14,"column":107}},"7":{"start":{"line":14,"column":80},"end":{"line":14,"column":107}},"8":{"start":{"line":17,"column":23},"end":{"line":17,"column":42}},"9":{"start":{"line":21,"column":23},"end":{"line":21,"column":44}},"10":{"start":{"line":24,"column":4},"end":{"line":24,"column":31}},"11":{"start":{"line":29,"column":4},"end":{"line":29,"column":37}},"12":{"start":{"line":34,"column":4},"end":{"line":34,"column":92}},"13":{"start":{"line":34,"column":37},"end":{"line":34,"column":90}},"14":{"start":{"line":27,"column":2},"end":{"line":30,"column":null}},"15":{"start":{"line":32,"column":2},"end":{"line":35,"column":null}},"16":{"start":{"line":39,"column":23},"end":{"line":39,"column":44}},"17":{"start":{"line":43,"column":4},"end":{"line":43,"column":79}},"18":{"start":{"line":43,"column":56},"end":{"line":43,"column":77}},"19":{"start":{"line":48,"column":4},"end":{"line":48,"column":52}},"20":{"start":{"line":48,"column":44},"end":{"line":48,"column":50}},"21":{"start":{"line":53,"column":4},"end":{"line":53,"column":93}},"22":{"start":{"line":53,"column":65},"end":{"line":53,"column":91}},"23":{"start":{"line":58,"column":15},"end":{"line":58,"column":108}},"24":{"start":{"line":58,"column":46},"end":{"line":58,"column":107}},"25":{"start":{"line":59,"column":4},"end":{"line":61,"column":5}},"26":{"start":{"line":60,"column":6},"end":{"line":60,"column":18}},"27":{"start":{"line":63,"column":17},"end":{"line":63,"column":37}},"28":{"start":{"line":64,"column":4},"end":{"line":66,"column":5}},"29":{"start":{"line":65,"column":6},"end":{"line":65,"column":71}},"30":{"start":{"line":67,"column":18},"end":{"line":67,"column":22}},"31":{"start":{"line":68,"column":4},"end":{"line":70,"column":5}},"32":{"start":{"line":69,"column":6},"end":{"line":69,"column":71}},"33":{"start":{"line":72,"column":4},"end":{"line":78,"column":7}},"34":{"start":{"line":73,"column":6},"end":{"line":75,"column":7}},"35":{"start":{"line":74,"column":8},"end":{"line":74,"column":73}},"36":{"start":{"line":76,"column":21},"end":{"line":76,"column":28}},"37":{"start":{"line":77,"column":6},"end":{"line":77,"column":86}},"38":{"start":{"line":77,"column":56},"end":{"line":77,"column":84}},"39":{"start":{"line":83,"column":4},"end":{"line":83,"column":106}},"40":{"start":{"line":83,"column":85},"end":{"line":83,"column":101}},"41":{"start":{"line":41,"column":2},"end":{"line":44,"column":null}},"42":{"start":{"line":46,"column":2},"end":{"line":49,"column":null}},"43":{"start":{"line":51,"column":2},"end":{"line":54,"column":null}},"44":{"start":{"line":56,"column":2},"end":{"line":79,"column":null}},"45":{"start":{"line":81,"column":2},"end":{"line":84,"column":null}},"46":{"start":{"line":87,"column":43},"end":{"line":101,"column":1}},"47":{"start":{"line":88,"column":17},"end":{"line":88,"column":37}},"48":{"start":{"line":90,"column":17},"end":{"line":90,"column":47}},"49":{"start":{"line":92,"column":2},"end":{"line":98,"column":3}},"50":{"start":{"line":93,"column":4},"end":{"line":97,"column":5}},"51":{"start":{"line":95,"column":8},"end":{"line":95,"column":51}},"52":{"start":{"line":96,"column":8},"end":{"line":96,"column":14}},"53":{"start":{"line":100,"column":2},"end":{"line":100,"column":20}},"54":{"start":{"line":87,"column":13},"end":{"line":87,"column":43}},"55":{"start":{"line":108,"column":13},"end":{"line":108,"column":28}},"56":{"start":{"line":110,"column":25},"end":{"line":110,"column":67}},"57":{"start":{"line":110,"column":59},"end":{"line":110,"column":65}},"58":{"start":{"line":111,"column":4},"end":{"line":120,"column":5}},"59":{"start":{"line":112,"column":19},"end":{"line":112,"column":33}},"60":{"start":{"line":113,"column":6},"end":{"line":115,"column":7}},"61":{"start":{"line":114,"column":8},"end":{"line":114,"column":75}},"62":{"start":{"line":116,"column":20},"end":{"line":116,"column":24}},"63":{"start":{"line":117,"column":6},"end":{"line":119,"column":7}},"64":{"start":{"line":118,"column":8},"end":{"line":118,"column":33}},"65":{"start":{"line":122,"column":4},"end":{"line":130,"column":5}},"66":{"start":{"line":123,"column":28},"end":{"line":123,"column":39}},"67":{"start":{"line":124,"column":6},"end":{"line":126,"column":7}},"68":{"start":{"line":125,"column":8},"end":{"line":125,"column":67}},"69":{"start":{"line":127,"column":6},"end":{"line":127,"column":34}},"70":{"start":{"line":129,"column":6},"end":{"line":129,"column":27}},"71":{"start":{"line":136,"column":19},"end":{"line":136,"column":21}},"72":{"start":{"line":138,"column":21},"end":{"line":152,"column":5}},"73":{"start":{"line":139,"column":58},"end":{"line":139,"column":64}},"74":{"start":{"line":141,"column":24},"end":{"line":141,"column":25}},"75":{"start":{"line":142,"column":6},"end":{"line":150,"column":7}},"76":{"start":{"line":143,"column":20},"end":{"line":143,"column":57}},"77":{"start":{"line":144,"column":8},"end":{"line":147,"column":9}},"78":{"start":{"line":145,"column":10},"end":{"line":145,"column":35}},"79":{"start":{"line":146,"column":10},"end":{"line":146,"column":17}},"80":{"start":{"line":148,"column":8},"end":{"line":148,"column":67}},"81":{"start":{"line":149,"column":8},"end":{"line":149,"column":21}},"82":{"start":{"line":151,"column":6},"end":{"line":151,"column":35}},"83":{"start":{"line":154,"column":4},"end":{"line":156,"column":5}},"84":{"start":{"line":155,"column":6},"end":{"line":155,"column":18}},"85":{"start":{"line":158,"column":4},"end":{"line":158,"column":18}},"86":{"start":{"line":162,"column":21},"end":{"line":184,"column":5}},"87":{"start":{"line":163,"column":20},"end":{"line":163,"column":22}},"88":{"start":{"line":164,"column":43},"end":{"line":164,"column":48}},"89":{"start":{"line":166,"column":20},"end":{"line":166,"column":22}},"90":{"start":{"line":167,"column":43},"end":{"line":167,"column":48}},"91":{"start":{"line":169,"column":23},"end":{"line":169,"column":29}},"92":{"start":{"line":170,"column":24},"end":{"line":170,"column":25}},"93":{"start":{"line":171,"column":6},"end":{"line":182,"column":7}},"94":{"start":{"line":172,"column":20},"end":{"line":172,"column":56}},"95":{"start":{"line":173,"column":8},"end":{"line":177,"column":9}},"96":{"start":{"line":174,"column":10},"end":{"line":174,"column":42}},"97":{"start":{"line":175,"column":10},"end":{"line":175,"column":69}},"98":{"start":{"line":176,"column":10},"end":{"line":176,"column":64}},"99":{"start":{"line":178,"column":8},"end":{"line":178,"column":44}},"100":{"start":{"line":179,"column":8},"end":{"line":179,"column":44}},"101":{"start":{"line":180,"column":8},"end":{"line":180,"column":33}},"102":{"start":{"line":181,"column":8},"end":{"line":181,"column":21}},"103":{"start":{"line":183,"column":6},"end":{"line":183,"column":35}},"104":{"start":{"line":186,"column":23},"end":{"line":186,"column":83}},"105":{"start":{"line":186,"column":52},"end":{"line":186,"column":82}},"106":{"start":{"line":187,"column":17},"end":{"line":187,"column":19}},"107":{"start":{"line":188,"column":17},"end":{"line":188,"column":19}},"108":{"start":{"line":189,"column":4},"end":{"line":192,"column":5}},"109":{"start":{"line":190,"column":6},"end":{"line":190,"column":65}},"110":{"start":{"line":191,"column":6},"end":{"line":191,"column":22}},"111":{"start":{"line":194,"column":4},"end":{"line":194,"column":24}},"112":{"start":{"line":105,"column":0},"end":{"line":105,"column":13}},"113":{"start":{"line":200,"column":13},"end":{"line":200,"column":80}},"114":{"start":{"line":201,"column":13},"end":{"line":201,"column":74}},"115":{"start":{"line":205,"column":19},"end":{"line":205,"column":93}},"116":{"start":{"line":206,"column":4},"end":{"line":206,"column":76}},"117":{"start":{"line":198,"column":0},"end":{"line":198,"column":13}}},"fnMap":{"0":{"name":"(anonymous_2)","decl":{"start":{"line":13,"column":19},"end":{"line":13,"column":20}},"loc":{"start":{"line":13,"column":73},"end":{"line":13,"column":91}}},"1":{"name":"(anonymous_3)","decl":{"start":{"line":14,"column":28},"end":{"line":14,"column":29}},"loc":{"start":{"line":14,"column":80},"end":{"line":14,"column":107}}},"2":{"name":"(anonymous_4)","decl":{"start":{"line":17,"column":2},"end":{"line":17,"column":23}},"loc":{"start":{"line":17,"column":42},"end":{"line":17,"column":46}}},"3":{"name":"(anonymous_5)","decl":{"start":{"line":21,"column":2},"end":{"line":21,"column":23}},"loc":{"start":{"line":21,"column":44},"end":{"line":21,"column":48}}},"4":{"name":"(anonymous_6)","decl":{"start":{"line":23,"column":2},"end":{"line":23,"column":6}},"loc":{"start":{"line":23,"column":10},"end":{"line":25,"column":3}}},"5":{"name":"(anonymous_7)","decl":{"start":{"line":27,"column":2},"end":{"line":27,"column":3}},"loc":{"start":{"line":28,"column":16},"end":{"line":30,"column":3}}},"6":{"name":"(anonymous_8)","decl":{"start":{"line":32,"column":2},"end":{"line":32,"column":3}},"loc":{"start":{"line":33,"column":20},"end":{"line":35,"column":3}}},"7":{"name":"(anonymous_9)","decl":{"start":{"line":34,"column":32},"end":{"line":34,"column":33}},"loc":{"start":{"line":34,"column":37},"end":{"line":34,"column":90}}},"8":{"name":"(anonymous_10)","decl":{"start":{"line":39,"column":2},"end":{"line":39,"column":23}},"loc":{"start":{"line":39,"column":44},"end":{"line":39,"column":48}}},"9":{"name":"(anonymous_11)","decl":{"start":{"line":41,"column":2},"end":{"line":41,"column":3}},"loc":{"start":{"line":42,"column":12},"end":{"line":44,"column":3}}},"10":{"name":"(anonymous_12)","decl":{"start":{"line":43,"column":51},"end":{"line":43,"column":52}},"loc":{"start":{"line":43,"column":56},"end":{"line":43,"column":77}}},"11":{"name":"(anonymous_13)","decl":{"start":{"line":46,"column":2},"end":{"line":46,"column":3}},"loc":{"start":{"line":47,"column":18},"end":{"line":49,"column":3}}},"12":{"name":"(anonymous_14)","decl":{"start":{"line":48,"column":39},"end":{"line":48,"column":40}},"loc":{"start":{"line":48,"column":44},"end":{"line":48,"column":50}}},"13":{"name":"(anonymous_15)","decl":{"start":{"line":51,"column":2},"end":{"line":51,"column":3}},"loc":{"start":{"line":52,"column":21},"end":{"line":54,"column":3}}},"14":{"name":"(anonymous_16)","decl":{"start":{"line":53,"column":60},"end":{"line":53,"column":61}},"loc":{"start":{"line":53,"column":65},"end":{"line":53,"column":91}}},"15":{"name":"(anonymous_17)","decl":{"start":{"line":56,"column":2},"end":{"line":56,"column":3}},"loc":{"start":{"line":57,"column":22},"end":{"line":79,"column":3}}},"16":{"name":"(anonymous_18)","decl":{"start":{"line":58,"column":41},"end":{"line":58,"column":42}},"loc":{"start":{"line":58,"column":46},"end":{"line":58,"column":107}}},"17":{"name":"(anonymous_19)","decl":{"start":{"line":72,"column":25},"end":{"line":72,"column":26}},"loc":{"start":{"line":72,"column":29},"end":{"line":78,"column":5}}},"18":{"name":"(anonymous_20)","decl":{"start":{"line":77,"column":50},"end":{"line":77,"column":53}},"loc":{"start":{"line":77,"column":56},"end":{"line":77,"column":84}}},"19":{"name":"(anonymous_21)","decl":{"start":{"line":81,"column":2},"end":{"line":81,"column":3}},"loc":{"start":{"line":82,"column":17},"end":{"line":84,"column":3}}},"20":{"name":"(anonymous_22)","decl":{"start":{"line":83,"column":80},"end":{"line":83,"column":81}},"loc":{"start":{"line":83,"column":85},"end":{"line":83,"column":101}}},"21":{"name":"(anonymous_23)","decl":{"start":{"line":87,"column":43},"end":{"line":87,"column":44}},"loc":{"start":{"line":87,"column":57},"end":{"line":101,"column":1}}},"22":{"name":"(anonymous_24)","decl":{"start":{"line":106,"column":2},"end":{"line":106,"column":null}},"loc":{"start":{"line":108,"column":28},"end":{"line":131,"column":3}}},"23":{"name":"(anonymous_25)","decl":{"start":{"line":110,"column":54},"end":{"line":110,"column":55}},"loc":{"start":{"line":110,"column":59},"end":{"line":110,"column":65}}},"24":{"name":"(anonymous_26)","decl":{"start":{"line":135,"column":2},"end":{"line":135,"column":20}},"loc":{"start":{"line":135,"column":20},"end":{"line":159,"column":3}}},"25":{"name":"(anonymous_27)","decl":{"start":{"line":138,"column":21},"end":{"line":138,"column":22}},"loc":{"start":{"line":138,"column":47},"end":{"line":152,"column":5}}},"26":{"name":"(anonymous_28)","decl":{"start":{"line":161,"column":2},"end":{"line":161,"column":13}},"loc":{"start":{"line":161,"column":23},"end":{"line":195,"column":3}}},"27":{"name":"(anonymous_29)","decl":{"start":{"line":162,"column":21},"end":{"line":162,"column":22}},"loc":{"start":{"line":162,"column":64},"end":{"line":184,"column":5}}},"28":{"name":"(anonymous_30)","decl":{"start":{"line":186,"column":39},"end":{"line":186,"column":40}},"loc":{"start":{"line":186,"column":52},"end":{"line":186,"column":82}}},"29":{"name":"(anonymous_31)","decl":{"start":{"line":199,"column":2},"end":{"line":199,"column":null}},"loc":{"start":{"line":201,"column":74},"end":{"line":202,"column":6}}},"30":{"name":"(anonymous_32)","decl":{"start":{"line":204,"column":2},"end":{"line":204,"column":7}},"loc":{"start":{"line":204,"column":95},"end":{"line":207,"column":3}}}},"branchMap":{"0":{"loc":{"start":{"line":29,"column":11},"end":{"line":29,"column":36}},"type":"binary-expr","locations":[{"start":{"line":29,"column":11},"end":{"line":29,"column":30}},{"start":{"line":29,"column":34},"end":{"line":29,"column":36}}]},"1":{"loc":{"start":{"line":34,"column":37},"end":{"line":34,"column":90}},"type":"binary-expr","locations":[{"start":{"line":34,"column":37},"end":{"line":34,"column":62}},{"start":{"line":34,"column":66},"end":{"line":34,"column":90}}]},"2":{"loc":{"start":{"line":58,"column":46},"end":{"line":58,"column":107}},"type":"binary-expr","locations":[{"start":{"line":58,"column":46},"end":{"line":58,"column":75}},{"start":{"line":58,"column":79},"end":{"line":58,"column":107}}]},"3":{"loc":{"start":{"line":59,"column":4},"end":{"line":61,"column":5}},"type":"if","locations":[{"start":{"line":59,"column":4},"end":{"line":61,"column":5}},{"start":{},"end":{}}]},"4":{"loc":{"start":{"line":64,"column":4},"end":{"line":66,"column":5}},"type":"if","locations":[{"start":{"line":64,"column":4},"end":{"line":66,"column":5}},{"start":{},"end":{}}]},"5":{"loc":{"start":{"line":68,"column":4},"end":{"line":70,"column":5}},"type":"if","locations":[{"start":{"line":68,"column":4},"end":{"line":70,"column":5}},{"start":{},"end":{}}]},"6":{"loc":{"start":{"line":73,"column":6},"end":{"line":75,"column":7}},"type":"if","locations":[{"start":{"line":73,"column":6},"end":{"line":75,"column":7}},{"start":{},"end":{}}]},"7":{"loc":{"start":{"line":73,"column":10},"end":{"line":73,"column":51}},"type":"binary-expr","locations":[{"start":{"line":73,"column":10},"end":{"line":73,"column":27}},{"start":{"line":73,"column":31},"end":{"line":73,"column":51}}]},"8":{"loc":{"start":{"line":83,"column":28},"end":{"line":83,"column":55}},"type":"binary-expr","locations":[{"start":{"line":83,"column":28},"end":{"line":83,"column":49}},{"start":{"line":83,"column":53},"end":{"line":83,"column":55}}]},"9":{"loc":{"start":{"line":93,"column":4},"end":{"line":97,"column":5}},"type":"switch","locations":[{"start":{"line":94,"column":6},"end":{"line":96,"column":14}}]},"10":{"loc":{"start":{"
[...]
,"/home/ing/IdeaProjects/altraprojects/packages/kit/src/utils/iterable-utils.ts": {"path":"/home/ing/IdeaProjects/altraprojects/packages/kit/src/utils/iterable-utils.ts","statementMap":{"0":{"start":{"line":1,"column":24},"end":{"line":12,"column":1}},"1":{"start":{"line":2,"column":14},"end":{"line":2,"column":26}},"2":{"start":{"line":3,"column":2},"end":{"line":11,"column":4}},"3":{"start":{"line":4,"column":17},"end":{"line":7,"column":6}},"4":{"start":{"line":9,"column":6},"end":{"line":9,"column":18}},"5":{"start":{"line":1,"column":13},"end":{"line":1,"column":24}},"6":{"start":{"line":14,"column":23},"end":{"line":27,"column":1}},"7":{"start":{"line":15,"column":14},"end":{"line":15,"column":26}},"8":{"start":{"line":16,"column":14},"end":{"line":16,"column":51}},"9":{"start":{"line":16,"column":29},"end":{"line":16,"column":51}},"10":{"start":{"line":18,"column":2},"end":{"line":26,"column":4}},"11":{"start":{"line":19,"column":17},"end":{"line":22,"column":6}},"12":{"start":{"line":24,"column":6},"end":{"line":24,"column":18}},"13":{"start":{"line":14,"column":13},"end":{"line":14,"column":23}},"14":{"start":{"line":29,"column":23},"end":{"line":43,"column":1}},"15":{"start":{"line":30,"column":14},"end":{"line":30,"column":22}},"16":{"start":{"line":31,"column":2},"end":{"line":42,"column":4}},"17":{"start":{"line":33,"column":6},"end":{"line":33,"column":14}},"18":{"start":{"line":34,"column":6},"end":{"line":37,"column":8}},"19":{"start":{"line":40,"column":6},"end":{"line":40,"column":18}},"20":{"start":{"line":29,"column":13},"end":{"line":29,"column":23}},"21":{"start":{"line":50,"column":13},"end":{"line":71,"column":2}},"22":{"start":{"line":52,"column":4},"end":{"line":69,"column":6}},"23":{"start":{"line":54,"column":18},"end":{"line":54,"column":45}},"24":{"start":{"line":55,"column":8},"end":{"line":67,"column":10}},"25":{"start":{"line":57,"column":12},"end":{"line":65,"column":13}},"26":{"start":{"line":58,"column":38},"end":{"line":58,"column":46}},"27":{"start":{"line":59,"column":14},"end":{"line":61,"column":15}},"28":{"start":{"line":60,"column":16},"end":{"line":60,"column":50}},"29":{"start":{"line":62,"column":14},"end":{"line":64,"column":15}},"30":{"start":{"line":63,"column":16},"end":{"line":63,"column":46}},"31":{"start":{"line":73,"column":13},"end":{"line":73,"column":32}}},"fnMap":{"0":{"name":"(anonymous_0)","decl":{"start":{"line":1,"column":24},"end":{"line":1,"column":28}},"loc":{"start":{"line":1,"column":42},"end":{"line":12,"column":1}}},"1":{"name":"(anonymous_1)","decl":{"start":{"line":4,"column":10},"end":{"line":4,"column":13}},"loc":{"start":{"line":4,"column":17},"end":{"line":7,"column":6}}},"2":{"name":"(anonymous_2)","decl":{"start":{"line":8,"column":4},"end":{"line":8,"column":5}},"loc":{"start":{"line":8,"column":21},"end":{"line":10,"column":5}}},"3":{"name":"(anonymous_3)","decl":{"start":{"line":14,"column":23},"end":{"line":14,"column":27}},"loc":{"start":{"line":14,"column":41},"end":{"line":27,"column":1}}},"4":{"name":"(anonymous_4)","decl":{"start":{"line":16,"column":14},"end":{"line":16,"column":15}},"loc":{"start":{"line":16,"column":29},"end":{"line":16,"column":51}}},"5":{"name":"(anonymous_5)","decl":{"start":{"line":19,"column":10},"end":{"line":19,"column":13}},"loc":{"start":{"line":19,"column":17},"end":{"line":22,"column":6}}},"6":{"name":"(anonymous_6)","decl":{"start":{"line":23,"column":4},"end":{"line":23,"column":5}},"loc":{"start":{"line":23,"column":21},"end":{"line":25,"column":5}}},"7":{"name":"(anonymous_7)","decl":{"start":{"line":29,"column":23},"end":{"line":29,"column":27}},"loc":{"start":{"line":29,"column":46},"end":{"line":43,"column":1}}},"8":{"name":"(anonymous_8)","decl":{"start":{"line":32,"column":4},"end":{"line":32,"column":8}},"loc":{"start":{"line":32,"column":8},"end":{"line":38,"column":5}}},"9":{"name":"(anonymous_9)","decl":{"start":{"line":39,"column":4},"end":{"line":39,"column":5}},"loc":{"start":{"line":39,"column":21},"end":{"line":41,"column":5}}},"10":{"name":"(anonymous_10)","decl":{"start":{"line":51,"column":2},"end":{"line":51,"column":8}},"loc":{"start":{"line":51,"column":60},"end":{"line":70,"column":3}}},"11":{"name":"(anonymous_11)","decl":{"start":{"line":53,"column":6},"end":{"line":53,"column":7}},"loc":{"start":{"line":53,"column":23},"end":{"line":68,"column":7}}},"12":{"name":"(anonymous_12)","decl":{"start":{"line":56,"column":10},"end":{"line":56,"column":14}},"loc":{"start":{"line":56,"column":14},"end":{"line":66,"column":11}}}},"branchMap":{"0":{"loc":{"start":{"line":59,"column":14},"end":{"line":61,"column":15}},"type":"if","locations":[{"start":{"line":59,"column":14},"end":{"line":61,"column":15}},{"start":{},"end":{}}]},"1":{"loc":{"start":{"line":62,"column":14},"end":{"line":64,"column":15}},"type":"if","locations":[{"start":{"line":62,"column":14},"end":{"line":64,"column":15}},{"start":{},"end":{}}]}},"s":{"0":2,"1":5,"2":5,"3":12,"4":5,"5":2,"6":2,"7":4,"8":4,"9":7,"10":4,"11":7,"12":4,"13":2,"14":2,"15":4,"16":4,"17":7,"18":7,"19":4,"20":2,"21":2,"22":6,"23":6,"24":6,"25":16,"26":28,"27":28,"28":6,"29":22,"30":10,"31":2},"f":{"0":5,"1":12,"2":5,"3":4,"4":7,"5":7,"6":4,"7":4,"8":7,"9":4,"10":6,"11":6,"12":16},"b":{"0":[6,22],"1":[10,12]}}
,"/home/ing/IdeaProjects/altraprojects/packages/kit/src/utils/numeric-utils.ts": {"path":"/home/ing/IdeaProjects/altraprojects/packages/kit/src/utils/numeric-utils.ts","statementMap":{"0":{"start":{"line":1,"column":20},"end":{"line":2,"column":51}},"1":{"start":{"line":2,"column":2},"end":{"line":2,"column":51}},"2":{"start":{"line":1,"column":13},"end":{"line":1,"column":20}},"3":{"start":{"line":4,"column":27},"end":{"line":4,"column":89}},"4":{"start":{"line":4,"column":68},"end":{"line":4,"column":89}},"5":{"start":{"line":4,"column":13},"end":{"line":4,"column":27}},"6":{"start":{"line":6,"column":25},"end":{"line":6,"column":89}},"7":{"start":{"line":6,"column":66},"end":{"line":6,"column":89}},"8":{"start":{"line":6,"column":13},"end":{"line":6,"column":25}},"9":{"start":{"line":8,"column":21},"end":{"line":9,"column":59}},"10":{"start":{"line":9,"column":2},"end":{"line":9,"column":59}},"11":{"start":{"line":8,"column":13},"end":{"line":8,"column":21}},"12":{"start":{"line":11,"column":21},"end":{"line":16,"column":1}},"13":{"start":{"line":12,"column":2},"end":{"line":14,"column":3}},"14":{"start":{"line":13,"column":4},"end":{"line":13,"column":49}},"15":{"start":{"line":15,"column":2},"end":{"line":15,"column":41}},"16":{"start":{"line":11,"column":13},"end":{"line":11,"column":21}}},"fnMap":{"0":{"name":"(anonymous_0)","decl":{"start":{"line":1,"column":20},"end":{"line":1,"column":21}},"loc":{"start":{"line":2,"column":2},"end":{"line":2,"column":51}}},"1":{"name":"(anonymous_1)","decl":{"start":{"line":4,"column":27},"end":{"line":4,"column":28}},"loc":{"start":{"line":4,"column":68},"end":{"line":4,"column":89}}},"2":{"name":"(anonymous_2)","decl":{"start":{"line":6,"column":25},"end":{"line":6,"column":26}},"loc":{"start":{"line":6,"column":66},"end":{"line":6,"column":89}}},"3":{"name":"(anonymous_3)","decl":{"start":{"line":8,"column":21},"end":{"line":8,"column":22}},"loc":{"start":{"line":9,"column":2},"end":{"line":9,"column":59}}},"4":{"name":"(anonymous_4)","decl":{"start":{"line":11,"column":21},"end":{"line":11,"column":22}},"loc":{"start":{"line":11,"column":61},"end":{"line":16,"column":1}}}},"branchMap":{"0":{"loc":{"start":{"line":2,"column":3},"end":{"line":2,"column":33}},"type":"cond-expr","locations":[{"start":{"line":2,"column":10},"end":{"line":2,"column":20}},{"start":{"line":2,"column":23},"end":{"line":2,"column":33}}]},"1":{"loc":{"start":{"line":12,"column":2},"end":{"line":14,"column":3}},"type":"if","locations":[{"start":{"line":12,"column":2},"end":{"line":14,"column":3}},{"start":{},"end":{}}]}},"s":{"0":1,"1":20,"2":1,"3":1,"4":21,"5":1,"6":1,"7":21,"8":1,"9":1,"10":10,"11":1,"12":1,"13":15,"14":3,"15":12,"16":1},"f":{"0":20,"1":21,"2":21,"3":10,"4":15},"b":{"0":[10,10],"1":[3,12]}}
,"/home/ing/IdeaProjects/altraprojects/packages/kit/src/utils/object-utils.ts": {"path":"/home/ing/IdeaProjects/altraprojects/packages/kit/src/utils/object-utils.ts","statementMap":{"0":{"start":{"line":1,"column":24},"end":{"line":7,"column":1}},"1":{"start":{"line":2,"column":35},"end":{"line":2,"column":37}},"2":{"start":{"line":3,"column":2},"end":{"line":5,"column":3}},"3":{"start":{"line":4,"column":4},"end":{"line":4,"column":17}},"4":{"start":{"line":6,"column":2},"end":{"line":6,"column":27}},"5":{"start":{"line":1,"column":13},"end":{"line":1,"column":24}},"6":{"start":{"line":9,"column":25},"end":{"line":15,"column":1}},"7":{"start":{"line":10,"column":37},"end":{"line":10,"column":39}},"8":{"start":{"line":11,"column":2},"end":{"line":13,"column":3}},"9":{"start":{"line":12,"column":4},"end":{"line":12,"column":30}},"10":{"start":{"line":14,"column":2},"end":{"line":14,"column":29}},"11":{"start":{"line":9,"column":13},"end":{"line":9,"column":25}},"12":{"start":{"line":17,"column":26},"end":{"line":23,"column":1}},"13":{"start":{"line":18,"column":35},"end":{"line":18,"column":37}},"14":{"start":{"line":19,"column":2},"end":{"line":21,"column":3}},"15":{"start":{"line":20,"column":4},"end":{"line":20,"column":35}},"16":{"start":{"line":22,"column":2},"end":{"line":22,"column":27}},"17":{"start":{"line":17,"column":13},"end":{"line":17,"column":26}},"18":{"start":{"line":25,"column":27},"end":{"line":27,"column":60}},"19":{"start":{"line":27,"column":19},"end":{"line":27,"column":60}},"20":{"start":{"line":25,"column":13},"end":{"line":25,"column":27}}},"fnMap":{"0":{"name":"(anonymous_0)","decl":{"start":{"line":1,"column":24},"end":{"line":1,"column":64}},"loc":{"start":{"line":1,"column":100},"end":{"line":7,"column":1}}},"1":{"name":"(anonymous_1)","decl":{"start":{"line":9,"column":25},"end":{"line":9,"column":65}},"loc":{"start":{"line":9,"column":101},"end":{"line":15,"column":1}}},"2":{"name":"(anonymous_2)","decl":{"start":{"line":17,"column":26},"end":{"line":17,"column":75}},"loc":{"start":{"line":17,"column":106},"end":{"line":23,"column":1}}},"3":{"name":"(anonymous_3)","decl":{"start":{"line":25,"column":27},"end":{"line":25,"column":null}},"loc":{"start":{"line":27,"column":19},"end":{"line":27,"column":60}}}},"branchMap":{},"s":{"0":6,"1":3,"2":3,"3":5,"4":3,"5":6,"6":6,"7":3,"8":3,"9":6,"10":3,"11":6,"12":6,"13":3,"14":3,"15":5,"16":3,"17":6,"18":6,"19":5,"20":6},"f":{"0":3,"1":3,"2":3,"3":5},"b":{}}
,"/home/ing/IdeaProjects/altraprojects/packages/kit/src/utils/string-util.ts": {"path":"/home/ing/IdeaProjects/altraprojects/packages/kit/src/utils/string-util.ts","statementMap":{"0":{"start":{"line":1,"column":0},"end":{"line":1,"column":46}},"1":{"start":{"line":2,"column":0},"end":{"line":2,"column":39}},"2":{"start":{"line":4,"column":35},"end":{"line":14,"column":1}},"3":{"start":{"line":5,"column":22},"end":{"line":5,"column":24}},"4":{"start":{"line":6,"column":2},"end":{"line":12,"column":3}},"5":{"start":{"line":6,"column":15},"end":{"line":6,"column":16}},"6":{"start":{"line":7,"column":15},"end":{"line":7,"column":31}},"7":{"start":{"line":8,"column":4},"end":{"line":10,"column":5}},"8":{"start":{"line":9,"column":6},"end":{"line":9,"column":12}},"9":{"start":{"line":11,"column":4},"end":{"line":11,"column":15}},"10":{"start":{"line":13,"column":2},"end":{"line":13,"column":11}},"11":{"start":{"line":4,"column":13},"end":{"line":4,"column":35}},"12":{"start":{"line":16,"column":29},"end":{"line":21,"column":1}},"13":{"start":{"line":17,"column":2},"end":{"line":19,"column":3}},"14":{"start":{"line":18,"column":4},"end":{"line":18,"column":36}},"15":{"start":{"line":20,"column":2},"end":{"line":20,"column":32}},"16":{"start":{"line":16,"column":13},"end":{"line":16,"column":29}},"17":{"start":{"line":23,"column":27},"end":{"line":23,"column":74}},"18":{"start":{"line":23,"column":54},"end":{"line":23,"column":74}},"19":{"start":{"line":23,"column":13},"end":{"line":23,"column":27}},"20":{"start":{"line":28,"column":32},"end":{"line":81,"column":1}},"21":{"start":{"line":29,"column":15},"end":{"line":31,"column":4}},"22":{"start":{"line":33,"column":2},"end":{"line":51,"column":3}},"23":{"start":{"line":34,"column":20},"end":{"line":34,"column":36}},"24":{"start":{"line":35,"column":4},"end":{"line":38,"column":5}},"25":{"start":{"line":36,"column":6},"end":{"line":36,"column":56}},"26":{"start":{"line":37,"column":6},"end":{"line":37,"column":15}},"27":{"start":{"line":40,"column":18},"end":{"line":40,"column":59}},"28":{"start":{"line":40,"column":55},"end":{"line":40,"column":57}},"29":{"start":{"line":42,"column":4},"end":{"line":50,"column":5}},"30":{"start":{"line":42,"column":17},"end":{"line":42,"column":18}},"31":{"start":{"line":43,"column":17},"end":{"line":43,"column":33}},"32":{"start":{"line":44,"column":6},"end":{"line":47,"column":7}},"33":{"start":{"line":45,"column":8},"end":{"line":45,"column":35}},"34":{"start":{"line":46,"column":8},"end":{"line":46,"column":14}},"35":{"start":{"line":49,"column":6},"end":{"line":49,"column":74}},"36":{"start":{"line":49,"column":69},"end":{"line":49,"column":71}},"37":{"start":{"line":52,"column":2},"end":{"line":80,"column":4}},"38":{"start":{"line":55,"column":22},"end":{"line":55,"column":44}},"39":{"start":{"line":56,"column":6},"end":{"line":58,"column":7}},"40":{"start":{"line":57,"column":8},"end":{"line":57,"column":25}},"41":{"start":{"line":60,"column":27},"end":{"line":60,"column":48}},"42":{"start":{"line":61,"column":6},"end":{"line":63,"column":7}},"43":{"start":{"line":62,"column":8},"end":{"line":62,"column":25}},"44":{"start":{"line":65,"column":20},"end":{"line":65,"column":32}},"45":{"start":{"line":66,"column":22},"end":{"line":66,"column":35}},"46":{"start":{"line":68,"column":6},"end":{"line":78,"column":7}},"47":{"start":{"line":68,"column":19},"end":{"line":68,"column":26}},"48":{"start":{"line":69,"column":19},"end":{"line":69,"column":39}},"49":{"start":{"line":70,"column":21},"end":{"line":70,"column":61}},"50":{"start":{"line":71,"column":8},"end":{"line":73,"column":9}},"51":{"start":{"line":72,"column":10},"end":{"line":72,"column":27}},"52":{"start":{"line":74,"column":8},"end":{"line":74,"column":23}},"53":{"start":{"line":75,"column":8},"end":{"line":77,"column":9}},"54":{"start":{"line":76,"column":10},"end":{"line":76,"column":36}},"55":{"start":{"line":28,"column":13},"end":{"line":28,"column":32}},"56":{"start":{"line":86,"column":34},"end":{"line":102,"column":1}},"57":{"start":{"line":87,"column":13},"end":{"line":87,"column":14}},"58":{"start":{"line":88,"column":14},"end":{"line":88,"column":31}},"59":{"start":{"line":90,"column":2},"end":{"line":100,"column":3}},"60":{"start":{"line":91,"column":16},"end":{"line":91,"column":46}},"61":{"start":{"line":92,"column":4},"end":{"line":94,"column":5}},"62":{"start":{"line":93,"column":6},"end":{"line":93,"column":17}},"63":{"start":{"line":95,"column":4},"end":{"line":99,"column":5}},"64":{"start":{"line":96,"column":6},"end":{"line":96,"column":21}},"65":{"start":{"line":98,"column":6},"end":{"line":98,"column":22}},"66":{"start":{"line":101,"column":2},"end":{"line":101,"column":12}},"67":{"start":{"line":86,"column":13},"end":{"line":86,"column":34}}},"fnMap":{"0":{"name":"(anonymous_0)","decl":{"start":{"line":4,"column":35},"end":{"line":4,"column":36}},"loc":{"start":{"line":4,"column":59},"end":{"line":14,"column":1}}},"1":{"name":"(anonymous_1)","decl":{"start":{"line":16,"column":29},"end":{"line":16,"column":68}},"loc":{"start":{"line":16,"column":86},"end":{"line":21,"column":1}}},"2":{"name":"(anonymous_2)","decl":{"start":{"line":23,"column":27},"end":{"line":23,"column":28}},"loc":{"start":{"line":23,"column":54},"end":{"line":23,"column":74}}},"3":{"name":"(anonymous_3)","decl":{"start":{"line":28,"column":32},"end":{"line":28,"column":33}},"loc":{"start":{"line":28,"column":62},"end":{"line":81,"column":1}}},"4":{"name":"(anonymous_4)","decl":{"start":{"line":40,"column":48},"end":{"line":40,"column":51}},"loc":{"start":{"line":40,"column":55},"end":{"line":40,"column":57}}},"5":{"name":"(anonymous_5)","decl":{"start":{"line":49,"column":62},"end":{"line":49,"column":65}},"loc":{"start":{"line":49,"column":69},"end":{"line":49,"column":71}}},"6":{"name":"(anonymous_6)","decl":{"start":{"line":54,"column":11},"end":{"line":54,"column":12}},"loc":{"start":{"line":54,"column":62},"end":{"line":79,"column":5}}},"7":{"name":"(anonymous_7)","decl":{"start":{"line":86,"column":34},"end":{"line":86,"column":35}},"loc":{"start":{"line":86,"column":85},"end":{"line":102,"column":1}}}},"branchMap":{"0":{"loc":{"start":{"line":8,"column":4},"end":{"line":10,"column":5}},"type":"if","locations":[{"start":{"line":8,"column":4},"end":{"line":10,"column":5}},{"start":{},"end":{}}]},"1":{"loc":{"start":{"line":17,"column":2},"end":{"line":19,"column":3}},"type":"if","locations":[{"start":{"line":17,"column":2},"end":{"line":19,"column":3}},{"start":{},"end":{}}]},"2":{"loc":{"start":{"line":35,"column":4},"end":{"line":38,"column":5}},"type":"if","locations":[{"start":{"line":35,"column":4},"end":{"line":38,"column":5}},{"start":{},"end":{}}]},"3":{"loc":{"start":{"line":44,"column":6},"end":{"line":47,"column":7}},"type":"if","locations":[{"start":{"line":44,"column":6},"end":{"line":47,"column":7}},{"start":{},"end":{}}]},"4":{"loc":{"start":{"line":56,"column":6},"end":{"line":58,"column":7}},"type":"if","locations":[{"start":{"line":56,"column":6},"end":{"line":58,"column":7}},{"start":{},"end":{}}]},"5":{"loc":{"start":{"line":61,"column":6},"end":{"line":63,"column":7}},"type":"if","locations":[{"start":{"line":61,"column":6},"end":{"line":63,"column":7}},{"start":{},"end":{}}]},"6":{"loc":{"start":{"line":70,"column":21},"end":{"line":70,"column":61}},"type":"binary-expr","locations":[{"start":{"line":70,"column":21},"end":{"line":70,"column":37}},{"start":{"line":70,"column":41},"end":{"line":70,"column":61}}]},"7":{"loc":{"start":{"line":71,"column":8},"end":{"line":73,"column":9}},"type":"if","locations":[{"start":{"line":71,"column":8},"end":{"line":73,"column":9}},{"start":{},"end":{}}]},"8":{"loc":{"start":{"line":75,"column":8},"end":{"line":77,"column":9}},"type":"if","locations":[{"start":{"line":75,"column":8},"end":{"line":77,"column":9}},{"start":{},"end":{}}]},"9":{"loc":{"start":{"line":92,"column":4},"end":{"line":94,"column":5}},"type":"if","locations":[{"start":{"line":92,"column":4},"end":{"line":94,"column":5}},{"start":{},"end":{}}]},"10":{"loc":{"start":{"line":95,"column":4},"end":{"line":99,"column":5}},"type":"if","locations":[{"start":{"line":95,"column":4},"end":{"line":99,"column":5}},{"start":{"line":97,"column":11},"end":{"line":99,"column":5}}]}},"s":{"0":8,"1":8,"2":8,"3":9,"4":9,"5":9,"6":27,"7":27,"8":9,"9":18,"10":9,"11":8,"12":8,"13":10,"14":1,"15":9,"16":8,"17":8,"18":4,"19":8,"20":8,"21":32,"22":32,"23":204,"24":204,"25":1,"26":1,"27":203,"28":109,"29":203,"30":203,"31":539,"32":539,"33":203,"34":203,"35":336,"36":290,"37":32,"38":723,"39":723,"40":29,"41":694,"42":694,"43":595,"44":99,"45":99,"46":99,"47":99,"48":213,"49":213,"50":213,"51":99,"52":114,"53":114,"54":45,"55":8,"56":8,"57":24,"58":24,"59":24,"60":46,"61":46,"62":15,"63":31,"64":20,"65":11,"66":9,"67":8},"f":{"0":9,"1":10,"2":4,"3":32,"4":109,"5":290,"6":723,"7":24},"b":{"0":[9,18],"1":[1,9],"2":[1,203],"3":[203,336],"4":[29,694],"5":[595,99],"6":[213,211],"7":[99,114],"8":[45,69],"9":[15,31],"10":[20,11]}}
}
