TN:
SF:src/collections/ex-map.ts
FN:13,(anonymous_0)
FN:23,(anonymous_1)
FN:33,(anonymous_2)
FN:42,(anonymous_3)
FN:53,(anonymous_4)
FN:62,(anonymous_5)
FN:73,(anonymous_6)
FN:79,(anonymous_7)
FN:91,(anonymous_8)
FN:95,(anonymous_9)
FN:95,(anonymous_10)
FN:104,(anonymous_11)
FN:105,(anonymous_12)
FN:118,(anonymous_13)
FN:135,(anonymous_14)
FN:144,(anonymous_15)
FN:145,(anonymous_16)
FN:153,(anonymous_17)
FN:154,(anonymous_18)
FN:162,(anonymous_19)
FN:163,(anonymous_20)
FN:172,(anonymous_21)
FN:185,(anonymous_22)
FN:197,(anonymous_23)
FN:199,(anonymous_24)
FN:212,(anonymous_25)
FN:213,(anonymous_26)
FN:220,(anonymous_27)
FN:225,(anonymous_28)
FN:243,(anonymous_29)
FN:248,(anonymous_30)
FN:253,(anonymous_31)
FN:258,(anonymous_32)
FN:263,(anonymous_33)
FNF:34
FNH:34
FNDA:37,(anonymous_0)
FNDA:5,(anonymous_1)
FNDA:4,(anonymous_2)
FNDA:1,(anonymous_3)
FNDA:50,(anonymous_4)
FNDA:4,(anonymous_5)
FNDA:29,(anonymous_6)
FNDA:13,(anonymous_7)
FNDA:1,(anonymous_8)
FNDA:4,(anonymous_9)
FNDA:4,(anonymous_10)
FNDA:1,(anonymous_11)
FNDA:3,(anonymous_12)
FNDA:12,(anonymous_13)
FNDA:6,(anonymous_14)
FNDA:2,(anonymous_15)
FNDA:4,(anonymous_16)
FNDA:1,(anonymous_17)
FNDA:2,(anonymous_18)
FNDA:1,(anonymous_19)
FNDA:2,(anonymous_20)
FNDA:1,(anonymous_21)
FNDA:3,(anonymous_22)
FNDA:2,(anonymous_23)
FNDA:2,(anonymous_24)
FNDA:2,(anonymous_25)
FNDA:5,(anonymous_26)
FNDA:1,(anonymous_27)
FNDA:3,(anonymous_28)
FNDA:10,(anonymous_29)
FNDA:15,(anonymous_30)
FNDA:1,(anonymous_31)
FNDA:2,(anonymous_32)
FNDA:7,(anonymous_33)
DA:6,3
DA:14,37
DA:24,5
DA:34,4
DA:43,1
DA:44,3
DA:54,50
DA:63,4
DA:74,29
DA:75,29
DA:80,13
DA:95,4
DA:105,3
DA:119,12
DA:120,12
DA:121,10
DA:122,2
DA:123,1
DA:125,12
DA:136,6
DA:145,4
DA:154,2
DA:163,2
DA:173,1
DA:174,2
DA:176,1
DA:186,3
DA:187,6
DA:189,3
DA:198,2
DA:199,2
DA:200,2
DA:201,2
DA:213,5
DA:224,1
DA:226,3
DA:232,1
DA:233,3
DA:236,1
DA:237,1
DA:244,10
DA:249,15
DA:254,1
DA:259,2
DA:264,7
LF:45
LH:45
BRDA:95,0,0,4
BRDA:95,0,1,2
BRDA:120,1,0,10
BRDA:120,1,1,2
BRDA:122,2,0,1
BRDA:122,2,1,1
BRDA:198,3,0,1
BRDA:198,3,1,1
BRF:8
BRH:8
end_of_record
TN:
SF:src/collections/ex-set.ts
FN:19,(anonymous_0)
FN:31,(anonymous_1)
FN:40,(anonymous_2)
FN:50,(anonymous_3)
FN:59,(anonymous_4)
FN:70,(anonymous_5)
FN:75,(anonymous_6)
FN:86,(anonymous_7)
FN:101,(anonymous_8)
FN:114,(anonymous_9)
FN:126,(anonymous_10)
FN:135,(anonymous_11)
FN:144,(anonymous_12)
FN:159,(anonymous_13)
FN:176,(anonymous_14)
FN:181,(anonymous_15)
FN:189,(anonymous_16)
FN:191,(anonymous_17)
FN:213,(anonymous_18)
FN:215,(anonymous_19)
FN:224,(anonymous_20)
FN:229,(anonymous_21)
FN:234,(anonymous_22)
FN:239,(anonymous_23)
FN:244,(anonymous_24)
FNF:25
FNH:25
FNDA:46,(anonymous_0)
FNDA:36,(anonymous_1)
FNDA:5,(anonymous_2)
FNDA:14,(anonymous_3)
FNDA:1,(anonymous_4)
FNDA:39,(anonymous_5)
FNDA:12,(anonymous_6)
FNDA:3,(anonymous_7)
FNDA:6,(anonymous_8)
FNDA:2,(anonymous_9)
FNDA:3,(anonymous_10)
FNDA:1,(anonymous_11)
FNDA:5,(anonymous_12)
FNDA:4,(anonymous_13)
FNDA:1,(anonymous_14)
FNDA:1,(anonymous_15)
FNDA:1,(anonymous_16)
FNDA:3,(anonymous_17)
FNDA:2,(anonymous_18)
FNDA:2,(anonymous_19)
FNDA:52,(anonymous_20)
FNDA:7,(anonymous_21)
FNDA:1,(anonymous_22)
FNDA:1,(anonymous_23)
FNDA:1,(anonymous_24)
DA:12,1
DA:20,46
DA:32,36
DA:33,36
DA:41,5
DA:51,14
DA:60,1
DA:61,3
DA:71,39
DA:76,12
DA:87,3
DA:88,7
DA:89,1
DA:92,2
DA:102,6
DA:103,20
DA:105,6
DA:115,2
DA:116,8
DA:118,2
DA:127,3
DA:136,1
DA:145,5
DA:146,5
DA:147,16
DA:148,8
DA:151,5
DA:160,4
DA:161,4
DA:162,10
DA:163,4
DA:165,6
DA:168,4
DA:177,1
DA:182,1
DA:190,1
DA:192,3
DA:198,1
DA:199,3
DA:202,1
DA:204,1
DA:214,2
DA:215,2
DA:216,2
DA:217,2
DA:225,52
DA:230,7
DA:235,1
DA:240,1
DA:245,1
LF:50
LH:50
BRDA:88,0,0,1
BRDA:88,0,1,6
BRDA:146,1,0,3
BRDA:146,1,1,2
BRDA:146,2,0,5
BRDA:146,2,1,4
BRDA:147,3,0,8
BRDA:147,3,1,8
BRDA:161,4,0,3
BRDA:161,4,1,1
BRDA:161,5,0,4
BRDA:161,5,1,4
BRDA:162,6,0,4
BRDA:162,6,1,6
BRDA:214,7,0,1
BRDA:214,7,1,1
BRF:16
BRH:16
end_of_record
TN:
SF:src/collections/segments.ts
FN:8,(anonymous_0)
FN:12,(anonymous_1)
FN:36,(anonymous_2)
FN:56,(anonymous_3)
FN:61,(anonymous_4)
FN:66,(anonymous_5)
FN:71,(anonymous_6)
FN:81,(anonymous_7)
FN:92,(anonymous_8)
FN:137,(anonymous_9)
FN:170,(anonymous_10)
FNF:11
FNH:11
FNDA:14,(anonymous_0)
FNDA:37,(anonymous_1)
FNDA:26,(anonymous_2)
FNDA:2,(anonymous_3)
FNDA:1,(anonymous_4)
FNDA:14,(anonymous_5)
FNDA:2,(anonymous_6)
FNDA:6,(anonymous_7)
FNDA:49,(anonymous_8)
FNDA:6,(anonymous_9)
FNDA:11,(anonymous_10)
DA:1,1
DA:8,14
DA:10,14
DA:13,37
DA:14,23
DA:16,14
DA:21,1
DA:30,1
DA:37,26
DA:38,5
DA:40,21
DA:43,26
DA:44,13
DA:45,34
DA:57,2
DA:62,1
DA:67,14
DA:72,2
DA:73,2
DA:74,2
DA:75,0
DA:77,2
DA:82,6
DA:93,49
DA:94,4
DA:97,45
DA:98,45
DA:99,17
DA:100,17
DA:103,28
DA:104,28
DA:105,21
DA:106,21
DA:109,7
DA:110,7
DA:111,0
DA:113,7
DA:114,7
DA:115,6
DA:116,2
DA:118,4
DA:121,1
DA:122,0
DA:124,1
DA:128,7
DA:138,6
DA:139,6
DA:140,1
DA:143,5
DA:144,5
DA:145,5
DA:146,2
DA:147,0
DA:149,2
DA:154,5
DA:155,1
DA:157,4
DA:158,4
DA:159,4
DA:161,5
DA:162,5
DA:171,11
DA:172,11
DA:173,11
LF:64
LH:60
BRDA:13,0,0,23
BRDA:13,0,1,14
BRDA:37,1,0,5
BRDA:37,1,1,21
BRDA:38,2,0,5
BRDA:38,2,1,0
BRDA:43,3,0,13
BRDA:43,3,1,13
BRDA:74,4,0,0
BRDA:74,4,1,2
BRDA:93,5,0,4
BRDA:93,5,1,45
BRDA:98,6,0,17
BRDA:98,6,1,28
BRDA:104,7,0,21
BRDA:104,7,1,7
BRDA:110,8,0,0
BRDA:110,8,1,7
BRDA:114,9,0,6
BRDA:114,9,1,1
BRDA:115,10,0,2
BRDA:115,10,1,4
BRDA:121,11,0,0
BRDA:121,11,1,1
BRDA:139,12,0,1
BRDA:139,12,1,5
BRDA:139,13,0,6
BRDA:139,13,1,6
BRDA:139,13,2,5
BRDA:145,14,0,2
BRDA:145,14,1,3
BRDA:146,15,0,0
BRDA:146,15,1,2
BRDA:154,16,0,1
BRDA:154,16,1,4
BRDA:159,17,0,4
BRDA:159,17,1,2
BRDA:161,18,0,5
BRDA:161,18,1,2
BRDA:173,19,0,5
BRDA:173,19,1,6
BRF:41
BRH:36
end_of_record
TN:
SF:src/core/checks.ts
FN:3,(anonymous_0)
FN:5,(anonymous_1)
FN:7,(anonymous_2)
FN:9,(anonymous_3)
FN:11,(anonymous_4)
FN:13,(anonymous_5)
FN:15,(anonymous_6)
FN:17,(anonymous_7)
FN:19,(anonymous_8)
FN:21,(anonymous_9)
FN:23,(anonymous_10)
FN:26,(anonymous_11)
FN:31,(anonymous_12)
FN:36,(anonymous_13)
FN:37,(anonymous_14)
FN:50,(anonymous_15)
FN:54,(anonymous_16)
FN:66,(anonymous_17)
FN:67,(anonymous_18)
FN:77,(anonymous_19)
FN:78,(anonymous_20)
FN:91,(anonymous_21)
FN:94,(anonymous_22)
FN:95,(anonymous_23)
FN:103,(anonymous_24)
FN:104,(anonymous_25)
FN:113,checked
FNF:27
FNH:2
FNDA:2,(anonymous_0)
FNDA:8,(anonymous_1)
FNDA:0,(anonymous_2)
FNDA:0,(anonymous_3)
FNDA:0,(anonymous_4)
FNDA:0,(anonymous_5)
FNDA:0,(anonymous_6)
FNDA:0,(anonymous_7)
FNDA:0,(anonymous_8)
FNDA:0,(anonymous_9)
FNDA:0,(anonymous_10)
FNDA:0,(anonymous_11)
FNDA:0,(anonymous_12)
FNDA:0,(anonymous_13)
FNDA:0,(anonymous_14)
FNDA:0,(anonymous_15)
FNDA:0,(anonymous_16)
FNDA:0,(anonymous_17)
FNDA:0,(anonymous_18)
FNDA:0,(anonymous_19)
FNDA:0,(anonymous_20)
FNDA:0,(anonymous_21)
FNDA:0,(anonymous_22)
FNDA:0,(anonymous_23)
FNDA:0,(anonymous_24)
FNDA:0,(anonymous_25)
FNDA:0,checked
DA:3,2
DA:5,8
DA:7,1
DA:9,1
DA:11,1
DA:13,1
DA:15,1
DA:17,1
DA:19,1
DA:21,1
DA:23,1
DA:25,1
DA:26,0
DA:30,1
DA:31,0
DA:35,1
DA:36,1
DA:37,0
DA:38,0
DA:39,0
DA:41,0
DA:42,0
DA:43,0
DA:46,0
DA:49,1
DA:50,1
DA:54,0
DA:55,0
DA:56,0
DA:57,0
DA:60,0
DA:65,1
DA:66,1
DA:67,0
DA:68,0
DA:69,0
DA:70,0
DA:73,0
DA:76,1
DA:77,1
DA:78,0
DA:79,0
DA:80,0
DA:82,0
DA:83,0
DA:84,0
DA:88,0
DA:91,1
DA:93,1
DA:94,1
DA:95,0
DA:96,0
DA:97,0
DA:99,0
DA:102,1
DA:103,1
DA:104,0
DA:105,0
DA:106,0
DA:108,0
DA:113,1
DA:114,0
DA:115,0
DA:117,0
LF:64
LH:27
BRDA:23,0,0,0
BRDA:23,0,1,0
BRDA:26,1,0,0
BRDA:26,1,1,0
BRDA:38,2,0,0
BRDA:38,2,1,0
BRDA:42,3,0,0
BRDA:42,3,1,0
BRDA:56,4,0,0
BRDA:56,4,1,0
BRDA:69,5,0,0
BRDA:69,5,1,0
BRDA:79,6,0,0
BRDA:79,6,1,0
BRDA:79,7,0,0
BRDA:79,7,1,0
BRDA:83,8,0,0
BRDA:83,8,1,0
BRDA:96,9,0,0
BRDA:96,9,1,0
BRDA:97,10,0,0
BRDA:97,10,1,0
BRDA:105,11,0,0
BRDA:105,11,1,0
BRDA:106,12,0,0
BRDA:106,12,1,0
BRDA:114,13,0,0
BRDA:114,13,1,0
BRF:28
BRH:0
end_of_record
TN:
SF:src/core/disposers.ts
FN:43,(anonymous_0)
FN:53,(anonymous_1)
FN:58,(anonymous_2)
FNF:3
FNH:3
FNDA:8,(anonymous_0)
FNDA:3,(anonymous_1)
FNDA:7,(anonymous_2)
DA:1,1
DA:43,1
DA:47,8
DA:48,8
DA:49,15
DA:50,11
DA:52,4
DA:53,3
DA:56,7
DA:58,7
DA:59,7
DA:60,7
DA:61,14
DA:62,14
DA:64,5
DA:67,7
DA:68,3
LF:17
LH:17
BRDA:49,0,0,11
BRDA:49,0,1,4
BRDA:67,1,0,3
BRDA:67,1,1,4
BRF:4
BRH:4
end_of_record
TN:
SF:src/core/errors.ts
FN:2,(anonymous_0)
FNF:1
FNH:1
FNDA:3,(anonymous_0)
DA:1,1
DA:2,3
DA:3,3
LF:3
LH:3
BRF:0
BRH:0
end_of_record
TN:
SF:src/core/geometry.ts
FN:6,(anonymous_0)
FN:16,(anonymous_1)
FN:21,(anonymous_2)
FN:29,(anonymous_3)
FN:34,(anonymous_4)
FN:42,(anonymous_5)
FN:47,(anonymous_6)
FN:60,(anonymous_7)
FN:65,(anonymous_8)
FN:70,(anonymous_9)
FN:76,(anonymous_10)
FN:82,(anonymous_11)
FN:98,(anonymous_12)
FN:103,(anonymous_13)
FN:109,(anonymous_14)
FN:117,(anonymous_15)
FN:125,(anonymous_16)
FN:131,(anonymous_17)
FN:137,(anonymous_18)
FN:150,(anonymous_19)
FN:172,(anonymous_20)
FN:177,(anonymous_21)
FN:178,(anonymous_22)
FN:183,(anonymous_23)
FN:198,(anonymous_24)
FN:204,(anonymous_25)
FN:207,(anonymous_26)
FN:208,(anonymous_27)
FNF:28
FNH:28
FNDA:2,(anonymous_0)
FNDA:6,(anonymous_1)
FNDA:1,(anonymous_2)
FNDA:3,(anonymous_3)
FNDA:1,(anonymous_4)
FNDA:2,(anonymous_5)
FNDA:5,(anonymous_6)
FNDA:1,(anonymous_7)
FNDA:1,(anonymous_8)
FNDA:1,(anonymous_9)
FNDA:2,(anonymous_10)
FNDA:2,(anonymous_11)
FNDA:1,(anonymous_12)
FNDA:1,(anonymous_13)
FNDA:1,(anonymous_14)
FNDA:2,(anonymous_15)
FNDA:9,(anonymous_16)
FNDA:1,(anonymous_17)
FNDA:1,(anonymous_18)
FNDA:2,(anonymous_19)
FNDA:3,(anonymous_20)
FNDA:1,(anonymous_21)
FNDA:1,(anonymous_22)
FNDA:1,(anonymous_23)
FNDA:4,(anonymous_24)
FNDA:1,(anonymous_25)
FNDA:4,(anonymous_26)
FNDA:4,(anonymous_27)
DA:6,2
DA:11,1
DA:16,6
DA:21,1
DA:29,3
DA:34,1
DA:42,2
DA:47,1
DA:48,5
DA:49,5
DA:50,5
DA:51,5
DA:52,5
DA:60,1
DA:65,1
DA:70,1
DA:71,1
DA:76,1
DA:77,2
DA:82,1
DA:91,2
DA:98,1
DA:103,1
DA:109,1
DA:117,1
DA:118,2
DA:125,1
DA:126,9
DA:131,1
DA:132,1
DA:137,1
DA:144,1
DA:150,1
DA:160,2
DA:161,2
DA:162,2
DA:163,2
DA:164,2
DA:172,3
DA:177,1
DA:178,1
DA:183,1
DA:192,1
DA:198,4
DA:204,1
DA:207,4
DA:208,4
DA:209,1
DA:210,1
DA:211,1
DA:212,1
DA:213,1
LF:52
LH:52
BRDA:77,0,0,2
BRDA:77,0,1,1
BRDA:77,0,2,1
BRDA:77,0,3,1
BRDA:91,1,0,2
BRDA:91,1,1,2
BRDA:91,1,2,1
BRDA:91,1,3,1
BRF:8
BRH:8
end_of_record
TN:
SF:src/core/keyset-paginator.ts
FN:13,(anonymous_2)
FN:14,(anonymous_3)
FN:17,(anonymous_4)
FN:21,(anonymous_5)
FN:23,(anonymous_6)
FN:27,(anonymous_7)
FN:32,(anonymous_8)
FN:34,(anonymous_9)
FN:39,(anonymous_10)
FN:41,(anonymous_11)
FN:43,(anonymous_12)
FN:46,(anonymous_13)
FN:48,(anonymous_14)
FN:51,(anonymous_15)
FN:53,(anonymous_16)
FN:56,(anonymous_17)
FN:58,(anonymous_18)
FN:72,(anonymous_19)
FN:77,(anonymous_20)
FN:81,(anonymous_21)
FN:83,(anonymous_22)
FN:87,(anonymous_23)
FN:106,(anonymous_24)
FN:110,(anonymous_25)
FN:135,(anonymous_26)
FN:138,(anonymous_27)
FN:161,(anonymous_28)
FN:162,(anonymous_29)
FN:186,(anonymous_30)
FN:199,(anonymous_31)
FN:204,(anonymous_32)
FNF:31
FNH:22
FNDA:4,(anonymous_2)
FNDA:4,(anonymous_3)
FNDA:0,(anonymous_4)
FNDA:4,(anonymous_5)
FNDA:3,(anonymous_6)
FNDA:4,(anonymous_7)
FNDA:4,(anonymous_8)
FNDA:3,(anonymous_9)
FNDA:3,(anonymous_10)
FNDA:3,(anonymous_11)
FNDA:4,(anonymous_12)
FNDA:0,(anonymous_13)
FNDA:0,(anonymous_14)
FNDA:3,(anonymous_15)
FNDA:0,(anonymous_16)
FNDA:3,(anonymous_17)
FNDA:0,(anonymous_18)
FNDA:0,(anonymous_19)
FNDA:0,(anonymous_20)
FNDA:3,(anonymous_21)
FNDA:4,(anonymous_22)
FNDA:3,(anonymous_23)
FNDA:3,(anonymous_24)
FNDA:3,(anonymous_25)
FNDA:1,(anonymous_26)
FNDA:4,(anonymous_27)
FNDA:1,(anonymous_28)
FNDA:4,(anonymous_29)
FNDA:4,(anonymous_30)
FNDA:0,(anonymous_31)
FNDA:0,(anonymous_32)
DA:1,1
DA:9,1
DA:10,1
DA:11,1
DA:13,4
DA:14,4
DA:17,0
DA:21,4
DA:24,3
DA:27,1
DA:29,4
DA:32,1
DA:34,4
DA:39,3
DA:41,1
DA:43,4
DA:46,1
DA:48,0
DA:51,1
DA:53,3
DA:56,1
DA:58,3
DA:59,3
DA:60,3
DA:63,0
DA:64,0
DA:65,0
DA:67,0
DA:68,0
DA:69,0
DA:72,0
DA:73,0
DA:74,0
DA:76,0
DA:77,0
DA:81,1
DA:83,4
DA:87,1
DA:88,3
DA:90,3
DA:92,3
DA:93,3
DA:95,3
DA:96,3
DA:100,3
DA:105,1
DA:108,3
DA:110,3
DA:111,3
DA:112,11
DA:113,11
DA:114,0
DA:116,11
DA:117,11
DA:118,2
DA:122,3
DA:123,1
DA:124,1
DA:125,1
DA:127,1
DA:129,2
DA:136,1
DA:138,1
DA:139,4
DA:141,4
DA:142,4
DA:143,6
DA:144,6
DA:145,4
DA:146,4
DA:148,2
DA:149,2
DA:151,0
DA:154,1
DA:155,4
DA:158,1
DA:162,1
DA:163,4
DA:164,4
DA:166,4
DA:167,4
DA:169,4
DA:170,4
DA:171,4
DA:172,6
DA:173,6
DA:174,4
DA:175,4
DA:176,4
DA:178,2
DA:179,2
DA:180,2
DA:181,2
DA:183,0
DA:186,4
DA:187,1
DA:188,1
DA:189,1
DA:190,4
DA:191,4
DA:194,1
DA:198,1
DA:200,0
DA:201,0
DA:205,0
DA:206,0
LF:106
LH:86
BRDA:29,0,0,4
BRDA:29,0,1,0
BRDA:34,1,0,3
BRDA:34,1,1,3
BRDA:58,2,0,0
BRDA:58,2,1,0
BRDA:59,3,0,3
BRDA:59,3,1,0
BRDA:64,4,0,0
BRDA:64,4,1,0
BRDA:68,5,0,0
BRDA:68,5,1,0
BRDA:73,6,0,0
BRDA:73,6,1,0
BRDA:73,7,0,0
BRDA:73,7,1,0
BRDA:83,8,0,3
BRDA:83,8,1,3
BRDA:93,9,0,3
BRDA:113,10,0,0
BRDA:113,10,1,11
BRDA:117,11,0,2
BRDA:117,11,1,9
BRDA:117,12,0,11
BRDA:117,12,1,2
BRDA:122,13,0,1
BRDA:122,13,1,2
BRDA:144,14,0,4
BRDA:144,14,1,2
BRDA:145,15,0,4
BRDA:145,15,1,4
BRDA:148,16,0,2
BRDA:148,16,1,1
BRDA:171,17,0,6
BRDA:171,17,1,6
BRDA:173,18,0,4
BRDA:173,18,1,2
BRDA:175,19,0,3
BRDA:175,19,1,1
BRDA:176,20,0,1
BRDA:176,20,1,3
BRDA:190,21,0,3
BRDA:190,21,1,1
BRF:43
BRH:30
end_of_record
TN:
SF:src/core/once.ts
FN:1,(anonymous_0)
FN:18,once
FN:34,(anonymous_2)
FNF:3
FNH:3
FNDA:20,(anonymous_0)
FNDA:7,once
FNDA:20,(anonymous_2)
DA:1,1
DA:2,20
DA:8,20
DA:18,1
DA:24,7
DA:25,0
DA:28,7
DA:29,7
DA:30,0
DA:33,7
DA:35,20
LF:11
LH:9
BRDA:24,0,0,0
BRDA:24,0,1,7
BRDA:29,1,0,0
BRDA:29,1,1,7
BRDA:29,2,0,7
BRDA:29,2,1,7
BRF:6
BRH:4
end_of_record
TN:
SF:src/core/seconds-offset.ts
FN:17,(anonymous_0)
FN:51,(anonymous_1)
FNF:2
FNH:2
FNDA:9,(anonymous_0)
FNDA:5,(anonymous_1)
DA:17,1
DA:21,9
DA:22,9
DA:23,9
DA:24,9
DA:25,9
DA:26,9
DA:27,9
DA:28,9
DA:29,3
DA:31,9
DA:32,3
DA:34,9
DA:51,1
DA:52,5
DA:53,5
DA:54,1
DA:56,4
DA:57,4
LF:19
LH:19
BRDA:19,0,0,4
BRDA:28,1,0,3
BRDA:28,1,1,6
BRDA:28,2,0,4
BRDA:28,2,1,5
BRDA:31,3,0,3
BRDA:31,3,1,6
BRDA:31,4,0,4
BRDA:31,4,1,5
BRDA:53,5,0,1
BRDA:53,5,1,4
BRDA:60,6,0,2
BRDA:60,6,1,2
BRDA:61,7,0,1
BRDA:61,7,1,3
BRF:15
BRH:15
end_of_record
TN:
SF:src/core/sorter.ts
FN:23,(anonymous_0)
FN:25,(anonymous_1)
FN:37,(anonymous_2)
FN:41,(anonymous_3)
FN:56,(anonymous_4)
FN:56,(anonymous_5)
FN:75,(anonymous_6)
FN:76,(anonymous_7)
FNF:8
FNH:8
FNDA:4,(anonymous_0)
FNDA:14,(anonymous_1)
FNDA:8,(anonymous_2)
FNDA:16,(anonymous_3)
FNDA:1,(anonymous_4)
FNDA:11,(anonymous_5)
FNDA:2,(anonymous_6)
FNDA:4,(anonymous_7)
DA:1,1
DA:22,1
DA:24,4
DA:25,4
DA:26,14
DA:27,16
DA:28,16
DA:29,14
DA:32,0
DA:41,8
DA:42,16
DA:43,16
DA:45,16
DA:46,0
DA:49,16
DA:50,3
DA:52,13
DA:53,1
DA:56,12
DA:58,12
DA:59,0
DA:60,0
DA:62,0
DA:65,12
DA:66,12
DA:67,0
DA:69,12
DA:72,0
DA:76,4
LF:29
LH:22
BRDA:28,0,0,14
BRDA:28,0,1,2
BRDA:45,1,0,0
BRDA:45,1,1,16
BRDA:45,2,0,16
BRDA:45,2,1,6
BRDA:49,3,0,3
BRDA:49,3,1,13
BRDA:50,4,0,0
BRDA:50,4,1,3
BRDA:50,5,0,3
BRDA:50,5,1,0
BRDA:52,6,0,1
BRDA:52,6,1,12
BRDA:53,7,0,0
BRDA:53,7,1,1
BRDA:56,8,0,1
BRDA:56,8,1,11
BRDA:58,9,0,0
BRDA:58,9,1,12
BRDA:59,10,0,0
BRDA:59,10,1,0
BRDA:65,11,0,12
BRDA:65,11,1,0
BRDA:66,12,0,0
BRDA:66,12,1,12
BRDA:76,13,0,1
BRDA:76,13,1,1
BRF:28
BRH:19
end_of_record
TN:
SF:src/numbers/number-base.ts
FN:9,(anonymous_0)
FN:79,(anonymous_1)
FNF:2
FNH:2
FNDA:1,(anonymous_0)
FNDA:7,(anonymous_1)
DA:1,1
DA:9,1
DA:12,1
DA:13,1
DA:14,10
DA:16,1
DA:58,1
DA:80,7
DA:81,7
DA:82,7
DA:83,37
DA:84,37
DA:85,7
DA:87,30
LF:14
LH:14
BRDA:84,0,0,7
BRDA:84,0,1,30
BRF:2
BRH:2
end_of_record
TN:
SF:src/numbers/number-converter.ts
FN:24,(anonymous_0)
FN:41,(anonymous_1)
FN:81,(anonymous_2)
FN:133,(anonymous_3)
FN:162,(anonymous_4)
FN:181,(anonymous_5)
FN:183,(anonymous_6)
FN:193,(anonymous_7)
FN:198,(anonymous_8)
FN:209,(anonymous_9)
FN:210,(anonymous_10)
FN:213,(anonymous_11)
FN:236,(anonymous_12)
FN:239,(anonymous_13)
FN:241,(anonymous_14)
FN:84,(anonymous_15)
FN:89,(anonymous_16)
FN:96,(anonymous_17)
FN:100,(anonymous_18)
FN:102,(anonymous_19)
FN:112,(anonymous_20)
FN:117,(anonymous_21)
FN:118,(anonymous_22)
FN:122,(anonymous_23)
FNF:24
FNH:23
FNDA:35,(anonymous_0)
FNDA:177,(anonymous_1)
FNDA:21,(anonymous_2)
FNDA:23,(anonymous_3)
FNDA:21,(anonymous_4)
FNDA:7,(anonymous_5)
FNDA:59,(anonymous_6)
FNDA:4,(anonymous_7)
FNDA:8,(anonymous_8)
FNDA:5,(anonymous_9)
FNDA:4,(anonymous_10)
FNDA:1,(anonymous_11)
FNDA:2,(anonymous_12)
FNDA:0,(anonymous_13)
FNDA:1,(anonymous_14)
FNDA:72,(anonymous_15)
FNDA:160,(anonymous_16)
FNDA:576,(anonymous_17)
FNDA:3341,(anonymous_18)
FNDA:79,(anonymous_19)
FNDA:28,(anonymous_20)
FNDA:21,(anonymous_21)
FNDA:548,(anonymous_22)
FNDA:4,(anonymous_23)
DA:16,2
DA:25,35
DA:28,35
DA:29,3
DA:31,32
DA:42,177
DA:43,177
DA:44,608
DA:46,177
DA:49,35
DA:74,2
DA:81,21
DA:85,72
DA:90,160
DA:91,160
DA:92,305
DA:93,290
DA:94,2
DA:96,576
DA:97,288
DA:98,1
DA:100,3341
DA:102,79
DA:105,157
DA:106,2
DA:108,155
DA:113,28
DA:118,548
DA:123,4
DA:133,21
DA:136,23
DA:137,1
DA:139,22
DA:140,22
DA:141,1
DA:143,21
DA:144,21
DA:145,2
DA:147,19
DA:148,19
DA:149,124
DA:150,124
DA:152,19
DA:162,21
DA:163,21
DA:164,21
DA:165,21
DA:166,98
DA:167,98
DA:168,3
DA:170,95
DA:172,18
DA:181,21
DA:182,7
DA:183,59
DA:193,21
DA:194,4
DA:195,3
DA:197,1
DA:198,8
DA:209,21
DA:210,5
DA:211,4
DA:213,5
DA:214,1
DA:215,1
DA:216,1
DA:218,1
DA:221,5
DA:222,2
DA:225,3
DA:227,3
DA:228,3
DA:230,3
DA:231,3
DA:233,3
DA:235,3
DA:236,2
DA:238,1
DA:239,0
DA:241,1
LF:81
LH:80
BRDA:26,0,0,35
BRDA:28,1,0,3
BRDA:28,1,1,32
BRDA:136,2,0,1
BRDA:136,2,1,22
BRDA:136,3,0,23
BRDA:136,3,1,13
BRDA:140,4,0,1
BRDA:140,4,1,21
BRDA:144,5,0,2
BRDA:144,5,1,19
BRDA:167,6,0,3
BRDA:167,6,1,95
BRDA:194,7,0,3
BRDA:194,7,1,1
BRDA:194,8,0,4
BRDA:194,8,1,2
BRDA:221,9,0,2
BRDA:221,9,1,3
BRDA:221,10,0,5
BRDA:221,10,1,3
BRDA:235,11,0,2
BRDA:235,11,1,1
BRDA:238,12,0,0
BRDA:238,12,1,1
BRDA:92,13,0,290
BRDA:92,13,1,15
BRDA:93,14,0,2
BRDA:93,14,1,288
BRDA:93,15,0,290
BRDA:93,15,1,288
BRDA:93,15,2,288
BRDA:97,16,0,1
BRDA:97,16,1,287
BRDA:105,17,0,2
BRDA:105,17,1,155
BRF:36
BRH:35
end_of_record
TN:
SF:src/numbers/roman.ts
FN:19,(anonymous_0)
FN:21,(anonymous_1)
FN:44,(anonymous_2)
FNF:3
FNH:3
FNDA:13,(anonymous_0)
FNDA:243,(anonymous_1)
FNDA:243,(anonymous_2)
DA:1,1
DA:3,1
DA:19,13
DA:21,243
DA:44,1
DA:45,243
DA:46,243
DA:47,1714
DA:48,1714
DA:49,1714
DA:50,1714
DA:53,243
LF:12
LH:12
BRF:0
BRH:0
end_of_record
TN:
SF:src/utils/flow-utils.ts
FN:4,catching
FN:12,(anonymous_1)
FN:20,(anonymous_2)
FN:26,(anonymous_3)
FNF:4
FNH:1
FNDA:0,catching
FNDA:0,(anonymous_1)
FNDA:0,(anonymous_2)
FNDA:9,(anonymous_3)
DA:4,2
DA:5,0
DA:6,0
DA:8,0
DA:12,2
DA:13,0
DA:14,0
DA:16,0
DA:20,2
DA:21,0
DA:24,2
DA:26,2
DA:30,9
DA:31,0
DA:32,0
DA:34,0
DA:35,0
DA:36,0
DA:38,0
DA:40,9
LF:20
LH:7
BRDA:28,0,0,9
BRDA:30,1,0,0
BRDA:30,1,1,9
BRDA:31,2,0,0
BRDA:31,2,1,0
BRDA:35,3,0,0
BRDA:35,3,1,0
BRF:7
BRH:2
end_of_record
TN:
SF:src/utils/string-util.ts
FN:4,(anonymous_0)
FN:16,(anonymous_1)
FN:23,(anonymous_2)
FN:28,(anonymous_3)
FN:31,(anonymous_4)
FN:34,(anonymous_5)
FN:54,(anonymous_6)
FN:59,(anonymous_7)
FNF:8
FNH:3
FNDA:0,(anonymous_0)
FNDA:0,(anonymous_1)
FNDA:0,(anonymous_2)
FNDA:2,(anonymous_3)
FNDA:0,(anonymous_4)
FNDA:0,(anonymous_5)
FNDA:9,(anonymous_6)
FNDA:11,(anonymous_7)
DA:1,1
DA:2,1
DA:4,1
DA:5,0
DA:6,0
DA:7,0
DA:8,0
DA:9,0
DA:11,0
DA:13,0
DA:16,1
DA:17,0
DA:18,0
DA:20,0
DA:23,1
DA:28,1
DA:29,2
DA:32,0
DA:35,0
DA:39,2
DA:40,6
DA:41,0
DA:42,0
DA:45,6
DA:47,6
DA:48,16
DA:49,16
DA:50,6
DA:51,6
DA:54,10
DA:57,2
DA:60,11
DA:61,11
DA:62,11
DA:63,28
DA:64,28
DA:65,28
DA:66,11
DA:68,17
DA:69,17
DA:70,10
LF:41
LH:27
BRDA:8,0,0,0
BRDA:8,0,1,0
BRDA:17,1,0,0
BRDA:17,1,1,0
BRDA:40,2,0,0
BRDA:40,2,1,6
BRDA:49,3,0,6
BRDA:49,3,1,10
BRDA:54,4,0,10
BRDA:54,4,1,4
BRDA:64,5,0,28
BRDA:64,5,1,28
BRDA:65,6,0,11
BRDA:65,6,1,17
BRDA:69,7,0,10
BRDA:69,7,1,7
BRF:16
BRH:11
end_of_record
